[2024-12-04T12:40:54.841+0100] {processor.py:186} INFO - Started process (PID=81657) to work on /Users/sijibomijoshua/.pyenv/versions/3.11.6/lib/python3.11/site-packages/airflow/example_dags/subdags/subdag.py
[2024-12-04T12:40:54.842+0100] {processor.py:914} INFO - Processing file /Users/sijibomijoshua/.pyenv/versions/3.11.6/lib/python3.11/site-packages/airflow/example_dags/subdags/subdag.py for tasks to queue
[2024-12-04T12:40:54.843+0100] {logging_mixin.py:190} INFO - [2024-12-04T12:40:54.843+0100] {dagbag.py:588} INFO - Filling up the DagBag from /Users/sijibomijoshua/.pyenv/versions/3.11.6/lib/python3.11/site-packages/airflow/example_dags/subdags/subdag.py
[2024-12-04T12:40:54.844+0100] {processor.py:927} WARNING - No viable dags retrieved from /Users/sijibomijoshua/.pyenv/versions/3.11.6/lib/python3.11/site-packages/airflow/example_dags/subdags/subdag.py
[2024-12-04T12:40:54.874+0100] {processor.py:208} INFO - Processing /Users/sijibomijoshua/.pyenv/versions/3.11.6/lib/python3.11/site-packages/airflow/example_dags/subdags/subdag.py took 0.035 seconds
[2024-12-04T12:41:46.521+0100] {processor.py:186} INFO - Started process (PID=82480) to work on /Users/sijibomijoshua/.pyenv/versions/3.11.6/lib/python3.11/site-packages/airflow/example_dags/subdags/subdag.py
[2024-12-04T12:41:46.521+0100] {processor.py:914} INFO - Processing file /Users/sijibomijoshua/.pyenv/versions/3.11.6/lib/python3.11/site-packages/airflow/example_dags/subdags/subdag.py for tasks to queue
[2024-12-04T12:41:46.522+0100] {logging_mixin.py:190} INFO - [2024-12-04T12:41:46.522+0100] {dagbag.py:588} INFO - Filling up the DagBag from /Users/sijibomijoshua/.pyenv/versions/3.11.6/lib/python3.11/site-packages/airflow/example_dags/subdags/subdag.py
[2024-12-04T12:41:46.523+0100] {processor.py:927} WARNING - No viable dags retrieved from /Users/sijibomijoshua/.pyenv/versions/3.11.6/lib/python3.11/site-packages/airflow/example_dags/subdags/subdag.py
[2024-12-04T12:41:46.560+0100] {processor.py:208} INFO - Processing /Users/sijibomijoshua/.pyenv/versions/3.11.6/lib/python3.11/site-packages/airflow/example_dags/subdags/subdag.py took 0.041 seconds
[2024-12-04T12:43:24.634+0100] {processor.py:186} INFO - Started process (PID=84022) to work on /Users/sijibomijoshua/.pyenv/versions/3.11.6/lib/python3.11/site-packages/airflow/example_dags/subdags/subdag.py
[2024-12-04T12:43:24.634+0100] {processor.py:914} INFO - Processing file /Users/sijibomijoshua/.pyenv/versions/3.11.6/lib/python3.11/site-packages/airflow/example_dags/subdags/subdag.py for tasks to queue
[2024-12-04T12:43:24.635+0100] {logging_mixin.py:190} INFO - [2024-12-04T12:43:24.635+0100] {dagbag.py:588} INFO - Filling up the DagBag from /Users/sijibomijoshua/.pyenv/versions/3.11.6/lib/python3.11/site-packages/airflow/example_dags/subdags/subdag.py
[2024-12-04T12:43:24.637+0100] {processor.py:927} WARNING - No viable dags retrieved from /Users/sijibomijoshua/.pyenv/versions/3.11.6/lib/python3.11/site-packages/airflow/example_dags/subdags/subdag.py
[2024-12-04T12:43:24.672+0100] {processor.py:208} INFO - Processing /Users/sijibomijoshua/.pyenv/versions/3.11.6/lib/python3.11/site-packages/airflow/example_dags/subdags/subdag.py took 0.040 seconds
[2024-12-04T12:44:33.276+0100] {processor.py:186} INFO - Started process (PID=85110) to work on /Users/sijibomijoshua/.pyenv/versions/3.11.6/lib/python3.11/site-packages/airflow/example_dags/subdags/subdag.py
[2024-12-04T12:44:33.277+0100] {processor.py:914} INFO - Processing file /Users/sijibomijoshua/.pyenv/versions/3.11.6/lib/python3.11/site-packages/airflow/example_dags/subdags/subdag.py for tasks to queue
[2024-12-04T12:44:33.278+0100] {logging_mixin.py:190} INFO - [2024-12-04T12:44:33.278+0100] {dagbag.py:588} INFO - Filling up the DagBag from /Users/sijibomijoshua/.pyenv/versions/3.11.6/lib/python3.11/site-packages/airflow/example_dags/subdags/subdag.py
[2024-12-04T12:44:33.280+0100] {processor.py:927} WARNING - No viable dags retrieved from /Users/sijibomijoshua/.pyenv/versions/3.11.6/lib/python3.11/site-packages/airflow/example_dags/subdags/subdag.py
[2024-12-04T12:44:33.318+0100] {processor.py:208} INFO - Processing /Users/sijibomijoshua/.pyenv/versions/3.11.6/lib/python3.11/site-packages/airflow/example_dags/subdags/subdag.py took 0.043 seconds
[2024-12-04T12:45:41.115+0100] {processor.py:186} INFO - Started process (PID=86161) to work on /Users/sijibomijoshua/.pyenv/versions/3.11.6/lib/python3.11/site-packages/airflow/example_dags/subdags/subdag.py
[2024-12-04T12:45:41.115+0100] {processor.py:914} INFO - Processing file /Users/sijibomijoshua/.pyenv/versions/3.11.6/lib/python3.11/site-packages/airflow/example_dags/subdags/subdag.py for tasks to queue
[2024-12-04T12:45:41.116+0100] {logging_mixin.py:190} INFO - [2024-12-04T12:45:41.116+0100] {dagbag.py:588} INFO - Filling up the DagBag from /Users/sijibomijoshua/.pyenv/versions/3.11.6/lib/python3.11/site-packages/airflow/example_dags/subdags/subdag.py
[2024-12-04T12:45:41.117+0100] {processor.py:927} WARNING - No viable dags retrieved from /Users/sijibomijoshua/.pyenv/versions/3.11.6/lib/python3.11/site-packages/airflow/example_dags/subdags/subdag.py
[2024-12-04T12:45:41.149+0100] {processor.py:208} INFO - Processing /Users/sijibomijoshua/.pyenv/versions/3.11.6/lib/python3.11/site-packages/airflow/example_dags/subdags/subdag.py took 0.036 seconds
[2024-12-04T12:46:49.985+0100] {processor.py:186} INFO - Started process (PID=87200) to work on /Users/sijibomijoshua/.pyenv/versions/3.11.6/lib/python3.11/site-packages/airflow/example_dags/subdags/subdag.py
[2024-12-04T12:46:49.986+0100] {processor.py:914} INFO - Processing file /Users/sijibomijoshua/.pyenv/versions/3.11.6/lib/python3.11/site-packages/airflow/example_dags/subdags/subdag.py for tasks to queue
[2024-12-04T12:46:49.987+0100] {logging_mixin.py:190} INFO - [2024-12-04T12:46:49.987+0100] {dagbag.py:588} INFO - Filling up the DagBag from /Users/sijibomijoshua/.pyenv/versions/3.11.6/lib/python3.11/site-packages/airflow/example_dags/subdags/subdag.py
[2024-12-04T12:46:49.988+0100] {processor.py:927} WARNING - No viable dags retrieved from /Users/sijibomijoshua/.pyenv/versions/3.11.6/lib/python3.11/site-packages/airflow/example_dags/subdags/subdag.py
[2024-12-04T12:46:50.021+0100] {processor.py:208} INFO - Processing /Users/sijibomijoshua/.pyenv/versions/3.11.6/lib/python3.11/site-packages/airflow/example_dags/subdags/subdag.py took 0.037 seconds
[2024-12-04T12:47:57.232+0100] {processor.py:186} INFO - Started process (PID=88216) to work on /Users/sijibomijoshua/.pyenv/versions/3.11.6/lib/python3.11/site-packages/airflow/example_dags/subdags/subdag.py
[2024-12-04T12:47:57.233+0100] {processor.py:914} INFO - Processing file /Users/sijibomijoshua/.pyenv/versions/3.11.6/lib/python3.11/site-packages/airflow/example_dags/subdags/subdag.py for tasks to queue
[2024-12-04T12:47:57.234+0100] {logging_mixin.py:190} INFO - [2024-12-04T12:47:57.234+0100] {dagbag.py:588} INFO - Filling up the DagBag from /Users/sijibomijoshua/.pyenv/versions/3.11.6/lib/python3.11/site-packages/airflow/example_dags/subdags/subdag.py
[2024-12-04T12:47:57.235+0100] {processor.py:927} WARNING - No viable dags retrieved from /Users/sijibomijoshua/.pyenv/versions/3.11.6/lib/python3.11/site-packages/airflow/example_dags/subdags/subdag.py
[2024-12-04T12:47:57.267+0100] {processor.py:208} INFO - Processing /Users/sijibomijoshua/.pyenv/versions/3.11.6/lib/python3.11/site-packages/airflow/example_dags/subdags/subdag.py took 0.037 seconds
[2024-12-04T13:23:08.119+0100] {processor.py:186} INFO - Started process (PID=17341) to work on /Users/sijibomijoshua/.pyenv/versions/3.11.6/lib/python3.11/site-packages/airflow/example_dags/subdags/subdag.py
[2024-12-04T13:23:08.122+0100] {processor.py:914} INFO - Processing file /Users/sijibomijoshua/.pyenv/versions/3.11.6/lib/python3.11/site-packages/airflow/example_dags/subdags/subdag.py for tasks to queue
[2024-12-04T13:23:08.123+0100] {logging_mixin.py:190} INFO - [2024-12-04T13:23:08.123+0100] {dagbag.py:588} INFO - Filling up the DagBag from /Users/sijibomijoshua/.pyenv/versions/3.11.6/lib/python3.11/site-packages/airflow/example_dags/subdags/subdag.py
[2024-12-04T13:23:08.123+0100] {processor.py:927} WARNING - No viable dags retrieved from /Users/sijibomijoshua/.pyenv/versions/3.11.6/lib/python3.11/site-packages/airflow/example_dags/subdags/subdag.py
[2024-12-04T13:23:08.157+0100] {processor.py:208} INFO - Processing /Users/sijibomijoshua/.pyenv/versions/3.11.6/lib/python3.11/site-packages/airflow/example_dags/subdags/subdag.py took 0.039 seconds
[2024-12-04T13:24:49.100+0100] {processor.py:186} INFO - Started process (PID=19217) to work on /Users/sijibomijoshua/.pyenv/versions/3.11.6/lib/python3.11/site-packages/airflow/example_dags/subdags/subdag.py
[2024-12-04T13:24:49.101+0100] {processor.py:914} INFO - Processing file /Users/sijibomijoshua/.pyenv/versions/3.11.6/lib/python3.11/site-packages/airflow/example_dags/subdags/subdag.py for tasks to queue
[2024-12-04T13:24:49.102+0100] {logging_mixin.py:190} INFO - [2024-12-04T13:24:49.102+0100] {dagbag.py:588} INFO - Filling up the DagBag from /Users/sijibomijoshua/.pyenv/versions/3.11.6/lib/python3.11/site-packages/airflow/example_dags/subdags/subdag.py
[2024-12-04T13:24:49.103+0100] {processor.py:927} WARNING - No viable dags retrieved from /Users/sijibomijoshua/.pyenv/versions/3.11.6/lib/python3.11/site-packages/airflow/example_dags/subdags/subdag.py
[2024-12-04T13:24:49.135+0100] {processor.py:208} INFO - Processing /Users/sijibomijoshua/.pyenv/versions/3.11.6/lib/python3.11/site-packages/airflow/example_dags/subdags/subdag.py took 0.037 seconds
[2024-12-04T13:26:29.019+0100] {processor.py:186} INFO - Started process (PID=21092) to work on /Users/sijibomijoshua/.pyenv/versions/3.11.6/lib/python3.11/site-packages/airflow/example_dags/subdags/subdag.py
[2024-12-04T13:26:29.020+0100] {processor.py:914} INFO - Processing file /Users/sijibomijoshua/.pyenv/versions/3.11.6/lib/python3.11/site-packages/airflow/example_dags/subdags/subdag.py for tasks to queue
[2024-12-04T13:26:29.021+0100] {logging_mixin.py:190} INFO - [2024-12-04T13:26:29.021+0100] {dagbag.py:588} INFO - Filling up the DagBag from /Users/sijibomijoshua/.pyenv/versions/3.11.6/lib/python3.11/site-packages/airflow/example_dags/subdags/subdag.py
[2024-12-04T13:26:29.022+0100] {processor.py:927} WARNING - No viable dags retrieved from /Users/sijibomijoshua/.pyenv/versions/3.11.6/lib/python3.11/site-packages/airflow/example_dags/subdags/subdag.py
[2024-12-04T13:26:29.055+0100] {processor.py:208} INFO - Processing /Users/sijibomijoshua/.pyenv/versions/3.11.6/lib/python3.11/site-packages/airflow/example_dags/subdags/subdag.py took 0.037 seconds
[2024-12-04T13:36:44.172+0100] {processor.py:186} INFO - Started process (PID=33998) to work on /Users/sijibomijoshua/airflow/airflow_env/lib/python3.11/site-packages/airflow/example_dags/subdags/subdag.py
[2024-12-04T13:36:44.173+0100] {processor.py:914} INFO - Processing file /Users/sijibomijoshua/airflow/airflow_env/lib/python3.11/site-packages/airflow/example_dags/subdags/subdag.py for tasks to queue
[2024-12-04T13:36:44.174+0100] {logging_mixin.py:190} INFO - [2024-12-04T13:36:44.174+0100] {dagbag.py:588} INFO - Filling up the DagBag from /Users/sijibomijoshua/airflow/airflow_env/lib/python3.11/site-packages/airflow/example_dags/subdags/subdag.py
[2024-12-04T13:36:44.175+0100] {processor.py:927} WARNING - No viable dags retrieved from /Users/sijibomijoshua/airflow/airflow_env/lib/python3.11/site-packages/airflow/example_dags/subdags/subdag.py
[2024-12-04T13:36:44.207+0100] {processor.py:208} INFO - Processing /Users/sijibomijoshua/airflow/airflow_env/lib/python3.11/site-packages/airflow/example_dags/subdags/subdag.py took 0.039 seconds
[2024-12-04T13:38:23.754+0100] {processor.py:186} INFO - Started process (PID=36306) to work on /Users/sijibomijoshua/airflow/airflow_env/lib/python3.11/site-packages/airflow/example_dags/subdags/subdag.py
[2024-12-04T13:38:23.755+0100] {processor.py:914} INFO - Processing file /Users/sijibomijoshua/airflow/airflow_env/lib/python3.11/site-packages/airflow/example_dags/subdags/subdag.py for tasks to queue
[2024-12-04T13:38:23.756+0100] {logging_mixin.py:190} INFO - [2024-12-04T13:38:23.756+0100] {dagbag.py:588} INFO - Filling up the DagBag from /Users/sijibomijoshua/airflow/airflow_env/lib/python3.11/site-packages/airflow/example_dags/subdags/subdag.py
[2024-12-04T13:38:23.757+0100] {processor.py:927} WARNING - No viable dags retrieved from /Users/sijibomijoshua/airflow/airflow_env/lib/python3.11/site-packages/airflow/example_dags/subdags/subdag.py
[2024-12-04T13:38:23.791+0100] {processor.py:208} INFO - Processing /Users/sijibomijoshua/airflow/airflow_env/lib/python3.11/site-packages/airflow/example_dags/subdags/subdag.py took 0.038 seconds
[2024-12-04T13:39:36.316+0100] {processor.py:186} INFO - Started process (PID=37950) to work on /Users/sijibomijoshua/airflow/airflow_env/lib/python3.11/site-packages/airflow/example_dags/subdags/subdag.py
[2024-12-04T13:39:36.317+0100] {processor.py:914} INFO - Processing file /Users/sijibomijoshua/airflow/airflow_env/lib/python3.11/site-packages/airflow/example_dags/subdags/subdag.py for tasks to queue
[2024-12-04T13:39:36.319+0100] {logging_mixin.py:190} INFO - [2024-12-04T13:39:36.319+0100] {dagbag.py:588} INFO - Filling up the DagBag from /Users/sijibomijoshua/airflow/airflow_env/lib/python3.11/site-packages/airflow/example_dags/subdags/subdag.py
[2024-12-04T13:39:36.320+0100] {processor.py:927} WARNING - No viable dags retrieved from /Users/sijibomijoshua/airflow/airflow_env/lib/python3.11/site-packages/airflow/example_dags/subdags/subdag.py
[2024-12-04T13:39:36.354+0100] {processor.py:208} INFO - Processing /Users/sijibomijoshua/airflow/airflow_env/lib/python3.11/site-packages/airflow/example_dags/subdags/subdag.py took 0.039 seconds
[2024-12-04T13:40:45.208+0100] {processor.py:186} INFO - Started process (PID=39501) to work on /Users/sijibomijoshua/airflow/airflow_env/lib/python3.11/site-packages/airflow/example_dags/subdags/subdag.py
[2024-12-04T13:40:45.208+0100] {processor.py:914} INFO - Processing file /Users/sijibomijoshua/airflow/airflow_env/lib/python3.11/site-packages/airflow/example_dags/subdags/subdag.py for tasks to queue
[2024-12-04T13:40:45.209+0100] {logging_mixin.py:190} INFO - [2024-12-04T13:40:45.209+0100] {dagbag.py:588} INFO - Filling up the DagBag from /Users/sijibomijoshua/airflow/airflow_env/lib/python3.11/site-packages/airflow/example_dags/subdags/subdag.py
[2024-12-04T13:40:45.210+0100] {processor.py:927} WARNING - No viable dags retrieved from /Users/sijibomijoshua/airflow/airflow_env/lib/python3.11/site-packages/airflow/example_dags/subdags/subdag.py
[2024-12-04T13:40:45.243+0100] {processor.py:208} INFO - Processing /Users/sijibomijoshua/airflow/airflow_env/lib/python3.11/site-packages/airflow/example_dags/subdags/subdag.py took 0.045 seconds
[2024-12-04T13:41:48.730+0100] {processor.py:186} INFO - Started process (PID=40888) to work on /Users/sijibomijoshua/airflow/airflow_env/lib/python3.11/site-packages/airflow/example_dags/subdags/subdag.py
[2024-12-04T13:41:48.730+0100] {processor.py:914} INFO - Processing file /Users/sijibomijoshua/airflow/airflow_env/lib/python3.11/site-packages/airflow/example_dags/subdags/subdag.py for tasks to queue
[2024-12-04T13:41:48.731+0100] {logging_mixin.py:190} INFO - [2024-12-04T13:41:48.731+0100] {dagbag.py:588} INFO - Filling up the DagBag from /Users/sijibomijoshua/airflow/airflow_env/lib/python3.11/site-packages/airflow/example_dags/subdags/subdag.py
[2024-12-04T13:41:48.732+0100] {processor.py:927} WARNING - No viable dags retrieved from /Users/sijibomijoshua/airflow/airflow_env/lib/python3.11/site-packages/airflow/example_dags/subdags/subdag.py
[2024-12-04T13:41:48.765+0100] {processor.py:208} INFO - Processing /Users/sijibomijoshua/airflow/airflow_env/lib/python3.11/site-packages/airflow/example_dags/subdags/subdag.py took 0.037 seconds
[2024-12-04T13:42:57.134+0100] {processor.py:186} INFO - Started process (PID=42392) to work on /Users/sijibomijoshua/airflow/airflow_env/lib/python3.11/site-packages/airflow/example_dags/subdags/subdag.py
[2024-12-04T13:42:57.134+0100] {processor.py:914} INFO - Processing file /Users/sijibomijoshua/airflow/airflow_env/lib/python3.11/site-packages/airflow/example_dags/subdags/subdag.py for tasks to queue
[2024-12-04T13:42:57.136+0100] {logging_mixin.py:190} INFO - [2024-12-04T13:42:57.136+0100] {dagbag.py:588} INFO - Filling up the DagBag from /Users/sijibomijoshua/airflow/airflow_env/lib/python3.11/site-packages/airflow/example_dags/subdags/subdag.py
[2024-12-04T13:42:57.137+0100] {processor.py:927} WARNING - No viable dags retrieved from /Users/sijibomijoshua/airflow/airflow_env/lib/python3.11/site-packages/airflow/example_dags/subdags/subdag.py
[2024-12-04T13:42:57.169+0100] {processor.py:208} INFO - Processing /Users/sijibomijoshua/airflow/airflow_env/lib/python3.11/site-packages/airflow/example_dags/subdags/subdag.py took 0.040 seconds
[2024-12-04T13:44:06.934+0100] {processor.py:186} INFO - Started process (PID=43893) to work on /Users/sijibomijoshua/airflow/airflow_env/lib/python3.11/site-packages/airflow/example_dags/subdags/subdag.py
[2024-12-04T13:44:06.936+0100] {processor.py:914} INFO - Processing file /Users/sijibomijoshua/airflow/airflow_env/lib/python3.11/site-packages/airflow/example_dags/subdags/subdag.py for tasks to queue
[2024-12-04T13:44:06.938+0100] {logging_mixin.py:190} INFO - [2024-12-04T13:44:06.938+0100] {dagbag.py:588} INFO - Filling up the DagBag from /Users/sijibomijoshua/airflow/airflow_env/lib/python3.11/site-packages/airflow/example_dags/subdags/subdag.py
[2024-12-04T13:44:06.940+0100] {processor.py:927} WARNING - No viable dags retrieved from /Users/sijibomijoshua/airflow/airflow_env/lib/python3.11/site-packages/airflow/example_dags/subdags/subdag.py
[2024-12-04T13:44:06.972+0100] {processor.py:208} INFO - Processing /Users/sijibomijoshua/airflow/airflow_env/lib/python3.11/site-packages/airflow/example_dags/subdags/subdag.py took 0.040 seconds
[2024-12-04T14:01:02.451+0100] {processor.py:186} INFO - Started process (PID=54704) to work on /Users/sijibomijoshua/airflow/airflow_env/lib/python3.11/site-packages/airflow/example_dags/subdags/subdag.py
[2024-12-04T14:01:02.454+0100] {processor.py:914} INFO - Processing file /Users/sijibomijoshua/airflow/airflow_env/lib/python3.11/site-packages/airflow/example_dags/subdags/subdag.py for tasks to queue
[2024-12-04T14:01:02.464+0100] {logging_mixin.py:190} INFO - [2024-12-04T14:01:02.463+0100] {dagbag.py:588} INFO - Filling up the DagBag from /Users/sijibomijoshua/airflow/airflow_env/lib/python3.11/site-packages/airflow/example_dags/subdags/subdag.py
[2024-12-04T14:01:02.469+0100] {processor.py:927} WARNING - No viable dags retrieved from /Users/sijibomijoshua/airflow/airflow_env/lib/python3.11/site-packages/airflow/example_dags/subdags/subdag.py
[2024-12-04T14:01:02.575+0100] {processor.py:208} INFO - Processing /Users/sijibomijoshua/airflow/airflow_env/lib/python3.11/site-packages/airflow/example_dags/subdags/subdag.py took 0.150 seconds
