[2024-12-05T15:54:46.729+0100] {processor.py:186} INFO - Started process (PID=65938) to work on /Users/sijibomijoshua/airflow/dags/dim_process.py
[2024-12-05T15:54:46.730+0100] {processor.py:914} INFO - Processing file /Users/sijibomijoshua/airflow/dags/dim_process.py for tasks to queue
[2024-12-05T15:54:46.730+0100] {logging_mixin.py:190} INFO - [2024-12-05T15:54:46.730+0100] {dagbag.py:588} INFO - Filling up the DagBag from /Users/sijibomijoshua/airflow/dags/dim_process.py
[2024-12-05T15:54:47.053+0100] {processor.py:925} INFO - DAG(s) 'data_warehouse_etl' retrieved from /Users/sijibomijoshua/airflow/dags/dim_process.py
[2024-12-05T15:54:47.088+0100] {logging_mixin.py:190} INFO - [2024-12-05T15:54:47.088+0100] {dag.py:3239} INFO - Sync 1 DAGs
[2024-12-05T15:54:47.094+0100] {logging_mixin.py:190} INFO - [2024-12-05T15:54:47.094+0100] {dag.py:4180} INFO - Setting next_dagrun for data_warehouse_etl to 2024-12-05 00:00:00+00:00, run_after=2024-12-06 00:00:00+00:00
[2024-12-05T15:54:47.101+0100] {processor.py:208} INFO - Processing /Users/sijibomijoshua/airflow/dags/dim_process.py took 0.372 seconds
[2024-12-05T15:55:20.407+0100] {processor.py:186} INFO - Started process (PID=66810) to work on /Users/sijibomijoshua/airflow/dags/dim_process.py
[2024-12-05T15:55:20.410+0100] {processor.py:914} INFO - Processing file /Users/sijibomijoshua/airflow/dags/dim_process.py for tasks to queue
[2024-12-05T15:55:20.411+0100] {logging_mixin.py:190} INFO - [2024-12-05T15:55:20.411+0100] {dagbag.py:588} INFO - Filling up the DagBag from /Users/sijibomijoshua/airflow/dags/dim_process.py
[2024-12-05T15:55:20.853+0100] {processor.py:925} INFO - DAG(s) 'data_warehouse_etl' retrieved from /Users/sijibomijoshua/airflow/dags/dim_process.py
[2024-12-05T15:55:20.891+0100] {logging_mixin.py:190} INFO - [2024-12-05T15:55:20.891+0100] {dag.py:3239} INFO - Sync 1 DAGs
[2024-12-05T15:55:20.898+0100] {logging_mixin.py:190} INFO - [2024-12-05T15:55:20.898+0100] {dag.py:4180} INFO - Setting next_dagrun for data_warehouse_etl to 2024-12-05 00:00:00+00:00, run_after=2024-12-06 00:00:00+00:00
[2024-12-05T15:55:20.905+0100] {processor.py:208} INFO - Processing /Users/sijibomijoshua/airflow/dags/dim_process.py took 0.499 seconds
[2024-12-05T15:55:53.245+0100] {processor.py:186} INFO - Started process (PID=67641) to work on /Users/sijibomijoshua/airflow/dags/dim_process.py
[2024-12-05T15:55:53.246+0100] {processor.py:914} INFO - Processing file /Users/sijibomijoshua/airflow/dags/dim_process.py for tasks to queue
[2024-12-05T15:55:53.247+0100] {logging_mixin.py:190} INFO - [2024-12-05T15:55:53.246+0100] {dagbag.py:588} INFO - Filling up the DagBag from /Users/sijibomijoshua/airflow/dags/dim_process.py
[2024-12-05T15:55:53.579+0100] {processor.py:925} INFO - DAG(s) 'data_warehouse_etl' retrieved from /Users/sijibomijoshua/airflow/dags/dim_process.py
[2024-12-05T15:55:53.614+0100] {logging_mixin.py:190} INFO - [2024-12-05T15:55:53.614+0100] {dag.py:3239} INFO - Sync 1 DAGs
[2024-12-05T15:55:53.620+0100] {logging_mixin.py:190} INFO - [2024-12-05T15:55:53.620+0100] {dag.py:4180} INFO - Setting next_dagrun for data_warehouse_etl to 2024-12-05 00:00:00+00:00, run_after=2024-12-06 00:00:00+00:00
[2024-12-05T15:55:53.626+0100] {processor.py:208} INFO - Processing /Users/sijibomijoshua/airflow/dags/dim_process.py took 0.382 seconds
[2024-12-05T15:56:25.512+0100] {processor.py:186} INFO - Started process (PID=68467) to work on /Users/sijibomijoshua/airflow/dags/dim_process.py
[2024-12-05T15:56:25.513+0100] {processor.py:914} INFO - Processing file /Users/sijibomijoshua/airflow/dags/dim_process.py for tasks to queue
[2024-12-05T15:56:25.513+0100] {logging_mixin.py:190} INFO - [2024-12-05T15:56:25.513+0100] {dagbag.py:588} INFO - Filling up the DagBag from /Users/sijibomijoshua/airflow/dags/dim_process.py
[2024-12-05T15:56:25.954+0100] {processor.py:925} INFO - DAG(s) 'data_warehouse_etl' retrieved from /Users/sijibomijoshua/airflow/dags/dim_process.py
[2024-12-05T15:56:25.996+0100] {logging_mixin.py:190} INFO - [2024-12-05T15:56:25.995+0100] {dag.py:3239} INFO - Sync 1 DAGs
[2024-12-05T15:56:26.002+0100] {logging_mixin.py:190} INFO - [2024-12-05T15:56:26.002+0100] {dag.py:4180} INFO - Setting next_dagrun for data_warehouse_etl to 2024-12-05 00:00:00+00:00, run_after=2024-12-06 00:00:00+00:00
[2024-12-05T15:56:26.009+0100] {processor.py:208} INFO - Processing /Users/sijibomijoshua/airflow/dags/dim_process.py took 0.498 seconds
[2024-12-05T15:56:57.912+0100] {processor.py:186} INFO - Started process (PID=69262) to work on /Users/sijibomijoshua/airflow/dags/dim_process.py
[2024-12-05T15:56:57.920+0100] {processor.py:914} INFO - Processing file /Users/sijibomijoshua/airflow/dags/dim_process.py for tasks to queue
[2024-12-05T15:56:57.920+0100] {logging_mixin.py:190} INFO - [2024-12-05T15:56:57.920+0100] {dagbag.py:588} INFO - Filling up the DagBag from /Users/sijibomijoshua/airflow/dags/dim_process.py
[2024-12-05T15:56:58.370+0100] {processor.py:925} INFO - DAG(s) 'data_warehouse_etl' retrieved from /Users/sijibomijoshua/airflow/dags/dim_process.py
[2024-12-05T15:56:58.407+0100] {logging_mixin.py:190} INFO - [2024-12-05T15:56:58.407+0100] {dag.py:3239} INFO - Sync 1 DAGs
[2024-12-05T15:56:58.415+0100] {logging_mixin.py:190} INFO - [2024-12-05T15:56:58.415+0100] {dag.py:4180} INFO - Setting next_dagrun for data_warehouse_etl to 2024-12-05 00:00:00+00:00, run_after=2024-12-06 00:00:00+00:00
[2024-12-05T15:56:58.422+0100] {processor.py:208} INFO - Processing /Users/sijibomijoshua/airflow/dags/dim_process.py took 0.512 seconds
[2024-12-05T15:57:29.668+0100] {processor.py:186} INFO - Started process (PID=70032) to work on /Users/sijibomijoshua/airflow/dags/dim_process.py
[2024-12-05T15:57:29.669+0100] {processor.py:914} INFO - Processing file /Users/sijibomijoshua/airflow/dags/dim_process.py for tasks to queue
[2024-12-05T15:57:29.669+0100] {logging_mixin.py:190} INFO - [2024-12-05T15:57:29.669+0100] {dagbag.py:588} INFO - Filling up the DagBag from /Users/sijibomijoshua/airflow/dags/dim_process.py
[2024-12-05T15:57:30.012+0100] {processor.py:925} INFO - DAG(s) 'data_warehouse_etl' retrieved from /Users/sijibomijoshua/airflow/dags/dim_process.py
[2024-12-05T15:57:30.048+0100] {logging_mixin.py:190} INFO - [2024-12-05T15:57:30.048+0100] {dag.py:3239} INFO - Sync 1 DAGs
[2024-12-05T15:57:30.055+0100] {logging_mixin.py:190} INFO - [2024-12-05T15:57:30.055+0100] {dag.py:4180} INFO - Setting next_dagrun for data_warehouse_etl to 2024-12-05 00:00:00+00:00, run_after=2024-12-06 00:00:00+00:00
[2024-12-05T15:57:30.061+0100] {processor.py:208} INFO - Processing /Users/sijibomijoshua/airflow/dags/dim_process.py took 0.394 seconds
[2024-12-05T15:58:01.799+0100] {processor.py:186} INFO - Started process (PID=70845) to work on /Users/sijibomijoshua/airflow/dags/dim_process.py
[2024-12-05T15:58:01.800+0100] {processor.py:914} INFO - Processing file /Users/sijibomijoshua/airflow/dags/dim_process.py for tasks to queue
[2024-12-05T15:58:01.801+0100] {logging_mixin.py:190} INFO - [2024-12-05T15:58:01.801+0100] {dagbag.py:588} INFO - Filling up the DagBag from /Users/sijibomijoshua/airflow/dags/dim_process.py
[2024-12-05T15:58:02.139+0100] {processor.py:925} INFO - DAG(s) 'data_warehouse_etl' retrieved from /Users/sijibomijoshua/airflow/dags/dim_process.py
[2024-12-05T15:58:02.175+0100] {logging_mixin.py:190} INFO - [2024-12-05T15:58:02.175+0100] {dag.py:3239} INFO - Sync 1 DAGs
[2024-12-05T15:58:02.181+0100] {logging_mixin.py:190} INFO - [2024-12-05T15:58:02.181+0100] {dag.py:4180} INFO - Setting next_dagrun for data_warehouse_etl to 2024-12-05 00:00:00+00:00, run_after=2024-12-06 00:00:00+00:00
[2024-12-05T15:58:02.188+0100] {processor.py:208} INFO - Processing /Users/sijibomijoshua/airflow/dags/dim_process.py took 0.390 seconds
[2024-12-05T15:58:33.140+0100] {processor.py:186} INFO - Started process (PID=71575) to work on /Users/sijibomijoshua/airflow/dags/dim_process.py
[2024-12-05T15:58:33.141+0100] {processor.py:914} INFO - Processing file /Users/sijibomijoshua/airflow/dags/dim_process.py for tasks to queue
[2024-12-05T15:58:33.142+0100] {logging_mixin.py:190} INFO - [2024-12-05T15:58:33.141+0100] {dagbag.py:588} INFO - Filling up the DagBag from /Users/sijibomijoshua/airflow/dags/dim_process.py
[2024-12-05T15:58:33.455+0100] {processor.py:925} INFO - DAG(s) 'data_warehouse_etl' retrieved from /Users/sijibomijoshua/airflow/dags/dim_process.py
[2024-12-05T15:58:33.491+0100] {logging_mixin.py:190} INFO - [2024-12-05T15:58:33.490+0100] {dag.py:3239} INFO - Sync 1 DAGs
[2024-12-05T15:58:33.497+0100] {logging_mixin.py:190} INFO - [2024-12-05T15:58:33.497+0100] {dag.py:4180} INFO - Setting next_dagrun for data_warehouse_etl to 2024-12-05 00:00:00+00:00, run_after=2024-12-06 00:00:00+00:00
[2024-12-05T15:58:33.504+0100] {processor.py:208} INFO - Processing /Users/sijibomijoshua/airflow/dags/dim_process.py took 0.365 seconds
[2024-12-05T15:59:05.413+0100] {processor.py:186} INFO - Started process (PID=72388) to work on /Users/sijibomijoshua/airflow/dags/dim_process.py
[2024-12-05T15:59:05.413+0100] {processor.py:914} INFO - Processing file /Users/sijibomijoshua/airflow/dags/dim_process.py for tasks to queue
[2024-12-05T15:59:05.414+0100] {logging_mixin.py:190} INFO - [2024-12-05T15:59:05.414+0100] {dagbag.py:588} INFO - Filling up the DagBag from /Users/sijibomijoshua/airflow/dags/dim_process.py
[2024-12-05T15:59:05.760+0100] {processor.py:925} INFO - DAG(s) 'data_warehouse_etl' retrieved from /Users/sijibomijoshua/airflow/dags/dim_process.py
[2024-12-05T15:59:05.794+0100] {logging_mixin.py:190} INFO - [2024-12-05T15:59:05.794+0100] {dag.py:3239} INFO - Sync 1 DAGs
[2024-12-05T15:59:05.801+0100] {logging_mixin.py:190} INFO - [2024-12-05T15:59:05.801+0100] {dag.py:4180} INFO - Setting next_dagrun for data_warehouse_etl to 2024-12-05 00:00:00+00:00, run_after=2024-12-06 00:00:00+00:00
[2024-12-05T15:59:05.807+0100] {processor.py:208} INFO - Processing /Users/sijibomijoshua/airflow/dags/dim_process.py took 0.396 seconds
[2024-12-05T15:59:37.607+0100] {processor.py:186} INFO - Started process (PID=73156) to work on /Users/sijibomijoshua/airflow/dags/dim_process.py
[2024-12-05T15:59:37.609+0100] {processor.py:914} INFO - Processing file /Users/sijibomijoshua/airflow/dags/dim_process.py for tasks to queue
[2024-12-05T15:59:37.609+0100] {logging_mixin.py:190} INFO - [2024-12-05T15:59:37.609+0100] {dagbag.py:588} INFO - Filling up the DagBag from /Users/sijibomijoshua/airflow/dags/dim_process.py
[2024-12-05T15:59:37.902+0100] {processor.py:925} INFO - DAG(s) 'data_warehouse_etl' retrieved from /Users/sijibomijoshua/airflow/dags/dim_process.py
[2024-12-05T15:59:37.938+0100] {logging_mixin.py:190} INFO - [2024-12-05T15:59:37.938+0100] {dag.py:3239} INFO - Sync 1 DAGs
[2024-12-05T15:59:37.944+0100] {logging_mixin.py:190} INFO - [2024-12-05T15:59:37.944+0100] {dag.py:4180} INFO - Setting next_dagrun for data_warehouse_etl to 2024-12-05 00:00:00+00:00, run_after=2024-12-06 00:00:00+00:00
[2024-12-05T15:59:37.951+0100] {processor.py:208} INFO - Processing /Users/sijibomijoshua/airflow/dags/dim_process.py took 0.345 seconds
[2024-12-05T16:00:09.682+0100] {processor.py:186} INFO - Started process (PID=73926) to work on /Users/sijibomijoshua/airflow/dags/dim_process.py
[2024-12-05T16:00:09.683+0100] {processor.py:914} INFO - Processing file /Users/sijibomijoshua/airflow/dags/dim_process.py for tasks to queue
[2024-12-05T16:00:09.684+0100] {logging_mixin.py:190} INFO - [2024-12-05T16:00:09.684+0100] {dagbag.py:588} INFO - Filling up the DagBag from /Users/sijibomijoshua/airflow/dags/dim_process.py
[2024-12-05T16:00:10.024+0100] {processor.py:925} INFO - DAG(s) 'data_warehouse_etl' retrieved from /Users/sijibomijoshua/airflow/dags/dim_process.py
[2024-12-05T16:00:10.061+0100] {logging_mixin.py:190} INFO - [2024-12-05T16:00:10.061+0100] {dag.py:3239} INFO - Sync 1 DAGs
[2024-12-05T16:00:10.068+0100] {logging_mixin.py:190} INFO - [2024-12-05T16:00:10.068+0100] {dag.py:4180} INFO - Setting next_dagrun for data_warehouse_etl to 2024-12-05 00:00:00+00:00, run_after=2024-12-06 00:00:00+00:00
[2024-12-05T16:00:10.074+0100] {processor.py:208} INFO - Processing /Users/sijibomijoshua/airflow/dags/dim_process.py took 0.394 seconds
[2024-12-05T16:00:41.761+0100] {processor.py:186} INFO - Started process (PID=74694) to work on /Users/sijibomijoshua/airflow/dags/dim_process.py
[2024-12-05T16:00:41.762+0100] {processor.py:914} INFO - Processing file /Users/sijibomijoshua/airflow/dags/dim_process.py for tasks to queue
[2024-12-05T16:00:41.763+0100] {logging_mixin.py:190} INFO - [2024-12-05T16:00:41.763+0100] {dagbag.py:588} INFO - Filling up the DagBag from /Users/sijibomijoshua/airflow/dags/dim_process.py
[2024-12-05T16:00:42.064+0100] {processor.py:925} INFO - DAG(s) 'data_warehouse_etl' retrieved from /Users/sijibomijoshua/airflow/dags/dim_process.py
[2024-12-05T16:00:42.101+0100] {logging_mixin.py:190} INFO - [2024-12-05T16:00:42.100+0100] {dag.py:3239} INFO - Sync 1 DAGs
[2024-12-05T16:00:42.107+0100] {logging_mixin.py:190} INFO - [2024-12-05T16:00:42.107+0100] {dag.py:4180} INFO - Setting next_dagrun for data_warehouse_etl to 2024-12-05 00:00:00+00:00, run_after=2024-12-06 00:00:00+00:00
[2024-12-05T16:00:42.113+0100] {processor.py:208} INFO - Processing /Users/sijibomijoshua/airflow/dags/dim_process.py took 0.355 seconds
[2024-12-05T16:01:13.792+0100] {processor.py:186} INFO - Started process (PID=75461) to work on /Users/sijibomijoshua/airflow/dags/dim_process.py
[2024-12-05T16:01:13.793+0100] {processor.py:914} INFO - Processing file /Users/sijibomijoshua/airflow/dags/dim_process.py for tasks to queue
[2024-12-05T16:01:13.793+0100] {logging_mixin.py:190} INFO - [2024-12-05T16:01:13.793+0100] {dagbag.py:588} INFO - Filling up the DagBag from /Users/sijibomijoshua/airflow/dags/dim_process.py
[2024-12-05T16:01:14.072+0100] {processor.py:925} INFO - DAG(s) 'data_warehouse_etl' retrieved from /Users/sijibomijoshua/airflow/dags/dim_process.py
[2024-12-05T16:01:14.108+0100] {logging_mixin.py:190} INFO - [2024-12-05T16:01:14.108+0100] {dag.py:3239} INFO - Sync 1 DAGs
[2024-12-05T16:01:14.116+0100] {logging_mixin.py:190} INFO - [2024-12-05T16:01:14.116+0100] {dag.py:4180} INFO - Setting next_dagrun for data_warehouse_etl to 2024-12-05 00:00:00+00:00, run_after=2024-12-06 00:00:00+00:00
[2024-12-05T16:01:14.125+0100] {processor.py:208} INFO - Processing /Users/sijibomijoshua/airflow/dags/dim_process.py took 0.335 seconds
[2024-12-05T16:01:46.129+0100] {processor.py:186} INFO - Started process (PID=76228) to work on /Users/sijibomijoshua/airflow/dags/dim_process.py
[2024-12-05T16:01:46.130+0100] {processor.py:914} INFO - Processing file /Users/sijibomijoshua/airflow/dags/dim_process.py for tasks to queue
[2024-12-05T16:01:46.131+0100] {logging_mixin.py:190} INFO - [2024-12-05T16:01:46.131+0100] {dagbag.py:588} INFO - Filling up the DagBag from /Users/sijibomijoshua/airflow/dags/dim_process.py
[2024-12-05T16:01:46.460+0100] {processor.py:925} INFO - DAG(s) 'data_warehouse_etl' retrieved from /Users/sijibomijoshua/airflow/dags/dim_process.py
[2024-12-05T16:01:46.495+0100] {logging_mixin.py:190} INFO - [2024-12-05T16:01:46.495+0100] {dag.py:3239} INFO - Sync 1 DAGs
[2024-12-05T16:01:46.502+0100] {logging_mixin.py:190} INFO - [2024-12-05T16:01:46.501+0100] {dag.py:4180} INFO - Setting next_dagrun for data_warehouse_etl to 2024-12-05 00:00:00+00:00, run_after=2024-12-06 00:00:00+00:00
[2024-12-05T16:01:46.508+0100] {processor.py:208} INFO - Processing /Users/sijibomijoshua/airflow/dags/dim_process.py took 0.381 seconds
[2024-12-05T16:02:17.995+0100] {processor.py:186} INFO - Started process (PID=76995) to work on /Users/sijibomijoshua/airflow/dags/dim_process.py
[2024-12-05T16:02:17.998+0100] {processor.py:914} INFO - Processing file /Users/sijibomijoshua/airflow/dags/dim_process.py for tasks to queue
[2024-12-05T16:02:17.998+0100] {logging_mixin.py:190} INFO - [2024-12-05T16:02:17.998+0100] {dagbag.py:588} INFO - Filling up the DagBag from /Users/sijibomijoshua/airflow/dags/dim_process.py
[2024-12-05T16:02:18.613+0100] {processor.py:925} INFO - DAG(s) 'data_warehouse_etl' retrieved from /Users/sijibomijoshua/airflow/dags/dim_process.py
[2024-12-05T16:02:18.652+0100] {logging_mixin.py:190} INFO - [2024-12-05T16:02:18.652+0100] {dag.py:3239} INFO - Sync 1 DAGs
[2024-12-05T16:02:18.659+0100] {logging_mixin.py:190} INFO - [2024-12-05T16:02:18.658+0100] {dag.py:4180} INFO - Setting next_dagrun for data_warehouse_etl to 2024-12-05 00:00:00+00:00, run_after=2024-12-06 00:00:00+00:00
[2024-12-05T16:02:18.665+0100] {processor.py:208} INFO - Processing /Users/sijibomijoshua/airflow/dags/dim_process.py took 0.671 seconds
[2024-12-05T16:02:50.167+0100] {processor.py:186} INFO - Started process (PID=77763) to work on /Users/sijibomijoshua/airflow/dags/dim_process.py
[2024-12-05T16:02:50.167+0100] {processor.py:914} INFO - Processing file /Users/sijibomijoshua/airflow/dags/dim_process.py for tasks to queue
[2024-12-05T16:02:50.168+0100] {logging_mixin.py:190} INFO - [2024-12-05T16:02:50.168+0100] {dagbag.py:588} INFO - Filling up the DagBag from /Users/sijibomijoshua/airflow/dags/dim_process.py
[2024-12-05T16:02:50.489+0100] {processor.py:925} INFO - DAG(s) 'data_warehouse_etl' retrieved from /Users/sijibomijoshua/airflow/dags/dim_process.py
[2024-12-05T16:02:50.524+0100] {logging_mixin.py:190} INFO - [2024-12-05T16:02:50.524+0100] {dag.py:3239} INFO - Sync 1 DAGs
[2024-12-05T16:02:50.533+0100] {logging_mixin.py:190} INFO - [2024-12-05T16:02:50.532+0100] {dag.py:4180} INFO - Setting next_dagrun for data_warehouse_etl to 2024-12-05 00:00:00+00:00, run_after=2024-12-06 00:00:00+00:00
[2024-12-05T16:02:50.539+0100] {processor.py:208} INFO - Processing /Users/sijibomijoshua/airflow/dags/dim_process.py took 0.374 seconds
[2024-12-05T16:03:22.241+0100] {processor.py:186} INFO - Started process (PID=78555) to work on /Users/sijibomijoshua/airflow/dags/dim_process.py
[2024-12-05T16:03:22.242+0100] {processor.py:914} INFO - Processing file /Users/sijibomijoshua/airflow/dags/dim_process.py for tasks to queue
[2024-12-05T16:03:22.242+0100] {logging_mixin.py:190} INFO - [2024-12-05T16:03:22.242+0100] {dagbag.py:588} INFO - Filling up the DagBag from /Users/sijibomijoshua/airflow/dags/dim_process.py
[2024-12-05T16:03:22.553+0100] {processor.py:925} INFO - DAG(s) 'data_warehouse_etl' retrieved from /Users/sijibomijoshua/airflow/dags/dim_process.py
[2024-12-05T16:03:22.587+0100] {logging_mixin.py:190} INFO - [2024-12-05T16:03:22.587+0100] {dag.py:3239} INFO - Sync 1 DAGs
[2024-12-05T16:03:22.594+0100] {logging_mixin.py:190} INFO - [2024-12-05T16:03:22.593+0100] {dag.py:4180} INFO - Setting next_dagrun for data_warehouse_etl to 2024-12-05 00:00:00+00:00, run_after=2024-12-06 00:00:00+00:00
[2024-12-05T16:03:22.601+0100] {processor.py:208} INFO - Processing /Users/sijibomijoshua/airflow/dags/dim_process.py took 0.361 seconds
[2024-12-05T16:03:54.231+0100] {processor.py:186} INFO - Started process (PID=79354) to work on /Users/sijibomijoshua/airflow/dags/dim_process.py
[2024-12-05T16:03:54.232+0100] {processor.py:914} INFO - Processing file /Users/sijibomijoshua/airflow/dags/dim_process.py for tasks to queue
[2024-12-05T16:03:54.232+0100] {logging_mixin.py:190} INFO - [2024-12-05T16:03:54.232+0100] {dagbag.py:588} INFO - Filling up the DagBag from /Users/sijibomijoshua/airflow/dags/dim_process.py
[2024-12-05T16:03:54.541+0100] {processor.py:925} INFO - DAG(s) 'data_warehouse_etl' retrieved from /Users/sijibomijoshua/airflow/dags/dim_process.py
[2024-12-05T16:03:54.577+0100] {logging_mixin.py:190} INFO - [2024-12-05T16:03:54.577+0100] {dag.py:3239} INFO - Sync 1 DAGs
[2024-12-05T16:03:54.584+0100] {logging_mixin.py:190} INFO - [2024-12-05T16:03:54.584+0100] {dag.py:4180} INFO - Setting next_dagrun for data_warehouse_etl to 2024-12-05 00:00:00+00:00, run_after=2024-12-06 00:00:00+00:00
[2024-12-05T16:03:54.590+0100] {processor.py:208} INFO - Processing /Users/sijibomijoshua/airflow/dags/dim_process.py took 0.360 seconds
[2024-12-05T16:04:26.620+0100] {processor.py:186} INFO - Started process (PID=80129) to work on /Users/sijibomijoshua/airflow/dags/dim_process.py
[2024-12-05T16:04:26.621+0100] {processor.py:914} INFO - Processing file /Users/sijibomijoshua/airflow/dags/dim_process.py for tasks to queue
[2024-12-05T16:04:26.621+0100] {logging_mixin.py:190} INFO - [2024-12-05T16:04:26.621+0100] {dagbag.py:588} INFO - Filling up the DagBag from /Users/sijibomijoshua/airflow/dags/dim_process.py
[2024-12-05T16:04:26.925+0100] {processor.py:925} INFO - DAG(s) 'data_warehouse_etl' retrieved from /Users/sijibomijoshua/airflow/dags/dim_process.py
[2024-12-05T16:04:26.961+0100] {logging_mixin.py:190} INFO - [2024-12-05T16:04:26.961+0100] {dag.py:3239} INFO - Sync 1 DAGs
[2024-12-05T16:04:26.968+0100] {logging_mixin.py:190} INFO - [2024-12-05T16:04:26.968+0100] {dag.py:4180} INFO - Setting next_dagrun for data_warehouse_etl to 2024-12-05 00:00:00+00:00, run_after=2024-12-06 00:00:00+00:00
[2024-12-05T16:04:26.975+0100] {processor.py:208} INFO - Processing /Users/sijibomijoshua/airflow/dags/dim_process.py took 0.364 seconds
[2024-12-05T16:04:59.764+0100] {processor.py:186} INFO - Started process (PID=80886) to work on /Users/sijibomijoshua/airflow/dags/dim_process.py
[2024-12-05T16:04:59.767+0100] {processor.py:914} INFO - Processing file /Users/sijibomijoshua/airflow/dags/dim_process.py for tasks to queue
[2024-12-05T16:04:59.767+0100] {logging_mixin.py:190} INFO - [2024-12-05T16:04:59.767+0100] {dagbag.py:588} INFO - Filling up the DagBag from /Users/sijibomijoshua/airflow/dags/dim_process.py
[2024-12-05T16:05:00.065+0100] {processor.py:925} INFO - DAG(s) 'data_warehouse_etl' retrieved from /Users/sijibomijoshua/airflow/dags/dim_process.py
[2024-12-05T16:05:00.102+0100] {logging_mixin.py:190} INFO - [2024-12-05T16:05:00.102+0100] {dag.py:3239} INFO - Sync 1 DAGs
[2024-12-05T16:05:00.108+0100] {logging_mixin.py:190} INFO - [2024-12-05T16:05:00.108+0100] {dag.py:4180} INFO - Setting next_dagrun for data_warehouse_etl to 2024-12-05 00:00:00+00:00, run_after=2024-12-06 00:00:00+00:00
[2024-12-05T16:05:00.115+0100] {processor.py:208} INFO - Processing /Users/sijibomijoshua/airflow/dags/dim_process.py took 0.352 seconds
[2024-12-05T16:05:31.758+0100] {processor.py:186} INFO - Started process (PID=81655) to work on /Users/sijibomijoshua/airflow/dags/dim_process.py
[2024-12-05T16:05:31.759+0100] {processor.py:914} INFO - Processing file /Users/sijibomijoshua/airflow/dags/dim_process.py for tasks to queue
[2024-12-05T16:05:31.759+0100] {logging_mixin.py:190} INFO - [2024-12-05T16:05:31.759+0100] {dagbag.py:588} INFO - Filling up the DagBag from /Users/sijibomijoshua/airflow/dags/dim_process.py
[2024-12-05T16:05:32.059+0100] {processor.py:925} INFO - DAG(s) 'data_warehouse_etl' retrieved from /Users/sijibomijoshua/airflow/dags/dim_process.py
[2024-12-05T16:05:32.094+0100] {logging_mixin.py:190} INFO - [2024-12-05T16:05:32.094+0100] {dag.py:3239} INFO - Sync 1 DAGs
[2024-12-05T16:05:32.101+0100] {logging_mixin.py:190} INFO - [2024-12-05T16:05:32.101+0100] {dag.py:4180} INFO - Setting next_dagrun for data_warehouse_etl to 2024-12-05 00:00:00+00:00, run_after=2024-12-06 00:00:00+00:00
[2024-12-05T16:05:32.108+0100] {processor.py:208} INFO - Processing /Users/sijibomijoshua/airflow/dags/dim_process.py took 0.351 seconds
[2024-12-05T16:06:03.990+0100] {processor.py:186} INFO - Started process (PID=82446) to work on /Users/sijibomijoshua/airflow/dags/dim_process.py
[2024-12-05T16:06:03.990+0100] {processor.py:914} INFO - Processing file /Users/sijibomijoshua/airflow/dags/dim_process.py for tasks to queue
[2024-12-05T16:06:03.991+0100] {logging_mixin.py:190} INFO - [2024-12-05T16:06:03.991+0100] {dagbag.py:588} INFO - Filling up the DagBag from /Users/sijibomijoshua/airflow/dags/dim_process.py
[2024-12-05T16:06:04.281+0100] {processor.py:925} INFO - DAG(s) 'data_warehouse_etl' retrieved from /Users/sijibomijoshua/airflow/dags/dim_process.py
[2024-12-05T16:06:04.316+0100] {logging_mixin.py:190} INFO - [2024-12-05T16:06:04.316+0100] {dag.py:3239} INFO - Sync 1 DAGs
[2024-12-05T16:06:04.322+0100] {logging_mixin.py:190} INFO - [2024-12-05T16:06:04.322+0100] {dag.py:4180} INFO - Setting next_dagrun for data_warehouse_etl to 2024-12-05 00:00:00+00:00, run_after=2024-12-06 00:00:00+00:00
[2024-12-05T16:06:04.328+0100] {processor.py:208} INFO - Processing /Users/sijibomijoshua/airflow/dags/dim_process.py took 0.340 seconds
[2024-12-05T16:06:35.678+0100] {processor.py:186} INFO - Started process (PID=83238) to work on /Users/sijibomijoshua/airflow/dags/dim_process.py
[2024-12-05T16:06:35.679+0100] {processor.py:914} INFO - Processing file /Users/sijibomijoshua/airflow/dags/dim_process.py for tasks to queue
[2024-12-05T16:06:35.679+0100] {logging_mixin.py:190} INFO - [2024-12-05T16:06:35.679+0100] {dagbag.py:588} INFO - Filling up the DagBag from /Users/sijibomijoshua/airflow/dags/dim_process.py
[2024-12-05T16:06:36.038+0100] {processor.py:925} INFO - DAG(s) 'data_warehouse_etl' retrieved from /Users/sijibomijoshua/airflow/dags/dim_process.py
[2024-12-05T16:06:36.079+0100] {logging_mixin.py:190} INFO - [2024-12-05T16:06:36.079+0100] {dag.py:3239} INFO - Sync 1 DAGs
[2024-12-05T16:06:36.086+0100] {logging_mixin.py:190} INFO - [2024-12-05T16:06:36.086+0100] {dag.py:4180} INFO - Setting next_dagrun for data_warehouse_etl to 2024-12-05 00:00:00+00:00, run_after=2024-12-06 00:00:00+00:00
[2024-12-05T16:06:36.093+0100] {processor.py:208} INFO - Processing /Users/sijibomijoshua/airflow/dags/dim_process.py took 0.417 seconds
[2024-12-05T16:07:08.465+0100] {processor.py:186} INFO - Started process (PID=84021) to work on /Users/sijibomijoshua/airflow/dags/dim_process.py
[2024-12-05T16:07:08.466+0100] {processor.py:914} INFO - Processing file /Users/sijibomijoshua/airflow/dags/dim_process.py for tasks to queue
[2024-12-05T16:07:08.466+0100] {logging_mixin.py:190} INFO - [2024-12-05T16:07:08.466+0100] {dagbag.py:588} INFO - Filling up the DagBag from /Users/sijibomijoshua/airflow/dags/dim_process.py
[2024-12-05T16:07:08.869+0100] {processor.py:925} INFO - DAG(s) 'data_warehouse_etl' retrieved from /Users/sijibomijoshua/airflow/dags/dim_process.py
[2024-12-05T16:07:08.906+0100] {logging_mixin.py:190} INFO - [2024-12-05T16:07:08.905+0100] {dag.py:3239} INFO - Sync 1 DAGs
[2024-12-05T16:07:08.915+0100] {logging_mixin.py:190} INFO - [2024-12-05T16:07:08.914+0100] {dag.py:4180} INFO - Setting next_dagrun for data_warehouse_etl to 2024-12-05 00:00:00+00:00, run_after=2024-12-06 00:00:00+00:00
[2024-12-05T16:07:08.927+0100] {processor.py:208} INFO - Processing /Users/sijibomijoshua/airflow/dags/dim_process.py took 0.464 seconds
[2024-12-05T16:07:40.460+0100] {processor.py:186} INFO - Started process (PID=84806) to work on /Users/sijibomijoshua/airflow/dags/dim_process.py
[2024-12-05T16:07:40.461+0100] {processor.py:914} INFO - Processing file /Users/sijibomijoshua/airflow/dags/dim_process.py for tasks to queue
[2024-12-05T16:07:40.461+0100] {logging_mixin.py:190} INFO - [2024-12-05T16:07:40.461+0100] {dagbag.py:588} INFO - Filling up the DagBag from /Users/sijibomijoshua/airflow/dags/dim_process.py
[2024-12-05T16:07:40.785+0100] {processor.py:925} INFO - DAG(s) 'data_warehouse_etl' retrieved from /Users/sijibomijoshua/airflow/dags/dim_process.py
[2024-12-05T16:07:40.820+0100] {logging_mixin.py:190} INFO - [2024-12-05T16:07:40.820+0100] {dag.py:3239} INFO - Sync 1 DAGs
[2024-12-05T16:07:40.826+0100] {logging_mixin.py:190} INFO - [2024-12-05T16:07:40.826+0100] {dag.py:4180} INFO - Setting next_dagrun for data_warehouse_etl to 2024-12-05 00:00:00+00:00, run_after=2024-12-06 00:00:00+00:00
[2024-12-05T16:07:40.832+0100] {processor.py:208} INFO - Processing /Users/sijibomijoshua/airflow/dags/dim_process.py took 0.380 seconds
[2024-12-05T16:08:12.589+0100] {processor.py:186} INFO - Started process (PID=85595) to work on /Users/sijibomijoshua/airflow/dags/dim_process.py
[2024-12-05T16:08:12.591+0100] {processor.py:914} INFO - Processing file /Users/sijibomijoshua/airflow/dags/dim_process.py for tasks to queue
[2024-12-05T16:08:12.594+0100] {logging_mixin.py:190} INFO - [2024-12-05T16:08:12.593+0100] {dagbag.py:588} INFO - Filling up the DagBag from /Users/sijibomijoshua/airflow/dags/dim_process.py
[2024-12-05T16:08:13.390+0100] {processor.py:925} INFO - DAG(s) 'data_warehouse_etl' retrieved from /Users/sijibomijoshua/airflow/dags/dim_process.py
[2024-12-05T16:08:13.430+0100] {logging_mixin.py:190} INFO - [2024-12-05T16:08:13.430+0100] {dag.py:3239} INFO - Sync 1 DAGs
[2024-12-05T16:08:13.438+0100] {logging_mixin.py:190} INFO - [2024-12-05T16:08:13.438+0100] {dag.py:4180} INFO - Setting next_dagrun for data_warehouse_etl to 2024-12-05 00:00:00+00:00, run_after=2024-12-06 00:00:00+00:00
[2024-12-05T16:08:13.445+0100] {processor.py:208} INFO - Processing /Users/sijibomijoshua/airflow/dags/dim_process.py took 0.859 seconds
[2024-12-05T16:08:45.403+0100] {processor.py:186} INFO - Started process (PID=86423) to work on /Users/sijibomijoshua/airflow/dags/dim_process.py
[2024-12-05T16:08:45.405+0100] {processor.py:914} INFO - Processing file /Users/sijibomijoshua/airflow/dags/dim_process.py for tasks to queue
[2024-12-05T16:08:45.405+0100] {logging_mixin.py:190} INFO - [2024-12-05T16:08:45.405+0100] {dagbag.py:588} INFO - Filling up the DagBag from /Users/sijibomijoshua/airflow/dags/dim_process.py
[2024-12-05T16:08:46.169+0100] {processor.py:925} INFO - DAG(s) 'data_warehouse_etl' retrieved from /Users/sijibomijoshua/airflow/dags/dim_process.py
[2024-12-05T16:08:46.210+0100] {logging_mixin.py:190} INFO - [2024-12-05T16:08:46.210+0100] {dag.py:3239} INFO - Sync 1 DAGs
[2024-12-05T16:08:46.218+0100] {logging_mixin.py:190} INFO - [2024-12-05T16:08:46.218+0100] {dag.py:4180} INFO - Setting next_dagrun for data_warehouse_etl to 2024-12-05 00:00:00+00:00, run_after=2024-12-06 00:00:00+00:00
[2024-12-05T16:08:46.226+0100] {processor.py:208} INFO - Processing /Users/sijibomijoshua/airflow/dags/dim_process.py took 0.825 seconds
[2024-12-05T16:09:17.966+0100] {processor.py:186} INFO - Started process (PID=87187) to work on /Users/sijibomijoshua/airflow/dags/dim_process.py
[2024-12-05T16:09:17.968+0100] {processor.py:914} INFO - Processing file /Users/sijibomijoshua/airflow/dags/dim_process.py for tasks to queue
[2024-12-05T16:09:17.968+0100] {logging_mixin.py:190} INFO - [2024-12-05T16:09:17.968+0100] {dagbag.py:588} INFO - Filling up the DagBag from /Users/sijibomijoshua/airflow/dags/dim_process.py
[2024-12-05T16:09:18.690+0100] {processor.py:925} INFO - DAG(s) 'data_warehouse_etl' retrieved from /Users/sijibomijoshua/airflow/dags/dim_process.py
[2024-12-05T16:09:18.848+0100] {logging_mixin.py:190} INFO - [2024-12-05T16:09:18.848+0100] {dag.py:3239} INFO - Sync 1 DAGs
[2024-12-05T16:09:18.864+0100] {logging_mixin.py:190} INFO - [2024-12-05T16:09:18.864+0100] {dag.py:4180} INFO - Setting next_dagrun for data_warehouse_etl to 2024-12-05 00:00:00+00:00, run_after=2024-12-06 00:00:00+00:00
[2024-12-05T16:09:18.892+0100] {processor.py:208} INFO - Processing /Users/sijibomijoshua/airflow/dags/dim_process.py took 0.927 seconds
[2024-12-05T16:09:51.015+0100] {processor.py:186} INFO - Started process (PID=88038) to work on /Users/sijibomijoshua/airflow/dags/dim_process.py
[2024-12-05T16:09:51.018+0100] {processor.py:914} INFO - Processing file /Users/sijibomijoshua/airflow/dags/dim_process.py for tasks to queue
[2024-12-05T16:09:51.018+0100] {logging_mixin.py:190} INFO - [2024-12-05T16:09:51.018+0100] {dagbag.py:588} INFO - Filling up the DagBag from /Users/sijibomijoshua/airflow/dags/dim_process.py
[2024-12-05T16:09:51.347+0100] {processor.py:925} INFO - DAG(s) 'data_warehouse_etl' retrieved from /Users/sijibomijoshua/airflow/dags/dim_process.py
[2024-12-05T16:09:51.382+0100] {logging_mixin.py:190} INFO - [2024-12-05T16:09:51.382+0100] {dag.py:3239} INFO - Sync 1 DAGs
[2024-12-05T16:09:51.388+0100] {logging_mixin.py:190} INFO - [2024-12-05T16:09:51.388+0100] {dag.py:4180} INFO - Setting next_dagrun for data_warehouse_etl to 2024-12-05 00:00:00+00:00, run_after=2024-12-06 00:00:00+00:00
[2024-12-05T16:09:51.395+0100] {processor.py:208} INFO - Processing /Users/sijibomijoshua/airflow/dags/dim_process.py took 0.382 seconds
[2024-12-05T16:10:22.454+0100] {processor.py:186} INFO - Started process (PID=88784) to work on /Users/sijibomijoshua/airflow/dags/dim_process.py
[2024-12-05T16:10:22.456+0100] {processor.py:914} INFO - Processing file /Users/sijibomijoshua/airflow/dags/dim_process.py for tasks to queue
[2024-12-05T16:10:22.456+0100] {logging_mixin.py:190} INFO - [2024-12-05T16:10:22.456+0100] {dagbag.py:588} INFO - Filling up the DagBag from /Users/sijibomijoshua/airflow/dags/dim_process.py
[2024-12-05T16:10:22.765+0100] {processor.py:925} INFO - DAG(s) 'data_warehouse_etl' retrieved from /Users/sijibomijoshua/airflow/dags/dim_process.py
[2024-12-05T16:10:22.800+0100] {logging_mixin.py:190} INFO - [2024-12-05T16:10:22.800+0100] {dag.py:3239} INFO - Sync 1 DAGs
[2024-12-05T16:10:22.807+0100] {logging_mixin.py:190} INFO - [2024-12-05T16:10:22.806+0100] {dag.py:4180} INFO - Setting next_dagrun for data_warehouse_etl to 2024-12-05 00:00:00+00:00, run_after=2024-12-06 00:00:00+00:00
[2024-12-05T16:10:22.813+0100] {processor.py:208} INFO - Processing /Users/sijibomijoshua/airflow/dags/dim_process.py took 0.360 seconds
[2024-12-05T16:10:54.534+0100] {processor.py:186} INFO - Started process (PID=89570) to work on /Users/sijibomijoshua/airflow/dags/dim_process.py
[2024-12-05T16:10:54.536+0100] {processor.py:914} INFO - Processing file /Users/sijibomijoshua/airflow/dags/dim_process.py for tasks to queue
[2024-12-05T16:10:54.537+0100] {logging_mixin.py:190} INFO - [2024-12-05T16:10:54.537+0100] {dagbag.py:588} INFO - Filling up the DagBag from /Users/sijibomijoshua/airflow/dags/dim_process.py
[2024-12-05T16:10:55.026+0100] {processor.py:925} INFO - DAG(s) 'data_warehouse_etl' retrieved from /Users/sijibomijoshua/airflow/dags/dim_process.py
[2024-12-05T16:10:55.062+0100] {logging_mixin.py:190} INFO - [2024-12-05T16:10:55.062+0100] {dag.py:3239} INFO - Sync 1 DAGs
[2024-12-05T16:10:55.070+0100] {logging_mixin.py:190} INFO - [2024-12-05T16:10:55.070+0100] {dag.py:4180} INFO - Setting next_dagrun for data_warehouse_etl to 2024-12-05 00:00:00+00:00, run_after=2024-12-06 00:00:00+00:00
[2024-12-05T16:10:55.077+0100] {processor.py:208} INFO - Processing /Users/sijibomijoshua/airflow/dags/dim_process.py took 0.544 seconds
[2024-12-05T16:11:26.665+0100] {processor.py:186} INFO - Started process (PID=90353) to work on /Users/sijibomijoshua/airflow/dags/dim_process.py
[2024-12-05T16:11:26.667+0100] {processor.py:914} INFO - Processing file /Users/sijibomijoshua/airflow/dags/dim_process.py for tasks to queue
[2024-12-05T16:11:26.668+0100] {logging_mixin.py:190} INFO - [2024-12-05T16:11:26.667+0100] {dagbag.py:588} INFO - Filling up the DagBag from /Users/sijibomijoshua/airflow/dags/dim_process.py
[2024-12-05T16:11:26.990+0100] {processor.py:925} INFO - DAG(s) 'data_warehouse_etl' retrieved from /Users/sijibomijoshua/airflow/dags/dim_process.py
[2024-12-05T16:11:27.027+0100] {logging_mixin.py:190} INFO - [2024-12-05T16:11:27.027+0100] {dag.py:3239} INFO - Sync 1 DAGs
[2024-12-05T16:11:27.034+0100] {logging_mixin.py:190} INFO - [2024-12-05T16:11:27.034+0100] {dag.py:4180} INFO - Setting next_dagrun for data_warehouse_etl to 2024-12-05 00:00:00+00:00, run_after=2024-12-06 00:00:00+00:00
[2024-12-05T16:11:27.041+0100] {processor.py:208} INFO - Processing /Users/sijibomijoshua/airflow/dags/dim_process.py took 0.377 seconds
[2024-12-05T16:11:58.702+0100] {processor.py:186} INFO - Started process (PID=91103) to work on /Users/sijibomijoshua/airflow/dags/dim_process.py
[2024-12-05T16:11:58.706+0100] {processor.py:914} INFO - Processing file /Users/sijibomijoshua/airflow/dags/dim_process.py for tasks to queue
[2024-12-05T16:11:58.706+0100] {logging_mixin.py:190} INFO - [2024-12-05T16:11:58.706+0100] {dagbag.py:588} INFO - Filling up the DagBag from /Users/sijibomijoshua/airflow/dags/dim_process.py
[2024-12-05T16:11:59.082+0100] {processor.py:925} INFO - DAG(s) 'data_warehouse_etl' retrieved from /Users/sijibomijoshua/airflow/dags/dim_process.py
[2024-12-05T16:11:59.125+0100] {logging_mixin.py:190} INFO - [2024-12-05T16:11:59.125+0100] {dag.py:3239} INFO - Sync 1 DAGs
[2024-12-05T16:11:59.136+0100] {logging_mixin.py:190} INFO - [2024-12-05T16:11:59.136+0100] {dag.py:4180} INFO - Setting next_dagrun for data_warehouse_etl to 2024-12-05 00:00:00+00:00, run_after=2024-12-06 00:00:00+00:00
[2024-12-05T16:11:59.148+0100] {processor.py:208} INFO - Processing /Users/sijibomijoshua/airflow/dags/dim_process.py took 0.449 seconds
[2024-12-05T16:12:30.509+0100] {processor.py:186} INFO - Started process (PID=91866) to work on /Users/sijibomijoshua/airflow/dags/dim_process.py
[2024-12-05T16:12:30.509+0100] {processor.py:914} INFO - Processing file /Users/sijibomijoshua/airflow/dags/dim_process.py for tasks to queue
[2024-12-05T16:12:30.510+0100] {logging_mixin.py:190} INFO - [2024-12-05T16:12:30.510+0100] {dagbag.py:588} INFO - Filling up the DagBag from /Users/sijibomijoshua/airflow/dags/dim_process.py
[2024-12-05T16:12:30.822+0100] {processor.py:925} INFO - DAG(s) 'data_warehouse_etl' retrieved from /Users/sijibomijoshua/airflow/dags/dim_process.py
[2024-12-05T16:12:30.860+0100] {logging_mixin.py:190} INFO - [2024-12-05T16:12:30.860+0100] {dag.py:3239} INFO - Sync 1 DAGs
[2024-12-05T16:12:30.868+0100] {logging_mixin.py:190} INFO - [2024-12-05T16:12:30.868+0100] {dag.py:4180} INFO - Setting next_dagrun for data_warehouse_etl to 2024-12-05 00:00:00+00:00, run_after=2024-12-06 00:00:00+00:00
[2024-12-05T16:12:30.876+0100] {processor.py:208} INFO - Processing /Users/sijibomijoshua/airflow/dags/dim_process.py took 0.368 seconds
[2024-12-05T16:13:05.017+0100] {processor.py:186} INFO - Started process (PID=92707) to work on /Users/sijibomijoshua/airflow/dags/dim_process.py
[2024-12-05T16:13:05.018+0100] {processor.py:914} INFO - Processing file /Users/sijibomijoshua/airflow/dags/dim_process.py for tasks to queue
[2024-12-05T16:13:05.019+0100] {logging_mixin.py:190} INFO - [2024-12-05T16:13:05.019+0100] {dagbag.py:588} INFO - Filling up the DagBag from /Users/sijibomijoshua/airflow/dags/dim_process.py
[2024-12-05T16:13:05.406+0100] {processor.py:925} INFO - DAG(s) 'data_warehouse_etl' retrieved from /Users/sijibomijoshua/airflow/dags/dim_process.py
[2024-12-05T16:13:05.442+0100] {logging_mixin.py:190} INFO - [2024-12-05T16:13:05.442+0100] {dag.py:3239} INFO - Sync 1 DAGs
[2024-12-05T16:13:05.448+0100] {logging_mixin.py:190} INFO - [2024-12-05T16:13:05.448+0100] {dag.py:4180} INFO - Setting next_dagrun for data_warehouse_etl to 2024-12-05 00:00:00+00:00, run_after=2024-12-06 00:00:00+00:00
[2024-12-05T16:13:05.455+0100] {processor.py:208} INFO - Processing /Users/sijibomijoshua/airflow/dags/dim_process.py took 0.439 seconds
[2024-12-05T16:13:37.977+0100] {processor.py:186} INFO - Started process (PID=93546) to work on /Users/sijibomijoshua/airflow/dags/dim_process.py
[2024-12-05T16:13:37.978+0100] {processor.py:914} INFO - Processing file /Users/sijibomijoshua/airflow/dags/dim_process.py for tasks to queue
[2024-12-05T16:13:37.979+0100] {logging_mixin.py:190} INFO - [2024-12-05T16:13:37.979+0100] {dagbag.py:588} INFO - Filling up the DagBag from /Users/sijibomijoshua/airflow/dags/dim_process.py
[2024-12-05T16:13:38.376+0100] {processor.py:925} INFO - DAG(s) 'data_warehouse_etl' retrieved from /Users/sijibomijoshua/airflow/dags/dim_process.py
[2024-12-05T16:13:38.423+0100] {logging_mixin.py:190} INFO - [2024-12-05T16:13:38.423+0100] {dag.py:3239} INFO - Sync 1 DAGs
[2024-12-05T16:13:38.432+0100] {logging_mixin.py:190} INFO - [2024-12-05T16:13:38.432+0100] {dag.py:4180} INFO - Setting next_dagrun for data_warehouse_etl to 2024-12-05 00:00:00+00:00, run_after=2024-12-06 00:00:00+00:00
[2024-12-05T16:13:38.441+0100] {processor.py:208} INFO - Processing /Users/sijibomijoshua/airflow/dags/dim_process.py took 0.465 seconds
[2024-12-05T16:14:10.192+0100] {processor.py:186} INFO - Started process (PID=94355) to work on /Users/sijibomijoshua/airflow/dags/dim_process.py
[2024-12-05T16:14:10.193+0100] {processor.py:914} INFO - Processing file /Users/sijibomijoshua/airflow/dags/dim_process.py for tasks to queue
[2024-12-05T16:14:10.193+0100] {logging_mixin.py:190} INFO - [2024-12-05T16:14:10.193+0100] {dagbag.py:588} INFO - Filling up the DagBag from /Users/sijibomijoshua/airflow/dags/dim_process.py
[2024-12-05T16:14:10.501+0100] {processor.py:925} INFO - DAG(s) 'data_warehouse_etl' retrieved from /Users/sijibomijoshua/airflow/dags/dim_process.py
[2024-12-05T16:14:10.536+0100] {logging_mixin.py:190} INFO - [2024-12-05T16:14:10.536+0100] {dag.py:3239} INFO - Sync 1 DAGs
[2024-12-05T16:14:10.546+0100] {logging_mixin.py:190} INFO - [2024-12-05T16:14:10.546+0100] {dag.py:4180} INFO - Setting next_dagrun for data_warehouse_etl to 2024-12-05 00:00:00+00:00, run_after=2024-12-06 00:00:00+00:00
[2024-12-05T16:14:10.557+0100] {processor.py:208} INFO - Processing /Users/sijibomijoshua/airflow/dags/dim_process.py took 0.366 seconds
[2024-12-05T16:14:41.792+0100] {processor.py:186} INFO - Started process (PID=95115) to work on /Users/sijibomijoshua/airflow/dags/dim_process.py
[2024-12-05T16:14:41.793+0100] {processor.py:914} INFO - Processing file /Users/sijibomijoshua/airflow/dags/dim_process.py for tasks to queue
[2024-12-05T16:14:41.794+0100] {logging_mixin.py:190} INFO - [2024-12-05T16:14:41.794+0100] {dagbag.py:588} INFO - Filling up the DagBag from /Users/sijibomijoshua/airflow/dags/dim_process.py
[2024-12-05T16:14:42.180+0100] {processor.py:925} INFO - DAG(s) 'data_warehouse_etl' retrieved from /Users/sijibomijoshua/airflow/dags/dim_process.py
[2024-12-05T16:14:42.216+0100] {logging_mixin.py:190} INFO - [2024-12-05T16:14:42.216+0100] {dag.py:3239} INFO - Sync 1 DAGs
[2024-12-05T16:14:42.223+0100] {logging_mixin.py:190} INFO - [2024-12-05T16:14:42.223+0100] {dag.py:4180} INFO - Setting next_dagrun for data_warehouse_etl to 2024-12-05 00:00:00+00:00, run_after=2024-12-06 00:00:00+00:00
[2024-12-05T16:14:42.231+0100] {processor.py:208} INFO - Processing /Users/sijibomijoshua/airflow/dags/dim_process.py took 0.440 seconds
[2024-12-05T16:15:13.257+0100] {processor.py:186} INFO - Started process (PID=95842) to work on /Users/sijibomijoshua/airflow/dags/dim_process.py
[2024-12-05T16:15:13.257+0100] {processor.py:914} INFO - Processing file /Users/sijibomijoshua/airflow/dags/dim_process.py for tasks to queue
[2024-12-05T16:15:13.258+0100] {logging_mixin.py:190} INFO - [2024-12-05T16:15:13.258+0100] {dagbag.py:588} INFO - Filling up the DagBag from /Users/sijibomijoshua/airflow/dags/dim_process.py
[2024-12-05T16:15:13.650+0100] {processor.py:925} INFO - DAG(s) 'data_warehouse_etl' retrieved from /Users/sijibomijoshua/airflow/dags/dim_process.py
[2024-12-05T16:15:13.687+0100] {logging_mixin.py:190} INFO - [2024-12-05T16:15:13.687+0100] {dag.py:3239} INFO - Sync 1 DAGs
[2024-12-05T16:15:13.693+0100] {logging_mixin.py:190} INFO - [2024-12-05T16:15:13.693+0100] {dag.py:4180} INFO - Setting next_dagrun for data_warehouse_etl to 2024-12-05 00:00:00+00:00, run_after=2024-12-06 00:00:00+00:00
[2024-12-05T16:15:13.700+0100] {processor.py:208} INFO - Processing /Users/sijibomijoshua/airflow/dags/dim_process.py took 0.445 seconds
[2024-12-05T16:15:46.957+0100] {processor.py:186} INFO - Started process (PID=96673) to work on /Users/sijibomijoshua/airflow/dags/dim_process.py
[2024-12-05T16:15:46.961+0100] {processor.py:914} INFO - Processing file /Users/sijibomijoshua/airflow/dags/dim_process.py for tasks to queue
[2024-12-05T16:15:46.962+0100] {logging_mixin.py:190} INFO - [2024-12-05T16:15:46.962+0100] {dagbag.py:588} INFO - Filling up the DagBag from /Users/sijibomijoshua/airflow/dags/dim_process.py
[2024-12-05T16:15:47.419+0100] {processor.py:925} INFO - DAG(s) 'data_warehouse_etl' retrieved from /Users/sijibomijoshua/airflow/dags/dim_process.py
[2024-12-05T16:15:47.454+0100] {logging_mixin.py:190} INFO - [2024-12-05T16:15:47.454+0100] {dag.py:3239} INFO - Sync 1 DAGs
[2024-12-05T16:15:47.460+0100] {logging_mixin.py:190} INFO - [2024-12-05T16:15:47.460+0100] {dag.py:4180} INFO - Setting next_dagrun for data_warehouse_etl to 2024-12-05 00:00:00+00:00, run_after=2024-12-06 00:00:00+00:00
[2024-12-05T16:15:47.467+0100] {processor.py:208} INFO - Processing /Users/sijibomijoshua/airflow/dags/dim_process.py took 0.512 seconds
[2024-12-05T16:16:22.142+0100] {processor.py:186} INFO - Started process (PID=97511) to work on /Users/sijibomijoshua/airflow/dags/dim_process.py
[2024-12-05T16:16:22.143+0100] {processor.py:914} INFO - Processing file /Users/sijibomijoshua/airflow/dags/dim_process.py for tasks to queue
[2024-12-05T16:16:22.144+0100] {logging_mixin.py:190} INFO - [2024-12-05T16:16:22.144+0100] {dagbag.py:588} INFO - Filling up the DagBag from /Users/sijibomijoshua/airflow/dags/dim_process.py
[2024-12-05T16:16:22.648+0100] {processor.py:925} INFO - DAG(s) 'data_warehouse_etl' retrieved from /Users/sijibomijoshua/airflow/dags/dim_process.py
[2024-12-05T16:16:22.689+0100] {logging_mixin.py:190} INFO - [2024-12-05T16:16:22.688+0100] {dag.py:3239} INFO - Sync 1 DAGs
[2024-12-05T16:16:22.697+0100] {logging_mixin.py:190} INFO - [2024-12-05T16:16:22.697+0100] {dag.py:4180} INFO - Setting next_dagrun for data_warehouse_etl to 2024-12-05 00:00:00+00:00, run_after=2024-12-06 00:00:00+00:00
[2024-12-05T16:16:22.705+0100] {processor.py:208} INFO - Processing /Users/sijibomijoshua/airflow/dags/dim_process.py took 0.566 seconds
[2024-12-05T16:16:54.201+0100] {processor.py:186} INFO - Started process (PID=98349) to work on /Users/sijibomijoshua/airflow/dags/dim_process.py
[2024-12-05T16:16:54.203+0100] {processor.py:914} INFO - Processing file /Users/sijibomijoshua/airflow/dags/dim_process.py for tasks to queue
[2024-12-05T16:16:54.203+0100] {logging_mixin.py:190} INFO - [2024-12-05T16:16:54.203+0100] {dagbag.py:588} INFO - Filling up the DagBag from /Users/sijibomijoshua/airflow/dags/dim_process.py
[2024-12-05T16:16:54.552+0100] {processor.py:925} INFO - DAG(s) 'data_warehouse_etl' retrieved from /Users/sijibomijoshua/airflow/dags/dim_process.py
[2024-12-05T16:16:54.604+0100] {logging_mixin.py:190} INFO - [2024-12-05T16:16:54.604+0100] {dag.py:3239} INFO - Sync 1 DAGs
[2024-12-05T16:16:54.611+0100] {logging_mixin.py:190} INFO - [2024-12-05T16:16:54.611+0100] {dag.py:4180} INFO - Setting next_dagrun for data_warehouse_etl to 2024-12-05 00:00:00+00:00, run_after=2024-12-06 00:00:00+00:00
[2024-12-05T16:16:54.618+0100] {processor.py:208} INFO - Processing /Users/sijibomijoshua/airflow/dags/dim_process.py took 0.419 seconds
[2024-12-05T16:17:27.035+0100] {processor.py:186} INFO - Started process (PID=99162) to work on /Users/sijibomijoshua/airflow/dags/dim_process.py
[2024-12-05T16:17:27.036+0100] {processor.py:914} INFO - Processing file /Users/sijibomijoshua/airflow/dags/dim_process.py for tasks to queue
[2024-12-05T16:17:27.037+0100] {logging_mixin.py:190} INFO - [2024-12-05T16:17:27.037+0100] {dagbag.py:588} INFO - Filling up the DagBag from /Users/sijibomijoshua/airflow/dags/dim_process.py
[2024-12-05T16:17:27.295+0100] {processor.py:925} INFO - DAG(s) 'data_warehouse_etl' retrieved from /Users/sijibomijoshua/airflow/dags/dim_process.py
[2024-12-05T16:17:27.333+0100] {logging_mixin.py:190} INFO - [2024-12-05T16:17:27.333+0100] {dag.py:3239} INFO - Sync 1 DAGs
[2024-12-05T16:17:27.341+0100] {logging_mixin.py:190} INFO - [2024-12-05T16:17:27.341+0100] {dag.py:4180} INFO - Setting next_dagrun for data_warehouse_etl to 2024-12-05 00:00:00+00:00, run_after=2024-12-06 00:00:00+00:00
[2024-12-05T16:17:27.350+0100] {processor.py:208} INFO - Processing /Users/sijibomijoshua/airflow/dags/dim_process.py took 0.317 seconds
