[2024-12-04T12:42:58.895+0100] {processor.py:186} INFO - Started process (PID=83638) to work on /Users/sijibomijoshua/.pyenv/versions/3.11.6/lib/python3.11/site-packages/airflow/example_dags/example_dynamic_task_mapping.py
[2024-12-04T12:42:58.896+0100] {processor.py:914} INFO - Processing file /Users/sijibomijoshua/.pyenv/versions/3.11.6/lib/python3.11/site-packages/airflow/example_dags/example_dynamic_task_mapping.py for tasks to queue
[2024-12-04T12:42:58.897+0100] {logging_mixin.py:190} INFO - [2024-12-04T12:42:58.897+0100] {dagbag.py:588} INFO - Filling up the DagBag from /Users/sijibomijoshua/.pyenv/versions/3.11.6/lib/python3.11/site-packages/airflow/example_dags/example_dynamic_task_mapping.py
[2024-12-04T12:42:58.915+0100] {processor.py:925} INFO - DAG(s) 'example_dynamic_task_mapping' retrieved from /Users/sijibomijoshua/.pyenv/versions/3.11.6/lib/python3.11/site-packages/airflow/example_dags/example_dynamic_task_mapping.py
[2024-12-04T12:42:59.012+0100] {logging_mixin.py:190} INFO - [2024-12-04T12:42:59.012+0100] {override.py:1911} INFO - Created Permission View: can edit on DAG:example_dynamic_task_mapping
[2024-12-04T12:42:59.015+0100] {logging_mixin.py:190} INFO - [2024-12-04T12:42:59.015+0100] {override.py:1911} INFO - Created Permission View: can delete on DAG:example_dynamic_task_mapping
[2024-12-04T12:42:59.017+0100] {logging_mixin.py:190} INFO - [2024-12-04T12:42:59.017+0100] {override.py:1911} INFO - Created Permission View: can read on DAG:example_dynamic_task_mapping
[2024-12-04T12:42:59.019+0100] {logging_mixin.py:190} INFO - [2024-12-04T12:42:59.019+0100] {override.py:1911} INFO - Created Permission View: can delete on DAG Run:example_dynamic_task_mapping
[2024-12-04T12:42:59.021+0100] {logging_mixin.py:190} INFO - [2024-12-04T12:42:59.021+0100] {override.py:1911} INFO - Created Permission View: menu access on DAG Run:example_dynamic_task_mapping
[2024-12-04T12:42:59.023+0100] {logging_mixin.py:190} INFO - [2024-12-04T12:42:59.023+0100] {override.py:1911} INFO - Created Permission View: can create on DAG Run:example_dynamic_task_mapping
[2024-12-04T12:42:59.024+0100] {logging_mixin.py:190} INFO - [2024-12-04T12:42:59.024+0100] {override.py:1911} INFO - Created Permission View: can read on DAG Run:example_dynamic_task_mapping
[2024-12-04T12:42:59.025+0100] {logging_mixin.py:190} INFO - [2024-12-04T12:42:59.025+0100] {dag.py:3239} INFO - Sync 1 DAGs
[2024-12-04T12:42:59.029+0100] {logging_mixin.py:190} INFO - [2024-12-04T12:42:59.028+0100] {dag.py:3262} INFO - Creating ORM DAG for example_dynamic_task_mapping
[2024-12-04T12:42:59.029+0100] {logging_mixin.py:190} INFO - [2024-12-04T12:42:59.029+0100] {dag.py:4180} INFO - Setting next_dagrun for example_dynamic_task_mapping to None, run_after=None
[2024-12-04T12:42:59.034+0100] {processor.py:208} INFO - Processing /Users/sijibomijoshua/.pyenv/versions/3.11.6/lib/python3.11/site-packages/airflow/example_dags/example_dynamic_task_mapping.py took 0.140 seconds
[2024-12-04T12:45:14.225+0100] {processor.py:186} INFO - Started process (PID=85733) to work on /Users/sijibomijoshua/.pyenv/versions/3.11.6/lib/python3.11/site-packages/airflow/example_dags/example_dynamic_task_mapping.py
[2024-12-04T12:45:14.226+0100] {processor.py:914} INFO - Processing file /Users/sijibomijoshua/.pyenv/versions/3.11.6/lib/python3.11/site-packages/airflow/example_dags/example_dynamic_task_mapping.py for tasks to queue
[2024-12-04T12:45:14.227+0100] {logging_mixin.py:190} INFO - [2024-12-04T12:45:14.227+0100] {dagbag.py:588} INFO - Filling up the DagBag from /Users/sijibomijoshua/.pyenv/versions/3.11.6/lib/python3.11/site-packages/airflow/example_dags/example_dynamic_task_mapping.py
[2024-12-04T12:45:14.242+0100] {processor.py:925} INFO - DAG(s) 'example_dynamic_task_mapping' retrieved from /Users/sijibomijoshua/.pyenv/versions/3.11.6/lib/python3.11/site-packages/airflow/example_dags/example_dynamic_task_mapping.py
[2024-12-04T12:45:14.301+0100] {logging_mixin.py:190} INFO - [2024-12-04T12:45:14.301+0100] {dag.py:3239} INFO - Sync 1 DAGs
[2024-12-04T12:45:14.305+0100] {logging_mixin.py:190} INFO - [2024-12-04T12:45:14.305+0100] {dag.py:4180} INFO - Setting next_dagrun for example_dynamic_task_mapping to None, run_after=None
[2024-12-04T12:45:14.312+0100] {processor.py:208} INFO - Processing /Users/sijibomijoshua/.pyenv/versions/3.11.6/lib/python3.11/site-packages/airflow/example_dags/example_dynamic_task_mapping.py took 0.089 seconds
[2024-12-04T12:47:32.864+0100] {processor.py:186} INFO - Started process (PID=87861) to work on /Users/sijibomijoshua/.pyenv/versions/3.11.6/lib/python3.11/site-packages/airflow/example_dags/example_dynamic_task_mapping.py
[2024-12-04T12:47:32.865+0100] {processor.py:914} INFO - Processing file /Users/sijibomijoshua/.pyenv/versions/3.11.6/lib/python3.11/site-packages/airflow/example_dags/example_dynamic_task_mapping.py for tasks to queue
[2024-12-04T12:47:32.866+0100] {logging_mixin.py:190} INFO - [2024-12-04T12:47:32.865+0100] {dagbag.py:588} INFO - Filling up the DagBag from /Users/sijibomijoshua/.pyenv/versions/3.11.6/lib/python3.11/site-packages/airflow/example_dags/example_dynamic_task_mapping.py
[2024-12-04T12:47:32.879+0100] {processor.py:925} INFO - DAG(s) 'example_dynamic_task_mapping' retrieved from /Users/sijibomijoshua/.pyenv/versions/3.11.6/lib/python3.11/site-packages/airflow/example_dags/example_dynamic_task_mapping.py
[2024-12-04T12:47:32.934+0100] {logging_mixin.py:190} INFO - [2024-12-04T12:47:32.934+0100] {dag.py:3239} INFO - Sync 1 DAGs
[2024-12-04T12:47:32.938+0100] {logging_mixin.py:190} INFO - [2024-12-04T12:47:32.938+0100] {dag.py:4180} INFO - Setting next_dagrun for example_dynamic_task_mapping to None, run_after=None
[2024-12-04T12:47:32.944+0100] {processor.py:208} INFO - Processing /Users/sijibomijoshua/.pyenv/versions/3.11.6/lib/python3.11/site-packages/airflow/example_dags/example_dynamic_task_mapping.py took 0.082 seconds
[2024-12-04T13:26:02.612+0100] {processor.py:186} INFO - Started process (PID=20561) to work on /Users/sijibomijoshua/.pyenv/versions/3.11.6/lib/python3.11/site-packages/airflow/example_dags/example_dynamic_task_mapping.py
[2024-12-04T13:26:02.612+0100] {processor.py:914} INFO - Processing file /Users/sijibomijoshua/.pyenv/versions/3.11.6/lib/python3.11/site-packages/airflow/example_dags/example_dynamic_task_mapping.py for tasks to queue
[2024-12-04T13:26:02.613+0100] {logging_mixin.py:190} INFO - [2024-12-04T13:26:02.613+0100] {dagbag.py:588} INFO - Filling up the DagBag from /Users/sijibomijoshua/.pyenv/versions/3.11.6/lib/python3.11/site-packages/airflow/example_dags/example_dynamic_task_mapping.py
[2024-12-04T13:26:02.626+0100] {processor.py:925} INFO - DAG(s) 'example_dynamic_task_mapping' retrieved from /Users/sijibomijoshua/.pyenv/versions/3.11.6/lib/python3.11/site-packages/airflow/example_dags/example_dynamic_task_mapping.py
[2024-12-04T13:26:02.682+0100] {logging_mixin.py:190} INFO - [2024-12-04T13:26:02.682+0100] {dag.py:3239} INFO - Sync 1 DAGs
[2024-12-04T13:26:02.686+0100] {logging_mixin.py:190} INFO - [2024-12-04T13:26:02.686+0100] {dag.py:4180} INFO - Setting next_dagrun for example_dynamic_task_mapping to None, run_after=None
[2024-12-04T13:26:02.693+0100] {processor.py:208} INFO - Processing /Users/sijibomijoshua/.pyenv/versions/3.11.6/lib/python3.11/site-packages/airflow/example_dags/example_dynamic_task_mapping.py took 0.083 seconds
[2024-12-04T13:37:56.414+0100] {processor.py:186} INFO - Started process (PID=35698) to work on /Users/sijibomijoshua/airflow/airflow_env/lib/python3.11/site-packages/airflow/example_dags/example_dynamic_task_mapping.py
[2024-12-04T13:37:56.415+0100] {processor.py:914} INFO - Processing file /Users/sijibomijoshua/airflow/airflow_env/lib/python3.11/site-packages/airflow/example_dags/example_dynamic_task_mapping.py for tasks to queue
[2024-12-04T13:37:56.416+0100] {logging_mixin.py:190} INFO - [2024-12-04T13:37:56.416+0100] {dagbag.py:588} INFO - Filling up the DagBag from /Users/sijibomijoshua/airflow/airflow_env/lib/python3.11/site-packages/airflow/example_dags/example_dynamic_task_mapping.py
[2024-12-04T13:37:56.428+0100] {processor.py:925} INFO - DAG(s) 'example_dynamic_task_mapping' retrieved from /Users/sijibomijoshua/airflow/airflow_env/lib/python3.11/site-packages/airflow/example_dags/example_dynamic_task_mapping.py
[2024-12-04T13:37:56.514+0100] {logging_mixin.py:190} INFO - [2024-12-04T13:37:56.513+0100] {dag.py:3239} INFO - Sync 1 DAGs
[2024-12-04T13:37:56.517+0100] {logging_mixin.py:190} INFO - [2024-12-04T13:37:56.517+0100] {dag.py:4180} INFO - Setting next_dagrun for example_dynamic_task_mapping to None, run_after=None
[2024-12-04T13:37:56.523+0100] {processor.py:208} INFO - Processing /Users/sijibomijoshua/airflow/airflow_env/lib/python3.11/site-packages/airflow/example_dags/example_dynamic_task_mapping.py took 0.111 seconds
[2024-12-04T13:40:18.124+0100] {processor.py:186} INFO - Started process (PID=38885) to work on /Users/sijibomijoshua/airflow/airflow_env/lib/python3.11/site-packages/airflow/example_dags/example_dynamic_task_mapping.py
[2024-12-04T13:40:18.124+0100] {processor.py:914} INFO - Processing file /Users/sijibomijoshua/airflow/airflow_env/lib/python3.11/site-packages/airflow/example_dags/example_dynamic_task_mapping.py for tasks to queue
[2024-12-04T13:40:18.126+0100] {logging_mixin.py:190} INFO - [2024-12-04T13:40:18.125+0100] {dagbag.py:588} INFO - Filling up the DagBag from /Users/sijibomijoshua/airflow/airflow_env/lib/python3.11/site-packages/airflow/example_dags/example_dynamic_task_mapping.py
[2024-12-04T13:40:18.144+0100] {processor.py:925} INFO - DAG(s) 'example_dynamic_task_mapping' retrieved from /Users/sijibomijoshua/airflow/airflow_env/lib/python3.11/site-packages/airflow/example_dags/example_dynamic_task_mapping.py
[2024-12-04T13:40:18.202+0100] {logging_mixin.py:190} INFO - [2024-12-04T13:40:18.201+0100] {dag.py:3239} INFO - Sync 1 DAGs
[2024-12-04T13:40:18.205+0100] {logging_mixin.py:190} INFO - [2024-12-04T13:40:18.205+0100] {dag.py:4180} INFO - Setting next_dagrun for example_dynamic_task_mapping to None, run_after=None
[2024-12-04T13:40:18.213+0100] {processor.py:208} INFO - Processing /Users/sijibomijoshua/airflow/airflow_env/lib/python3.11/site-packages/airflow/example_dags/example_dynamic_task_mapping.py took 0.091 seconds
[2024-12-04T13:42:28.032+0100] {processor.py:186} INFO - Started process (PID=41746) to work on /Users/sijibomijoshua/airflow/airflow_env/lib/python3.11/site-packages/airflow/example_dags/example_dynamic_task_mapping.py
[2024-12-04T13:42:28.032+0100] {processor.py:914} INFO - Processing file /Users/sijibomijoshua/airflow/airflow_env/lib/python3.11/site-packages/airflow/example_dags/example_dynamic_task_mapping.py for tasks to queue
[2024-12-04T13:42:28.034+0100] {logging_mixin.py:190} INFO - [2024-12-04T13:42:28.034+0100] {dagbag.py:588} INFO - Filling up the DagBag from /Users/sijibomijoshua/airflow/airflow_env/lib/python3.11/site-packages/airflow/example_dags/example_dynamic_task_mapping.py
[2024-12-04T13:42:28.051+0100] {processor.py:925} INFO - DAG(s) 'example_dynamic_task_mapping' retrieved from /Users/sijibomijoshua/airflow/airflow_env/lib/python3.11/site-packages/airflow/example_dags/example_dynamic_task_mapping.py
[2024-12-04T13:42:28.111+0100] {logging_mixin.py:190} INFO - [2024-12-04T13:42:28.111+0100] {dag.py:3239} INFO - Sync 1 DAGs
[2024-12-04T13:42:28.116+0100] {logging_mixin.py:190} INFO - [2024-12-04T13:42:28.115+0100] {dag.py:4180} INFO - Setting next_dagrun for example_dynamic_task_mapping to None, run_after=None
[2024-12-04T13:42:28.123+0100] {processor.py:208} INFO - Processing /Users/sijibomijoshua/airflow/airflow_env/lib/python3.11/site-packages/airflow/example_dags/example_dynamic_task_mapping.py took 0.093 seconds
