[2024-12-04T12:43:20.919+0100] {processor.py:186} INFO - Started process (PID=83984) to work on /Users/sijibomijoshua/.pyenv/versions/3.11.6/lib/python3.11/site-packages/airflow/example_dags/example_bash_operator.py
[2024-12-04T12:43:20.919+0100] {processor.py:914} INFO - Processing file /Users/sijibomijoshua/.pyenv/versions/3.11.6/lib/python3.11/site-packages/airflow/example_dags/example_bash_operator.py for tasks to queue
[2024-12-04T12:43:20.920+0100] {logging_mixin.py:190} INFO - [2024-12-04T12:43:20.920+0100] {dagbag.py:588} INFO - Filling up the DagBag from /Users/sijibomijoshua/.pyenv/versions/3.11.6/lib/python3.11/site-packages/airflow/example_dags/example_bash_operator.py
[2024-12-04T12:43:20.928+0100] {processor.py:925} INFO - DAG(s) 'example_bash_operator' retrieved from /Users/sijibomijoshua/.pyenv/versions/3.11.6/lib/python3.11/site-packages/airflow/example_dags/example_bash_operator.py
[2024-12-04T12:43:21.016+0100] {logging_mixin.py:190} INFO - [2024-12-04T12:43:21.015+0100] {override.py:1911} INFO - Created Permission View: can edit on DAG:example_bash_operator
[2024-12-04T12:43:21.019+0100] {logging_mixin.py:190} INFO - [2024-12-04T12:43:21.018+0100] {override.py:1911} INFO - Created Permission View: can delete on DAG:example_bash_operator
[2024-12-04T12:43:21.020+0100] {logging_mixin.py:190} INFO - [2024-12-04T12:43:21.020+0100] {override.py:1911} INFO - Created Permission View: can read on DAG:example_bash_operator
[2024-12-04T12:43:21.023+0100] {logging_mixin.py:190} INFO - [2024-12-04T12:43:21.023+0100] {override.py:1911} INFO - Created Permission View: menu access on DAG Run:example_bash_operator
[2024-12-04T12:43:21.025+0100] {logging_mixin.py:190} INFO - [2024-12-04T12:43:21.024+0100] {override.py:1911} INFO - Created Permission View: can delete on DAG Run:example_bash_operator
[2024-12-04T12:43:21.026+0100] {logging_mixin.py:190} INFO - [2024-12-04T12:43:21.026+0100] {override.py:1911} INFO - Created Permission View: can read on DAG Run:example_bash_operator
[2024-12-04T12:43:21.028+0100] {logging_mixin.py:190} INFO - [2024-12-04T12:43:21.028+0100] {override.py:1911} INFO - Created Permission View: can create on DAG Run:example_bash_operator
[2024-12-04T12:43:21.028+0100] {logging_mixin.py:190} INFO - [2024-12-04T12:43:21.028+0100] {dag.py:3239} INFO - Sync 1 DAGs
[2024-12-04T12:43:21.032+0100] {logging_mixin.py:190} INFO - [2024-12-04T12:43:21.032+0100] {dag.py:3262} INFO - Creating ORM DAG for example_bash_operator
[2024-12-04T12:43:21.035+0100] {logging_mixin.py:190} INFO - [2024-12-04T12:43:21.035+0100] {dag.py:4180} INFO - Setting next_dagrun for example_bash_operator to 2024-12-03 00:00:00+00:00, run_after=2024-12-04 00:00:00+00:00
[2024-12-04T12:43:21.041+0100] {processor.py:208} INFO - Processing /Users/sijibomijoshua/.pyenv/versions/3.11.6/lib/python3.11/site-packages/airflow/example_dags/example_bash_operator.py took 0.123 seconds
[2024-12-04T12:45:37.925+0100] {processor.py:186} INFO - Started process (PID=86090) to work on /Users/sijibomijoshua/.pyenv/versions/3.11.6/lib/python3.11/site-packages/airflow/example_dags/example_bash_operator.py
[2024-12-04T12:45:37.925+0100] {processor.py:914} INFO - Processing file /Users/sijibomijoshua/.pyenv/versions/3.11.6/lib/python3.11/site-packages/airflow/example_dags/example_bash_operator.py for tasks to queue
[2024-12-04T12:45:37.926+0100] {logging_mixin.py:190} INFO - [2024-12-04T12:45:37.926+0100] {dagbag.py:588} INFO - Filling up the DagBag from /Users/sijibomijoshua/.pyenv/versions/3.11.6/lib/python3.11/site-packages/airflow/example_dags/example_bash_operator.py
[2024-12-04T12:45:37.932+0100] {processor.py:925} INFO - DAG(s) 'example_bash_operator' retrieved from /Users/sijibomijoshua/.pyenv/versions/3.11.6/lib/python3.11/site-packages/airflow/example_dags/example_bash_operator.py
[2024-12-04T12:45:37.993+0100] {logging_mixin.py:190} INFO - [2024-12-04T12:45:37.992+0100] {dag.py:3239} INFO - Sync 1 DAGs
[2024-12-04T12:45:37.999+0100] {logging_mixin.py:190} INFO - [2024-12-04T12:45:37.999+0100] {dag.py:4180} INFO - Setting next_dagrun for example_bash_operator to 2024-12-03 00:00:00+00:00, run_after=2024-12-04 00:00:00+00:00
[2024-12-04T12:45:38.005+0100] {processor.py:208} INFO - Processing /Users/sijibomijoshua/.pyenv/versions/3.11.6/lib/python3.11/site-packages/airflow/example_dags/example_bash_operator.py took 0.082 seconds
[2024-12-04T12:47:53.518+0100] {processor.py:186} INFO - Started process (PID=88182) to work on /Users/sijibomijoshua/.pyenv/versions/3.11.6/lib/python3.11/site-packages/airflow/example_dags/example_bash_operator.py
[2024-12-04T12:47:53.519+0100] {processor.py:914} INFO - Processing file /Users/sijibomijoshua/.pyenv/versions/3.11.6/lib/python3.11/site-packages/airflow/example_dags/example_bash_operator.py for tasks to queue
[2024-12-04T12:47:53.520+0100] {logging_mixin.py:190} INFO - [2024-12-04T12:47:53.520+0100] {dagbag.py:588} INFO - Filling up the DagBag from /Users/sijibomijoshua/.pyenv/versions/3.11.6/lib/python3.11/site-packages/airflow/example_dags/example_bash_operator.py
[2024-12-04T12:47:53.527+0100] {processor.py:925} INFO - DAG(s) 'example_bash_operator' retrieved from /Users/sijibomijoshua/.pyenv/versions/3.11.6/lib/python3.11/site-packages/airflow/example_dags/example_bash_operator.py
[2024-12-04T12:47:53.589+0100] {logging_mixin.py:190} INFO - [2024-12-04T12:47:53.589+0100] {dag.py:3239} INFO - Sync 1 DAGs
[2024-12-04T12:47:53.595+0100] {logging_mixin.py:190} INFO - [2024-12-04T12:47:53.595+0100] {dag.py:4180} INFO - Setting next_dagrun for example_bash_operator to 2024-12-03 00:00:00+00:00, run_after=2024-12-04 00:00:00+00:00
[2024-12-04T12:47:53.601+0100] {processor.py:208} INFO - Processing /Users/sijibomijoshua/.pyenv/versions/3.11.6/lib/python3.11/site-packages/airflow/example_dags/example_bash_operator.py took 0.085 seconds
[2024-12-04T13:26:25.363+0100] {processor.py:186} INFO - Started process (PID=21014) to work on /Users/sijibomijoshua/.pyenv/versions/3.11.6/lib/python3.11/site-packages/airflow/example_dags/example_bash_operator.py
[2024-12-04T13:26:25.364+0100] {processor.py:914} INFO - Processing file /Users/sijibomijoshua/.pyenv/versions/3.11.6/lib/python3.11/site-packages/airflow/example_dags/example_bash_operator.py for tasks to queue
[2024-12-04T13:26:25.365+0100] {logging_mixin.py:190} INFO - [2024-12-04T13:26:25.365+0100] {dagbag.py:588} INFO - Filling up the DagBag from /Users/sijibomijoshua/.pyenv/versions/3.11.6/lib/python3.11/site-packages/airflow/example_dags/example_bash_operator.py
[2024-12-04T13:26:25.370+0100] {processor.py:925} INFO - DAG(s) 'example_bash_operator' retrieved from /Users/sijibomijoshua/.pyenv/versions/3.11.6/lib/python3.11/site-packages/airflow/example_dags/example_bash_operator.py
[2024-12-04T13:26:25.431+0100] {logging_mixin.py:190} INFO - [2024-12-04T13:26:25.431+0100] {dag.py:3239} INFO - Sync 1 DAGs
[2024-12-04T13:26:25.437+0100] {logging_mixin.py:190} INFO - [2024-12-04T13:26:25.437+0100] {dag.py:4180} INFO - Setting next_dagrun for example_bash_operator to 2024-12-03 00:00:00+00:00, run_after=2024-12-04 00:00:00+00:00
[2024-12-04T13:26:25.443+0100] {processor.py:208} INFO - Processing /Users/sijibomijoshua/.pyenv/versions/3.11.6/lib/python3.11/site-packages/airflow/example_dags/example_bash_operator.py took 0.082 seconds
[2024-12-04T13:38:18.072+0100] {processor.py:186} INFO - Started process (PID=36196) to work on /Users/sijibomijoshua/airflow/airflow_env/lib/python3.11/site-packages/airflow/example_dags/example_bash_operator.py
[2024-12-04T13:38:18.073+0100] {processor.py:914} INFO - Processing file /Users/sijibomijoshua/airflow/airflow_env/lib/python3.11/site-packages/airflow/example_dags/example_bash_operator.py for tasks to queue
[2024-12-04T13:38:18.074+0100] {logging_mixin.py:190} INFO - [2024-12-04T13:38:18.073+0100] {dagbag.py:588} INFO - Filling up the DagBag from /Users/sijibomijoshua/airflow/airflow_env/lib/python3.11/site-packages/airflow/example_dags/example_bash_operator.py
[2024-12-04T13:38:18.078+0100] {processor.py:925} INFO - DAG(s) 'example_bash_operator' retrieved from /Users/sijibomijoshua/airflow/airflow_env/lib/python3.11/site-packages/airflow/example_dags/example_bash_operator.py
[2024-12-04T13:38:18.172+0100] {logging_mixin.py:190} INFO - [2024-12-04T13:38:18.172+0100] {dag.py:3239} INFO - Sync 1 DAGs
[2024-12-04T13:38:18.179+0100] {logging_mixin.py:190} INFO - [2024-12-04T13:38:18.179+0100] {dag.py:4180} INFO - Setting next_dagrun for example_bash_operator to 2024-12-03 00:00:00+00:00, run_after=2024-12-04 00:00:00+00:00
[2024-12-04T13:38:18.186+0100] {processor.py:208} INFO - Processing /Users/sijibomijoshua/airflow/airflow_env/lib/python3.11/site-packages/airflow/example_dags/example_bash_operator.py took 0.115 seconds
[2024-12-04T13:40:40.235+0100] {processor.py:186} INFO - Started process (PID=39356) to work on /Users/sijibomijoshua/airflow/airflow_env/lib/python3.11/site-packages/airflow/example_dags/example_bash_operator.py
[2024-12-04T13:40:40.236+0100] {processor.py:914} INFO - Processing file /Users/sijibomijoshua/airflow/airflow_env/lib/python3.11/site-packages/airflow/example_dags/example_bash_operator.py for tasks to queue
[2024-12-04T13:40:40.238+0100] {logging_mixin.py:190} INFO - [2024-12-04T13:40:40.237+0100] {dagbag.py:588} INFO - Filling up the DagBag from /Users/sijibomijoshua/airflow/airflow_env/lib/python3.11/site-packages/airflow/example_dags/example_bash_operator.py
[2024-12-04T13:40:40.244+0100] {processor.py:925} INFO - DAG(s) 'example_bash_operator' retrieved from /Users/sijibomijoshua/airflow/airflow_env/lib/python3.11/site-packages/airflow/example_dags/example_bash_operator.py
[2024-12-04T13:40:40.307+0100] {logging_mixin.py:190} INFO - [2024-12-04T13:40:40.307+0100] {dag.py:3239} INFO - Sync 1 DAGs
[2024-12-04T13:40:40.314+0100] {logging_mixin.py:190} INFO - [2024-12-04T13:40:40.314+0100] {dag.py:4180} INFO - Setting next_dagrun for example_bash_operator to 2024-12-03 00:00:00+00:00, run_after=2024-12-04 00:00:00+00:00
[2024-12-04T13:40:40.323+0100] {processor.py:208} INFO - Processing /Users/sijibomijoshua/airflow/airflow_env/lib/python3.11/site-packages/airflow/example_dags/example_bash_operator.py took 0.089 seconds
[2024-12-04T13:42:52.011+0100] {processor.py:186} INFO - Started process (PID=42265) to work on /Users/sijibomijoshua/airflow/airflow_env/lib/python3.11/site-packages/airflow/example_dags/example_bash_operator.py
[2024-12-04T13:42:52.011+0100] {processor.py:914} INFO - Processing file /Users/sijibomijoshua/airflow/airflow_env/lib/python3.11/site-packages/airflow/example_dags/example_bash_operator.py for tasks to queue
[2024-12-04T13:42:52.013+0100] {logging_mixin.py:190} INFO - [2024-12-04T13:42:52.013+0100] {dagbag.py:588} INFO - Filling up the DagBag from /Users/sijibomijoshua/airflow/airflow_env/lib/python3.11/site-packages/airflow/example_dags/example_bash_operator.py
[2024-12-04T13:42:52.021+0100] {processor.py:925} INFO - DAG(s) 'example_bash_operator' retrieved from /Users/sijibomijoshua/airflow/airflow_env/lib/python3.11/site-packages/airflow/example_dags/example_bash_operator.py
[2024-12-04T13:42:52.094+0100] {logging_mixin.py:190} INFO - [2024-12-04T13:42:52.093+0100] {dag.py:3239} INFO - Sync 1 DAGs
[2024-12-04T13:42:52.101+0100] {logging_mixin.py:190} INFO - [2024-12-04T13:42:52.101+0100] {dag.py:4180} INFO - Setting next_dagrun for example_bash_operator to 2024-12-03 00:00:00+00:00, run_after=2024-12-04 00:00:00+00:00
[2024-12-04T13:42:52.109+0100] {processor.py:208} INFO - Processing /Users/sijibomijoshua/airflow/airflow_env/lib/python3.11/site-packages/airflow/example_dags/example_bash_operator.py took 0.100 seconds
