[2024-12-04T12:43:16.972+0100] {processor.py:186} INFO - Started process (PID=83920) to work on /Users/sijibomijoshua/.pyenv/versions/3.11.6/lib/python3.11/site-packages/airflow/example_dags/example_branch_labels.py
[2024-12-04T12:43:16.972+0100] {processor.py:914} INFO - Processing file /Users/sijibomijoshua/.pyenv/versions/3.11.6/lib/python3.11/site-packages/airflow/example_dags/example_branch_labels.py for tasks to queue
[2024-12-04T12:43:16.973+0100] {logging_mixin.py:190} INFO - [2024-12-04T12:43:16.973+0100] {dagbag.py:588} INFO - Filling up the DagBag from /Users/sijibomijoshua/.pyenv/versions/3.11.6/lib/python3.11/site-packages/airflow/example_dags/example_branch_labels.py
[2024-12-04T12:43:16.977+0100] {processor.py:925} INFO - DAG(s) 'example_branch_labels' retrieved from /Users/sijibomijoshua/.pyenv/versions/3.11.6/lib/python3.11/site-packages/airflow/example_dags/example_branch_labels.py
[2024-12-04T12:43:17.064+0100] {logging_mixin.py:190} INFO - [2024-12-04T12:43:17.063+0100] {override.py:1911} INFO - Created Permission View: can edit on DAG:example_branch_labels
[2024-12-04T12:43:17.067+0100] {logging_mixin.py:190} INFO - [2024-12-04T12:43:17.066+0100] {override.py:1911} INFO - Created Permission View: can delete on DAG:example_branch_labels
[2024-12-04T12:43:17.069+0100] {logging_mixin.py:190} INFO - [2024-12-04T12:43:17.068+0100] {override.py:1911} INFO - Created Permission View: can read on DAG:example_branch_labels
[2024-12-04T12:43:17.071+0100] {logging_mixin.py:190} INFO - [2024-12-04T12:43:17.071+0100] {override.py:1911} INFO - Created Permission View: menu access on DAG Run:example_branch_labels
[2024-12-04T12:43:17.073+0100] {logging_mixin.py:190} INFO - [2024-12-04T12:43:17.073+0100] {override.py:1911} INFO - Created Permission View: can create on DAG Run:example_branch_labels
[2024-12-04T12:43:17.075+0100] {logging_mixin.py:190} INFO - [2024-12-04T12:43:17.075+0100] {override.py:1911} INFO - Created Permission View: can delete on DAG Run:example_branch_labels
[2024-12-04T12:43:17.076+0100] {logging_mixin.py:190} INFO - [2024-12-04T12:43:17.076+0100] {override.py:1911} INFO - Created Permission View: can read on DAG Run:example_branch_labels
[2024-12-04T12:43:17.076+0100] {logging_mixin.py:190} INFO - [2024-12-04T12:43:17.076+0100] {dag.py:3239} INFO - Sync 1 DAGs
[2024-12-04T12:43:17.080+0100] {logging_mixin.py:190} INFO - [2024-12-04T12:43:17.080+0100] {dag.py:3262} INFO - Creating ORM DAG for example_branch_labels
[2024-12-04T12:43:17.084+0100] {logging_mixin.py:190} INFO - [2024-12-04T12:43:17.084+0100] {dag.py:4180} INFO - Setting next_dagrun for example_branch_labels to 2024-12-03 00:00:00+00:00, run_after=2024-12-04 00:00:00+00:00
[2024-12-04T12:43:17.089+0100] {processor.py:208} INFO - Processing /Users/sijibomijoshua/.pyenv/versions/3.11.6/lib/python3.11/site-packages/airflow/example_dags/example_branch_labels.py took 0.118 seconds
[2024-12-04T12:45:32.447+0100] {processor.py:186} INFO - Started process (PID=86007) to work on /Users/sijibomijoshua/.pyenv/versions/3.11.6/lib/python3.11/site-packages/airflow/example_dags/example_branch_labels.py
[2024-12-04T12:45:32.448+0100] {processor.py:914} INFO - Processing file /Users/sijibomijoshua/.pyenv/versions/3.11.6/lib/python3.11/site-packages/airflow/example_dags/example_branch_labels.py for tasks to queue
[2024-12-04T12:45:32.449+0100] {logging_mixin.py:190} INFO - [2024-12-04T12:45:32.449+0100] {dagbag.py:588} INFO - Filling up the DagBag from /Users/sijibomijoshua/.pyenv/versions/3.11.6/lib/python3.11/site-packages/airflow/example_dags/example_branch_labels.py
[2024-12-04T12:45:32.453+0100] {processor.py:925} INFO - DAG(s) 'example_branch_labels' retrieved from /Users/sijibomijoshua/.pyenv/versions/3.11.6/lib/python3.11/site-packages/airflow/example_dags/example_branch_labels.py
[2024-12-04T12:45:32.525+0100] {logging_mixin.py:190} INFO - [2024-12-04T12:45:32.524+0100] {dag.py:3239} INFO - Sync 1 DAGs
[2024-12-04T12:45:32.531+0100] {logging_mixin.py:190} INFO - [2024-12-04T12:45:32.531+0100] {dag.py:4180} INFO - Setting next_dagrun for example_branch_labels to 2024-12-03 00:00:00+00:00, run_after=2024-12-04 00:00:00+00:00
[2024-12-04T12:45:32.537+0100] {processor.py:208} INFO - Processing /Users/sijibomijoshua/.pyenv/versions/3.11.6/lib/python3.11/site-packages/airflow/example_dags/example_branch_labels.py took 0.092 seconds
[2024-12-04T12:47:48.998+0100] {processor.py:186} INFO - Started process (PID=88118) to work on /Users/sijibomijoshua/.pyenv/versions/3.11.6/lib/python3.11/site-packages/airflow/example_dags/example_branch_labels.py
[2024-12-04T12:47:48.998+0100] {processor.py:914} INFO - Processing file /Users/sijibomijoshua/.pyenv/versions/3.11.6/lib/python3.11/site-packages/airflow/example_dags/example_branch_labels.py for tasks to queue
[2024-12-04T12:47:48.999+0100] {logging_mixin.py:190} INFO - [2024-12-04T12:47:48.999+0100] {dagbag.py:588} INFO - Filling up the DagBag from /Users/sijibomijoshua/.pyenv/versions/3.11.6/lib/python3.11/site-packages/airflow/example_dags/example_branch_labels.py
[2024-12-04T12:47:49.003+0100] {processor.py:925} INFO - DAG(s) 'example_branch_labels' retrieved from /Users/sijibomijoshua/.pyenv/versions/3.11.6/lib/python3.11/site-packages/airflow/example_dags/example_branch_labels.py
[2024-12-04T12:47:49.062+0100] {logging_mixin.py:190} INFO - [2024-12-04T12:47:49.061+0100] {dag.py:3239} INFO - Sync 1 DAGs
[2024-12-04T12:47:49.068+0100] {logging_mixin.py:190} INFO - [2024-12-04T12:47:49.068+0100] {dag.py:4180} INFO - Setting next_dagrun for example_branch_labels to 2024-12-03 00:00:00+00:00, run_after=2024-12-04 00:00:00+00:00
[2024-12-04T12:47:49.075+0100] {processor.py:208} INFO - Processing /Users/sijibomijoshua/.pyenv/versions/3.11.6/lib/python3.11/site-packages/airflow/example_dags/example_branch_labels.py took 0.079 seconds
[2024-12-04T13:26:20.277+0100] {processor.py:186} INFO - Started process (PID=20885) to work on /Users/sijibomijoshua/.pyenv/versions/3.11.6/lib/python3.11/site-packages/airflow/example_dags/example_branch_labels.py
[2024-12-04T13:26:20.278+0100] {processor.py:914} INFO - Processing file /Users/sijibomijoshua/.pyenv/versions/3.11.6/lib/python3.11/site-packages/airflow/example_dags/example_branch_labels.py for tasks to queue
[2024-12-04T13:26:20.279+0100] {logging_mixin.py:190} INFO - [2024-12-04T13:26:20.279+0100] {dagbag.py:588} INFO - Filling up the DagBag from /Users/sijibomijoshua/.pyenv/versions/3.11.6/lib/python3.11/site-packages/airflow/example_dags/example_branch_labels.py
[2024-12-04T13:26:20.282+0100] {processor.py:925} INFO - DAG(s) 'example_branch_labels' retrieved from /Users/sijibomijoshua/.pyenv/versions/3.11.6/lib/python3.11/site-packages/airflow/example_dags/example_branch_labels.py
[2024-12-04T13:26:20.348+0100] {logging_mixin.py:190} INFO - [2024-12-04T13:26:20.348+0100] {dag.py:3239} INFO - Sync 1 DAGs
[2024-12-04T13:26:20.356+0100] {logging_mixin.py:190} INFO - [2024-12-04T13:26:20.356+0100] {dag.py:4180} INFO - Setting next_dagrun for example_branch_labels to 2024-12-03 00:00:00+00:00, run_after=2024-12-04 00:00:00+00:00
[2024-12-04T13:26:20.363+0100] {processor.py:208} INFO - Processing /Users/sijibomijoshua/.pyenv/versions/3.11.6/lib/python3.11/site-packages/airflow/example_dags/example_branch_labels.py took 0.088 seconds
[2024-12-04T13:38:13.509+0100] {processor.py:186} INFO - Started process (PID=36093) to work on /Users/sijibomijoshua/airflow/airflow_env/lib/python3.11/site-packages/airflow/example_dags/example_branch_labels.py
[2024-12-04T13:38:13.509+0100] {processor.py:914} INFO - Processing file /Users/sijibomijoshua/airflow/airflow_env/lib/python3.11/site-packages/airflow/example_dags/example_branch_labels.py for tasks to queue
[2024-12-04T13:38:13.510+0100] {logging_mixin.py:190} INFO - [2024-12-04T13:38:13.510+0100] {dagbag.py:588} INFO - Filling up the DagBag from /Users/sijibomijoshua/airflow/airflow_env/lib/python3.11/site-packages/airflow/example_dags/example_branch_labels.py
[2024-12-04T13:38:13.514+0100] {processor.py:925} INFO - DAG(s) 'example_branch_labels' retrieved from /Users/sijibomijoshua/airflow/airflow_env/lib/python3.11/site-packages/airflow/example_dags/example_branch_labels.py
[2024-12-04T13:38:13.603+0100] {logging_mixin.py:190} INFO - [2024-12-04T13:38:13.603+0100] {dag.py:3239} INFO - Sync 1 DAGs
[2024-12-04T13:38:13.610+0100] {logging_mixin.py:190} INFO - [2024-12-04T13:38:13.610+0100] {dag.py:4180} INFO - Setting next_dagrun for example_branch_labels to 2024-12-03 00:00:00+00:00, run_after=2024-12-04 00:00:00+00:00
[2024-12-04T13:38:13.622+0100] {processor.py:208} INFO - Processing /Users/sijibomijoshua/airflow/airflow_env/lib/python3.11/site-packages/airflow/example_dags/example_branch_labels.py took 0.115 seconds
[2024-12-04T13:40:34.605+0100] {processor.py:186} INFO - Started process (PID=39254) to work on /Users/sijibomijoshua/airflow/airflow_env/lib/python3.11/site-packages/airflow/example_dags/example_branch_labels.py
[2024-12-04T13:40:34.606+0100] {processor.py:914} INFO - Processing file /Users/sijibomijoshua/airflow/airflow_env/lib/python3.11/site-packages/airflow/example_dags/example_branch_labels.py for tasks to queue
[2024-12-04T13:40:34.607+0100] {logging_mixin.py:190} INFO - [2024-12-04T13:40:34.607+0100] {dagbag.py:588} INFO - Filling up the DagBag from /Users/sijibomijoshua/airflow/airflow_env/lib/python3.11/site-packages/airflow/example_dags/example_branch_labels.py
[2024-12-04T13:40:34.611+0100] {processor.py:925} INFO - DAG(s) 'example_branch_labels' retrieved from /Users/sijibomijoshua/airflow/airflow_env/lib/python3.11/site-packages/airflow/example_dags/example_branch_labels.py
[2024-12-04T13:40:34.669+0100] {logging_mixin.py:190} INFO - [2024-12-04T13:40:34.669+0100] {dag.py:3239} INFO - Sync 1 DAGs
[2024-12-04T13:40:34.675+0100] {logging_mixin.py:190} INFO - [2024-12-04T13:40:34.675+0100] {dag.py:4180} INFO - Setting next_dagrun for example_branch_labels to 2024-12-03 00:00:00+00:00, run_after=2024-12-04 00:00:00+00:00
[2024-12-04T13:40:34.682+0100] {processor.py:208} INFO - Processing /Users/sijibomijoshua/airflow/airflow_env/lib/python3.11/site-packages/airflow/example_dags/example_branch_labels.py took 0.078 seconds
[2024-12-04T13:42:45.953+0100] {processor.py:186} INFO - Started process (PID=42123) to work on /Users/sijibomijoshua/airflow/airflow_env/lib/python3.11/site-packages/airflow/example_dags/example_branch_labels.py
[2024-12-04T13:42:45.953+0100] {processor.py:914} INFO - Processing file /Users/sijibomijoshua/airflow/airflow_env/lib/python3.11/site-packages/airflow/example_dags/example_branch_labels.py for tasks to queue
[2024-12-04T13:42:45.955+0100] {logging_mixin.py:190} INFO - [2024-12-04T13:42:45.955+0100] {dagbag.py:588} INFO - Filling up the DagBag from /Users/sijibomijoshua/airflow/airflow_env/lib/python3.11/site-packages/airflow/example_dags/example_branch_labels.py
[2024-12-04T13:42:45.959+0100] {processor.py:925} INFO - DAG(s) 'example_branch_labels' retrieved from /Users/sijibomijoshua/airflow/airflow_env/lib/python3.11/site-packages/airflow/example_dags/example_branch_labels.py
[2024-12-04T13:42:46.018+0100] {logging_mixin.py:190} INFO - [2024-12-04T13:42:46.018+0100] {dag.py:3239} INFO - Sync 1 DAGs
[2024-12-04T13:42:46.025+0100] {logging_mixin.py:190} INFO - [2024-12-04T13:42:46.025+0100] {dag.py:4180} INFO - Setting next_dagrun for example_branch_labels to 2024-12-03 00:00:00+00:00, run_after=2024-12-04 00:00:00+00:00
[2024-12-04T13:42:46.034+0100] {processor.py:208} INFO - Processing /Users/sijibomijoshua/airflow/airflow_env/lib/python3.11/site-packages/airflow/example_dags/example_branch_labels.py took 0.086 seconds
