[2024-12-04T12:42:48.206+0100] {processor.py:186} INFO - Started process (PID=83466) to work on /Users/sijibomijoshua/.pyenv/versions/3.11.6/lib/python3.11/site-packages/airflow/example_dags/example_latest_only_with_trigger.py
[2024-12-04T12:42:48.207+0100] {processor.py:914} INFO - Processing file /Users/sijibomijoshua/.pyenv/versions/3.11.6/lib/python3.11/site-packages/airflow/example_dags/example_latest_only_with_trigger.py for tasks to queue
[2024-12-04T12:42:48.208+0100] {logging_mixin.py:190} INFO - [2024-12-04T12:42:48.208+0100] {dagbag.py:588} INFO - Filling up the DagBag from /Users/sijibomijoshua/.pyenv/versions/3.11.6/lib/python3.11/site-packages/airflow/example_dags/example_latest_only_with_trigger.py
[2024-12-04T12:42:48.211+0100] {processor.py:925} INFO - DAG(s) 'latest_only_with_trigger' retrieved from /Users/sijibomijoshua/.pyenv/versions/3.11.6/lib/python3.11/site-packages/airflow/example_dags/example_latest_only_with_trigger.py
[2024-12-04T12:42:48.304+0100] {logging_mixin.py:190} INFO - [2024-12-04T12:42:48.304+0100] {override.py:1911} INFO - Created Permission View: can edit on DAG:latest_only_with_trigger
[2024-12-04T12:42:48.307+0100] {logging_mixin.py:190} INFO - [2024-12-04T12:42:48.307+0100] {override.py:1911} INFO - Created Permission View: can read on DAG:latest_only_with_trigger
[2024-12-04T12:42:48.309+0100] {logging_mixin.py:190} INFO - [2024-12-04T12:42:48.309+0100] {override.py:1911} INFO - Created Permission View: can delete on DAG:latest_only_with_trigger
[2024-12-04T12:42:48.312+0100] {logging_mixin.py:190} INFO - [2024-12-04T12:42:48.311+0100] {override.py:1911} INFO - Created Permission View: can read on DAG Run:latest_only_with_trigger
[2024-12-04T12:42:48.313+0100] {logging_mixin.py:190} INFO - [2024-12-04T12:42:48.313+0100] {override.py:1911} INFO - Created Permission View: can delete on DAG Run:latest_only_with_trigger
[2024-12-04T12:42:48.315+0100] {logging_mixin.py:190} INFO - [2024-12-04T12:42:48.315+0100] {override.py:1911} INFO - Created Permission View: can create on DAG Run:latest_only_with_trigger
[2024-12-04T12:42:48.317+0100] {logging_mixin.py:190} INFO - [2024-12-04T12:42:48.316+0100] {override.py:1911} INFO - Created Permission View: menu access on DAG Run:latest_only_with_trigger
[2024-12-04T12:42:48.317+0100] {logging_mixin.py:190} INFO - [2024-12-04T12:42:48.317+0100] {dag.py:3239} INFO - Sync 1 DAGs
[2024-12-04T12:42:48.321+0100] {logging_mixin.py:190} INFO - [2024-12-04T12:42:48.321+0100] {dag.py:3262} INFO - Creating ORM DAG for latest_only_with_trigger
[2024-12-04T12:42:48.324+0100] {logging_mixin.py:190} INFO - [2024-12-04T12:42:48.324+0100] {dag.py:4180} INFO - Setting next_dagrun for latest_only_with_trigger to 2024-12-04 04:00:00+00:00, run_after=2024-12-04 08:00:00+00:00
[2024-12-04T12:42:48.329+0100] {processor.py:208} INFO - Processing /Users/sijibomijoshua/.pyenv/versions/3.11.6/lib/python3.11/site-packages/airflow/example_dags/example_latest_only_with_trigger.py took 0.124 seconds
[2024-12-04T12:44:26.508+0100] {processor.py:186} INFO - Started process (PID=84994) to work on /Users/sijibomijoshua/.pyenv/versions/3.11.6/lib/python3.11/site-packages/airflow/example_dags/example_latest_only_with_trigger.py
[2024-12-04T12:44:26.509+0100] {processor.py:914} INFO - Processing file /Users/sijibomijoshua/.pyenv/versions/3.11.6/lib/python3.11/site-packages/airflow/example_dags/example_latest_only_with_trigger.py for tasks to queue
[2024-12-04T12:44:26.511+0100] {logging_mixin.py:190} INFO - [2024-12-04T12:44:26.511+0100] {dagbag.py:588} INFO - Filling up the DagBag from /Users/sijibomijoshua/.pyenv/versions/3.11.6/lib/python3.11/site-packages/airflow/example_dags/example_latest_only_with_trigger.py
[2024-12-04T12:44:26.518+0100] {processor.py:925} INFO - DAG(s) 'latest_only_with_trigger' retrieved from /Users/sijibomijoshua/.pyenv/versions/3.11.6/lib/python3.11/site-packages/airflow/example_dags/example_latest_only_with_trigger.py
[2024-12-04T12:44:26.578+0100] {logging_mixin.py:190} INFO - [2024-12-04T12:44:26.578+0100] {dag.py:3239} INFO - Sync 1 DAGs
[2024-12-04T12:44:26.584+0100] {logging_mixin.py:190} INFO - [2024-12-04T12:44:26.584+0100] {dag.py:4180} INFO - Setting next_dagrun for latest_only_with_trigger to 2024-12-04 04:00:00+00:00, run_after=2024-12-04 08:00:00+00:00
[2024-12-04T12:44:26.591+0100] {processor.py:208} INFO - Processing /Users/sijibomijoshua/.pyenv/versions/3.11.6/lib/python3.11/site-packages/airflow/example_dags/example_latest_only_with_trigger.py took 0.087 seconds
[2024-12-04T12:46:43.932+0100] {processor.py:186} INFO - Started process (PID=87104) to work on /Users/sijibomijoshua/.pyenv/versions/3.11.6/lib/python3.11/site-packages/airflow/example_dags/example_latest_only_with_trigger.py
[2024-12-04T12:46:43.933+0100] {processor.py:914} INFO - Processing file /Users/sijibomijoshua/.pyenv/versions/3.11.6/lib/python3.11/site-packages/airflow/example_dags/example_latest_only_with_trigger.py for tasks to queue
[2024-12-04T12:46:43.934+0100] {logging_mixin.py:190} INFO - [2024-12-04T12:46:43.934+0100] {dagbag.py:588} INFO - Filling up the DagBag from /Users/sijibomijoshua/.pyenv/versions/3.11.6/lib/python3.11/site-packages/airflow/example_dags/example_latest_only_with_trigger.py
[2024-12-04T12:46:43.937+0100] {processor.py:925} INFO - DAG(s) 'latest_only_with_trigger' retrieved from /Users/sijibomijoshua/.pyenv/versions/3.11.6/lib/python3.11/site-packages/airflow/example_dags/example_latest_only_with_trigger.py
[2024-12-04T12:46:43.998+0100] {logging_mixin.py:190} INFO - [2024-12-04T12:46:43.997+0100] {dag.py:3239} INFO - Sync 1 DAGs
[2024-12-04T12:46:44.005+0100] {logging_mixin.py:190} INFO - [2024-12-04T12:46:44.004+0100] {dag.py:4180} INFO - Setting next_dagrun for latest_only_with_trigger to 2024-12-04 04:00:00+00:00, run_after=2024-12-04 08:00:00+00:00
[2024-12-04T12:46:44.011+0100] {processor.py:208} INFO - Processing /Users/sijibomijoshua/.pyenv/versions/3.11.6/lib/python3.11/site-packages/airflow/example_dags/example_latest_only_with_trigger.py took 0.081 seconds
[2024-12-04T13:25:51.939+0100] {processor.py:186} INFO - Started process (PID=20360) to work on /Users/sijibomijoshua/.pyenv/versions/3.11.6/lib/python3.11/site-packages/airflow/example_dags/example_latest_only_with_trigger.py
[2024-12-04T13:25:51.939+0100] {processor.py:914} INFO - Processing file /Users/sijibomijoshua/.pyenv/versions/3.11.6/lib/python3.11/site-packages/airflow/example_dags/example_latest_only_with_trigger.py for tasks to queue
[2024-12-04T13:25:51.940+0100] {logging_mixin.py:190} INFO - [2024-12-04T13:25:51.940+0100] {dagbag.py:588} INFO - Filling up the DagBag from /Users/sijibomijoshua/.pyenv/versions/3.11.6/lib/python3.11/site-packages/airflow/example_dags/example_latest_only_with_trigger.py
[2024-12-04T13:25:51.943+0100] {processor.py:925} INFO - DAG(s) 'latest_only_with_trigger' retrieved from /Users/sijibomijoshua/.pyenv/versions/3.11.6/lib/python3.11/site-packages/airflow/example_dags/example_latest_only_with_trigger.py
[2024-12-04T13:25:51.999+0100] {logging_mixin.py:190} INFO - [2024-12-04T13:25:51.999+0100] {dag.py:3239} INFO - Sync 1 DAGs
[2024-12-04T13:25:52.005+0100] {logging_mixin.py:190} INFO - [2024-12-04T13:25:52.005+0100] {dag.py:4180} INFO - Setting next_dagrun for latest_only_with_trigger to 2024-12-04 08:00:00+00:00, run_after=2024-12-04 12:00:00+00:00
[2024-12-04T13:25:52.012+0100] {processor.py:208} INFO - Processing /Users/sijibomijoshua/.pyenv/versions/3.11.6/lib/python3.11/site-packages/airflow/example_dags/example_latest_only_with_trigger.py took 0.074 seconds
[2024-12-04T13:37:46.189+0100] {processor.py:186} INFO - Started process (PID=35458) to work on /Users/sijibomijoshua/airflow/airflow_env/lib/python3.11/site-packages/airflow/example_dags/example_latest_only_with_trigger.py
[2024-12-04T13:37:46.190+0100] {processor.py:914} INFO - Processing file /Users/sijibomijoshua/airflow/airflow_env/lib/python3.11/site-packages/airflow/example_dags/example_latest_only_with_trigger.py for tasks to queue
[2024-12-04T13:37:46.191+0100] {logging_mixin.py:190} INFO - [2024-12-04T13:37:46.190+0100] {dagbag.py:588} INFO - Filling up the DagBag from /Users/sijibomijoshua/airflow/airflow_env/lib/python3.11/site-packages/airflow/example_dags/example_latest_only_with_trigger.py
[2024-12-04T13:37:46.193+0100] {processor.py:925} INFO - DAG(s) 'latest_only_with_trigger' retrieved from /Users/sijibomijoshua/airflow/airflow_env/lib/python3.11/site-packages/airflow/example_dags/example_latest_only_with_trigger.py
[2024-12-04T13:37:46.281+0100] {logging_mixin.py:190} INFO - [2024-12-04T13:37:46.281+0100] {dag.py:3239} INFO - Sync 1 DAGs
[2024-12-04T13:37:46.289+0100] {logging_mixin.py:190} INFO - [2024-12-04T13:37:46.288+0100] {dag.py:4180} INFO - Setting next_dagrun for latest_only_with_trigger to 2024-12-04 08:00:00+00:00, run_after=2024-12-04 12:00:00+00:00
[2024-12-04T13:37:46.295+0100] {processor.py:208} INFO - Processing /Users/sijibomijoshua/airflow/airflow_env/lib/python3.11/site-packages/airflow/example_dags/example_latest_only_with_trigger.py took 0.108 seconds
[2024-12-04T13:39:27.463+0100] {processor.py:186} INFO - Started process (PID=37757) to work on /Users/sijibomijoshua/airflow/airflow_env/lib/python3.11/site-packages/airflow/example_dags/example_latest_only_with_trigger.py
[2024-12-04T13:39:27.464+0100] {processor.py:914} INFO - Processing file /Users/sijibomijoshua/airflow/airflow_env/lib/python3.11/site-packages/airflow/example_dags/example_latest_only_with_trigger.py for tasks to queue
[2024-12-04T13:39:27.465+0100] {logging_mixin.py:190} INFO - [2024-12-04T13:39:27.465+0100] {dagbag.py:588} INFO - Filling up the DagBag from /Users/sijibomijoshua/airflow/airflow_env/lib/python3.11/site-packages/airflow/example_dags/example_latest_only_with_trigger.py
[2024-12-04T13:39:27.468+0100] {processor.py:925} INFO - DAG(s) 'latest_only_with_trigger' retrieved from /Users/sijibomijoshua/airflow/airflow_env/lib/python3.11/site-packages/airflow/example_dags/example_latest_only_with_trigger.py
[2024-12-04T13:39:27.543+0100] {logging_mixin.py:190} INFO - [2024-12-04T13:39:27.543+0100] {dag.py:3239} INFO - Sync 1 DAGs
[2024-12-04T13:39:27.551+0100] {logging_mixin.py:190} INFO - [2024-12-04T13:39:27.551+0100] {dag.py:4180} INFO - Setting next_dagrun for latest_only_with_trigger to 2024-12-04 08:00:00+00:00, run_after=2024-12-04 12:00:00+00:00
[2024-12-04T13:39:27.557+0100] {processor.py:208} INFO - Processing /Users/sijibomijoshua/airflow/airflow_env/lib/python3.11/site-packages/airflow/example_dags/example_latest_only_with_trigger.py took 0.096 seconds
[2024-12-04T13:41:40.757+0100] {processor.py:186} INFO - Started process (PID=40718) to work on /Users/sijibomijoshua/airflow/airflow_env/lib/python3.11/site-packages/airflow/example_dags/example_latest_only_with_trigger.py
[2024-12-04T13:41:40.758+0100] {processor.py:914} INFO - Processing file /Users/sijibomijoshua/airflow/airflow_env/lib/python3.11/site-packages/airflow/example_dags/example_latest_only_with_trigger.py for tasks to queue
[2024-12-04T13:41:40.759+0100] {logging_mixin.py:190} INFO - [2024-12-04T13:41:40.759+0100] {dagbag.py:588} INFO - Filling up the DagBag from /Users/sijibomijoshua/airflow/airflow_env/lib/python3.11/site-packages/airflow/example_dags/example_latest_only_with_trigger.py
[2024-12-04T13:41:40.765+0100] {processor.py:925} INFO - DAG(s) 'latest_only_with_trigger' retrieved from /Users/sijibomijoshua/airflow/airflow_env/lib/python3.11/site-packages/airflow/example_dags/example_latest_only_with_trigger.py
[2024-12-04T13:41:40.823+0100] {logging_mixin.py:190} INFO - [2024-12-04T13:41:40.823+0100] {dag.py:3239} INFO - Sync 1 DAGs
[2024-12-04T13:41:40.830+0100] {logging_mixin.py:190} INFO - [2024-12-04T13:41:40.830+0100] {dag.py:4180} INFO - Setting next_dagrun for latest_only_with_trigger to 2024-12-04 08:00:00+00:00, run_after=2024-12-04 12:00:00+00:00
[2024-12-04T13:41:40.836+0100] {processor.py:208} INFO - Processing /Users/sijibomijoshua/airflow/airflow_env/lib/python3.11/site-packages/airflow/example_dags/example_latest_only_with_trigger.py took 0.081 seconds
[2024-12-04T13:43:58.083+0100] {processor.py:186} INFO - Started process (PID=43708) to work on /Users/sijibomijoshua/airflow/airflow_env/lib/python3.11/site-packages/airflow/example_dags/example_latest_only_with_trigger.py
[2024-12-04T13:43:58.085+0100] {processor.py:914} INFO - Processing file /Users/sijibomijoshua/airflow/airflow_env/lib/python3.11/site-packages/airflow/example_dags/example_latest_only_with_trigger.py for tasks to queue
[2024-12-04T13:43:58.086+0100] {logging_mixin.py:190} INFO - [2024-12-04T13:43:58.086+0100] {dagbag.py:588} INFO - Filling up the DagBag from /Users/sijibomijoshua/airflow/airflow_env/lib/python3.11/site-packages/airflow/example_dags/example_latest_only_with_trigger.py
[2024-12-04T13:43:58.092+0100] {processor.py:925} INFO - DAG(s) 'latest_only_with_trigger' retrieved from /Users/sijibomijoshua/airflow/airflow_env/lib/python3.11/site-packages/airflow/example_dags/example_latest_only_with_trigger.py
[2024-12-04T13:43:58.179+0100] {logging_mixin.py:190} INFO - [2024-12-04T13:43:58.179+0100] {dag.py:3239} INFO - Sync 1 DAGs
[2024-12-04T13:43:58.186+0100] {logging_mixin.py:190} INFO - [2024-12-04T13:43:58.186+0100] {dag.py:4180} INFO - Setting next_dagrun for latest_only_with_trigger to 2024-12-04 08:00:00+00:00, run_after=2024-12-04 12:00:00+00:00
[2024-12-04T13:43:58.192+0100] {processor.py:208} INFO - Processing /Users/sijibomijoshua/airflow/airflow_env/lib/python3.11/site-packages/airflow/example_dags/example_latest_only_with_trigger.py took 0.113 seconds
