[2024-12-04T12:42:52.160+0100] {processor.py:186} INFO - Started process (PID=83534) to work on /Users/sijibomijoshua/.pyenv/versions/3.11.6/lib/python3.11/site-packages/airflow/example_dags/example_kubernetes_executor.py
[2024-12-04T12:42:52.160+0100] {processor.py:914} INFO - Processing file /Users/sijibomijoshua/.pyenv/versions/3.11.6/lib/python3.11/site-packages/airflow/example_dags/example_kubernetes_executor.py for tasks to queue
[2024-12-04T12:42:52.162+0100] {logging_mixin.py:190} INFO - [2024-12-04T12:42:52.162+0100] {dagbag.py:588} INFO - Filling up the DagBag from /Users/sijibomijoshua/.pyenv/versions/3.11.6/lib/python3.11/site-packages/airflow/example_dags/example_kubernetes_executor.py
[2024-12-04T12:42:52.178+0100] {logging_mixin.py:190} INFO - [2024-12-04T12:42:52.178+0100] {example_kubernetes_executor.py:39} WARNING - The example_kubernetes_executor example DAG requires the kubernetes provider. Please install it with: pip install apache-airflow[cncf.kubernetes]
[2024-12-04T12:42:52.178+0100] {processor.py:927} WARNING - No viable dags retrieved from /Users/sijibomijoshua/.pyenv/versions/3.11.6/lib/python3.11/site-packages/airflow/example_dags/example_kubernetes_executor.py
[2024-12-04T12:42:52.241+0100] {processor.py:208} INFO - Processing /Users/sijibomijoshua/.pyenv/versions/3.11.6/lib/python3.11/site-packages/airflow/example_dags/example_kubernetes_executor.py took 0.088 seconds
[2024-12-04T12:44:29.534+0100] {processor.py:186} INFO - Started process (PID=85043) to work on /Users/sijibomijoshua/.pyenv/versions/3.11.6/lib/python3.11/site-packages/airflow/example_dags/example_kubernetes_executor.py
[2024-12-04T12:44:29.538+0100] {processor.py:914} INFO - Processing file /Users/sijibomijoshua/.pyenv/versions/3.11.6/lib/python3.11/site-packages/airflow/example_dags/example_kubernetes_executor.py for tasks to queue
[2024-12-04T12:44:29.540+0100] {logging_mixin.py:190} INFO - [2024-12-04T12:44:29.540+0100] {dagbag.py:588} INFO - Filling up the DagBag from /Users/sijibomijoshua/.pyenv/versions/3.11.6/lib/python3.11/site-packages/airflow/example_dags/example_kubernetes_executor.py
[2024-12-04T12:44:29.554+0100] {logging_mixin.py:190} INFO - [2024-12-04T12:44:29.554+0100] {example_kubernetes_executor.py:39} WARNING - The example_kubernetes_executor example DAG requires the kubernetes provider. Please install it with: pip install apache-airflow[cncf.kubernetes]
[2024-12-04T12:44:29.554+0100] {processor.py:927} WARNING - No viable dags retrieved from /Users/sijibomijoshua/.pyenv/versions/3.11.6/lib/python3.11/site-packages/airflow/example_dags/example_kubernetes_executor.py
[2024-12-04T12:44:29.609+0100] {processor.py:208} INFO - Processing /Users/sijibomijoshua/.pyenv/versions/3.11.6/lib/python3.11/site-packages/airflow/example_dags/example_kubernetes_executor.py took 0.077 seconds
[2024-12-04T12:46:46.654+0100] {processor.py:186} INFO - Started process (PID=87138) to work on /Users/sijibomijoshua/.pyenv/versions/3.11.6/lib/python3.11/site-packages/airflow/example_dags/example_kubernetes_executor.py
[2024-12-04T12:46:46.654+0100] {processor.py:914} INFO - Processing file /Users/sijibomijoshua/.pyenv/versions/3.11.6/lib/python3.11/site-packages/airflow/example_dags/example_kubernetes_executor.py for tasks to queue
[2024-12-04T12:46:46.655+0100] {logging_mixin.py:190} INFO - [2024-12-04T12:46:46.655+0100] {dagbag.py:588} INFO - Filling up the DagBag from /Users/sijibomijoshua/.pyenv/versions/3.11.6/lib/python3.11/site-packages/airflow/example_dags/example_kubernetes_executor.py
[2024-12-04T12:46:46.669+0100] {logging_mixin.py:190} INFO - [2024-12-04T12:46:46.669+0100] {example_kubernetes_executor.py:39} WARNING - The example_kubernetes_executor example DAG requires the kubernetes provider. Please install it with: pip install apache-airflow[cncf.kubernetes]
[2024-12-04T12:46:46.669+0100] {processor.py:927} WARNING - No viable dags retrieved from /Users/sijibomijoshua/.pyenv/versions/3.11.6/lib/python3.11/site-packages/airflow/example_dags/example_kubernetes_executor.py
[2024-12-04T12:46:46.725+0100] {processor.py:208} INFO - Processing /Users/sijibomijoshua/.pyenv/versions/3.11.6/lib/python3.11/site-packages/airflow/example_dags/example_kubernetes_executor.py took 0.073 seconds
[2024-12-04T13:25:55.044+0100] {processor.py:186} INFO - Started process (PID=20438) to work on /Users/sijibomijoshua/.pyenv/versions/3.11.6/lib/python3.11/site-packages/airflow/example_dags/example_kubernetes_executor.py
[2024-12-04T13:25:55.045+0100] {processor.py:914} INFO - Processing file /Users/sijibomijoshua/.pyenv/versions/3.11.6/lib/python3.11/site-packages/airflow/example_dags/example_kubernetes_executor.py for tasks to queue
[2024-12-04T13:25:55.047+0100] {logging_mixin.py:190} INFO - [2024-12-04T13:25:55.046+0100] {dagbag.py:588} INFO - Filling up the DagBag from /Users/sijibomijoshua/.pyenv/versions/3.11.6/lib/python3.11/site-packages/airflow/example_dags/example_kubernetes_executor.py
[2024-12-04T13:25:55.061+0100] {logging_mixin.py:190} INFO - [2024-12-04T13:25:55.061+0100] {example_kubernetes_executor.py:39} WARNING - The example_kubernetes_executor example DAG requires the kubernetes provider. Please install it with: pip install apache-airflow[cncf.kubernetes]
[2024-12-04T13:25:55.061+0100] {processor.py:927} WARNING - No viable dags retrieved from /Users/sijibomijoshua/.pyenv/versions/3.11.6/lib/python3.11/site-packages/airflow/example_dags/example_kubernetes_executor.py
[2024-12-04T13:25:55.115+0100] {processor.py:208} INFO - Processing /Users/sijibomijoshua/.pyenv/versions/3.11.6/lib/python3.11/site-packages/airflow/example_dags/example_kubernetes_executor.py took 0.079 seconds
[2024-12-04T13:37:48.944+0100] {processor.py:186} INFO - Started process (PID=35518) to work on /Users/sijibomijoshua/airflow/airflow_env/lib/python3.11/site-packages/airflow/example_dags/example_kubernetes_executor.py
[2024-12-04T13:37:48.945+0100] {processor.py:914} INFO - Processing file /Users/sijibomijoshua/airflow/airflow_env/lib/python3.11/site-packages/airflow/example_dags/example_kubernetes_executor.py for tasks to queue
[2024-12-04T13:37:48.946+0100] {logging_mixin.py:190} INFO - [2024-12-04T13:37:48.945+0100] {dagbag.py:588} INFO - Filling up the DagBag from /Users/sijibomijoshua/airflow/airflow_env/lib/python3.11/site-packages/airflow/example_dags/example_kubernetes_executor.py
[2024-12-04T13:37:48.957+0100] {logging_mixin.py:190} INFO - [2024-12-04T13:37:48.957+0100] {example_kubernetes_executor.py:39} WARNING - The example_kubernetes_executor example DAG requires the kubernetes provider. Please install it with: pip install apache-airflow[cncf.kubernetes]
[2024-12-04T13:37:48.958+0100] {processor.py:927} WARNING - No viable dags retrieved from /Users/sijibomijoshua/airflow/airflow_env/lib/python3.11/site-packages/airflow/example_dags/example_kubernetes_executor.py
[2024-12-04T13:37:49.010+0100] {processor.py:208} INFO - Processing /Users/sijibomijoshua/airflow/airflow_env/lib/python3.11/site-packages/airflow/example_dags/example_kubernetes_executor.py took 0.067 seconds
[2024-12-04T13:39:30.674+0100] {processor.py:186} INFO - Started process (PID=37837) to work on /Users/sijibomijoshua/airflow/airflow_env/lib/python3.11/site-packages/airflow/example_dags/example_kubernetes_executor.py
[2024-12-04T13:39:30.675+0100] {processor.py:914} INFO - Processing file /Users/sijibomijoshua/airflow/airflow_env/lib/python3.11/site-packages/airflow/example_dags/example_kubernetes_executor.py for tasks to queue
[2024-12-04T13:39:30.676+0100] {logging_mixin.py:190} INFO - [2024-12-04T13:39:30.676+0100] {dagbag.py:588} INFO - Filling up the DagBag from /Users/sijibomijoshua/airflow/airflow_env/lib/python3.11/site-packages/airflow/example_dags/example_kubernetes_executor.py
[2024-12-04T13:39:30.690+0100] {logging_mixin.py:190} INFO - [2024-12-04T13:39:30.690+0100] {example_kubernetes_executor.py:39} WARNING - The example_kubernetes_executor example DAG requires the kubernetes provider. Please install it with: pip install apache-airflow[cncf.kubernetes]
[2024-12-04T13:39:30.690+0100] {processor.py:927} WARNING - No viable dags retrieved from /Users/sijibomijoshua/airflow/airflow_env/lib/python3.11/site-packages/airflow/example_dags/example_kubernetes_executor.py
[2024-12-04T13:39:30.743+0100] {processor.py:208} INFO - Processing /Users/sijibomijoshua/airflow/airflow_env/lib/python3.11/site-packages/airflow/example_dags/example_kubernetes_executor.py took 0.071 seconds
[2024-12-04T13:41:43.775+0100] {processor.py:186} INFO - Started process (PID=40768) to work on /Users/sijibomijoshua/airflow/airflow_env/lib/python3.11/site-packages/airflow/example_dags/example_kubernetes_executor.py
[2024-12-04T13:41:43.776+0100] {processor.py:914} INFO - Processing file /Users/sijibomijoshua/airflow/airflow_env/lib/python3.11/site-packages/airflow/example_dags/example_kubernetes_executor.py for tasks to queue
[2024-12-04T13:41:43.777+0100] {logging_mixin.py:190} INFO - [2024-12-04T13:41:43.777+0100] {dagbag.py:588} INFO - Filling up the DagBag from /Users/sijibomijoshua/airflow/airflow_env/lib/python3.11/site-packages/airflow/example_dags/example_kubernetes_executor.py
[2024-12-04T13:41:43.793+0100] {logging_mixin.py:190} INFO - [2024-12-04T13:41:43.793+0100] {example_kubernetes_executor.py:39} WARNING - The example_kubernetes_executor example DAG requires the kubernetes provider. Please install it with: pip install apache-airflow[cncf.kubernetes]
[2024-12-04T13:41:43.793+0100] {processor.py:927} WARNING - No viable dags retrieved from /Users/sijibomijoshua/airflow/airflow_env/lib/python3.11/site-packages/airflow/example_dags/example_kubernetes_executor.py
[2024-12-04T13:41:43.849+0100] {processor.py:208} INFO - Processing /Users/sijibomijoshua/airflow/airflow_env/lib/python3.11/site-packages/airflow/example_dags/example_kubernetes_executor.py took 0.077 seconds
[2024-12-04T13:44:01.546+0100] {processor.py:186} INFO - Started process (PID=43798) to work on /Users/sijibomijoshua/airflow/airflow_env/lib/python3.11/site-packages/airflow/example_dags/example_kubernetes_executor.py
[2024-12-04T13:44:01.547+0100] {processor.py:914} INFO - Processing file /Users/sijibomijoshua/airflow/airflow_env/lib/python3.11/site-packages/airflow/example_dags/example_kubernetes_executor.py for tasks to queue
[2024-12-04T13:44:01.548+0100] {logging_mixin.py:190} INFO - [2024-12-04T13:44:01.547+0100] {dagbag.py:588} INFO - Filling up the DagBag from /Users/sijibomijoshua/airflow/airflow_env/lib/python3.11/site-packages/airflow/example_dags/example_kubernetes_executor.py
[2024-12-04T13:44:01.560+0100] {logging_mixin.py:190} INFO - [2024-12-04T13:44:01.560+0100] {example_kubernetes_executor.py:39} WARNING - The example_kubernetes_executor example DAG requires the kubernetes provider. Please install it with: pip install apache-airflow[cncf.kubernetes]
[2024-12-04T13:44:01.560+0100] {processor.py:927} WARNING - No viable dags retrieved from /Users/sijibomijoshua/airflow/airflow_env/lib/python3.11/site-packages/airflow/example_dags/example_kubernetes_executor.py
[2024-12-04T13:44:01.621+0100] {processor.py:208} INFO - Processing /Users/sijibomijoshua/airflow/airflow_env/lib/python3.11/site-packages/airflow/example_dags/example_kubernetes_executor.py took 0.077 seconds
