[2024-12-04T12:42:49.920+0100] {processor.py:186} INFO - Started process (PID=83496) to work on /Users/sijibomijoshua/.pyenv/versions/3.11.6/lib/python3.11/site-packages/airflow/example_dags/example_latest_only.py
[2024-12-04T12:42:49.920+0100] {processor.py:914} INFO - Processing file /Users/sijibomijoshua/.pyenv/versions/3.11.6/lib/python3.11/site-packages/airflow/example_dags/example_latest_only.py for tasks to queue
[2024-12-04T12:42:49.922+0100] {logging_mixin.py:190} INFO - [2024-12-04T12:42:49.921+0100] {dagbag.py:588} INFO - Filling up the DagBag from /Users/sijibomijoshua/.pyenv/versions/3.11.6/lib/python3.11/site-packages/airflow/example_dags/example_latest_only.py
[2024-12-04T12:42:49.925+0100] {processor.py:925} INFO - DAG(s) 'latest_only' retrieved from /Users/sijibomijoshua/.pyenv/versions/3.11.6/lib/python3.11/site-packages/airflow/example_dags/example_latest_only.py
[2024-12-04T12:42:50.050+0100] {logging_mixin.py:190} INFO - [2024-12-04T12:42:50.050+0100] {override.py:1911} INFO - Created Permission View: can delete on DAG:latest_only
[2024-12-04T12:42:50.053+0100] {logging_mixin.py:190} INFO - [2024-12-04T12:42:50.053+0100] {override.py:1911} INFO - Created Permission View: can edit on DAG:latest_only
[2024-12-04T12:42:50.055+0100] {logging_mixin.py:190} INFO - [2024-12-04T12:42:50.055+0100] {override.py:1911} INFO - Created Permission View: can read on DAG:latest_only
[2024-12-04T12:42:50.057+0100] {logging_mixin.py:190} INFO - [2024-12-04T12:42:50.057+0100] {override.py:1911} INFO - Created Permission View: can delete on DAG Run:latest_only
[2024-12-04T12:42:50.059+0100] {logging_mixin.py:190} INFO - [2024-12-04T12:42:50.059+0100] {override.py:1911} INFO - Created Permission View: can create on DAG Run:latest_only
[2024-12-04T12:42:50.061+0100] {logging_mixin.py:190} INFO - [2024-12-04T12:42:50.061+0100] {override.py:1911} INFO - Created Permission View: can read on DAG Run:latest_only
[2024-12-04T12:42:50.063+0100] {logging_mixin.py:190} INFO - [2024-12-04T12:42:50.063+0100] {override.py:1911} INFO - Created Permission View: menu access on DAG Run:latest_only
[2024-12-04T12:42:50.063+0100] {logging_mixin.py:190} INFO - [2024-12-04T12:42:50.063+0100] {dag.py:3239} INFO - Sync 1 DAGs
[2024-12-04T12:42:50.067+0100] {logging_mixin.py:190} INFO - [2024-12-04T12:42:50.067+0100] {dag.py:3262} INFO - Creating ORM DAG for latest_only
[2024-12-04T12:42:50.070+0100] {logging_mixin.py:190} INFO - [2024-12-04T12:42:50.070+0100] {dag.py:4180} INFO - Setting next_dagrun for latest_only to 2024-12-04 04:00:00+00:00, run_after=2024-12-04 08:00:00+00:00
[2024-12-04T12:42:50.075+0100] {processor.py:208} INFO - Processing /Users/sijibomijoshua/.pyenv/versions/3.11.6/lib/python3.11/site-packages/airflow/example_dags/example_latest_only.py took 0.157 seconds
[2024-12-04T12:44:28.337+0100] {processor.py:186} INFO - Started process (PID=85013) to work on /Users/sijibomijoshua/.pyenv/versions/3.11.6/lib/python3.11/site-packages/airflow/example_dags/example_latest_only.py
[2024-12-04T12:44:28.337+0100] {processor.py:914} INFO - Processing file /Users/sijibomijoshua/.pyenv/versions/3.11.6/lib/python3.11/site-packages/airflow/example_dags/example_latest_only.py for tasks to queue
[2024-12-04T12:44:28.338+0100] {logging_mixin.py:190} INFO - [2024-12-04T12:44:28.338+0100] {dagbag.py:588} INFO - Filling up the DagBag from /Users/sijibomijoshua/.pyenv/versions/3.11.6/lib/python3.11/site-packages/airflow/example_dags/example_latest_only.py
[2024-12-04T12:44:28.341+0100] {processor.py:925} INFO - DAG(s) 'latest_only' retrieved from /Users/sijibomijoshua/.pyenv/versions/3.11.6/lib/python3.11/site-packages/airflow/example_dags/example_latest_only.py
[2024-12-04T12:44:28.399+0100] {logging_mixin.py:190} INFO - [2024-12-04T12:44:28.399+0100] {dag.py:3239} INFO - Sync 1 DAGs
[2024-12-04T12:44:28.405+0100] {logging_mixin.py:190} INFO - [2024-12-04T12:44:28.405+0100] {dag.py:4180} INFO - Setting next_dagrun for latest_only to 2024-12-04 04:00:00+00:00, run_after=2024-12-04 08:00:00+00:00
[2024-12-04T12:44:28.412+0100] {processor.py:208} INFO - Processing /Users/sijibomijoshua/.pyenv/versions/3.11.6/lib/python3.11/site-packages/airflow/example_dags/example_latest_only.py took 0.077 seconds
[2024-12-04T12:46:45.597+0100] {processor.py:186} INFO - Started process (PID=87136) to work on /Users/sijibomijoshua/.pyenv/versions/3.11.6/lib/python3.11/site-packages/airflow/example_dags/example_latest_only.py
[2024-12-04T12:46:45.597+0100] {processor.py:914} INFO - Processing file /Users/sijibomijoshua/.pyenv/versions/3.11.6/lib/python3.11/site-packages/airflow/example_dags/example_latest_only.py for tasks to queue
[2024-12-04T12:46:45.599+0100] {logging_mixin.py:190} INFO - [2024-12-04T12:46:45.599+0100] {dagbag.py:588} INFO - Filling up the DagBag from /Users/sijibomijoshua/.pyenv/versions/3.11.6/lib/python3.11/site-packages/airflow/example_dags/example_latest_only.py
[2024-12-04T12:46:45.603+0100] {processor.py:925} INFO - DAG(s) 'latest_only' retrieved from /Users/sijibomijoshua/.pyenv/versions/3.11.6/lib/python3.11/site-packages/airflow/example_dags/example_latest_only.py
[2024-12-04T12:46:45.670+0100] {logging_mixin.py:190} INFO - [2024-12-04T12:46:45.670+0100] {dag.py:3239} INFO - Sync 1 DAGs
[2024-12-04T12:46:45.677+0100] {logging_mixin.py:190} INFO - [2024-12-04T12:46:45.677+0100] {dag.py:4180} INFO - Setting next_dagrun for latest_only to 2024-12-04 04:00:00+00:00, run_after=2024-12-04 08:00:00+00:00
[2024-12-04T12:46:45.684+0100] {processor.py:208} INFO - Processing /Users/sijibomijoshua/.pyenv/versions/3.11.6/lib/python3.11/site-packages/airflow/example_dags/example_latest_only.py took 0.088 seconds
[2024-12-04T13:25:53.134+0100] {processor.py:186} INFO - Started process (PID=20398) to work on /Users/sijibomijoshua/.pyenv/versions/3.11.6/lib/python3.11/site-packages/airflow/example_dags/example_latest_only.py
[2024-12-04T13:25:53.134+0100] {processor.py:914} INFO - Processing file /Users/sijibomijoshua/.pyenv/versions/3.11.6/lib/python3.11/site-packages/airflow/example_dags/example_latest_only.py for tasks to queue
[2024-12-04T13:25:53.135+0100] {logging_mixin.py:190} INFO - [2024-12-04T13:25:53.135+0100] {dagbag.py:588} INFO - Filling up the DagBag from /Users/sijibomijoshua/.pyenv/versions/3.11.6/lib/python3.11/site-packages/airflow/example_dags/example_latest_only.py
[2024-12-04T13:25:53.138+0100] {processor.py:925} INFO - DAG(s) 'latest_only' retrieved from /Users/sijibomijoshua/.pyenv/versions/3.11.6/lib/python3.11/site-packages/airflow/example_dags/example_latest_only.py
[2024-12-04T13:25:53.198+0100] {logging_mixin.py:190} INFO - [2024-12-04T13:25:53.198+0100] {dag.py:3239} INFO - Sync 1 DAGs
[2024-12-04T13:25:53.204+0100] {logging_mixin.py:190} INFO - [2024-12-04T13:25:53.204+0100] {dag.py:4180} INFO - Setting next_dagrun for latest_only to 2024-12-04 08:00:00+00:00, run_after=2024-12-04 12:00:00+00:00
[2024-12-04T13:25:53.210+0100] {processor.py:208} INFO - Processing /Users/sijibomijoshua/.pyenv/versions/3.11.6/lib/python3.11/site-packages/airflow/example_dags/example_latest_only.py took 0.078 seconds
[2024-12-04T13:37:47.991+0100] {processor.py:186} INFO - Started process (PID=35502) to work on /Users/sijibomijoshua/airflow/airflow_env/lib/python3.11/site-packages/airflow/example_dags/example_latest_only.py
[2024-12-04T13:37:47.992+0100] {processor.py:914} INFO - Processing file /Users/sijibomijoshua/airflow/airflow_env/lib/python3.11/site-packages/airflow/example_dags/example_latest_only.py for tasks to queue
[2024-12-04T13:37:47.993+0100] {logging_mixin.py:190} INFO - [2024-12-04T13:37:47.993+0100] {dagbag.py:588} INFO - Filling up the DagBag from /Users/sijibomijoshua/airflow/airflow_env/lib/python3.11/site-packages/airflow/example_dags/example_latest_only.py
[2024-12-04T13:37:47.996+0100] {processor.py:925} INFO - DAG(s) 'latest_only' retrieved from /Users/sijibomijoshua/airflow/airflow_env/lib/python3.11/site-packages/airflow/example_dags/example_latest_only.py
[2024-12-04T13:37:48.085+0100] {logging_mixin.py:190} INFO - [2024-12-04T13:37:48.085+0100] {dag.py:3239} INFO - Sync 1 DAGs
[2024-12-04T13:37:48.092+0100] {logging_mixin.py:190} INFO - [2024-12-04T13:37:48.092+0100] {dag.py:4180} INFO - Setting next_dagrun for latest_only to 2024-12-04 08:00:00+00:00, run_after=2024-12-04 12:00:00+00:00
[2024-12-04T13:37:48.099+0100] {processor.py:208} INFO - Processing /Users/sijibomijoshua/airflow/airflow_env/lib/python3.11/site-packages/airflow/example_dags/example_latest_only.py took 0.110 seconds
[2024-12-04T13:39:29.313+0100] {processor.py:186} INFO - Started process (PID=37805) to work on /Users/sijibomijoshua/airflow/airflow_env/lib/python3.11/site-packages/airflow/example_dags/example_latest_only.py
[2024-12-04T13:39:29.315+0100] {processor.py:914} INFO - Processing file /Users/sijibomijoshua/airflow/airflow_env/lib/python3.11/site-packages/airflow/example_dags/example_latest_only.py for tasks to queue
[2024-12-04T13:39:29.316+0100] {logging_mixin.py:190} INFO - [2024-12-04T13:39:29.316+0100] {dagbag.py:588} INFO - Filling up the DagBag from /Users/sijibomijoshua/airflow/airflow_env/lib/python3.11/site-packages/airflow/example_dags/example_latest_only.py
[2024-12-04T13:39:29.320+0100] {processor.py:925} INFO - DAG(s) 'latest_only' retrieved from /Users/sijibomijoshua/airflow/airflow_env/lib/python3.11/site-packages/airflow/example_dags/example_latest_only.py
[2024-12-04T13:39:29.383+0100] {logging_mixin.py:190} INFO - [2024-12-04T13:39:29.383+0100] {dag.py:3239} INFO - Sync 1 DAGs
[2024-12-04T13:39:29.389+0100] {logging_mixin.py:190} INFO - [2024-12-04T13:39:29.389+0100] {dag.py:4180} INFO - Setting next_dagrun for latest_only to 2024-12-04 08:00:00+00:00, run_after=2024-12-04 12:00:00+00:00
[2024-12-04T13:39:29.396+0100] {processor.py:208} INFO - Processing /Users/sijibomijoshua/airflow/airflow_env/lib/python3.11/site-packages/airflow/example_dags/example_latest_only.py took 0.085 seconds
[2024-12-04T13:41:42.721+0100] {processor.py:186} INFO - Started process (PID=40757) to work on /Users/sijibomijoshua/airflow/airflow_env/lib/python3.11/site-packages/airflow/example_dags/example_latest_only.py
[2024-12-04T13:41:42.722+0100] {processor.py:914} INFO - Processing file /Users/sijibomijoshua/airflow/airflow_env/lib/python3.11/site-packages/airflow/example_dags/example_latest_only.py for tasks to queue
[2024-12-04T13:41:42.723+0100] {logging_mixin.py:190} INFO - [2024-12-04T13:41:42.723+0100] {dagbag.py:588} INFO - Filling up the DagBag from /Users/sijibomijoshua/airflow/airflow_env/lib/python3.11/site-packages/airflow/example_dags/example_latest_only.py
[2024-12-04T13:41:42.725+0100] {processor.py:925} INFO - DAG(s) 'latest_only' retrieved from /Users/sijibomijoshua/airflow/airflow_env/lib/python3.11/site-packages/airflow/example_dags/example_latest_only.py
[2024-12-04T13:41:42.790+0100] {logging_mixin.py:190} INFO - [2024-12-04T13:41:42.789+0100] {dag.py:3239} INFO - Sync 1 DAGs
[2024-12-04T13:41:42.796+0100] {logging_mixin.py:190} INFO - [2024-12-04T13:41:42.796+0100] {dag.py:4180} INFO - Setting next_dagrun for latest_only to 2024-12-04 08:00:00+00:00, run_after=2024-12-04 12:00:00+00:00
[2024-12-04T13:41:42.802+0100] {processor.py:208} INFO - Processing /Users/sijibomijoshua/airflow/airflow_env/lib/python3.11/site-packages/airflow/example_dags/example_latest_only.py took 0.083 seconds
[2024-12-04T13:43:59.945+0100] {processor.py:186} INFO - Started process (PID=43752) to work on /Users/sijibomijoshua/airflow/airflow_env/lib/python3.11/site-packages/airflow/example_dags/example_latest_only.py
[2024-12-04T13:43:59.946+0100] {processor.py:914} INFO - Processing file /Users/sijibomijoshua/airflow/airflow_env/lib/python3.11/site-packages/airflow/example_dags/example_latest_only.py for tasks to queue
[2024-12-04T13:43:59.947+0100] {logging_mixin.py:190} INFO - [2024-12-04T13:43:59.947+0100] {dagbag.py:588} INFO - Filling up the DagBag from /Users/sijibomijoshua/airflow/airflow_env/lib/python3.11/site-packages/airflow/example_dags/example_latest_only.py
[2024-12-04T13:43:59.950+0100] {processor.py:925} INFO - DAG(s) 'latest_only' retrieved from /Users/sijibomijoshua/airflow/airflow_env/lib/python3.11/site-packages/airflow/example_dags/example_latest_only.py
[2024-12-04T13:44:00.008+0100] {logging_mixin.py:190} INFO - [2024-12-04T13:44:00.008+0100] {dag.py:3239} INFO - Sync 1 DAGs
[2024-12-04T13:44:00.014+0100] {logging_mixin.py:190} INFO - [2024-12-04T13:44:00.014+0100] {dag.py:4180} INFO - Setting next_dagrun for latest_only to 2024-12-04 08:00:00+00:00, run_after=2024-12-04 12:00:00+00:00
[2024-12-04T13:44:00.020+0100] {processor.py:208} INFO - Processing /Users/sijibomijoshua/airflow/airflow_env/lib/python3.11/site-packages/airflow/example_dags/example_latest_only.py took 0.076 seconds
