[2024-12-04T12:42:39.047+0100] {processor.py:186} INFO - Started process (PID=83296) to work on /Users/sijibomijoshua/.pyenv/versions/3.11.6/lib/python3.11/site-packages/airflow/example_dags/example_params_ui_tutorial.py
[2024-12-04T12:42:39.047+0100] {processor.py:914} INFO - Processing file /Users/sijibomijoshua/.pyenv/versions/3.11.6/lib/python3.11/site-packages/airflow/example_dags/example_params_ui_tutorial.py for tasks to queue
[2024-12-04T12:42:39.048+0100] {logging_mixin.py:190} INFO - [2024-12-04T12:42:39.048+0100] {dagbag.py:588} INFO - Filling up the DagBag from /Users/sijibomijoshua/.pyenv/versions/3.11.6/lib/python3.11/site-packages/airflow/example_dags/example_params_ui_tutorial.py
[2024-12-04T12:42:39.063+0100] {processor.py:925} INFO - DAG(s) 'example_params_ui_tutorial' retrieved from /Users/sijibomijoshua/.pyenv/versions/3.11.6/lib/python3.11/site-packages/airflow/example_dags/example_params_ui_tutorial.py
[2024-12-04T12:42:39.163+0100] {logging_mixin.py:190} INFO - [2024-12-04T12:42:39.163+0100] {override.py:1911} INFO - Created Permission View: can read on DAG:example_params_ui_tutorial
[2024-12-04T12:42:39.166+0100] {logging_mixin.py:190} INFO - [2024-12-04T12:42:39.166+0100] {override.py:1911} INFO - Created Permission View: can edit on DAG:example_params_ui_tutorial
[2024-12-04T12:42:39.168+0100] {logging_mixin.py:190} INFO - [2024-12-04T12:42:39.168+0100] {override.py:1911} INFO - Created Permission View: can delete on DAG:example_params_ui_tutorial
[2024-12-04T12:42:39.171+0100] {logging_mixin.py:190} INFO - [2024-12-04T12:42:39.171+0100] {override.py:1911} INFO - Created Permission View: can read on DAG Run:example_params_ui_tutorial
[2024-12-04T12:42:39.175+0100] {logging_mixin.py:190} INFO - [2024-12-04T12:42:39.175+0100] {override.py:1911} INFO - Created Permission View: can create on DAG Run:example_params_ui_tutorial
[2024-12-04T12:42:39.178+0100] {logging_mixin.py:190} INFO - [2024-12-04T12:42:39.178+0100] {override.py:1911} INFO - Created Permission View: menu access on DAG Run:example_params_ui_tutorial
[2024-12-04T12:42:39.180+0100] {logging_mixin.py:190} INFO - [2024-12-04T12:42:39.180+0100] {override.py:1911} INFO - Created Permission View: can delete on DAG Run:example_params_ui_tutorial
[2024-12-04T12:42:39.181+0100] {logging_mixin.py:190} INFO - [2024-12-04T12:42:39.181+0100] {dag.py:3239} INFO - Sync 1 DAGs
[2024-12-04T12:42:39.185+0100] {logging_mixin.py:190} INFO - [2024-12-04T12:42:39.185+0100] {dag.py:3262} INFO - Creating ORM DAG for example_params_ui_tutorial
[2024-12-04T12:42:39.185+0100] {logging_mixin.py:190} INFO - [2024-12-04T12:42:39.185+0100] {dag.py:4180} INFO - Setting next_dagrun for example_params_ui_tutorial to None, run_after=None
[2024-12-04T12:42:39.191+0100] {processor.py:208} INFO - Processing /Users/sijibomijoshua/.pyenv/versions/3.11.6/lib/python3.11/site-packages/airflow/example_dags/example_params_ui_tutorial.py took 0.145 seconds
[2024-12-04T12:44:19.576+0100] {processor.py:186} INFO - Started process (PID=84868) to work on /Users/sijibomijoshua/.pyenv/versions/3.11.6/lib/python3.11/site-packages/airflow/example_dags/example_params_ui_tutorial.py
[2024-12-04T12:44:19.577+0100] {processor.py:914} INFO - Processing file /Users/sijibomijoshua/.pyenv/versions/3.11.6/lib/python3.11/site-packages/airflow/example_dags/example_params_ui_tutorial.py for tasks to queue
[2024-12-04T12:44:19.578+0100] {logging_mixin.py:190} INFO - [2024-12-04T12:44:19.578+0100] {dagbag.py:588} INFO - Filling up the DagBag from /Users/sijibomijoshua/.pyenv/versions/3.11.6/lib/python3.11/site-packages/airflow/example_dags/example_params_ui_tutorial.py
[2024-12-04T12:44:19.591+0100] {processor.py:925} INFO - DAG(s) 'example_params_ui_tutorial' retrieved from /Users/sijibomijoshua/.pyenv/versions/3.11.6/lib/python3.11/site-packages/airflow/example_dags/example_params_ui_tutorial.py
[2024-12-04T12:44:19.655+0100] {logging_mixin.py:190} INFO - [2024-12-04T12:44:19.655+0100] {dag.py:3239} INFO - Sync 1 DAGs
[2024-12-04T12:44:19.659+0100] {logging_mixin.py:190} INFO - [2024-12-04T12:44:19.659+0100] {dag.py:4180} INFO - Setting next_dagrun for example_params_ui_tutorial to None, run_after=None
[2024-12-04T12:44:19.666+0100] {processor.py:208} INFO - Processing /Users/sijibomijoshua/.pyenv/versions/3.11.6/lib/python3.11/site-packages/airflow/example_dags/example_params_ui_tutorial.py took 0.091 seconds
[2024-12-04T12:46:35.068+0100] {processor.py:186} INFO - Started process (PID=86978) to work on /Users/sijibomijoshua/.pyenv/versions/3.11.6/lib/python3.11/site-packages/airflow/example_dags/example_params_ui_tutorial.py
[2024-12-04T12:46:35.068+0100] {processor.py:914} INFO - Processing file /Users/sijibomijoshua/.pyenv/versions/3.11.6/lib/python3.11/site-packages/airflow/example_dags/example_params_ui_tutorial.py for tasks to queue
[2024-12-04T12:46:35.069+0100] {logging_mixin.py:190} INFO - [2024-12-04T12:46:35.069+0100] {dagbag.py:588} INFO - Filling up the DagBag from /Users/sijibomijoshua/.pyenv/versions/3.11.6/lib/python3.11/site-packages/airflow/example_dags/example_params_ui_tutorial.py
[2024-12-04T12:46:35.083+0100] {processor.py:925} INFO - DAG(s) 'example_params_ui_tutorial' retrieved from /Users/sijibomijoshua/.pyenv/versions/3.11.6/lib/python3.11/site-packages/airflow/example_dags/example_params_ui_tutorial.py
[2024-12-04T12:46:35.147+0100] {logging_mixin.py:190} INFO - [2024-12-04T12:46:35.147+0100] {dag.py:3239} INFO - Sync 1 DAGs
[2024-12-04T12:46:35.151+0100] {logging_mixin.py:190} INFO - [2024-12-04T12:46:35.151+0100] {dag.py:4180} INFO - Setting next_dagrun for example_params_ui_tutorial to None, run_after=None
[2024-12-04T12:46:35.159+0100] {processor.py:208} INFO - Processing /Users/sijibomijoshua/.pyenv/versions/3.11.6/lib/python3.11/site-packages/airflow/example_dags/example_params_ui_tutorial.py took 0.093 seconds
[2024-12-04T13:25:43.460+0100] {processor.py:186} INFO - Started process (PID=20202) to work on /Users/sijibomijoshua/.pyenv/versions/3.11.6/lib/python3.11/site-packages/airflow/example_dags/example_params_ui_tutorial.py
[2024-12-04T13:25:43.461+0100] {processor.py:914} INFO - Processing file /Users/sijibomijoshua/.pyenv/versions/3.11.6/lib/python3.11/site-packages/airflow/example_dags/example_params_ui_tutorial.py for tasks to queue
[2024-12-04T13:25:43.462+0100] {logging_mixin.py:190} INFO - [2024-12-04T13:25:43.462+0100] {dagbag.py:588} INFO - Filling up the DagBag from /Users/sijibomijoshua/.pyenv/versions/3.11.6/lib/python3.11/site-packages/airflow/example_dags/example_params_ui_tutorial.py
[2024-12-04T13:25:43.482+0100] {processor.py:925} INFO - DAG(s) 'example_params_ui_tutorial' retrieved from /Users/sijibomijoshua/.pyenv/versions/3.11.6/lib/python3.11/site-packages/airflow/example_dags/example_params_ui_tutorial.py
[2024-12-04T13:25:43.616+0100] {logging_mixin.py:190} INFO - [2024-12-04T13:25:43.615+0100] {dag.py:3239} INFO - Sync 1 DAGs
[2024-12-04T13:25:43.623+0100] {logging_mixin.py:190} INFO - [2024-12-04T13:25:43.623+0100] {dag.py:4180} INFO - Setting next_dagrun for example_params_ui_tutorial to None, run_after=None
[2024-12-04T13:25:43.632+0100] {processor.py:208} INFO - Processing /Users/sijibomijoshua/.pyenv/versions/3.11.6/lib/python3.11/site-packages/airflow/example_dags/example_params_ui_tutorial.py took 0.174 seconds
[2024-12-04T13:37:39.116+0100] {processor.py:186} INFO - Started process (PID=35282) to work on /Users/sijibomijoshua/airflow/airflow_env/lib/python3.11/site-packages/airflow/example_dags/example_params_ui_tutorial.py
[2024-12-04T13:37:39.116+0100] {processor.py:914} INFO - Processing file /Users/sijibomijoshua/airflow/airflow_env/lib/python3.11/site-packages/airflow/example_dags/example_params_ui_tutorial.py for tasks to queue
[2024-12-04T13:37:39.117+0100] {logging_mixin.py:190} INFO - [2024-12-04T13:37:39.117+0100] {dagbag.py:588} INFO - Filling up the DagBag from /Users/sijibomijoshua/airflow/airflow_env/lib/python3.11/site-packages/airflow/example_dags/example_params_ui_tutorial.py
[2024-12-04T13:37:39.130+0100] {processor.py:925} INFO - DAG(s) 'example_params_ui_tutorial' retrieved from /Users/sijibomijoshua/airflow/airflow_env/lib/python3.11/site-packages/airflow/example_dags/example_params_ui_tutorial.py
[2024-12-04T13:37:39.226+0100] {logging_mixin.py:190} INFO - [2024-12-04T13:37:39.226+0100] {dag.py:3239} INFO - Sync 1 DAGs
[2024-12-04T13:37:39.231+0100] {logging_mixin.py:190} INFO - [2024-12-04T13:37:39.231+0100] {dag.py:4180} INFO - Setting next_dagrun for example_params_ui_tutorial to None, run_after=None
[2024-12-04T13:37:39.238+0100] {processor.py:208} INFO - Processing /Users/sijibomijoshua/airflow/airflow_env/lib/python3.11/site-packages/airflow/example_dags/example_params_ui_tutorial.py took 0.123 seconds
[2024-12-04T13:39:18.407+0100] {processor.py:186} INFO - Started process (PID=37569) to work on /Users/sijibomijoshua/airflow/airflow_env/lib/python3.11/site-packages/airflow/example_dags/example_params_ui_tutorial.py
[2024-12-04T13:39:18.408+0100] {processor.py:914} INFO - Processing file /Users/sijibomijoshua/airflow/airflow_env/lib/python3.11/site-packages/airflow/example_dags/example_params_ui_tutorial.py for tasks to queue
[2024-12-04T13:39:18.409+0100] {logging_mixin.py:190} INFO - [2024-12-04T13:39:18.409+0100] {dagbag.py:588} INFO - Filling up the DagBag from /Users/sijibomijoshua/airflow/airflow_env/lib/python3.11/site-packages/airflow/example_dags/example_params_ui_tutorial.py
[2024-12-04T13:39:18.423+0100] {processor.py:925} INFO - DAG(s) 'example_params_ui_tutorial' retrieved from /Users/sijibomijoshua/airflow/airflow_env/lib/python3.11/site-packages/airflow/example_dags/example_params_ui_tutorial.py
[2024-12-04T13:39:18.488+0100] {logging_mixin.py:190} INFO - [2024-12-04T13:39:18.487+0100] {dag.py:3239} INFO - Sync 1 DAGs
[2024-12-04T13:39:18.492+0100] {logging_mixin.py:190} INFO - [2024-12-04T13:39:18.491+0100] {dag.py:4180} INFO - Setting next_dagrun for example_params_ui_tutorial to None, run_after=None
[2024-12-04T13:39:18.498+0100] {processor.py:208} INFO - Processing /Users/sijibomijoshua/airflow/airflow_env/lib/python3.11/site-packages/airflow/example_dags/example_params_ui_tutorial.py took 0.092 seconds
[2024-12-04T13:41:32.392+0100] {processor.py:186} INFO - Started process (PID=40532) to work on /Users/sijibomijoshua/airflow/airflow_env/lib/python3.11/site-packages/airflow/example_dags/example_params_ui_tutorial.py
[2024-12-04T13:41:32.393+0100] {processor.py:914} INFO - Processing file /Users/sijibomijoshua/airflow/airflow_env/lib/python3.11/site-packages/airflow/example_dags/example_params_ui_tutorial.py for tasks to queue
[2024-12-04T13:41:32.394+0100] {logging_mixin.py:190} INFO - [2024-12-04T13:41:32.394+0100] {dagbag.py:588} INFO - Filling up the DagBag from /Users/sijibomijoshua/airflow/airflow_env/lib/python3.11/site-packages/airflow/example_dags/example_params_ui_tutorial.py
[2024-12-04T13:41:32.411+0100] {processor.py:925} INFO - DAG(s) 'example_params_ui_tutorial' retrieved from /Users/sijibomijoshua/airflow/airflow_env/lib/python3.11/site-packages/airflow/example_dags/example_params_ui_tutorial.py
[2024-12-04T13:41:32.478+0100] {logging_mixin.py:190} INFO - [2024-12-04T13:41:32.478+0100] {dag.py:3239} INFO - Sync 1 DAGs
[2024-12-04T13:41:32.482+0100] {logging_mixin.py:190} INFO - [2024-12-04T13:41:32.482+0100] {dag.py:4180} INFO - Setting next_dagrun for example_params_ui_tutorial to None, run_after=None
[2024-12-04T13:41:32.488+0100] {processor.py:208} INFO - Processing /Users/sijibomijoshua/airflow/airflow_env/lib/python3.11/site-packages/airflow/example_dags/example_params_ui_tutorial.py took 0.099 seconds
[2024-12-04T13:43:48.520+0100] {processor.py:186} INFO - Started process (PID=43524) to work on /Users/sijibomijoshua/airflow/airflow_env/lib/python3.11/site-packages/airflow/example_dags/example_params_ui_tutorial.py
[2024-12-04T13:43:48.521+0100] {processor.py:914} INFO - Processing file /Users/sijibomijoshua/airflow/airflow_env/lib/python3.11/site-packages/airflow/example_dags/example_params_ui_tutorial.py for tasks to queue
[2024-12-04T13:43:48.522+0100] {logging_mixin.py:190} INFO - [2024-12-04T13:43:48.522+0100] {dagbag.py:588} INFO - Filling up the DagBag from /Users/sijibomijoshua/airflow/airflow_env/lib/python3.11/site-packages/airflow/example_dags/example_params_ui_tutorial.py
[2024-12-04T13:43:48.542+0100] {processor.py:925} INFO - DAG(s) 'example_params_ui_tutorial' retrieved from /Users/sijibomijoshua/airflow/airflow_env/lib/python3.11/site-packages/airflow/example_dags/example_params_ui_tutorial.py
[2024-12-04T13:43:48.641+0100] {logging_mixin.py:190} INFO - [2024-12-04T13:43:48.641+0100] {dag.py:3239} INFO - Sync 1 DAGs
[2024-12-04T13:43:48.645+0100] {logging_mixin.py:190} INFO - [2024-12-04T13:43:48.645+0100] {dag.py:4180} INFO - Setting next_dagrun for example_params_ui_tutorial to None, run_after=None
[2024-12-04T13:43:48.651+0100] {processor.py:208} INFO - Processing /Users/sijibomijoshua/airflow/airflow_env/lib/python3.11/site-packages/airflow/example_dags/example_params_ui_tutorial.py took 0.134 seconds
