[2024-12-04T12:41:24.395+0100] {processor.py:186} INFO - Started process (PID=82128) to work on /Users/sijibomijoshua/.pyenv/versions/3.11.6/lib/python3.11/site-packages/airflow/example_dags/example_time_delta_sensor_async.py
[2024-12-04T12:41:24.395+0100] {processor.py:914} INFO - Processing file /Users/sijibomijoshua/.pyenv/versions/3.11.6/lib/python3.11/site-packages/airflow/example_dags/example_time_delta_sensor_async.py for tasks to queue
[2024-12-04T12:41:24.396+0100] {logging_mixin.py:190} INFO - [2024-12-04T12:41:24.396+0100] {dagbag.py:588} INFO - Filling up the DagBag from /Users/sijibomijoshua/.pyenv/versions/3.11.6/lib/python3.11/site-packages/airflow/example_dags/example_time_delta_sensor_async.py
[2024-12-04T12:41:24.399+0100] {processor.py:925} INFO - DAG(s) 'example_time_delta_sensor_async' retrieved from /Users/sijibomijoshua/.pyenv/versions/3.11.6/lib/python3.11/site-packages/airflow/example_dags/example_time_delta_sensor_async.py
[2024-12-04T12:41:24.873+0100] {logging_mixin.py:190} INFO - [2024-12-04T12:41:24.873+0100] {override.py:1911} INFO - Created Permission View: can read on DAG:example_time_delta_sensor_async
[2024-12-04T12:41:24.876+0100] {logging_mixin.py:190} INFO - [2024-12-04T12:41:24.876+0100] {override.py:1911} INFO - Created Permission View: can edit on DAG:example_time_delta_sensor_async
[2024-12-04T12:41:24.878+0100] {logging_mixin.py:190} INFO - [2024-12-04T12:41:24.878+0100] {override.py:1911} INFO - Created Permission View: can delete on DAG:example_time_delta_sensor_async
[2024-12-04T12:41:24.880+0100] {logging_mixin.py:190} INFO - [2024-12-04T12:41:24.880+0100] {override.py:1911} INFO - Created Permission View: menu access on DAG Run:example_time_delta_sensor_async
[2024-12-04T12:41:24.882+0100] {logging_mixin.py:190} INFO - [2024-12-04T12:41:24.882+0100] {override.py:1911} INFO - Created Permission View: can read on DAG Run:example_time_delta_sensor_async
[2024-12-04T12:41:24.884+0100] {logging_mixin.py:190} INFO - [2024-12-04T12:41:24.884+0100] {override.py:1911} INFO - Created Permission View: can delete on DAG Run:example_time_delta_sensor_async
[2024-12-04T12:41:24.886+0100] {logging_mixin.py:190} INFO - [2024-12-04T12:41:24.886+0100] {override.py:1911} INFO - Created Permission View: can create on DAG Run:example_time_delta_sensor_async
[2024-12-04T12:41:24.886+0100] {logging_mixin.py:190} INFO - [2024-12-04T12:41:24.886+0100] {dag.py:3239} INFO - Sync 1 DAGs
[2024-12-04T12:41:24.890+0100] {logging_mixin.py:190} INFO - [2024-12-04T12:41:24.889+0100] {dag.py:3262} INFO - Creating ORM DAG for example_time_delta_sensor_async
[2024-12-04T12:41:24.890+0100] {logging_mixin.py:190} INFO - [2024-12-04T12:41:24.890+0100] {dag.py:4180} INFO - Setting next_dagrun for example_time_delta_sensor_async to None, run_after=None
[2024-12-04T12:41:24.896+0100] {processor.py:208} INFO - Processing /Users/sijibomijoshua/.pyenv/versions/3.11.6/lib/python3.11/site-packages/airflow/example_dags/example_time_delta_sensor_async.py took 0.503 seconds
[2024-12-04T12:42:13.317+0100] {processor.py:186} INFO - Started process (PID=82910) to work on /Users/sijibomijoshua/.pyenv/versions/3.11.6/lib/python3.11/site-packages/airflow/example_dags/example_time_delta_sensor_async.py
[2024-12-04T12:42:13.321+0100] {processor.py:914} INFO - Processing file /Users/sijibomijoshua/.pyenv/versions/3.11.6/lib/python3.11/site-packages/airflow/example_dags/example_time_delta_sensor_async.py for tasks to queue
[2024-12-04T12:42:13.322+0100] {logging_mixin.py:190} INFO - [2024-12-04T12:42:13.322+0100] {dagbag.py:588} INFO - Filling up the DagBag from /Users/sijibomijoshua/.pyenv/versions/3.11.6/lib/python3.11/site-packages/airflow/example_dags/example_time_delta_sensor_async.py
[2024-12-04T12:42:13.330+0100] {processor.py:925} INFO - DAG(s) 'example_time_delta_sensor_async' retrieved from /Users/sijibomijoshua/.pyenv/versions/3.11.6/lib/python3.11/site-packages/airflow/example_dags/example_time_delta_sensor_async.py
[2024-12-04T12:42:13.643+0100] {logging_mixin.py:190} INFO - [2024-12-04T12:42:13.643+0100] {dag.py:3239} INFO - Sync 1 DAGs
[2024-12-04T12:42:13.648+0100] {logging_mixin.py:190} INFO - [2024-12-04T12:42:13.648+0100] {dag.py:4180} INFO - Setting next_dagrun for example_time_delta_sensor_async to None, run_after=None
[2024-12-04T12:42:13.654+0100] {processor.py:208} INFO - Processing /Users/sijibomijoshua/.pyenv/versions/3.11.6/lib/python3.11/site-packages/airflow/example_dags/example_time_delta_sensor_async.py took 0.340 seconds
[2024-12-04T12:43:53.245+0100] {processor.py:186} INFO - Started process (PID=84471) to work on /Users/sijibomijoshua/.pyenv/versions/3.11.6/lib/python3.11/site-packages/airflow/example_dags/example_time_delta_sensor_async.py
[2024-12-04T12:43:53.245+0100] {processor.py:914} INFO - Processing file /Users/sijibomijoshua/.pyenv/versions/3.11.6/lib/python3.11/site-packages/airflow/example_dags/example_time_delta_sensor_async.py for tasks to queue
[2024-12-04T12:43:53.246+0100] {logging_mixin.py:190} INFO - [2024-12-04T12:43:53.246+0100] {dagbag.py:588} INFO - Filling up the DagBag from /Users/sijibomijoshua/.pyenv/versions/3.11.6/lib/python3.11/site-packages/airflow/example_dags/example_time_delta_sensor_async.py
[2024-12-04T12:43:53.250+0100] {processor.py:925} INFO - DAG(s) 'example_time_delta_sensor_async' retrieved from /Users/sijibomijoshua/.pyenv/versions/3.11.6/lib/python3.11/site-packages/airflow/example_dags/example_time_delta_sensor_async.py
[2024-12-04T12:43:53.497+0100] {logging_mixin.py:190} INFO - [2024-12-04T12:43:53.497+0100] {dag.py:3239} INFO - Sync 1 DAGs
[2024-12-04T12:43:53.501+0100] {logging_mixin.py:190} INFO - [2024-12-04T12:43:53.501+0100] {dag.py:4180} INFO - Setting next_dagrun for example_time_delta_sensor_async to None, run_after=None
[2024-12-04T12:43:53.509+0100] {processor.py:208} INFO - Processing /Users/sijibomijoshua/.pyenv/versions/3.11.6/lib/python3.11/site-packages/airflow/example_dags/example_time_delta_sensor_async.py took 0.265 seconds
[2024-12-04T12:45:00.865+0100] {processor.py:186} INFO - Started process (PID=85537) to work on /Users/sijibomijoshua/.pyenv/versions/3.11.6/lib/python3.11/site-packages/airflow/example_dags/example_time_delta_sensor_async.py
[2024-12-04T12:45:00.865+0100] {processor.py:914} INFO - Processing file /Users/sijibomijoshua/.pyenv/versions/3.11.6/lib/python3.11/site-packages/airflow/example_dags/example_time_delta_sensor_async.py for tasks to queue
[2024-12-04T12:45:00.866+0100] {logging_mixin.py:190} INFO - [2024-12-04T12:45:00.866+0100] {dagbag.py:588} INFO - Filling up the DagBag from /Users/sijibomijoshua/.pyenv/versions/3.11.6/lib/python3.11/site-packages/airflow/example_dags/example_time_delta_sensor_async.py
[2024-12-04T12:45:00.870+0100] {processor.py:925} INFO - DAG(s) 'example_time_delta_sensor_async' retrieved from /Users/sijibomijoshua/.pyenv/versions/3.11.6/lib/python3.11/site-packages/airflow/example_dags/example_time_delta_sensor_async.py
[2024-12-04T12:45:01.067+0100] {logging_mixin.py:190} INFO - [2024-12-04T12:45:01.067+0100] {dag.py:3239} INFO - Sync 1 DAGs
[2024-12-04T12:45:01.071+0100] {logging_mixin.py:190} INFO - [2024-12-04T12:45:01.071+0100] {dag.py:4180} INFO - Setting next_dagrun for example_time_delta_sensor_async to None, run_after=None
[2024-12-04T12:45:01.079+0100] {processor.py:208} INFO - Processing /Users/sijibomijoshua/.pyenv/versions/3.11.6/lib/python3.11/site-packages/airflow/example_dags/example_time_delta_sensor_async.py took 0.216 seconds
[2024-12-04T12:46:07.965+0100] {processor.py:186} INFO - Started process (PID=86554) to work on /Users/sijibomijoshua/.pyenv/versions/3.11.6/lib/python3.11/site-packages/airflow/example_dags/example_time_delta_sensor_async.py
[2024-12-04T12:46:07.967+0100] {processor.py:914} INFO - Processing file /Users/sijibomijoshua/.pyenv/versions/3.11.6/lib/python3.11/site-packages/airflow/example_dags/example_time_delta_sensor_async.py for tasks to queue
[2024-12-04T12:46:07.968+0100] {logging_mixin.py:190} INFO - [2024-12-04T12:46:07.968+0100] {dagbag.py:588} INFO - Filling up the DagBag from /Users/sijibomijoshua/.pyenv/versions/3.11.6/lib/python3.11/site-packages/airflow/example_dags/example_time_delta_sensor_async.py
[2024-12-04T12:46:07.975+0100] {processor.py:925} INFO - DAG(s) 'example_time_delta_sensor_async' retrieved from /Users/sijibomijoshua/.pyenv/versions/3.11.6/lib/python3.11/site-packages/airflow/example_dags/example_time_delta_sensor_async.py
[2024-12-04T12:46:08.378+0100] {logging_mixin.py:190} INFO - [2024-12-04T12:46:08.378+0100] {dag.py:3239} INFO - Sync 1 DAGs
[2024-12-04T12:46:08.383+0100] {logging_mixin.py:190} INFO - [2024-12-04T12:46:08.382+0100] {dag.py:4180} INFO - Setting next_dagrun for example_time_delta_sensor_async to None, run_after=None
[2024-12-04T12:46:08.389+0100] {processor.py:208} INFO - Processing /Users/sijibomijoshua/.pyenv/versions/3.11.6/lib/python3.11/site-packages/airflow/example_dags/example_time_delta_sensor_async.py took 0.426 seconds
[2024-12-04T12:47:17.102+0100] {processor.py:186} INFO - Started process (PID=87635) to work on /Users/sijibomijoshua/.pyenv/versions/3.11.6/lib/python3.11/site-packages/airflow/example_dags/example_time_delta_sensor_async.py
[2024-12-04T12:47:17.102+0100] {processor.py:914} INFO - Processing file /Users/sijibomijoshua/.pyenv/versions/3.11.6/lib/python3.11/site-packages/airflow/example_dags/example_time_delta_sensor_async.py for tasks to queue
[2024-12-04T12:47:17.103+0100] {logging_mixin.py:190} INFO - [2024-12-04T12:47:17.103+0100] {dagbag.py:588} INFO - Filling up the DagBag from /Users/sijibomijoshua/.pyenv/versions/3.11.6/lib/python3.11/site-packages/airflow/example_dags/example_time_delta_sensor_async.py
[2024-12-04T12:47:17.107+0100] {processor.py:925} INFO - DAG(s) 'example_time_delta_sensor_async' retrieved from /Users/sijibomijoshua/.pyenv/versions/3.11.6/lib/python3.11/site-packages/airflow/example_dags/example_time_delta_sensor_async.py
[2024-12-04T12:47:17.296+0100] {logging_mixin.py:190} INFO - [2024-12-04T12:47:17.296+0100] {dag.py:3239} INFO - Sync 1 DAGs
[2024-12-04T12:47:17.300+0100] {logging_mixin.py:190} INFO - [2024-12-04T12:47:17.300+0100] {dag.py:4180} INFO - Setting next_dagrun for example_time_delta_sensor_async to None, run_after=None
[2024-12-04T12:47:17.307+0100] {processor.py:208} INFO - Processing /Users/sijibomijoshua/.pyenv/versions/3.11.6/lib/python3.11/site-packages/airflow/example_dags/example_time_delta_sensor_async.py took 0.206 seconds
[2024-12-04T12:48:25.898+0100] {processor.py:186} INFO - Started process (PID=88682) to work on /Users/sijibomijoshua/.pyenv/versions/3.11.6/lib/python3.11/site-packages/airflow/example_dags/example_time_delta_sensor_async.py
[2024-12-04T12:48:25.899+0100] {processor.py:914} INFO - Processing file /Users/sijibomijoshua/.pyenv/versions/3.11.6/lib/python3.11/site-packages/airflow/example_dags/example_time_delta_sensor_async.py for tasks to queue
[2024-12-04T12:48:25.900+0100] {logging_mixin.py:190} INFO - [2024-12-04T12:48:25.900+0100] {dagbag.py:588} INFO - Filling up the DagBag from /Users/sijibomijoshua/.pyenv/versions/3.11.6/lib/python3.11/site-packages/airflow/example_dags/example_time_delta_sensor_async.py
[2024-12-04T12:48:25.903+0100] {processor.py:925} INFO - DAG(s) 'example_time_delta_sensor_async' retrieved from /Users/sijibomijoshua/.pyenv/versions/3.11.6/lib/python3.11/site-packages/airflow/example_dags/example_time_delta_sensor_async.py
[2024-12-04T12:48:26.152+0100] {logging_mixin.py:190} INFO - [2024-12-04T12:48:26.152+0100] {dag.py:3239} INFO - Sync 1 DAGs
[2024-12-04T12:48:26.156+0100] {logging_mixin.py:190} INFO - [2024-12-04T12:48:26.156+0100] {dag.py:4180} INFO - Setting next_dagrun for example_time_delta_sensor_async to None, run_after=None
[2024-12-04T12:48:26.183+0100] {processor.py:208} INFO - Processing /Users/sijibomijoshua/.pyenv/versions/3.11.6/lib/python3.11/site-packages/airflow/example_dags/example_time_delta_sensor_async.py took 0.287 seconds
[2024-12-04T13:23:37.187+0100] {processor.py:186} INFO - Started process (PID=17932) to work on /Users/sijibomijoshua/.pyenv/versions/3.11.6/lib/python3.11/site-packages/airflow/example_dags/example_time_delta_sensor_async.py
[2024-12-04T13:23:37.187+0100] {processor.py:914} INFO - Processing file /Users/sijibomijoshua/.pyenv/versions/3.11.6/lib/python3.11/site-packages/airflow/example_dags/example_time_delta_sensor_async.py for tasks to queue
[2024-12-04T13:23:37.189+0100] {logging_mixin.py:190} INFO - [2024-12-04T13:23:37.189+0100] {dagbag.py:588} INFO - Filling up the DagBag from /Users/sijibomijoshua/.pyenv/versions/3.11.6/lib/python3.11/site-packages/airflow/example_dags/example_time_delta_sensor_async.py
[2024-12-04T13:23:37.192+0100] {processor.py:925} INFO - DAG(s) 'example_time_delta_sensor_async' retrieved from /Users/sijibomijoshua/.pyenv/versions/3.11.6/lib/python3.11/site-packages/airflow/example_dags/example_time_delta_sensor_async.py
[2024-12-04T13:23:37.480+0100] {logging_mixin.py:190} INFO - [2024-12-04T13:23:37.479+0100] {dag.py:3239} INFO - Sync 1 DAGs
[2024-12-04T13:23:37.484+0100] {logging_mixin.py:190} INFO - [2024-12-04T13:23:37.484+0100] {dag.py:4180} INFO - Setting next_dagrun for example_time_delta_sensor_async to None, run_after=None
[2024-12-04T13:23:37.491+0100] {processor.py:208} INFO - Processing /Users/sijibomijoshua/.pyenv/versions/3.11.6/lib/python3.11/site-packages/airflow/example_dags/example_time_delta_sensor_async.py took 0.305 seconds
[2024-12-04T13:25:17.762+0100] {processor.py:186} INFO - Started process (PID=19735) to work on /Users/sijibomijoshua/.pyenv/versions/3.11.6/lib/python3.11/site-packages/airflow/example_dags/example_time_delta_sensor_async.py
[2024-12-04T13:25:17.762+0100] {processor.py:914} INFO - Processing file /Users/sijibomijoshua/.pyenv/versions/3.11.6/lib/python3.11/site-packages/airflow/example_dags/example_time_delta_sensor_async.py for tasks to queue
[2024-12-04T13:25:17.763+0100] {logging_mixin.py:190} INFO - [2024-12-04T13:25:17.763+0100] {dagbag.py:588} INFO - Filling up the DagBag from /Users/sijibomijoshua/.pyenv/versions/3.11.6/lib/python3.11/site-packages/airflow/example_dags/example_time_delta_sensor_async.py
[2024-12-04T13:25:17.766+0100] {processor.py:925} INFO - DAG(s) 'example_time_delta_sensor_async' retrieved from /Users/sijibomijoshua/.pyenv/versions/3.11.6/lib/python3.11/site-packages/airflow/example_dags/example_time_delta_sensor_async.py
[2024-12-04T13:25:17.958+0100] {logging_mixin.py:190} INFO - [2024-12-04T13:25:17.957+0100] {dag.py:3239} INFO - Sync 1 DAGs
[2024-12-04T13:25:17.963+0100] {logging_mixin.py:190} INFO - [2024-12-04T13:25:17.963+0100] {dag.py:4180} INFO - Setting next_dagrun for example_time_delta_sensor_async to None, run_after=None
[2024-12-04T13:25:17.971+0100] {processor.py:208} INFO - Processing /Users/sijibomijoshua/.pyenv/versions/3.11.6/lib/python3.11/site-packages/airflow/example_dags/example_time_delta_sensor_async.py took 0.210 seconds
[2024-12-04T13:37:12.085+0100] {processor.py:186} INFO - Started process (PID=34664) to work on /Users/sijibomijoshua/airflow/airflow_env/lib/python3.11/site-packages/airflow/example_dags/example_time_delta_sensor_async.py
[2024-12-04T13:37:12.085+0100] {processor.py:914} INFO - Processing file /Users/sijibomijoshua/airflow/airflow_env/lib/python3.11/site-packages/airflow/example_dags/example_time_delta_sensor_async.py for tasks to queue
[2024-12-04T13:37:12.087+0100] {logging_mixin.py:190} INFO - [2024-12-04T13:37:12.086+0100] {dagbag.py:588} INFO - Filling up the DagBag from /Users/sijibomijoshua/airflow/airflow_env/lib/python3.11/site-packages/airflow/example_dags/example_time_delta_sensor_async.py
[2024-12-04T13:37:12.090+0100] {processor.py:925} INFO - DAG(s) 'example_time_delta_sensor_async' retrieved from /Users/sijibomijoshua/airflow/airflow_env/lib/python3.11/site-packages/airflow/example_dags/example_time_delta_sensor_async.py
[2024-12-04T13:37:12.318+0100] {logging_mixin.py:190} INFO - [2024-12-04T13:37:12.318+0100] {dag.py:3239} INFO - Sync 1 DAGs
[2024-12-04T13:37:12.321+0100] {logging_mixin.py:190} INFO - [2024-12-04T13:37:12.321+0100] {dag.py:4180} INFO - Setting next_dagrun for example_time_delta_sensor_async to None, run_after=None
[2024-12-04T13:37:12.330+0100] {processor.py:208} INFO - Processing /Users/sijibomijoshua/airflow/airflow_env/lib/python3.11/site-packages/airflow/example_dags/example_time_delta_sensor_async.py took 0.248 seconds
[2024-12-04T13:38:51.639+0100] {processor.py:186} INFO - Started process (PID=36954) to work on /Users/sijibomijoshua/airflow/airflow_env/lib/python3.11/site-packages/airflow/example_dags/example_time_delta_sensor_async.py
[2024-12-04T13:38:51.639+0100] {processor.py:914} INFO - Processing file /Users/sijibomijoshua/airflow/airflow_env/lib/python3.11/site-packages/airflow/example_dags/example_time_delta_sensor_async.py for tasks to queue
[2024-12-04T13:38:51.640+0100] {logging_mixin.py:190} INFO - [2024-12-04T13:38:51.640+0100] {dagbag.py:588} INFO - Filling up the DagBag from /Users/sijibomijoshua/airflow/airflow_env/lib/python3.11/site-packages/airflow/example_dags/example_time_delta_sensor_async.py
[2024-12-04T13:38:51.644+0100] {processor.py:925} INFO - DAG(s) 'example_time_delta_sensor_async' retrieved from /Users/sijibomijoshua/airflow/airflow_env/lib/python3.11/site-packages/airflow/example_dags/example_time_delta_sensor_async.py
[2024-12-04T13:38:51.911+0100] {logging_mixin.py:190} INFO - [2024-12-04T13:38:51.911+0100] {dag.py:3239} INFO - Sync 1 DAGs
[2024-12-04T13:38:51.916+0100] {logging_mixin.py:190} INFO - [2024-12-04T13:38:51.916+0100] {dag.py:4180} INFO - Setting next_dagrun for example_time_delta_sensor_async to None, run_after=None
[2024-12-04T13:38:51.922+0100] {processor.py:208} INFO - Processing /Users/sijibomijoshua/airflow/airflow_env/lib/python3.11/site-packages/airflow/example_dags/example_time_delta_sensor_async.py took 0.285 seconds
[2024-12-04T13:40:04.236+0100] {processor.py:186} INFO - Started process (PID=38556) to work on /Users/sijibomijoshua/airflow/airflow_env/lib/python3.11/site-packages/airflow/example_dags/example_time_delta_sensor_async.py
[2024-12-04T13:40:04.236+0100] {processor.py:914} INFO - Processing file /Users/sijibomijoshua/airflow/airflow_env/lib/python3.11/site-packages/airflow/example_dags/example_time_delta_sensor_async.py for tasks to queue
[2024-12-04T13:40:04.237+0100] {logging_mixin.py:190} INFO - [2024-12-04T13:40:04.237+0100] {dagbag.py:588} INFO - Filling up the DagBag from /Users/sijibomijoshua/airflow/airflow_env/lib/python3.11/site-packages/airflow/example_dags/example_time_delta_sensor_async.py
[2024-12-04T13:40:04.241+0100] {processor.py:925} INFO - DAG(s) 'example_time_delta_sensor_async' retrieved from /Users/sijibomijoshua/airflow/airflow_env/lib/python3.11/site-packages/airflow/example_dags/example_time_delta_sensor_async.py
[2024-12-04T13:40:04.446+0100] {logging_mixin.py:190} INFO - [2024-12-04T13:40:04.446+0100] {dag.py:3239} INFO - Sync 1 DAGs
[2024-12-04T13:40:04.450+0100] {logging_mixin.py:190} INFO - [2024-12-04T13:40:04.450+0100] {dag.py:4180} INFO - Setting next_dagrun for example_time_delta_sensor_async to None, run_after=None
[2024-12-04T13:40:04.457+0100] {processor.py:208} INFO - Processing /Users/sijibomijoshua/airflow/airflow_env/lib/python3.11/site-packages/airflow/example_dags/example_time_delta_sensor_async.py took 0.223 seconds
[2024-12-04T13:41:11.410+0100] {processor.py:186} INFO - Started process (PID=40063) to work on /Users/sijibomijoshua/airflow/airflow_env/lib/python3.11/site-packages/airflow/example_dags/example_time_delta_sensor_async.py
[2024-12-04T13:41:11.411+0100] {processor.py:914} INFO - Processing file /Users/sijibomijoshua/airflow/airflow_env/lib/python3.11/site-packages/airflow/example_dags/example_time_delta_sensor_async.py for tasks to queue
[2024-12-04T13:41:11.412+0100] {logging_mixin.py:190} INFO - [2024-12-04T13:41:11.412+0100] {dagbag.py:588} INFO - Filling up the DagBag from /Users/sijibomijoshua/airflow/airflow_env/lib/python3.11/site-packages/airflow/example_dags/example_time_delta_sensor_async.py
[2024-12-04T13:41:11.415+0100] {processor.py:925} INFO - DAG(s) 'example_time_delta_sensor_async' retrieved from /Users/sijibomijoshua/airflow/airflow_env/lib/python3.11/site-packages/airflow/example_dags/example_time_delta_sensor_async.py
[2024-12-04T13:41:11.631+0100] {logging_mixin.py:190} INFO - [2024-12-04T13:41:11.631+0100] {dag.py:3239} INFO - Sync 1 DAGs
[2024-12-04T13:41:11.635+0100] {logging_mixin.py:190} INFO - [2024-12-04T13:41:11.635+0100] {dag.py:4180} INFO - Setting next_dagrun for example_time_delta_sensor_async to None, run_after=None
[2024-12-04T13:41:11.642+0100] {processor.py:208} INFO - Processing /Users/sijibomijoshua/airflow/airflow_env/lib/python3.11/site-packages/airflow/example_dags/example_time_delta_sensor_async.py took 0.233 seconds
[2024-12-04T13:42:16.753+0100] {processor.py:186} INFO - Started process (PID=41509) to work on /Users/sijibomijoshua/airflow/airflow_env/lib/python3.11/site-packages/airflow/example_dags/example_time_delta_sensor_async.py
[2024-12-04T13:42:16.754+0100] {processor.py:914} INFO - Processing file /Users/sijibomijoshua/airflow/airflow_env/lib/python3.11/site-packages/airflow/example_dags/example_time_delta_sensor_async.py for tasks to queue
[2024-12-04T13:42:16.755+0100] {logging_mixin.py:190} INFO - [2024-12-04T13:42:16.755+0100] {dagbag.py:588} INFO - Filling up the DagBag from /Users/sijibomijoshua/airflow/airflow_env/lib/python3.11/site-packages/airflow/example_dags/example_time_delta_sensor_async.py
[2024-12-04T13:42:16.759+0100] {processor.py:925} INFO - DAG(s) 'example_time_delta_sensor_async' retrieved from /Users/sijibomijoshua/airflow/airflow_env/lib/python3.11/site-packages/airflow/example_dags/example_time_delta_sensor_async.py
[2024-12-04T13:42:17.009+0100] {logging_mixin.py:190} INFO - [2024-12-04T13:42:17.009+0100] {dag.py:3239} INFO - Sync 1 DAGs
[2024-12-04T13:42:17.013+0100] {logging_mixin.py:190} INFO - [2024-12-04T13:42:17.013+0100] {dag.py:4180} INFO - Setting next_dagrun for example_time_delta_sensor_async to None, run_after=None
[2024-12-04T13:42:17.019+0100] {processor.py:208} INFO - Processing /Users/sijibomijoshua/airflow/airflow_env/lib/python3.11/site-packages/airflow/example_dags/example_time_delta_sensor_async.py took 0.268 seconds
[2024-12-04T13:43:23.509+0100] {processor.py:186} INFO - Started process (PID=42966) to work on /Users/sijibomijoshua/airflow/airflow_env/lib/python3.11/site-packages/airflow/example_dags/example_time_delta_sensor_async.py
[2024-12-04T13:43:23.509+0100] {processor.py:914} INFO - Processing file /Users/sijibomijoshua/airflow/airflow_env/lib/python3.11/site-packages/airflow/example_dags/example_time_delta_sensor_async.py for tasks to queue
[2024-12-04T13:43:23.510+0100] {logging_mixin.py:190} INFO - [2024-12-04T13:43:23.510+0100] {dagbag.py:588} INFO - Filling up the DagBag from /Users/sijibomijoshua/airflow/airflow_env/lib/python3.11/site-packages/airflow/example_dags/example_time_delta_sensor_async.py
[2024-12-04T13:43:23.514+0100] {processor.py:925} INFO - DAG(s) 'example_time_delta_sensor_async' retrieved from /Users/sijibomijoshua/airflow/airflow_env/lib/python3.11/site-packages/airflow/example_dags/example_time_delta_sensor_async.py
[2024-12-04T13:43:23.771+0100] {logging_mixin.py:190} INFO - [2024-12-04T13:43:23.771+0100] {dag.py:3239} INFO - Sync 1 DAGs
[2024-12-04T13:43:23.775+0100] {logging_mixin.py:190} INFO - [2024-12-04T13:43:23.775+0100] {dag.py:4180} INFO - Setting next_dagrun for example_time_delta_sensor_async to None, run_after=None
[2024-12-04T13:43:23.782+0100] {processor.py:208} INFO - Processing /Users/sijibomijoshua/airflow/airflow_env/lib/python3.11/site-packages/airflow/example_dags/example_time_delta_sensor_async.py took 0.274 seconds
[2024-12-04T14:01:31.478+0100] {processor.py:186} INFO - Started process (PID=55316) to work on /Users/sijibomijoshua/airflow/airflow_env/lib/python3.11/site-packages/airflow/example_dags/example_time_delta_sensor_async.py
[2024-12-04T14:01:31.479+0100] {processor.py:914} INFO - Processing file /Users/sijibomijoshua/airflow/airflow_env/lib/python3.11/site-packages/airflow/example_dags/example_time_delta_sensor_async.py for tasks to queue
[2024-12-04T14:01:31.480+0100] {logging_mixin.py:190} INFO - [2024-12-04T14:01:31.480+0100] {dagbag.py:588} INFO - Filling up the DagBag from /Users/sijibomijoshua/airflow/airflow_env/lib/python3.11/site-packages/airflow/example_dags/example_time_delta_sensor_async.py
[2024-12-04T14:01:31.487+0100] {processor.py:925} INFO - DAG(s) 'example_time_delta_sensor_async' retrieved from /Users/sijibomijoshua/airflow/airflow_env/lib/python3.11/site-packages/airflow/example_dags/example_time_delta_sensor_async.py
[2024-12-04T14:01:31.688+0100] {logging_mixin.py:190} INFO - [2024-12-04T14:01:31.688+0100] {dag.py:3239} INFO - Sync 1 DAGs
[2024-12-04T14:01:31.694+0100] {logging_mixin.py:190} INFO - [2024-12-04T14:01:31.693+0100] {dag.py:4180} INFO - Setting next_dagrun for example_time_delta_sensor_async to None, run_after=None
[2024-12-04T14:01:31.701+0100] {processor.py:208} INFO - Processing /Users/sijibomijoshua/airflow/airflow_env/lib/python3.11/site-packages/airflow/example_dags/example_time_delta_sensor_async.py took 0.224 seconds
