[2024-12-04T12:41:27.818+0100] {processor.py:186} INFO - Started process (PID=82162) to work on /Users/sijibomijoshua/.pyenv/versions/3.11.6/lib/python3.11/site-packages/airflow/example_dags/example_task_group_decorator.py
[2024-12-04T12:41:27.819+0100] {processor.py:914} INFO - Processing file /Users/sijibomijoshua/.pyenv/versions/3.11.6/lib/python3.11/site-packages/airflow/example_dags/example_task_group_decorator.py for tasks to queue
[2024-12-04T12:41:27.820+0100] {logging_mixin.py:190} INFO - [2024-12-04T12:41:27.820+0100] {dagbag.py:588} INFO - Filling up the DagBag from /Users/sijibomijoshua/.pyenv/versions/3.11.6/lib/python3.11/site-packages/airflow/example_dags/example_task_group_decorator.py
[2024-12-04T12:41:27.849+0100] {processor.py:925} INFO - DAG(s) 'example_task_group_decorator' retrieved from /Users/sijibomijoshua/.pyenv/versions/3.11.6/lib/python3.11/site-packages/airflow/example_dags/example_task_group_decorator.py
[2024-12-04T12:41:28.233+0100] {logging_mixin.py:190} INFO - [2024-12-04T12:41:28.233+0100] {override.py:1911} INFO - Created Permission View: can delete on DAG:example_task_group_decorator
[2024-12-04T12:41:28.237+0100] {logging_mixin.py:190} INFO - [2024-12-04T12:41:28.237+0100] {override.py:1911} INFO - Created Permission View: can edit on DAG:example_task_group_decorator
[2024-12-04T12:41:28.239+0100] {logging_mixin.py:190} INFO - [2024-12-04T12:41:28.239+0100] {override.py:1911} INFO - Created Permission View: can read on DAG:example_task_group_decorator
[2024-12-04T12:41:28.242+0100] {logging_mixin.py:190} INFO - [2024-12-04T12:41:28.242+0100] {override.py:1911} INFO - Created Permission View: can delete on DAG Run:example_task_group_decorator
[2024-12-04T12:41:28.245+0100] {logging_mixin.py:190} INFO - [2024-12-04T12:41:28.245+0100] {override.py:1911} INFO - Created Permission View: can create on DAG Run:example_task_group_decorator
[2024-12-04T12:41:28.253+0100] {logging_mixin.py:190} INFO - [2024-12-04T12:41:28.253+0100] {override.py:1911} INFO - Created Permission View: can read on DAG Run:example_task_group_decorator
[2024-12-04T12:41:28.255+0100] {logging_mixin.py:190} INFO - [2024-12-04T12:41:28.255+0100] {override.py:1911} INFO - Created Permission View: menu access on DAG Run:example_task_group_decorator
[2024-12-04T12:41:28.255+0100] {logging_mixin.py:190} INFO - [2024-12-04T12:41:28.255+0100] {dag.py:3239} INFO - Sync 1 DAGs
[2024-12-04T12:41:28.260+0100] {logging_mixin.py:190} INFO - [2024-12-04T12:41:28.260+0100] {dag.py:3262} INFO - Creating ORM DAG for example_task_group_decorator
[2024-12-04T12:41:28.260+0100] {logging_mixin.py:190} INFO - [2024-12-04T12:41:28.260+0100] {dag.py:4180} INFO - Setting next_dagrun for example_task_group_decorator to None, run_after=None
[2024-12-04T12:41:28.268+0100] {processor.py:208} INFO - Processing /Users/sijibomijoshua/.pyenv/versions/3.11.6/lib/python3.11/site-packages/airflow/example_dags/example_task_group_decorator.py took 0.452 seconds
[2024-12-04T12:42:15.413+0100] {processor.py:186} INFO - Started process (PID=82940) to work on /Users/sijibomijoshua/.pyenv/versions/3.11.6/lib/python3.11/site-packages/airflow/example_dags/example_task_group_decorator.py
[2024-12-04T12:42:15.413+0100] {processor.py:914} INFO - Processing file /Users/sijibomijoshua/.pyenv/versions/3.11.6/lib/python3.11/site-packages/airflow/example_dags/example_task_group_decorator.py for tasks to queue
[2024-12-04T12:42:15.414+0100] {logging_mixin.py:190} INFO - [2024-12-04T12:42:15.414+0100] {dagbag.py:588} INFO - Filling up the DagBag from /Users/sijibomijoshua/.pyenv/versions/3.11.6/lib/python3.11/site-packages/airflow/example_dags/example_task_group_decorator.py
[2024-12-04T12:42:15.431+0100] {processor.py:925} INFO - DAG(s) 'example_task_group_decorator' retrieved from /Users/sijibomijoshua/.pyenv/versions/3.11.6/lib/python3.11/site-packages/airflow/example_dags/example_task_group_decorator.py
[2024-12-04T12:42:15.489+0100] {logging_mixin.py:190} INFO - [2024-12-04T12:42:15.489+0100] {dag.py:3239} INFO - Sync 1 DAGs
[2024-12-04T12:42:15.494+0100] {logging_mixin.py:190} INFO - [2024-12-04T12:42:15.494+0100] {dag.py:4180} INFO - Setting next_dagrun for example_task_group_decorator to None, run_after=None
[2024-12-04T12:42:15.500+0100] {processor.py:208} INFO - Processing /Users/sijibomijoshua/.pyenv/versions/3.11.6/lib/python3.11/site-packages/airflow/example_dags/example_task_group_decorator.py took 0.089 seconds
[2024-12-04T12:43:54.611+0100] {processor.py:186} INFO - Started process (PID=84487) to work on /Users/sijibomijoshua/.pyenv/versions/3.11.6/lib/python3.11/site-packages/airflow/example_dags/example_task_group_decorator.py
[2024-12-04T12:43:54.611+0100] {processor.py:914} INFO - Processing file /Users/sijibomijoshua/.pyenv/versions/3.11.6/lib/python3.11/site-packages/airflow/example_dags/example_task_group_decorator.py for tasks to queue
[2024-12-04T12:43:54.612+0100] {logging_mixin.py:190} INFO - [2024-12-04T12:43:54.612+0100] {dagbag.py:588} INFO - Filling up the DagBag from /Users/sijibomijoshua/.pyenv/versions/3.11.6/lib/python3.11/site-packages/airflow/example_dags/example_task_group_decorator.py
[2024-12-04T12:43:54.631+0100] {processor.py:925} INFO - DAG(s) 'example_task_group_decorator' retrieved from /Users/sijibomijoshua/.pyenv/versions/3.11.6/lib/python3.11/site-packages/airflow/example_dags/example_task_group_decorator.py
[2024-12-04T12:43:54.690+0100] {logging_mixin.py:190} INFO - [2024-12-04T12:43:54.690+0100] {dag.py:3239} INFO - Sync 1 DAGs
[2024-12-04T12:43:54.694+0100] {logging_mixin.py:190} INFO - [2024-12-04T12:43:54.694+0100] {dag.py:4180} INFO - Setting next_dagrun for example_task_group_decorator to None, run_after=None
[2024-12-04T12:43:54.700+0100] {processor.py:208} INFO - Processing /Users/sijibomijoshua/.pyenv/versions/3.11.6/lib/python3.11/site-packages/airflow/example_dags/example_task_group_decorator.py took 0.091 seconds
[2024-12-04T12:45:02.857+0100] {processor.py:186} INFO - Started process (PID=85567) to work on /Users/sijibomijoshua/.pyenv/versions/3.11.6/lib/python3.11/site-packages/airflow/example_dags/example_task_group_decorator.py
[2024-12-04T12:45:02.857+0100] {processor.py:914} INFO - Processing file /Users/sijibomijoshua/.pyenv/versions/3.11.6/lib/python3.11/site-packages/airflow/example_dags/example_task_group_decorator.py for tasks to queue
[2024-12-04T12:45:02.858+0100] {logging_mixin.py:190} INFO - [2024-12-04T12:45:02.858+0100] {dagbag.py:588} INFO - Filling up the DagBag from /Users/sijibomijoshua/.pyenv/versions/3.11.6/lib/python3.11/site-packages/airflow/example_dags/example_task_group_decorator.py
[2024-12-04T12:45:02.874+0100] {processor.py:925} INFO - DAG(s) 'example_task_group_decorator' retrieved from /Users/sijibomijoshua/.pyenv/versions/3.11.6/lib/python3.11/site-packages/airflow/example_dags/example_task_group_decorator.py
[2024-12-04T12:45:02.934+0100] {logging_mixin.py:190} INFO - [2024-12-04T12:45:02.933+0100] {dag.py:3239} INFO - Sync 1 DAGs
[2024-12-04T12:45:02.938+0100] {logging_mixin.py:190} INFO - [2024-12-04T12:45:02.938+0100] {dag.py:4180} INFO - Setting next_dagrun for example_task_group_decorator to None, run_after=None
[2024-12-04T12:45:02.945+0100] {processor.py:208} INFO - Processing /Users/sijibomijoshua/.pyenv/versions/3.11.6/lib/python3.11/site-packages/airflow/example_dags/example_task_group_decorator.py took 0.090 seconds
[2024-12-04T12:46:10.173+0100] {processor.py:186} INFO - Started process (PID=86586) to work on /Users/sijibomijoshua/.pyenv/versions/3.11.6/lib/python3.11/site-packages/airflow/example_dags/example_task_group_decorator.py
[2024-12-04T12:46:10.173+0100] {processor.py:914} INFO - Processing file /Users/sijibomijoshua/.pyenv/versions/3.11.6/lib/python3.11/site-packages/airflow/example_dags/example_task_group_decorator.py for tasks to queue
[2024-12-04T12:46:10.174+0100] {logging_mixin.py:190} INFO - [2024-12-04T12:46:10.174+0100] {dagbag.py:588} INFO - Filling up the DagBag from /Users/sijibomijoshua/.pyenv/versions/3.11.6/lib/python3.11/site-packages/airflow/example_dags/example_task_group_decorator.py
[2024-12-04T12:46:10.191+0100] {processor.py:925} INFO - DAG(s) 'example_task_group_decorator' retrieved from /Users/sijibomijoshua/.pyenv/versions/3.11.6/lib/python3.11/site-packages/airflow/example_dags/example_task_group_decorator.py
[2024-12-04T12:46:10.252+0100] {logging_mixin.py:190} INFO - [2024-12-04T12:46:10.252+0100] {dag.py:3239} INFO - Sync 1 DAGs
[2024-12-04T12:46:10.256+0100] {logging_mixin.py:190} INFO - [2024-12-04T12:46:10.256+0100] {dag.py:4180} INFO - Setting next_dagrun for example_task_group_decorator to None, run_after=None
[2024-12-04T12:46:10.262+0100] {processor.py:208} INFO - Processing /Users/sijibomijoshua/.pyenv/versions/3.11.6/lib/python3.11/site-packages/airflow/example_dags/example_task_group_decorator.py took 0.091 seconds
[2024-12-04T12:47:18.999+0100] {processor.py:186} INFO - Started process (PID=87669) to work on /Users/sijibomijoshua/.pyenv/versions/3.11.6/lib/python3.11/site-packages/airflow/example_dags/example_task_group_decorator.py
[2024-12-04T12:47:18.999+0100] {processor.py:914} INFO - Processing file /Users/sijibomijoshua/.pyenv/versions/3.11.6/lib/python3.11/site-packages/airflow/example_dags/example_task_group_decorator.py for tasks to queue
[2024-12-04T12:47:19.001+0100] {logging_mixin.py:190} INFO - [2024-12-04T12:47:19.000+0100] {dagbag.py:588} INFO - Filling up the DagBag from /Users/sijibomijoshua/.pyenv/versions/3.11.6/lib/python3.11/site-packages/airflow/example_dags/example_task_group_decorator.py
[2024-12-04T12:47:19.016+0100] {processor.py:925} INFO - DAG(s) 'example_task_group_decorator' retrieved from /Users/sijibomijoshua/.pyenv/versions/3.11.6/lib/python3.11/site-packages/airflow/example_dags/example_task_group_decorator.py
[2024-12-04T12:47:19.074+0100] {logging_mixin.py:190} INFO - [2024-12-04T12:47:19.074+0100] {dag.py:3239} INFO - Sync 1 DAGs
[2024-12-04T12:47:19.078+0100] {logging_mixin.py:190} INFO - [2024-12-04T12:47:19.078+0100] {dag.py:4180} INFO - Setting next_dagrun for example_task_group_decorator to None, run_after=None
[2024-12-04T12:47:19.084+0100] {processor.py:208} INFO - Processing /Users/sijibomijoshua/.pyenv/versions/3.11.6/lib/python3.11/site-packages/airflow/example_dags/example_task_group_decorator.py took 0.087 seconds
[2024-12-04T12:48:27.939+0100] {processor.py:186} INFO - Started process (PID=88713) to work on /Users/sijibomijoshua/.pyenv/versions/3.11.6/lib/python3.11/site-packages/airflow/example_dags/example_task_group_decorator.py
[2024-12-04T12:48:27.940+0100] {processor.py:914} INFO - Processing file /Users/sijibomijoshua/.pyenv/versions/3.11.6/lib/python3.11/site-packages/airflow/example_dags/example_task_group_decorator.py for tasks to queue
[2024-12-04T12:48:27.941+0100] {logging_mixin.py:190} INFO - [2024-12-04T12:48:27.941+0100] {dagbag.py:588} INFO - Filling up the DagBag from /Users/sijibomijoshua/.pyenv/versions/3.11.6/lib/python3.11/site-packages/airflow/example_dags/example_task_group_decorator.py
[2024-12-04T12:48:27.958+0100] {processor.py:925} INFO - DAG(s) 'example_task_group_decorator' retrieved from /Users/sijibomijoshua/.pyenv/versions/3.11.6/lib/python3.11/site-packages/airflow/example_dags/example_task_group_decorator.py
[2024-12-04T12:48:28.019+0100] {logging_mixin.py:190} INFO - [2024-12-04T12:48:28.019+0100] {dag.py:3239} INFO - Sync 1 DAGs
[2024-12-04T12:48:28.023+0100] {logging_mixin.py:190} INFO - [2024-12-04T12:48:28.023+0100] {dag.py:4180} INFO - Setting next_dagrun for example_task_group_decorator to None, run_after=None
[2024-12-04T12:48:28.030+0100] {processor.py:208} INFO - Processing /Users/sijibomijoshua/.pyenv/versions/3.11.6/lib/python3.11/site-packages/airflow/example_dags/example_task_group_decorator.py took 0.093 seconds
[2024-12-04T13:23:38.374+0100] {processor.py:186} INFO - Started process (PID=17969) to work on /Users/sijibomijoshua/.pyenv/versions/3.11.6/lib/python3.11/site-packages/airflow/example_dags/example_task_group_decorator.py
[2024-12-04T13:23:38.375+0100] {processor.py:914} INFO - Processing file /Users/sijibomijoshua/.pyenv/versions/3.11.6/lib/python3.11/site-packages/airflow/example_dags/example_task_group_decorator.py for tasks to queue
[2024-12-04T13:23:38.376+0100] {logging_mixin.py:190} INFO - [2024-12-04T13:23:38.376+0100] {dagbag.py:588} INFO - Filling up the DagBag from /Users/sijibomijoshua/.pyenv/versions/3.11.6/lib/python3.11/site-packages/airflow/example_dags/example_task_group_decorator.py
[2024-12-04T13:23:38.393+0100] {processor.py:925} INFO - DAG(s) 'example_task_group_decorator' retrieved from /Users/sijibomijoshua/.pyenv/versions/3.11.6/lib/python3.11/site-packages/airflow/example_dags/example_task_group_decorator.py
[2024-12-04T13:23:38.454+0100] {logging_mixin.py:190} INFO - [2024-12-04T13:23:38.454+0100] {dag.py:3239} INFO - Sync 1 DAGs
[2024-12-04T13:23:38.458+0100] {logging_mixin.py:190} INFO - [2024-12-04T13:23:38.458+0100] {dag.py:4180} INFO - Setting next_dagrun for example_task_group_decorator to None, run_after=None
[2024-12-04T13:23:38.465+0100] {processor.py:208} INFO - Processing /Users/sijibomijoshua/.pyenv/versions/3.11.6/lib/python3.11/site-packages/airflow/example_dags/example_task_group_decorator.py took 0.094 seconds
[2024-12-04T13:25:19.037+0100] {processor.py:186} INFO - Started process (PID=19772) to work on /Users/sijibomijoshua/.pyenv/versions/3.11.6/lib/python3.11/site-packages/airflow/example_dags/example_task_group_decorator.py
[2024-12-04T13:25:19.037+0100] {processor.py:914} INFO - Processing file /Users/sijibomijoshua/.pyenv/versions/3.11.6/lib/python3.11/site-packages/airflow/example_dags/example_task_group_decorator.py for tasks to queue
[2024-12-04T13:25:19.038+0100] {logging_mixin.py:190} INFO - [2024-12-04T13:25:19.038+0100] {dagbag.py:588} INFO - Filling up the DagBag from /Users/sijibomijoshua/.pyenv/versions/3.11.6/lib/python3.11/site-packages/airflow/example_dags/example_task_group_decorator.py
[2024-12-04T13:25:19.054+0100] {processor.py:925} INFO - DAG(s) 'example_task_group_decorator' retrieved from /Users/sijibomijoshua/.pyenv/versions/3.11.6/lib/python3.11/site-packages/airflow/example_dags/example_task_group_decorator.py
[2024-12-04T13:25:19.113+0100] {logging_mixin.py:190} INFO - [2024-12-04T13:25:19.113+0100] {dag.py:3239} INFO - Sync 1 DAGs
[2024-12-04T13:25:19.117+0100] {logging_mixin.py:190} INFO - [2024-12-04T13:25:19.117+0100] {dag.py:4180} INFO - Setting next_dagrun for example_task_group_decorator to None, run_after=None
[2024-12-04T13:25:19.123+0100] {processor.py:208} INFO - Processing /Users/sijibomijoshua/.pyenv/versions/3.11.6/lib/python3.11/site-packages/airflow/example_dags/example_task_group_decorator.py took 0.088 seconds
[2024-12-04T13:37:14.120+0100] {processor.py:186} INFO - Started process (PID=34708) to work on /Users/sijibomijoshua/airflow/airflow_env/lib/python3.11/site-packages/airflow/example_dags/example_task_group_decorator.py
[2024-12-04T13:37:14.120+0100] {processor.py:914} INFO - Processing file /Users/sijibomijoshua/airflow/airflow_env/lib/python3.11/site-packages/airflow/example_dags/example_task_group_decorator.py for tasks to queue
[2024-12-04T13:37:14.121+0100] {logging_mixin.py:190} INFO - [2024-12-04T13:37:14.121+0100] {dagbag.py:588} INFO - Filling up the DagBag from /Users/sijibomijoshua/airflow/airflow_env/lib/python3.11/site-packages/airflow/example_dags/example_task_group_decorator.py
[2024-12-04T13:37:14.139+0100] {processor.py:925} INFO - DAG(s) 'example_task_group_decorator' retrieved from /Users/sijibomijoshua/airflow/airflow_env/lib/python3.11/site-packages/airflow/example_dags/example_task_group_decorator.py
[2024-12-04T13:37:14.236+0100] {logging_mixin.py:190} INFO - [2024-12-04T13:37:14.236+0100] {dag.py:3239} INFO - Sync 1 DAGs
[2024-12-04T13:37:14.240+0100] {logging_mixin.py:190} INFO - [2024-12-04T13:37:14.240+0100] {dag.py:4180} INFO - Setting next_dagrun for example_task_group_decorator to None, run_after=None
[2024-12-04T13:37:14.248+0100] {processor.py:208} INFO - Processing /Users/sijibomijoshua/airflow/airflow_env/lib/python3.11/site-packages/airflow/example_dags/example_task_group_decorator.py took 0.130 seconds
[2024-12-04T13:38:53.815+0100] {processor.py:186} INFO - Started process (PID=37002) to work on /Users/sijibomijoshua/airflow/airflow_env/lib/python3.11/site-packages/airflow/example_dags/example_task_group_decorator.py
[2024-12-04T13:38:53.816+0100] {processor.py:914} INFO - Processing file /Users/sijibomijoshua/airflow/airflow_env/lib/python3.11/site-packages/airflow/example_dags/example_task_group_decorator.py for tasks to queue
[2024-12-04T13:38:53.817+0100] {logging_mixin.py:190} INFO - [2024-12-04T13:38:53.816+0100] {dagbag.py:588} INFO - Filling up the DagBag from /Users/sijibomijoshua/airflow/airflow_env/lib/python3.11/site-packages/airflow/example_dags/example_task_group_decorator.py
[2024-12-04T13:38:53.832+0100] {processor.py:925} INFO - DAG(s) 'example_task_group_decorator' retrieved from /Users/sijibomijoshua/airflow/airflow_env/lib/python3.11/site-packages/airflow/example_dags/example_task_group_decorator.py
[2024-12-04T13:38:53.889+0100] {logging_mixin.py:190} INFO - [2024-12-04T13:38:53.889+0100] {dag.py:3239} INFO - Sync 1 DAGs
[2024-12-04T13:38:53.893+0100] {logging_mixin.py:190} INFO - [2024-12-04T13:38:53.893+0100] {dag.py:4180} INFO - Setting next_dagrun for example_task_group_decorator to None, run_after=None
[2024-12-04T13:38:53.899+0100] {processor.py:208} INFO - Processing /Users/sijibomijoshua/airflow/airflow_env/lib/python3.11/site-packages/airflow/example_dags/example_task_group_decorator.py took 0.086 seconds
[2024-12-04T13:40:05.475+0100] {processor.py:186} INFO - Started process (PID=38601) to work on /Users/sijibomijoshua/airflow/airflow_env/lib/python3.11/site-packages/airflow/example_dags/example_task_group_decorator.py
[2024-12-04T13:40:05.475+0100] {processor.py:914} INFO - Processing file /Users/sijibomijoshua/airflow/airflow_env/lib/python3.11/site-packages/airflow/example_dags/example_task_group_decorator.py for tasks to queue
[2024-12-04T13:40:05.476+0100] {logging_mixin.py:190} INFO - [2024-12-04T13:40:05.476+0100] {dagbag.py:588} INFO - Filling up the DagBag from /Users/sijibomijoshua/airflow/airflow_env/lib/python3.11/site-packages/airflow/example_dags/example_task_group_decorator.py
[2024-12-04T13:40:05.493+0100] {processor.py:925} INFO - DAG(s) 'example_task_group_decorator' retrieved from /Users/sijibomijoshua/airflow/airflow_env/lib/python3.11/site-packages/airflow/example_dags/example_task_group_decorator.py
[2024-12-04T13:40:05.569+0100] {logging_mixin.py:190} INFO - [2024-12-04T13:40:05.569+0100] {dag.py:3239} INFO - Sync 1 DAGs
[2024-12-04T13:40:05.574+0100] {logging_mixin.py:190} INFO - [2024-12-04T13:40:05.574+0100] {dag.py:4180} INFO - Setting next_dagrun for example_task_group_decorator to None, run_after=None
[2024-12-04T13:40:05.581+0100] {processor.py:208} INFO - Processing /Users/sijibomijoshua/airflow/airflow_env/lib/python3.11/site-packages/airflow/example_dags/example_task_group_decorator.py took 0.108 seconds
[2024-12-04T13:41:13.361+0100] {processor.py:186} INFO - Started process (PID=40107) to work on /Users/sijibomijoshua/airflow/airflow_env/lib/python3.11/site-packages/airflow/example_dags/example_task_group_decorator.py
[2024-12-04T13:41:13.361+0100] {processor.py:914} INFO - Processing file /Users/sijibomijoshua/airflow/airflow_env/lib/python3.11/site-packages/airflow/example_dags/example_task_group_decorator.py for tasks to queue
[2024-12-04T13:41:13.362+0100] {logging_mixin.py:190} INFO - [2024-12-04T13:41:13.362+0100] {dagbag.py:588} INFO - Filling up the DagBag from /Users/sijibomijoshua/airflow/airflow_env/lib/python3.11/site-packages/airflow/example_dags/example_task_group_decorator.py
[2024-12-04T13:41:13.377+0100] {processor.py:925} INFO - DAG(s) 'example_task_group_decorator' retrieved from /Users/sijibomijoshua/airflow/airflow_env/lib/python3.11/site-packages/airflow/example_dags/example_task_group_decorator.py
[2024-12-04T13:41:13.435+0100] {logging_mixin.py:190} INFO - [2024-12-04T13:41:13.435+0100] {dag.py:3239} INFO - Sync 1 DAGs
[2024-12-04T13:41:13.439+0100] {logging_mixin.py:190} INFO - [2024-12-04T13:41:13.439+0100] {dag.py:4180} INFO - Setting next_dagrun for example_task_group_decorator to None, run_after=None
[2024-12-04T13:41:13.446+0100] {processor.py:208} INFO - Processing /Users/sijibomijoshua/airflow/airflow_env/lib/python3.11/site-packages/airflow/example_dags/example_task_group_decorator.py took 0.086 seconds
[2024-12-04T13:42:18.721+0100] {processor.py:186} INFO - Started process (PID=41553) to work on /Users/sijibomijoshua/airflow/airflow_env/lib/python3.11/site-packages/airflow/example_dags/example_task_group_decorator.py
[2024-12-04T13:42:18.722+0100] {processor.py:914} INFO - Processing file /Users/sijibomijoshua/airflow/airflow_env/lib/python3.11/site-packages/airflow/example_dags/example_task_group_decorator.py for tasks to queue
[2024-12-04T13:42:18.723+0100] {logging_mixin.py:190} INFO - [2024-12-04T13:42:18.723+0100] {dagbag.py:588} INFO - Filling up the DagBag from /Users/sijibomijoshua/airflow/airflow_env/lib/python3.11/site-packages/airflow/example_dags/example_task_group_decorator.py
[2024-12-04T13:42:18.739+0100] {processor.py:925} INFO - DAG(s) 'example_task_group_decorator' retrieved from /Users/sijibomijoshua/airflow/airflow_env/lib/python3.11/site-packages/airflow/example_dags/example_task_group_decorator.py
[2024-12-04T13:42:18.798+0100] {logging_mixin.py:190} INFO - [2024-12-04T13:42:18.798+0100] {dag.py:3239} INFO - Sync 1 DAGs
[2024-12-04T13:42:18.802+0100] {logging_mixin.py:190} INFO - [2024-12-04T13:42:18.802+0100] {dag.py:4180} INFO - Setting next_dagrun for example_task_group_decorator to None, run_after=None
[2024-12-04T13:42:18.808+0100] {processor.py:208} INFO - Processing /Users/sijibomijoshua/airflow/airflow_env/lib/python3.11/site-packages/airflow/example_dags/example_task_group_decorator.py took 0.088 seconds
[2024-12-04T13:43:24.894+0100] {processor.py:186} INFO - Started process (PID=43010) to work on /Users/sijibomijoshua/airflow/airflow_env/lib/python3.11/site-packages/airflow/example_dags/example_task_group_decorator.py
[2024-12-04T13:43:24.895+0100] {processor.py:914} INFO - Processing file /Users/sijibomijoshua/airflow/airflow_env/lib/python3.11/site-packages/airflow/example_dags/example_task_group_decorator.py for tasks to queue
[2024-12-04T13:43:24.896+0100] {logging_mixin.py:190} INFO - [2024-12-04T13:43:24.896+0100] {dagbag.py:588} INFO - Filling up the DagBag from /Users/sijibomijoshua/airflow/airflow_env/lib/python3.11/site-packages/airflow/example_dags/example_task_group_decorator.py
[2024-12-04T13:43:24.912+0100] {processor.py:925} INFO - DAG(s) 'example_task_group_decorator' retrieved from /Users/sijibomijoshua/airflow/airflow_env/lib/python3.11/site-packages/airflow/example_dags/example_task_group_decorator.py
[2024-12-04T13:43:24.970+0100] {logging_mixin.py:190} INFO - [2024-12-04T13:43:24.970+0100] {dag.py:3239} INFO - Sync 1 DAGs
[2024-12-04T13:43:24.975+0100] {logging_mixin.py:190} INFO - [2024-12-04T13:43:24.974+0100] {dag.py:4180} INFO - Setting next_dagrun for example_task_group_decorator to None, run_after=None
[2024-12-04T13:43:24.981+0100] {processor.py:208} INFO - Processing /Users/sijibomijoshua/airflow/airflow_env/lib/python3.11/site-packages/airflow/example_dags/example_task_group_decorator.py took 0.088 seconds
[2024-12-04T14:01:33.473+0100] {processor.py:186} INFO - Started process (PID=55362) to work on /Users/sijibomijoshua/airflow/airflow_env/lib/python3.11/site-packages/airflow/example_dags/example_task_group_decorator.py
[2024-12-04T14:01:33.473+0100] {processor.py:914} INFO - Processing file /Users/sijibomijoshua/airflow/airflow_env/lib/python3.11/site-packages/airflow/example_dags/example_task_group_decorator.py for tasks to queue
[2024-12-04T14:01:33.475+0100] {logging_mixin.py:190} INFO - [2024-12-04T14:01:33.474+0100] {dagbag.py:588} INFO - Filling up the DagBag from /Users/sijibomijoshua/airflow/airflow_env/lib/python3.11/site-packages/airflow/example_dags/example_task_group_decorator.py
[2024-12-04T14:01:33.491+0100] {processor.py:925} INFO - DAG(s) 'example_task_group_decorator' retrieved from /Users/sijibomijoshua/airflow/airflow_env/lib/python3.11/site-packages/airflow/example_dags/example_task_group_decorator.py
[2024-12-04T14:01:33.548+0100] {logging_mixin.py:190} INFO - [2024-12-04T14:01:33.548+0100] {dag.py:3239} INFO - Sync 1 DAGs
[2024-12-04T14:01:33.553+0100] {logging_mixin.py:190} INFO - [2024-12-04T14:01:33.552+0100] {dag.py:4180} INFO - Setting next_dagrun for example_task_group_decorator to None, run_after=None
[2024-12-04T14:01:33.559+0100] {processor.py:208} INFO - Processing /Users/sijibomijoshua/airflow/airflow_env/lib/python3.11/site-packages/airflow/example_dags/example_task_group_decorator.py took 0.087 seconds
