[2024-12-04T12:43:06.127+0100] {processor.py:186} INFO - Started process (PID=83762) to work on /Users/sijibomijoshua/.pyenv/versions/3.11.6/lib/python3.11/site-packages/airflow/example_dags/example_dataset_alias.py
[2024-12-04T12:43:06.128+0100] {processor.py:914} INFO - Processing file /Users/sijibomijoshua/.pyenv/versions/3.11.6/lib/python3.11/site-packages/airflow/example_dags/example_dataset_alias.py for tasks to queue
[2024-12-04T12:43:06.129+0100] {logging_mixin.py:190} INFO - [2024-12-04T12:43:06.129+0100] {dagbag.py:588} INFO - Filling up the DagBag from /Users/sijibomijoshua/.pyenv/versions/3.11.6/lib/python3.11/site-packages/airflow/example_dags/example_dataset_alias.py
[2024-12-04T12:43:06.204+0100] {processor.py:925} INFO - DAG(s) 'dataset_s3_bucket_consumer', 'dataset_alias_example_alias_consumer', 'dataset_alias_example_alias_producer', 'dataset_s3_bucket_producer' retrieved from /Users/sijibomijoshua/.pyenv/versions/3.11.6/lib/python3.11/site-packages/airflow/example_dags/example_dataset_alias.py
[2024-12-04T12:43:06.237+0100] {logging_mixin.py:190} INFO - [2024-12-04T12:43:06.237+0100] {override.py:1911} INFO - Created Permission View: can delete on DAG:dataset_s3_bucket_consumer
[2024-12-04T12:43:06.240+0100] {logging_mixin.py:190} INFO - [2024-12-04T12:43:06.240+0100] {override.py:1911} INFO - Created Permission View: can read on DAG:dataset_s3_bucket_consumer
[2024-12-04T12:43:06.242+0100] {logging_mixin.py:190} INFO - [2024-12-04T12:43:06.242+0100] {override.py:1911} INFO - Created Permission View: can edit on DAG:dataset_s3_bucket_consumer
[2024-12-04T12:43:06.244+0100] {logging_mixin.py:190} INFO - [2024-12-04T12:43:06.244+0100] {override.py:1911} INFO - Created Permission View: can delete on DAG Run:dataset_s3_bucket_consumer
[2024-12-04T12:43:06.246+0100] {logging_mixin.py:190} INFO - [2024-12-04T12:43:06.246+0100] {override.py:1911} INFO - Created Permission View: can create on DAG Run:dataset_s3_bucket_consumer
[2024-12-04T12:43:06.248+0100] {logging_mixin.py:190} INFO - [2024-12-04T12:43:06.248+0100] {override.py:1911} INFO - Created Permission View: can read on DAG Run:dataset_s3_bucket_consumer
[2024-12-04T12:43:06.250+0100] {logging_mixin.py:190} INFO - [2024-12-04T12:43:06.250+0100] {override.py:1911} INFO - Created Permission View: menu access on DAG Run:dataset_s3_bucket_consumer
[2024-12-04T12:43:06.254+0100] {logging_mixin.py:190} INFO - [2024-12-04T12:43:06.254+0100] {override.py:1911} INFO - Created Permission View: can delete on DAG:dataset_alias_example_alias_consumer
[2024-12-04T12:43:06.256+0100] {logging_mixin.py:190} INFO - [2024-12-04T12:43:06.256+0100] {override.py:1911} INFO - Created Permission View: can read on DAG:dataset_alias_example_alias_consumer
[2024-12-04T12:43:06.257+0100] {logging_mixin.py:190} INFO - [2024-12-04T12:43:06.257+0100] {override.py:1911} INFO - Created Permission View: can edit on DAG:dataset_alias_example_alias_consumer
[2024-12-04T12:43:06.260+0100] {logging_mixin.py:190} INFO - [2024-12-04T12:43:06.260+0100] {override.py:1911} INFO - Created Permission View: can delete on DAG Run:dataset_alias_example_alias_consumer
[2024-12-04T12:43:06.261+0100] {logging_mixin.py:190} INFO - [2024-12-04T12:43:06.261+0100] {override.py:1911} INFO - Created Permission View: can create on DAG Run:dataset_alias_example_alias_consumer
[2024-12-04T12:43:06.263+0100] {logging_mixin.py:190} INFO - [2024-12-04T12:43:06.263+0100] {override.py:1911} INFO - Created Permission View: can read on DAG Run:dataset_alias_example_alias_consumer
[2024-12-04T12:43:06.265+0100] {logging_mixin.py:190} INFO - [2024-12-04T12:43:06.265+0100] {override.py:1911} INFO - Created Permission View: menu access on DAG Run:dataset_alias_example_alias_consumer
[2024-12-04T12:43:06.269+0100] {logging_mixin.py:190} INFO - [2024-12-04T12:43:06.269+0100] {override.py:1911} INFO - Created Permission View: can delete on DAG:dataset_alias_example_alias_producer
[2024-12-04T12:43:06.270+0100] {logging_mixin.py:190} INFO - [2024-12-04T12:43:06.270+0100] {override.py:1911} INFO - Created Permission View: can read on DAG:dataset_alias_example_alias_producer
[2024-12-04T12:43:06.272+0100] {logging_mixin.py:190} INFO - [2024-12-04T12:43:06.272+0100] {override.py:1911} INFO - Created Permission View: can edit on DAG:dataset_alias_example_alias_producer
[2024-12-04T12:43:06.275+0100] {logging_mixin.py:190} INFO - [2024-12-04T12:43:06.275+0100] {override.py:1911} INFO - Created Permission View: can delete on DAG Run:dataset_alias_example_alias_producer
[2024-12-04T12:43:06.276+0100] {logging_mixin.py:190} INFO - [2024-12-04T12:43:06.276+0100] {override.py:1911} INFO - Created Permission View: can create on DAG Run:dataset_alias_example_alias_producer
[2024-12-04T12:43:06.278+0100] {logging_mixin.py:190} INFO - [2024-12-04T12:43:06.278+0100] {override.py:1911} INFO - Created Permission View: can read on DAG Run:dataset_alias_example_alias_producer
[2024-12-04T12:43:06.280+0100] {logging_mixin.py:190} INFO - [2024-12-04T12:43:06.280+0100] {override.py:1911} INFO - Created Permission View: menu access on DAG Run:dataset_alias_example_alias_producer
[2024-12-04T12:43:06.283+0100] {logging_mixin.py:190} INFO - [2024-12-04T12:43:06.283+0100] {override.py:1911} INFO - Created Permission View: can delete on DAG:dataset_s3_bucket_producer
[2024-12-04T12:43:06.285+0100] {logging_mixin.py:190} INFO - [2024-12-04T12:43:06.285+0100] {override.py:1911} INFO - Created Permission View: can read on DAG:dataset_s3_bucket_producer
[2024-12-04T12:43:06.287+0100] {logging_mixin.py:190} INFO - [2024-12-04T12:43:06.287+0100] {override.py:1911} INFO - Created Permission View: can edit on DAG:dataset_s3_bucket_producer
[2024-12-04T12:43:06.289+0100] {logging_mixin.py:190} INFO - [2024-12-04T12:43:06.289+0100] {override.py:1911} INFO - Created Permission View: can delete on DAG Run:dataset_s3_bucket_producer
[2024-12-04T12:43:06.291+0100] {logging_mixin.py:190} INFO - [2024-12-04T12:43:06.291+0100] {override.py:1911} INFO - Created Permission View: can create on DAG Run:dataset_s3_bucket_producer
[2024-12-04T12:43:06.292+0100] {logging_mixin.py:190} INFO - [2024-12-04T12:43:06.292+0100] {override.py:1911} INFO - Created Permission View: can read on DAG Run:dataset_s3_bucket_producer
[2024-12-04T12:43:06.294+0100] {logging_mixin.py:190} INFO - [2024-12-04T12:43:06.294+0100] {override.py:1911} INFO - Created Permission View: menu access on DAG Run:dataset_s3_bucket_producer
[2024-12-04T12:43:06.294+0100] {logging_mixin.py:190} INFO - [2024-12-04T12:43:06.294+0100] {dag.py:3239} INFO - Sync 4 DAGs
[2024-12-04T12:43:06.298+0100] {logging_mixin.py:190} INFO - [2024-12-04T12:43:06.298+0100] {dag.py:3262} INFO - Creating ORM DAG for dataset_s3_bucket_producer
[2024-12-04T12:43:06.298+0100] {logging_mixin.py:190} INFO - [2024-12-04T12:43:06.298+0100] {dag.py:3262} INFO - Creating ORM DAG for dataset_alias_example_alias_consumer
[2024-12-04T12:43:06.298+0100] {logging_mixin.py:190} INFO - [2024-12-04T12:43:06.298+0100] {dag.py:3262} INFO - Creating ORM DAG for dataset_alias_example_alias_producer
[2024-12-04T12:43:06.298+0100] {logging_mixin.py:190} INFO - [2024-12-04T12:43:06.298+0100] {dag.py:3262} INFO - Creating ORM DAG for dataset_s3_bucket_consumer
[2024-12-04T12:43:06.301+0100] {logging_mixin.py:190} INFO - [2024-12-04T12:43:06.301+0100] {dag.py:4180} INFO - Setting next_dagrun for dataset_alias_example_alias_consumer to None, run_after=None
[2024-12-04T12:43:06.301+0100] {logging_mixin.py:190} INFO - [2024-12-04T12:43:06.301+0100] {dag.py:4180} INFO - Setting next_dagrun for dataset_alias_example_alias_producer to None, run_after=None
[2024-12-04T12:43:06.302+0100] {logging_mixin.py:190} INFO - [2024-12-04T12:43:06.302+0100] {dag.py:4180} INFO - Setting next_dagrun for dataset_s3_bucket_consumer to None, run_after=None
[2024-12-04T12:43:06.302+0100] {logging_mixin.py:190} INFO - [2024-12-04T12:43:06.302+0100] {dag.py:4180} INFO - Setting next_dagrun for dataset_s3_bucket_producer to None, run_after=None
[2024-12-04T12:43:06.464+0100] {processor.py:208} INFO - Processing /Users/sijibomijoshua/.pyenv/versions/3.11.6/lib/python3.11/site-packages/airflow/example_dags/example_dataset_alias.py took 0.339 seconds
[2024-12-04T12:45:21.429+0100] {processor.py:186} INFO - Started process (PID=85832) to work on /Users/sijibomijoshua/.pyenv/versions/3.11.6/lib/python3.11/site-packages/airflow/example_dags/example_dataset_alias.py
[2024-12-04T12:45:21.430+0100] {processor.py:914} INFO - Processing file /Users/sijibomijoshua/.pyenv/versions/3.11.6/lib/python3.11/site-packages/airflow/example_dags/example_dataset_alias.py for tasks to queue
[2024-12-04T12:45:21.431+0100] {logging_mixin.py:190} INFO - [2024-12-04T12:45:21.431+0100] {dagbag.py:588} INFO - Filling up the DagBag from /Users/sijibomijoshua/.pyenv/versions/3.11.6/lib/python3.11/site-packages/airflow/example_dags/example_dataset_alias.py
[2024-12-04T12:45:21.520+0100] {processor.py:925} INFO - DAG(s) 'dataset_alias_example_alias_producer', 'dataset_s3_bucket_producer', 'dataset_alias_example_alias_consumer', 'dataset_s3_bucket_consumer' retrieved from /Users/sijibomijoshua/.pyenv/versions/3.11.6/lib/python3.11/site-packages/airflow/example_dags/example_dataset_alias.py
[2024-12-04T12:45:21.529+0100] {logging_mixin.py:190} INFO - [2024-12-04T12:45:21.529+0100] {dag.py:3239} INFO - Sync 4 DAGs
[2024-12-04T12:45:21.536+0100] {logging_mixin.py:190} INFO - [2024-12-04T12:45:21.536+0100] {dag.py:4180} INFO - Setting next_dagrun for dataset_alias_example_alias_consumer to None, run_after=None
[2024-12-04T12:45:21.537+0100] {logging_mixin.py:190} INFO - [2024-12-04T12:45:21.537+0100] {dag.py:4180} INFO - Setting next_dagrun for dataset_alias_example_alias_producer to None, run_after=None
[2024-12-04T12:45:21.537+0100] {logging_mixin.py:190} INFO - [2024-12-04T12:45:21.537+0100] {dag.py:4180} INFO - Setting next_dagrun for dataset_s3_bucket_consumer to None, run_after=None
[2024-12-04T12:45:21.537+0100] {logging_mixin.py:190} INFO - [2024-12-04T12:45:21.537+0100] {dag.py:4180} INFO - Setting next_dagrun for dataset_s3_bucket_producer to None, run_after=None
[2024-12-04T12:45:21.545+0100] {processor.py:208} INFO - Processing /Users/sijibomijoshua/.pyenv/versions/3.11.6/lib/python3.11/site-packages/airflow/example_dags/example_dataset_alias.py took 0.118 seconds
[2024-12-04T12:47:40.061+0100] {processor.py:186} INFO - Started process (PID=87960) to work on /Users/sijibomijoshua/.pyenv/versions/3.11.6/lib/python3.11/site-packages/airflow/example_dags/example_dataset_alias.py
[2024-12-04T12:47:40.061+0100] {processor.py:914} INFO - Processing file /Users/sijibomijoshua/.pyenv/versions/3.11.6/lib/python3.11/site-packages/airflow/example_dags/example_dataset_alias.py for tasks to queue
[2024-12-04T12:47:40.062+0100] {logging_mixin.py:190} INFO - [2024-12-04T12:47:40.062+0100] {dagbag.py:588} INFO - Filling up the DagBag from /Users/sijibomijoshua/.pyenv/versions/3.11.6/lib/python3.11/site-packages/airflow/example_dags/example_dataset_alias.py
[2024-12-04T12:47:40.137+0100] {processor.py:925} INFO - DAG(s) 'dataset_alias_example_alias_consumer', 'dataset_alias_example_alias_producer', 'dataset_s3_bucket_consumer', 'dataset_s3_bucket_producer' retrieved from /Users/sijibomijoshua/.pyenv/versions/3.11.6/lib/python3.11/site-packages/airflow/example_dags/example_dataset_alias.py
[2024-12-04T12:47:40.145+0100] {logging_mixin.py:190} INFO - [2024-12-04T12:47:40.145+0100] {dag.py:3239} INFO - Sync 4 DAGs
[2024-12-04T12:47:40.152+0100] {logging_mixin.py:190} INFO - [2024-12-04T12:47:40.151+0100] {dag.py:4180} INFO - Setting next_dagrun for dataset_alias_example_alias_consumer to None, run_after=None
[2024-12-04T12:47:40.152+0100] {logging_mixin.py:190} INFO - [2024-12-04T12:47:40.152+0100] {dag.py:4180} INFO - Setting next_dagrun for dataset_alias_example_alias_producer to None, run_after=None
[2024-12-04T12:47:40.153+0100] {logging_mixin.py:190} INFO - [2024-12-04T12:47:40.153+0100] {dag.py:4180} INFO - Setting next_dagrun for dataset_s3_bucket_consumer to None, run_after=None
[2024-12-04T12:47:40.153+0100] {logging_mixin.py:190} INFO - [2024-12-04T12:47:40.153+0100] {dag.py:4180} INFO - Setting next_dagrun for dataset_s3_bucket_producer to None, run_after=None
[2024-12-04T12:47:40.160+0100] {processor.py:208} INFO - Processing /Users/sijibomijoshua/.pyenv/versions/3.11.6/lib/python3.11/site-packages/airflow/example_dags/example_dataset_alias.py took 0.101 seconds
[2024-12-04T13:26:09.469+0100] {processor.py:186} INFO - Started process (PID=20683) to work on /Users/sijibomijoshua/.pyenv/versions/3.11.6/lib/python3.11/site-packages/airflow/example_dags/example_dataset_alias.py
[2024-12-04T13:26:09.469+0100] {processor.py:914} INFO - Processing file /Users/sijibomijoshua/.pyenv/versions/3.11.6/lib/python3.11/site-packages/airflow/example_dags/example_dataset_alias.py for tasks to queue
[2024-12-04T13:26:09.470+0100] {logging_mixin.py:190} INFO - [2024-12-04T13:26:09.470+0100] {dagbag.py:588} INFO - Filling up the DagBag from /Users/sijibomijoshua/.pyenv/versions/3.11.6/lib/python3.11/site-packages/airflow/example_dags/example_dataset_alias.py
[2024-12-04T13:26:09.546+0100] {processor.py:925} INFO - DAG(s) 'dataset_alias_example_alias_producer', 'dataset_s3_bucket_consumer', 'dataset_alias_example_alias_consumer', 'dataset_s3_bucket_producer' retrieved from /Users/sijibomijoshua/.pyenv/versions/3.11.6/lib/python3.11/site-packages/airflow/example_dags/example_dataset_alias.py
[2024-12-04T13:26:09.554+0100] {logging_mixin.py:190} INFO - [2024-12-04T13:26:09.554+0100] {dag.py:3239} INFO - Sync 4 DAGs
[2024-12-04T13:26:09.560+0100] {logging_mixin.py:190} INFO - [2024-12-04T13:26:09.560+0100] {dag.py:4180} INFO - Setting next_dagrun for dataset_alias_example_alias_consumer to None, run_after=None
[2024-12-04T13:26:09.561+0100] {logging_mixin.py:190} INFO - [2024-12-04T13:26:09.561+0100] {dag.py:4180} INFO - Setting next_dagrun for dataset_alias_example_alias_producer to None, run_after=None
[2024-12-04T13:26:09.561+0100] {logging_mixin.py:190} INFO - [2024-12-04T13:26:09.561+0100] {dag.py:4180} INFO - Setting next_dagrun for dataset_s3_bucket_consumer to None, run_after=None
[2024-12-04T13:26:09.561+0100] {logging_mixin.py:190} INFO - [2024-12-04T13:26:09.561+0100] {dag.py:4180} INFO - Setting next_dagrun for dataset_s3_bucket_producer to None, run_after=None
[2024-12-04T13:26:09.568+0100] {processor.py:208} INFO - Processing /Users/sijibomijoshua/.pyenv/versions/3.11.6/lib/python3.11/site-packages/airflow/example_dags/example_dataset_alias.py took 0.101 seconds
[2024-12-04T13:38:03.320+0100] {processor.py:186} INFO - Started process (PID=35841) to work on /Users/sijibomijoshua/airflow/airflow_env/lib/python3.11/site-packages/airflow/example_dags/example_dataset_alias.py
[2024-12-04T13:38:03.321+0100] {processor.py:914} INFO - Processing file /Users/sijibomijoshua/airflow/airflow_env/lib/python3.11/site-packages/airflow/example_dags/example_dataset_alias.py for tasks to queue
[2024-12-04T13:38:03.322+0100] {logging_mixin.py:190} INFO - [2024-12-04T13:38:03.322+0100] {dagbag.py:588} INFO - Filling up the DagBag from /Users/sijibomijoshua/airflow/airflow_env/lib/python3.11/site-packages/airflow/example_dags/example_dataset_alias.py
[2024-12-04T13:38:03.401+0100] {processor.py:925} INFO - DAG(s) 'dataset_alias_example_alias_producer', 'dataset_s3_bucket_consumer', 'dataset_alias_example_alias_consumer', 'dataset_s3_bucket_producer' retrieved from /Users/sijibomijoshua/airflow/airflow_env/lib/python3.11/site-packages/airflow/example_dags/example_dataset_alias.py
[2024-12-04T13:38:03.447+0100] {logging_mixin.py:190} INFO - [2024-12-04T13:38:03.447+0100] {dag.py:3239} INFO - Sync 4 DAGs
[2024-12-04T13:38:03.454+0100] {logging_mixin.py:190} INFO - [2024-12-04T13:38:03.454+0100] {dag.py:4180} INFO - Setting next_dagrun for dataset_alias_example_alias_consumer to None, run_after=None
[2024-12-04T13:38:03.454+0100] {logging_mixin.py:190} INFO - [2024-12-04T13:38:03.454+0100] {dag.py:4180} INFO - Setting next_dagrun for dataset_alias_example_alias_producer to None, run_after=None
[2024-12-04T13:38:03.455+0100] {logging_mixin.py:190} INFO - [2024-12-04T13:38:03.455+0100] {dag.py:4180} INFO - Setting next_dagrun for dataset_s3_bucket_consumer to None, run_after=None
[2024-12-04T13:38:03.455+0100] {logging_mixin.py:190} INFO - [2024-12-04T13:38:03.455+0100] {dag.py:4180} INFO - Setting next_dagrun for dataset_s3_bucket_producer to None, run_after=None
[2024-12-04T13:38:03.462+0100] {processor.py:208} INFO - Processing /Users/sijibomijoshua/airflow/airflow_env/lib/python3.11/site-packages/airflow/example_dags/example_dataset_alias.py took 0.144 seconds
[2024-12-04T13:40:23.966+0100] {processor.py:186} INFO - Started process (PID=39018) to work on /Users/sijibomijoshua/airflow/airflow_env/lib/python3.11/site-packages/airflow/example_dags/example_dataset_alias.py
[2024-12-04T13:40:23.969+0100] {processor.py:914} INFO - Processing file /Users/sijibomijoshua/airflow/airflow_env/lib/python3.11/site-packages/airflow/example_dags/example_dataset_alias.py for tasks to queue
[2024-12-04T13:40:23.970+0100] {logging_mixin.py:190} INFO - [2024-12-04T13:40:23.970+0100] {dagbag.py:588} INFO - Filling up the DagBag from /Users/sijibomijoshua/airflow/airflow_env/lib/python3.11/site-packages/airflow/example_dags/example_dataset_alias.py
[2024-12-04T13:40:24.052+0100] {processor.py:925} INFO - DAG(s) 'dataset_s3_bucket_producer', 'dataset_s3_bucket_consumer', 'dataset_alias_example_alias_consumer', 'dataset_alias_example_alias_producer' retrieved from /Users/sijibomijoshua/airflow/airflow_env/lib/python3.11/site-packages/airflow/example_dags/example_dataset_alias.py
[2024-12-04T13:40:24.061+0100] {logging_mixin.py:190} INFO - [2024-12-04T13:40:24.061+0100] {dag.py:3239} INFO - Sync 4 DAGs
[2024-12-04T13:40:24.068+0100] {logging_mixin.py:190} INFO - [2024-12-04T13:40:24.067+0100] {dag.py:4180} INFO - Setting next_dagrun for dataset_alias_example_alias_consumer to None, run_after=None
[2024-12-04T13:40:24.068+0100] {logging_mixin.py:190} INFO - [2024-12-04T13:40:24.068+0100] {dag.py:4180} INFO - Setting next_dagrun for dataset_alias_example_alias_producer to None, run_after=None
[2024-12-04T13:40:24.069+0100] {logging_mixin.py:190} INFO - [2024-12-04T13:40:24.069+0100] {dag.py:4180} INFO - Setting next_dagrun for dataset_s3_bucket_consumer to None, run_after=None
[2024-12-04T13:40:24.069+0100] {logging_mixin.py:190} INFO - [2024-12-04T13:40:24.069+0100] {dag.py:4180} INFO - Setting next_dagrun for dataset_s3_bucket_producer to None, run_after=None
[2024-12-04T13:40:24.075+0100] {processor.py:208} INFO - Processing /Users/sijibomijoshua/airflow/airflow_env/lib/python3.11/site-packages/airflow/example_dags/example_dataset_alias.py took 0.113 seconds
[2024-12-04T13:42:35.294+0100] {processor.py:186} INFO - Started process (PID=41892) to work on /Users/sijibomijoshua/airflow/airflow_env/lib/python3.11/site-packages/airflow/example_dags/example_dataset_alias.py
[2024-12-04T13:42:35.295+0100] {processor.py:914} INFO - Processing file /Users/sijibomijoshua/airflow/airflow_env/lib/python3.11/site-packages/airflow/example_dags/example_dataset_alias.py for tasks to queue
[2024-12-04T13:42:35.296+0100] {logging_mixin.py:190} INFO - [2024-12-04T13:42:35.296+0100] {dagbag.py:588} INFO - Filling up the DagBag from /Users/sijibomijoshua/airflow/airflow_env/lib/python3.11/site-packages/airflow/example_dags/example_dataset_alias.py
[2024-12-04T13:42:35.380+0100] {processor.py:925} INFO - DAG(s) 'dataset_s3_bucket_producer', 'dataset_s3_bucket_consumer', 'dataset_alias_example_alias_consumer', 'dataset_alias_example_alias_producer' retrieved from /Users/sijibomijoshua/airflow/airflow_env/lib/python3.11/site-packages/airflow/example_dags/example_dataset_alias.py
[2024-12-04T13:42:35.388+0100] {logging_mixin.py:190} INFO - [2024-12-04T13:42:35.388+0100] {dag.py:3239} INFO - Sync 4 DAGs
[2024-12-04T13:42:35.394+0100] {logging_mixin.py:190} INFO - [2024-12-04T13:42:35.394+0100] {dag.py:4180} INFO - Setting next_dagrun for dataset_alias_example_alias_consumer to None, run_after=None
[2024-12-04T13:42:35.395+0100] {logging_mixin.py:190} INFO - [2024-12-04T13:42:35.395+0100] {dag.py:4180} INFO - Setting next_dagrun for dataset_alias_example_alias_producer to None, run_after=None
[2024-12-04T13:42:35.395+0100] {logging_mixin.py:190} INFO - [2024-12-04T13:42:35.395+0100] {dag.py:4180} INFO - Setting next_dagrun for dataset_s3_bucket_consumer to None, run_after=None
[2024-12-04T13:42:35.395+0100] {logging_mixin.py:190} INFO - [2024-12-04T13:42:35.395+0100] {dag.py:4180} INFO - Setting next_dagrun for dataset_s3_bucket_producer to None, run_after=None
[2024-12-04T13:42:35.402+0100] {processor.py:208} INFO - Processing /Users/sijibomijoshua/airflow/airflow_env/lib/python3.11/site-packages/airflow/example_dags/example_dataset_alias.py took 0.111 seconds
