[2024-12-04T12:43:10.033+0100] {processor.py:186} INFO - Started process (PID=83810) to work on /Users/sijibomijoshua/.pyenv/versions/3.11.6/lib/python3.11/site-packages/airflow/example_dags/example_complex.py
[2024-12-04T12:43:10.033+0100] {processor.py:914} INFO - Processing file /Users/sijibomijoshua/.pyenv/versions/3.11.6/lib/python3.11/site-packages/airflow/example_dags/example_complex.py for tasks to queue
[2024-12-04T12:43:10.034+0100] {logging_mixin.py:190} INFO - [2024-12-04T12:43:10.034+0100] {dagbag.py:588} INFO - Filling up the DagBag from /Users/sijibomijoshua/.pyenv/versions/3.11.6/lib/python3.11/site-packages/airflow/example_dags/example_complex.py
[2024-12-04T12:43:10.039+0100] {processor.py:925} INFO - DAG(s) 'example_complex' retrieved from /Users/sijibomijoshua/.pyenv/versions/3.11.6/lib/python3.11/site-packages/airflow/example_dags/example_complex.py
[2024-12-04T12:43:10.132+0100] {logging_mixin.py:190} INFO - [2024-12-04T12:43:10.132+0100] {override.py:1911} INFO - Created Permission View: can read on DAG:example_complex
[2024-12-04T12:43:10.135+0100] {logging_mixin.py:190} INFO - [2024-12-04T12:43:10.135+0100] {override.py:1911} INFO - Created Permission View: can delete on DAG:example_complex
[2024-12-04T12:43:10.137+0100] {logging_mixin.py:190} INFO - [2024-12-04T12:43:10.137+0100] {override.py:1911} INFO - Created Permission View: can edit on DAG:example_complex
[2024-12-04T12:43:10.140+0100] {logging_mixin.py:190} INFO - [2024-12-04T12:43:10.140+0100] {override.py:1911} INFO - Created Permission View: can create on DAG Run:example_complex
[2024-12-04T12:43:10.142+0100] {logging_mixin.py:190} INFO - [2024-12-04T12:43:10.142+0100] {override.py:1911} INFO - Created Permission View: menu access on DAG Run:example_complex
[2024-12-04T12:43:10.144+0100] {logging_mixin.py:190} INFO - [2024-12-04T12:43:10.143+0100] {override.py:1911} INFO - Created Permission View: can read on DAG Run:example_complex
[2024-12-04T12:43:10.145+0100] {logging_mixin.py:190} INFO - [2024-12-04T12:43:10.145+0100] {override.py:1911} INFO - Created Permission View: can delete on DAG Run:example_complex
[2024-12-04T12:43:10.145+0100] {logging_mixin.py:190} INFO - [2024-12-04T12:43:10.145+0100] {dag.py:3239} INFO - Sync 1 DAGs
[2024-12-04T12:43:10.150+0100] {logging_mixin.py:190} INFO - [2024-12-04T12:43:10.150+0100] {dag.py:3262} INFO - Creating ORM DAG for example_complex
[2024-12-04T12:43:10.150+0100] {logging_mixin.py:190} INFO - [2024-12-04T12:43:10.150+0100] {dag.py:4180} INFO - Setting next_dagrun for example_complex to None, run_after=None
[2024-12-04T12:43:10.156+0100] {processor.py:208} INFO - Processing /Users/sijibomijoshua/.pyenv/versions/3.11.6/lib/python3.11/site-packages/airflow/example_dags/example_complex.py took 0.125 seconds
[2024-12-04T12:45:25.273+0100] {processor.py:186} INFO - Started process (PID=85897) to work on /Users/sijibomijoshua/.pyenv/versions/3.11.6/lib/python3.11/site-packages/airflow/example_dags/example_complex.py
[2024-12-04T12:45:25.273+0100] {processor.py:914} INFO - Processing file /Users/sijibomijoshua/.pyenv/versions/3.11.6/lib/python3.11/site-packages/airflow/example_dags/example_complex.py for tasks to queue
[2024-12-04T12:45:25.274+0100] {logging_mixin.py:190} INFO - [2024-12-04T12:45:25.274+0100] {dagbag.py:588} INFO - Filling up the DagBag from /Users/sijibomijoshua/.pyenv/versions/3.11.6/lib/python3.11/site-packages/airflow/example_dags/example_complex.py
[2024-12-04T12:45:25.281+0100] {processor.py:925} INFO - DAG(s) 'example_complex' retrieved from /Users/sijibomijoshua/.pyenv/versions/3.11.6/lib/python3.11/site-packages/airflow/example_dags/example_complex.py
[2024-12-04T12:45:25.352+0100] {logging_mixin.py:190} INFO - [2024-12-04T12:45:25.351+0100] {dag.py:3239} INFO - Sync 1 DAGs
[2024-12-04T12:45:25.355+0100] {logging_mixin.py:190} INFO - [2024-12-04T12:45:25.355+0100] {dag.py:4180} INFO - Setting next_dagrun for example_complex to None, run_after=None
[2024-12-04T12:45:25.362+0100] {processor.py:208} INFO - Processing /Users/sijibomijoshua/.pyenv/versions/3.11.6/lib/python3.11/site-packages/airflow/example_dags/example_complex.py took 0.091 seconds
[2024-12-04T12:47:43.728+0100] {processor.py:186} INFO - Started process (PID=88022) to work on /Users/sijibomijoshua/.pyenv/versions/3.11.6/lib/python3.11/site-packages/airflow/example_dags/example_complex.py
[2024-12-04T12:47:43.729+0100] {processor.py:914} INFO - Processing file /Users/sijibomijoshua/.pyenv/versions/3.11.6/lib/python3.11/site-packages/airflow/example_dags/example_complex.py for tasks to queue
[2024-12-04T12:47:43.730+0100] {logging_mixin.py:190} INFO - [2024-12-04T12:47:43.730+0100] {dagbag.py:588} INFO - Filling up the DagBag from /Users/sijibomijoshua/.pyenv/versions/3.11.6/lib/python3.11/site-packages/airflow/example_dags/example_complex.py
[2024-12-04T12:47:43.737+0100] {processor.py:925} INFO - DAG(s) 'example_complex' retrieved from /Users/sijibomijoshua/.pyenv/versions/3.11.6/lib/python3.11/site-packages/airflow/example_dags/example_complex.py
[2024-12-04T12:47:43.799+0100] {logging_mixin.py:190} INFO - [2024-12-04T12:47:43.799+0100] {dag.py:3239} INFO - Sync 1 DAGs
[2024-12-04T12:47:43.803+0100] {logging_mixin.py:190} INFO - [2024-12-04T12:47:43.803+0100] {dag.py:4180} INFO - Setting next_dagrun for example_complex to None, run_after=None
[2024-12-04T12:47:43.810+0100] {processor.py:208} INFO - Processing /Users/sijibomijoshua/.pyenv/versions/3.11.6/lib/python3.11/site-packages/airflow/example_dags/example_complex.py took 0.083 seconds
[2024-12-04T13:26:13.130+0100] {processor.py:186} INFO - Started process (PID=20757) to work on /Users/sijibomijoshua/.pyenv/versions/3.11.6/lib/python3.11/site-packages/airflow/example_dags/example_complex.py
[2024-12-04T13:26:13.131+0100] {processor.py:914} INFO - Processing file /Users/sijibomijoshua/.pyenv/versions/3.11.6/lib/python3.11/site-packages/airflow/example_dags/example_complex.py for tasks to queue
[2024-12-04T13:26:13.132+0100] {logging_mixin.py:190} INFO - [2024-12-04T13:26:13.132+0100] {dagbag.py:588} INFO - Filling up the DagBag from /Users/sijibomijoshua/.pyenv/versions/3.11.6/lib/python3.11/site-packages/airflow/example_dags/example_complex.py
[2024-12-04T13:26:13.137+0100] {processor.py:925} INFO - DAG(s) 'example_complex' retrieved from /Users/sijibomijoshua/.pyenv/versions/3.11.6/lib/python3.11/site-packages/airflow/example_dags/example_complex.py
[2024-12-04T13:26:13.199+0100] {logging_mixin.py:190} INFO - [2024-12-04T13:26:13.199+0100] {dag.py:3239} INFO - Sync 1 DAGs
[2024-12-04T13:26:13.203+0100] {logging_mixin.py:190} INFO - [2024-12-04T13:26:13.203+0100] {dag.py:4180} INFO - Setting next_dagrun for example_complex to None, run_after=None
[2024-12-04T13:26:13.210+0100] {processor.py:208} INFO - Processing /Users/sijibomijoshua/.pyenv/versions/3.11.6/lib/python3.11/site-packages/airflow/example_dags/example_complex.py took 0.082 seconds
[2024-12-04T13:38:06.930+0100] {processor.py:186} INFO - Started process (PID=35943) to work on /Users/sijibomijoshua/airflow/airflow_env/lib/python3.11/site-packages/airflow/example_dags/example_complex.py
[2024-12-04T13:38:06.931+0100] {processor.py:914} INFO - Processing file /Users/sijibomijoshua/airflow/airflow_env/lib/python3.11/site-packages/airflow/example_dags/example_complex.py for tasks to queue
[2024-12-04T13:38:06.932+0100] {logging_mixin.py:190} INFO - [2024-12-04T13:38:06.932+0100] {dagbag.py:588} INFO - Filling up the DagBag from /Users/sijibomijoshua/airflow/airflow_env/lib/python3.11/site-packages/airflow/example_dags/example_complex.py
[2024-12-04T13:38:06.937+0100] {processor.py:925} INFO - DAG(s) 'example_complex' retrieved from /Users/sijibomijoshua/airflow/airflow_env/lib/python3.11/site-packages/airflow/example_dags/example_complex.py
[2024-12-04T13:38:07.027+0100] {logging_mixin.py:190} INFO - [2024-12-04T13:38:07.027+0100] {dag.py:3239} INFO - Sync 1 DAGs
[2024-12-04T13:38:07.031+0100] {logging_mixin.py:190} INFO - [2024-12-04T13:38:07.031+0100] {dag.py:4180} INFO - Setting next_dagrun for example_complex to None, run_after=None
[2024-12-04T13:38:07.038+0100] {processor.py:208} INFO - Processing /Users/sijibomijoshua/airflow/airflow_env/lib/python3.11/site-packages/airflow/example_dags/example_complex.py took 0.109 seconds
[2024-12-04T13:40:27.576+0100] {processor.py:186} INFO - Started process (PID=39075) to work on /Users/sijibomijoshua/airflow/airflow_env/lib/python3.11/site-packages/airflow/example_dags/example_complex.py
[2024-12-04T13:40:27.577+0100] {processor.py:914} INFO - Processing file /Users/sijibomijoshua/airflow/airflow_env/lib/python3.11/site-packages/airflow/example_dags/example_complex.py for tasks to queue
[2024-12-04T13:40:27.578+0100] {logging_mixin.py:190} INFO - [2024-12-04T13:40:27.578+0100] {dagbag.py:588} INFO - Filling up the DagBag from /Users/sijibomijoshua/airflow/airflow_env/lib/python3.11/site-packages/airflow/example_dags/example_complex.py
[2024-12-04T13:40:27.583+0100] {processor.py:925} INFO - DAG(s) 'example_complex' retrieved from /Users/sijibomijoshua/airflow/airflow_env/lib/python3.11/site-packages/airflow/example_dags/example_complex.py
[2024-12-04T13:40:27.644+0100] {logging_mixin.py:190} INFO - [2024-12-04T13:40:27.644+0100] {dag.py:3239} INFO - Sync 1 DAGs
[2024-12-04T13:40:27.648+0100] {logging_mixin.py:190} INFO - [2024-12-04T13:40:27.647+0100] {dag.py:4180} INFO - Setting next_dagrun for example_complex to None, run_after=None
[2024-12-04T13:40:27.655+0100] {processor.py:208} INFO - Processing /Users/sijibomijoshua/airflow/airflow_env/lib/python3.11/site-packages/airflow/example_dags/example_complex.py took 0.080 seconds
[2024-12-04T13:42:39.025+0100] {processor.py:186} INFO - Started process (PID=41983) to work on /Users/sijibomijoshua/airflow/airflow_env/lib/python3.11/site-packages/airflow/example_dags/example_complex.py
[2024-12-04T13:42:39.026+0100] {processor.py:914} INFO - Processing file /Users/sijibomijoshua/airflow/airflow_env/lib/python3.11/site-packages/airflow/example_dags/example_complex.py for tasks to queue
[2024-12-04T13:42:39.027+0100] {logging_mixin.py:190} INFO - [2024-12-04T13:42:39.027+0100] {dagbag.py:588} INFO - Filling up the DagBag from /Users/sijibomijoshua/airflow/airflow_env/lib/python3.11/site-packages/airflow/example_dags/example_complex.py
[2024-12-04T13:42:39.034+0100] {processor.py:925} INFO - DAG(s) 'example_complex' retrieved from /Users/sijibomijoshua/airflow/airflow_env/lib/python3.11/site-packages/airflow/example_dags/example_complex.py
[2024-12-04T13:42:39.111+0100] {logging_mixin.py:190} INFO - [2024-12-04T13:42:39.111+0100] {dag.py:3239} INFO - Sync 1 DAGs
[2024-12-04T13:42:39.115+0100] {logging_mixin.py:190} INFO - [2024-12-04T13:42:39.115+0100] {dag.py:4180} INFO - Setting next_dagrun for example_complex to None, run_after=None
[2024-12-04T13:42:39.123+0100] {processor.py:208} INFO - Processing /Users/sijibomijoshua/airflow/airflow_env/lib/python3.11/site-packages/airflow/example_dags/example_complex.py took 0.100 seconds
