[2024-12-04T12:42:54.943+0100] {processor.py:186} INFO - Started process (PID=83570) to work on /Users/sijibomijoshua/.pyenv/versions/3.11.6/lib/python3.11/site-packages/airflow/example_dags/example_external_task_marker_dag.py
[2024-12-04T12:42:54.944+0100] {processor.py:914} INFO - Processing file /Users/sijibomijoshua/.pyenv/versions/3.11.6/lib/python3.11/site-packages/airflow/example_dags/example_external_task_marker_dag.py for tasks to queue
[2024-12-04T12:42:54.945+0100] {logging_mixin.py:190} INFO - [2024-12-04T12:42:54.945+0100] {dagbag.py:588} INFO - Filling up the DagBag from /Users/sijibomijoshua/.pyenv/versions/3.11.6/lib/python3.11/site-packages/airflow/example_dags/example_external_task_marker_dag.py
[2024-12-04T12:42:54.950+0100] {processor.py:925} INFO - DAG(s) 'example_external_task_marker_child', 'example_external_task_marker_parent' retrieved from /Users/sijibomijoshua/.pyenv/versions/3.11.6/lib/python3.11/site-packages/airflow/example_dags/example_external_task_marker_dag.py
[2024-12-04T12:42:55.254+0100] {logging_mixin.py:190} INFO - [2024-12-04T12:42:55.253+0100] {override.py:1911} INFO - Created Permission View: can read on DAG:example_external_task_marker_child
[2024-12-04T12:42:55.257+0100] {logging_mixin.py:190} INFO - [2024-12-04T12:42:55.256+0100] {override.py:1911} INFO - Created Permission View: can edit on DAG:example_external_task_marker_child
[2024-12-04T12:42:55.258+0100] {logging_mixin.py:190} INFO - [2024-12-04T12:42:55.258+0100] {override.py:1911} INFO - Created Permission View: can delete on DAG:example_external_task_marker_child
[2024-12-04T12:42:55.261+0100] {logging_mixin.py:190} INFO - [2024-12-04T12:42:55.261+0100] {override.py:1911} INFO - Created Permission View: can read on DAG Run:example_external_task_marker_child
[2024-12-04T12:42:55.262+0100] {logging_mixin.py:190} INFO - [2024-12-04T12:42:55.262+0100] {override.py:1911} INFO - Created Permission View: menu access on DAG Run:example_external_task_marker_child
[2024-12-04T12:42:55.264+0100] {logging_mixin.py:190} INFO - [2024-12-04T12:42:55.264+0100] {override.py:1911} INFO - Created Permission View: can create on DAG Run:example_external_task_marker_child
[2024-12-04T12:42:55.266+0100] {logging_mixin.py:190} INFO - [2024-12-04T12:42:55.266+0100] {override.py:1911} INFO - Created Permission View: can delete on DAG Run:example_external_task_marker_child
[2024-12-04T12:42:55.269+0100] {logging_mixin.py:190} INFO - [2024-12-04T12:42:55.269+0100] {override.py:1911} INFO - Created Permission View: can read on DAG:example_external_task_marker_parent
[2024-12-04T12:42:55.271+0100] {logging_mixin.py:190} INFO - [2024-12-04T12:42:55.271+0100] {override.py:1911} INFO - Created Permission View: can edit on DAG:example_external_task_marker_parent
[2024-12-04T12:42:55.273+0100] {logging_mixin.py:190} INFO - [2024-12-04T12:42:55.273+0100] {override.py:1911} INFO - Created Permission View: can delete on DAG:example_external_task_marker_parent
[2024-12-04T12:42:55.275+0100] {logging_mixin.py:190} INFO - [2024-12-04T12:42:55.275+0100] {override.py:1911} INFO - Created Permission View: can read on DAG Run:example_external_task_marker_parent
[2024-12-04T12:42:55.277+0100] {logging_mixin.py:190} INFO - [2024-12-04T12:42:55.277+0100] {override.py:1911} INFO - Created Permission View: menu access on DAG Run:example_external_task_marker_parent
[2024-12-04T12:42:55.278+0100] {logging_mixin.py:190} INFO - [2024-12-04T12:42:55.278+0100] {override.py:1911} INFO - Created Permission View: can create on DAG Run:example_external_task_marker_parent
[2024-12-04T12:42:55.280+0100] {logging_mixin.py:190} INFO - [2024-12-04T12:42:55.280+0100] {override.py:1911} INFO - Created Permission View: can delete on DAG Run:example_external_task_marker_parent
[2024-12-04T12:42:55.280+0100] {logging_mixin.py:190} INFO - [2024-12-04T12:42:55.280+0100] {dag.py:3239} INFO - Sync 2 DAGs
[2024-12-04T12:42:55.284+0100] {logging_mixin.py:190} INFO - [2024-12-04T12:42:55.284+0100] {dag.py:3262} INFO - Creating ORM DAG for example_external_task_marker_child
[2024-12-04T12:42:55.284+0100] {logging_mixin.py:190} INFO - [2024-12-04T12:42:55.284+0100] {dag.py:3262} INFO - Creating ORM DAG for example_external_task_marker_parent
[2024-12-04T12:42:55.284+0100] {logging_mixin.py:190} INFO - [2024-12-04T12:42:55.284+0100] {dag.py:4180} INFO - Setting next_dagrun for example_external_task_marker_child to None, run_after=None
[2024-12-04T12:42:55.284+0100] {logging_mixin.py:190} INFO - [2024-12-04T12:42:55.284+0100] {dag.py:4180} INFO - Setting next_dagrun for example_external_task_marker_parent to None, run_after=None
[2024-12-04T12:42:55.289+0100] {processor.py:208} INFO - Processing /Users/sijibomijoshua/.pyenv/versions/3.11.6/lib/python3.11/site-packages/airflow/example_dags/example_external_task_marker_dag.py took 0.348 seconds
[2024-12-04T12:45:11.412+0100] {processor.py:186} INFO - Started process (PID=85695) to work on /Users/sijibomijoshua/.pyenv/versions/3.11.6/lib/python3.11/site-packages/airflow/example_dags/example_external_task_marker_dag.py
[2024-12-04T12:45:11.412+0100] {processor.py:914} INFO - Processing file /Users/sijibomijoshua/.pyenv/versions/3.11.6/lib/python3.11/site-packages/airflow/example_dags/example_external_task_marker_dag.py for tasks to queue
[2024-12-04T12:45:11.413+0100] {logging_mixin.py:190} INFO - [2024-12-04T12:45:11.413+0100] {dagbag.py:588} INFO - Filling up the DagBag from /Users/sijibomijoshua/.pyenv/versions/3.11.6/lib/python3.11/site-packages/airflow/example_dags/example_external_task_marker_dag.py
[2024-12-04T12:45:11.419+0100] {processor.py:925} INFO - DAG(s) 'example_external_task_marker_child', 'example_external_task_marker_parent' retrieved from /Users/sijibomijoshua/.pyenv/versions/3.11.6/lib/python3.11/site-packages/airflow/example_dags/example_external_task_marker_dag.py
[2024-12-04T12:45:11.619+0100] {logging_mixin.py:190} INFO - [2024-12-04T12:45:11.619+0100] {dag.py:3239} INFO - Sync 2 DAGs
[2024-12-04T12:45:11.623+0100] {logging_mixin.py:190} INFO - [2024-12-04T12:45:11.623+0100] {dag.py:4180} INFO - Setting next_dagrun for example_external_task_marker_child to None, run_after=None
[2024-12-04T12:45:11.625+0100] {logging_mixin.py:190} INFO - [2024-12-04T12:45:11.624+0100] {dag.py:4180} INFO - Setting next_dagrun for example_external_task_marker_parent to None, run_after=None
[2024-12-04T12:45:11.630+0100] {processor.py:208} INFO - Processing /Users/sijibomijoshua/.pyenv/versions/3.11.6/lib/python3.11/site-packages/airflow/example_dags/example_external_task_marker_dag.py took 0.220 seconds
[2024-12-04T12:47:29.284+0100] {processor.py:186} INFO - Started process (PID=87801) to work on /Users/sijibomijoshua/.pyenv/versions/3.11.6/lib/python3.11/site-packages/airflow/example_dags/example_external_task_marker_dag.py
[2024-12-04T12:47:29.285+0100] {processor.py:914} INFO - Processing file /Users/sijibomijoshua/.pyenv/versions/3.11.6/lib/python3.11/site-packages/airflow/example_dags/example_external_task_marker_dag.py for tasks to queue
[2024-12-04T12:47:29.286+0100] {logging_mixin.py:190} INFO - [2024-12-04T12:47:29.286+0100] {dagbag.py:588} INFO - Filling up the DagBag from /Users/sijibomijoshua/.pyenv/versions/3.11.6/lib/python3.11/site-packages/airflow/example_dags/example_external_task_marker_dag.py
[2024-12-04T12:47:29.291+0100] {processor.py:925} INFO - DAG(s) 'example_external_task_marker_child', 'example_external_task_marker_parent' retrieved from /Users/sijibomijoshua/.pyenv/versions/3.11.6/lib/python3.11/site-packages/airflow/example_dags/example_external_task_marker_dag.py
[2024-12-04T12:47:29.481+0100] {logging_mixin.py:190} INFO - [2024-12-04T12:47:29.481+0100] {dag.py:3239} INFO - Sync 2 DAGs
[2024-12-04T12:47:29.486+0100] {logging_mixin.py:190} INFO - [2024-12-04T12:47:29.486+0100] {dag.py:4180} INFO - Setting next_dagrun for example_external_task_marker_child to None, run_after=None
[2024-12-04T12:47:29.488+0100] {logging_mixin.py:190} INFO - [2024-12-04T12:47:29.487+0100] {dag.py:4180} INFO - Setting next_dagrun for example_external_task_marker_parent to None, run_after=None
[2024-12-04T12:47:29.496+0100] {processor.py:208} INFO - Processing /Users/sijibomijoshua/.pyenv/versions/3.11.6/lib/python3.11/site-packages/airflow/example_dags/example_external_task_marker_dag.py took 0.213 seconds
[2024-12-04T13:25:58.820+0100] {processor.py:186} INFO - Started process (PID=20479) to work on /Users/sijibomijoshua/.pyenv/versions/3.11.6/lib/python3.11/site-packages/airflow/example_dags/example_external_task_marker_dag.py
[2024-12-04T13:25:58.821+0100] {processor.py:914} INFO - Processing file /Users/sijibomijoshua/.pyenv/versions/3.11.6/lib/python3.11/site-packages/airflow/example_dags/example_external_task_marker_dag.py for tasks to queue
[2024-12-04T13:25:58.823+0100] {logging_mixin.py:190} INFO - [2024-12-04T13:25:58.822+0100] {dagbag.py:588} INFO - Filling up the DagBag from /Users/sijibomijoshua/.pyenv/versions/3.11.6/lib/python3.11/site-packages/airflow/example_dags/example_external_task_marker_dag.py
[2024-12-04T13:25:58.829+0100] {processor.py:925} INFO - DAG(s) 'example_external_task_marker_parent', 'example_external_task_marker_child' retrieved from /Users/sijibomijoshua/.pyenv/versions/3.11.6/lib/python3.11/site-packages/airflow/example_dags/example_external_task_marker_dag.py
[2024-12-04T13:25:59.117+0100] {logging_mixin.py:190} INFO - [2024-12-04T13:25:59.117+0100] {dag.py:3239} INFO - Sync 2 DAGs
[2024-12-04T13:25:59.122+0100] {logging_mixin.py:190} INFO - [2024-12-04T13:25:59.122+0100] {dag.py:4180} INFO - Setting next_dagrun for example_external_task_marker_child to None, run_after=None
[2024-12-04T13:25:59.123+0100] {logging_mixin.py:190} INFO - [2024-12-04T13:25:59.123+0100] {dag.py:4180} INFO - Setting next_dagrun for example_external_task_marker_parent to None, run_after=None
[2024-12-04T13:25:59.128+0100] {processor.py:208} INFO - Processing /Users/sijibomijoshua/.pyenv/versions/3.11.6/lib/python3.11/site-packages/airflow/example_dags/example_external_task_marker_dag.py took 0.311 seconds
[2024-12-04T13:37:52.605+0100] {processor.py:186} INFO - Started process (PID=35598) to work on /Users/sijibomijoshua/airflow/airflow_env/lib/python3.11/site-packages/airflow/example_dags/example_external_task_marker_dag.py
[2024-12-04T13:37:52.606+0100] {processor.py:914} INFO - Processing file /Users/sijibomijoshua/airflow/airflow_env/lib/python3.11/site-packages/airflow/example_dags/example_external_task_marker_dag.py for tasks to queue
[2024-12-04T13:37:52.607+0100] {logging_mixin.py:190} INFO - [2024-12-04T13:37:52.607+0100] {dagbag.py:588} INFO - Filling up the DagBag from /Users/sijibomijoshua/airflow/airflow_env/lib/python3.11/site-packages/airflow/example_dags/example_external_task_marker_dag.py
[2024-12-04T13:37:52.612+0100] {processor.py:925} INFO - DAG(s) 'example_external_task_marker_parent', 'example_external_task_marker_child' retrieved from /Users/sijibomijoshua/airflow/airflow_env/lib/python3.11/site-packages/airflow/example_dags/example_external_task_marker_dag.py
[2024-12-04T13:37:52.911+0100] {logging_mixin.py:190} INFO - [2024-12-04T13:37:52.910+0100] {dag.py:3239} INFO - Sync 2 DAGs
[2024-12-04T13:37:52.914+0100] {logging_mixin.py:190} INFO - [2024-12-04T13:37:52.914+0100] {dag.py:4180} INFO - Setting next_dagrun for example_external_task_marker_child to None, run_after=None
[2024-12-04T13:37:52.915+0100] {logging_mixin.py:190} INFO - [2024-12-04T13:37:52.915+0100] {dag.py:4180} INFO - Setting next_dagrun for example_external_task_marker_parent to None, run_after=None
[2024-12-04T13:37:52.921+0100] {processor.py:208} INFO - Processing /Users/sijibomijoshua/airflow/airflow_env/lib/python3.11/site-packages/airflow/example_dags/example_external_task_marker_dag.py took 0.325 seconds
[2024-12-04T13:40:14.260+0100] {processor.py:186} INFO - Started process (PID=38792) to work on /Users/sijibomijoshua/airflow/airflow_env/lib/python3.11/site-packages/airflow/example_dags/example_external_task_marker_dag.py
[2024-12-04T13:40:14.260+0100] {processor.py:914} INFO - Processing file /Users/sijibomijoshua/airflow/airflow_env/lib/python3.11/site-packages/airflow/example_dags/example_external_task_marker_dag.py for tasks to queue
[2024-12-04T13:40:14.261+0100] {logging_mixin.py:190} INFO - [2024-12-04T13:40:14.261+0100] {dagbag.py:588} INFO - Filling up the DagBag from /Users/sijibomijoshua/airflow/airflow_env/lib/python3.11/site-packages/airflow/example_dags/example_external_task_marker_dag.py
[2024-12-04T13:40:14.266+0100] {processor.py:925} INFO - DAG(s) 'example_external_task_marker_parent', 'example_external_task_marker_child' retrieved from /Users/sijibomijoshua/airflow/airflow_env/lib/python3.11/site-packages/airflow/example_dags/example_external_task_marker_dag.py
[2024-12-04T13:40:14.487+0100] {logging_mixin.py:190} INFO - [2024-12-04T13:40:14.487+0100] {dag.py:3239} INFO - Sync 2 DAGs
[2024-12-04T13:40:14.492+0100] {logging_mixin.py:190} INFO - [2024-12-04T13:40:14.491+0100] {dag.py:4180} INFO - Setting next_dagrun for example_external_task_marker_child to None, run_after=None
[2024-12-04T13:40:14.493+0100] {logging_mixin.py:190} INFO - [2024-12-04T13:40:14.493+0100] {dag.py:4180} INFO - Setting next_dagrun for example_external_task_marker_parent to None, run_after=None
[2024-12-04T13:40:14.500+0100] {processor.py:208} INFO - Processing /Users/sijibomijoshua/airflow/airflow_env/lib/python3.11/site-packages/airflow/example_dags/example_external_task_marker_dag.py took 0.242 seconds
[2024-12-04T13:42:25.842+0100] {processor.py:186} INFO - Started process (PID=41698) to work on /Users/sijibomijoshua/airflow/airflow_env/lib/python3.11/site-packages/airflow/example_dags/example_external_task_marker_dag.py
[2024-12-04T13:42:25.843+0100] {processor.py:914} INFO - Processing file /Users/sijibomijoshua/airflow/airflow_env/lib/python3.11/site-packages/airflow/example_dags/example_external_task_marker_dag.py for tasks to queue
[2024-12-04T13:42:25.844+0100] {logging_mixin.py:190} INFO - [2024-12-04T13:42:25.844+0100] {dagbag.py:588} INFO - Filling up the DagBag from /Users/sijibomijoshua/airflow/airflow_env/lib/python3.11/site-packages/airflow/example_dags/example_external_task_marker_dag.py
[2024-12-04T13:42:25.849+0100] {processor.py:925} INFO - DAG(s) 'example_external_task_marker_parent', 'example_external_task_marker_child' retrieved from /Users/sijibomijoshua/airflow/airflow_env/lib/python3.11/site-packages/airflow/example_dags/example_external_task_marker_dag.py
[2024-12-04T13:42:26.101+0100] {logging_mixin.py:190} INFO - [2024-12-04T13:42:26.101+0100] {dag.py:3239} INFO - Sync 2 DAGs
[2024-12-04T13:42:26.105+0100] {logging_mixin.py:190} INFO - [2024-12-04T13:42:26.105+0100] {dag.py:4180} INFO - Setting next_dagrun for example_external_task_marker_child to None, run_after=None
[2024-12-04T13:42:26.106+0100] {logging_mixin.py:190} INFO - [2024-12-04T13:42:26.106+0100] {dag.py:4180} INFO - Setting next_dagrun for example_external_task_marker_parent to None, run_after=None
[2024-12-04T13:42:26.111+0100] {processor.py:208} INFO - Processing /Users/sijibomijoshua/airflow/airflow_env/lib/python3.11/site-packages/airflow/example_dags/example_external_task_marker_dag.py took 0.271 seconds
