[2024-12-04T12:41:17.929+0100] {processor.py:186} INFO - Started process (PID=82016) to work on /Users/sijibomijoshua/.pyenv/versions/3.11.6/lib/python3.11/site-packages/airflow/example_dags/example_workday_timetable.py
[2024-12-04T12:41:17.929+0100] {processor.py:914} INFO - Processing file /Users/sijibomijoshua/.pyenv/versions/3.11.6/lib/python3.11/site-packages/airflow/example_dags/example_workday_timetable.py for tasks to queue
[2024-12-04T12:41:17.931+0100] {logging_mixin.py:190} INFO - [2024-12-04T12:41:17.930+0100] {dagbag.py:588} INFO - Filling up the DagBag from /Users/sijibomijoshua/.pyenv/versions/3.11.6/lib/python3.11/site-packages/airflow/example_dags/example_workday_timetable.py
[2024-12-04T12:41:18.087+0100] {processor.py:925} INFO - DAG(s) 'example_workday_timetable' retrieved from /Users/sijibomijoshua/.pyenv/versions/3.11.6/lib/python3.11/site-packages/airflow/example_dags/example_workday_timetable.py
[2024-12-04T12:41:18.160+0100] {logging_mixin.py:190} INFO - [2024-12-04T12:41:18.159+0100] {override.py:1911} INFO - Created Permission View: can delete on DAG:example_workday_timetable
[2024-12-04T12:41:18.163+0100] {logging_mixin.py:190} INFO - [2024-12-04T12:41:18.163+0100] {override.py:1911} INFO - Created Permission View: can read on DAG:example_workday_timetable
[2024-12-04T12:41:18.165+0100] {logging_mixin.py:190} INFO - [2024-12-04T12:41:18.165+0100] {override.py:1911} INFO - Created Permission View: can edit on DAG:example_workday_timetable
[2024-12-04T12:41:18.168+0100] {logging_mixin.py:190} INFO - [2024-12-04T12:41:18.168+0100] {override.py:1911} INFO - Created Permission View: menu access on DAG Run:example_workday_timetable
[2024-12-04T12:41:18.170+0100] {logging_mixin.py:190} INFO - [2024-12-04T12:41:18.170+0100] {override.py:1911} INFO - Created Permission View: can create on DAG Run:example_workday_timetable
[2024-12-04T12:41:18.172+0100] {logging_mixin.py:190} INFO - [2024-12-04T12:41:18.172+0100] {override.py:1911} INFO - Created Permission View: can read on DAG Run:example_workday_timetable
[2024-12-04T12:41:18.174+0100] {logging_mixin.py:190} INFO - [2024-12-04T12:41:18.174+0100] {override.py:1911} INFO - Created Permission View: can delete on DAG Run:example_workday_timetable
[2024-12-04T12:41:18.174+0100] {logging_mixin.py:190} INFO - [2024-12-04T12:41:18.174+0100] {dag.py:3239} INFO - Sync 1 DAGs
[2024-12-04T12:41:18.178+0100] {logging_mixin.py:190} INFO - [2024-12-04T12:41:18.178+0100] {dag.py:3262} INFO - Creating ORM DAG for example_workday_timetable
[2024-12-04T12:41:18.200+0100] {logging_mixin.py:190} INFO - [2024-12-04T12:41:18.200+0100] {dag.py:4180} INFO - Setting next_dagrun for example_workday_timetable to 2021-01-04 00:00:00+00:00, run_after=2021-01-05 00:00:00+00:00
[2024-12-04T12:41:18.236+0100] {processor.py:208} INFO - Processing /Users/sijibomijoshua/.pyenv/versions/3.11.6/lib/python3.11/site-packages/airflow/example_dags/example_workday_timetable.py took 0.309 seconds
[2024-12-04T12:42:07.452+0100] {processor.py:186} INFO - Started process (PID=82810) to work on /Users/sijibomijoshua/.pyenv/versions/3.11.6/lib/python3.11/site-packages/airflow/example_dags/example_workday_timetable.py
[2024-12-04T12:42:07.453+0100] {processor.py:914} INFO - Processing file /Users/sijibomijoshua/.pyenv/versions/3.11.6/lib/python3.11/site-packages/airflow/example_dags/example_workday_timetable.py for tasks to queue
[2024-12-04T12:42:07.454+0100] {logging_mixin.py:190} INFO - [2024-12-04T12:42:07.454+0100] {dagbag.py:588} INFO - Filling up the DagBag from /Users/sijibomijoshua/.pyenv/versions/3.11.6/lib/python3.11/site-packages/airflow/example_dags/example_workday_timetable.py
[2024-12-04T12:42:07.729+0100] {processor.py:925} INFO - DAG(s) 'example_workday_timetable' retrieved from /Users/sijibomijoshua/.pyenv/versions/3.11.6/lib/python3.11/site-packages/airflow/example_dags/example_workday_timetable.py
[2024-12-04T12:42:07.773+0100] {logging_mixin.py:190} INFO - [2024-12-04T12:42:07.772+0100] {dag.py:3239} INFO - Sync 1 DAGs
[2024-12-04T12:42:07.800+0100] {logging_mixin.py:190} INFO - [2024-12-04T12:42:07.800+0100] {dag.py:4180} INFO - Setting next_dagrun for example_workday_timetable to 2021-01-04 00:00:00+00:00, run_after=2021-01-05 00:00:00+00:00
[2024-12-04T12:42:07.807+0100] {processor.py:208} INFO - Processing /Users/sijibomijoshua/.pyenv/versions/3.11.6/lib/python3.11/site-packages/airflow/example_dags/example_workday_timetable.py took 0.357 seconds
[2024-12-04T12:43:47.443+0100] {processor.py:186} INFO - Started process (PID=84374) to work on /Users/sijibomijoshua/.pyenv/versions/3.11.6/lib/python3.11/site-packages/airflow/example_dags/example_workday_timetable.py
[2024-12-04T12:43:47.443+0100] {processor.py:914} INFO - Processing file /Users/sijibomijoshua/.pyenv/versions/3.11.6/lib/python3.11/site-packages/airflow/example_dags/example_workday_timetable.py for tasks to queue
[2024-12-04T12:43:47.444+0100] {logging_mixin.py:190} INFO - [2024-12-04T12:43:47.444+0100] {dagbag.py:588} INFO - Filling up the DagBag from /Users/sijibomijoshua/.pyenv/versions/3.11.6/lib/python3.11/site-packages/airflow/example_dags/example_workday_timetable.py
[2024-12-04T12:43:47.671+0100] {processor.py:925} INFO - DAG(s) 'example_workday_timetable' retrieved from /Users/sijibomijoshua/.pyenv/versions/3.11.6/lib/python3.11/site-packages/airflow/example_dags/example_workday_timetable.py
[2024-12-04T12:43:47.708+0100] {logging_mixin.py:190} INFO - [2024-12-04T12:43:47.708+0100] {dag.py:3239} INFO - Sync 1 DAGs
[2024-12-04T12:43:47.735+0100] {logging_mixin.py:190} INFO - [2024-12-04T12:43:47.735+0100] {dag.py:4180} INFO - Setting next_dagrun for example_workday_timetable to 2021-01-04 00:00:00+00:00, run_after=2021-01-05 00:00:00+00:00
[2024-12-04T12:43:47.742+0100] {processor.py:208} INFO - Processing /Users/sijibomijoshua/.pyenv/versions/3.11.6/lib/python3.11/site-packages/airflow/example_dags/example_workday_timetable.py took 0.301 seconds
[2024-12-04T12:44:55.587+0100] {processor.py:186} INFO - Started process (PID=85443) to work on /Users/sijibomijoshua/.pyenv/versions/3.11.6/lib/python3.11/site-packages/airflow/example_dags/example_workday_timetable.py
[2024-12-04T12:44:55.588+0100] {processor.py:914} INFO - Processing file /Users/sijibomijoshua/.pyenv/versions/3.11.6/lib/python3.11/site-packages/airflow/example_dags/example_workday_timetable.py for tasks to queue
[2024-12-04T12:44:55.589+0100] {logging_mixin.py:190} INFO - [2024-12-04T12:44:55.589+0100] {dagbag.py:588} INFO - Filling up the DagBag from /Users/sijibomijoshua/.pyenv/versions/3.11.6/lib/python3.11/site-packages/airflow/example_dags/example_workday_timetable.py
[2024-12-04T12:44:55.833+0100] {processor.py:925} INFO - DAG(s) 'example_workday_timetable' retrieved from /Users/sijibomijoshua/.pyenv/versions/3.11.6/lib/python3.11/site-packages/airflow/example_dags/example_workday_timetable.py
[2024-12-04T12:44:55.871+0100] {logging_mixin.py:190} INFO - [2024-12-04T12:44:55.871+0100] {dag.py:3239} INFO - Sync 1 DAGs
[2024-12-04T12:44:55.894+0100] {logging_mixin.py:190} INFO - [2024-12-04T12:44:55.894+0100] {dag.py:4180} INFO - Setting next_dagrun for example_workday_timetable to 2021-01-04 00:00:00+00:00, run_after=2021-01-05 00:00:00+00:00
[2024-12-04T12:44:55.901+0100] {processor.py:208} INFO - Processing /Users/sijibomijoshua/.pyenv/versions/3.11.6/lib/python3.11/site-packages/airflow/example_dags/example_workday_timetable.py took 0.315 seconds
[2024-12-04T12:46:02.279+0100] {processor.py:186} INFO - Started process (PID=86485) to work on /Users/sijibomijoshua/.pyenv/versions/3.11.6/lib/python3.11/site-packages/airflow/example_dags/example_workday_timetable.py
[2024-12-04T12:46:02.280+0100] {processor.py:914} INFO - Processing file /Users/sijibomijoshua/.pyenv/versions/3.11.6/lib/python3.11/site-packages/airflow/example_dags/example_workday_timetable.py for tasks to queue
[2024-12-04T12:46:02.281+0100] {logging_mixin.py:190} INFO - [2024-12-04T12:46:02.281+0100] {dagbag.py:588} INFO - Filling up the DagBag from /Users/sijibomijoshua/.pyenv/versions/3.11.6/lib/python3.11/site-packages/airflow/example_dags/example_workday_timetable.py
[2024-12-04T12:46:02.495+0100] {processor.py:925} INFO - DAG(s) 'example_workday_timetable' retrieved from /Users/sijibomijoshua/.pyenv/versions/3.11.6/lib/python3.11/site-packages/airflow/example_dags/example_workday_timetable.py
[2024-12-04T12:46:02.533+0100] {logging_mixin.py:190} INFO - [2024-12-04T12:46:02.533+0100] {dag.py:3239} INFO - Sync 1 DAGs
[2024-12-04T12:46:02.549+0100] {logging_mixin.py:190} INFO - [2024-12-04T12:46:02.549+0100] {dag.py:4180} INFO - Setting next_dagrun for example_workday_timetable to 2021-01-04 00:00:00+00:00, run_after=2021-01-05 00:00:00+00:00
[2024-12-04T12:46:02.556+0100] {processor.py:208} INFO - Processing /Users/sijibomijoshua/.pyenv/versions/3.11.6/lib/python3.11/site-packages/airflow/example_dags/example_workday_timetable.py took 0.278 seconds
[2024-12-04T12:47:12.658+0100] {processor.py:186} INFO - Started process (PID=87539) to work on /Users/sijibomijoshua/.pyenv/versions/3.11.6/lib/python3.11/site-packages/airflow/example_dags/example_workday_timetable.py
[2024-12-04T12:47:12.658+0100] {processor.py:914} INFO - Processing file /Users/sijibomijoshua/.pyenv/versions/3.11.6/lib/python3.11/site-packages/airflow/example_dags/example_workday_timetable.py for tasks to queue
[2024-12-04T12:47:12.660+0100] {logging_mixin.py:190} INFO - [2024-12-04T12:47:12.660+0100] {dagbag.py:588} INFO - Filling up the DagBag from /Users/sijibomijoshua/.pyenv/versions/3.11.6/lib/python3.11/site-packages/airflow/example_dags/example_workday_timetable.py
[2024-12-04T12:47:13.075+0100] {processor.py:925} INFO - DAG(s) 'example_workday_timetable' retrieved from /Users/sijibomijoshua/.pyenv/versions/3.11.6/lib/python3.11/site-packages/airflow/example_dags/example_workday_timetable.py
[2024-12-04T12:47:13.115+0100] {logging_mixin.py:190} INFO - [2024-12-04T12:47:13.115+0100] {dag.py:3239} INFO - Sync 1 DAGs
[2024-12-04T12:47:13.140+0100] {logging_mixin.py:190} INFO - [2024-12-04T12:47:13.140+0100] {dag.py:4180} INFO - Setting next_dagrun for example_workday_timetable to 2021-01-04 00:00:00+00:00, run_after=2021-01-05 00:00:00+00:00
[2024-12-04T12:47:13.147+0100] {processor.py:208} INFO - Processing /Users/sijibomijoshua/.pyenv/versions/3.11.6/lib/python3.11/site-packages/airflow/example_dags/example_workday_timetable.py took 0.493 seconds
[2024-12-04T12:48:20.289+0100] {processor.py:186} INFO - Started process (PID=88587) to work on /Users/sijibomijoshua/.pyenv/versions/3.11.6/lib/python3.11/site-packages/airflow/example_dags/example_workday_timetable.py
[2024-12-04T12:48:20.290+0100] {processor.py:914} INFO - Processing file /Users/sijibomijoshua/.pyenv/versions/3.11.6/lib/python3.11/site-packages/airflow/example_dags/example_workday_timetable.py for tasks to queue
[2024-12-04T12:48:20.291+0100] {logging_mixin.py:190} INFO - [2024-12-04T12:48:20.291+0100] {dagbag.py:588} INFO - Filling up the DagBag from /Users/sijibomijoshua/.pyenv/versions/3.11.6/lib/python3.11/site-packages/airflow/example_dags/example_workday_timetable.py
[2024-12-04T12:48:20.518+0100] {processor.py:925} INFO - DAG(s) 'example_workday_timetable' retrieved from /Users/sijibomijoshua/.pyenv/versions/3.11.6/lib/python3.11/site-packages/airflow/example_dags/example_workday_timetable.py
[2024-12-04T12:48:20.554+0100] {logging_mixin.py:190} INFO - [2024-12-04T12:48:20.554+0100] {dag.py:3239} INFO - Sync 1 DAGs
[2024-12-04T12:48:20.571+0100] {logging_mixin.py:190} INFO - [2024-12-04T12:48:20.570+0100] {dag.py:4180} INFO - Setting next_dagrun for example_workday_timetable to 2021-01-04 00:00:00+00:00, run_after=2021-01-05 00:00:00+00:00
[2024-12-04T12:48:20.577+0100] {processor.py:208} INFO - Processing /Users/sijibomijoshua/.pyenv/versions/3.11.6/lib/python3.11/site-packages/airflow/example_dags/example_workday_timetable.py took 0.290 seconds
[2024-12-04T13:23:31.407+0100] {processor.py:186} INFO - Started process (PID=17811) to work on /Users/sijibomijoshua/.pyenv/versions/3.11.6/lib/python3.11/site-packages/airflow/example_dags/example_workday_timetable.py
[2024-12-04T13:23:31.408+0100] {processor.py:914} INFO - Processing file /Users/sijibomijoshua/.pyenv/versions/3.11.6/lib/python3.11/site-packages/airflow/example_dags/example_workday_timetable.py for tasks to queue
[2024-12-04T13:23:31.409+0100] {logging_mixin.py:190} INFO - [2024-12-04T13:23:31.409+0100] {dagbag.py:588} INFO - Filling up the DagBag from /Users/sijibomijoshua/.pyenv/versions/3.11.6/lib/python3.11/site-packages/airflow/example_dags/example_workday_timetable.py
[2024-12-04T13:23:31.589+0100] {processor.py:925} INFO - DAG(s) 'example_workday_timetable' retrieved from /Users/sijibomijoshua/.pyenv/versions/3.11.6/lib/python3.11/site-packages/airflow/example_dags/example_workday_timetable.py
[2024-12-04T13:23:31.627+0100] {logging_mixin.py:190} INFO - [2024-12-04T13:23:31.627+0100] {dag.py:3239} INFO - Sync 1 DAGs
[2024-12-04T13:23:31.655+0100] {logging_mixin.py:190} INFO - [2024-12-04T13:23:31.655+0100] {dag.py:4180} INFO - Setting next_dagrun for example_workday_timetable to 2021-01-04 00:00:00+00:00, run_after=2021-01-05 00:00:00+00:00
[2024-12-04T13:23:31.661+0100] {processor.py:208} INFO - Processing /Users/sijibomijoshua/.pyenv/versions/3.11.6/lib/python3.11/site-packages/airflow/example_dags/example_workday_timetable.py took 0.256 seconds
[2024-12-04T13:25:12.235+0100] {processor.py:186} INFO - Started process (PID=19653) to work on /Users/sijibomijoshua/.pyenv/versions/3.11.6/lib/python3.11/site-packages/airflow/example_dags/example_workday_timetable.py
[2024-12-04T13:25:12.236+0100] {processor.py:914} INFO - Processing file /Users/sijibomijoshua/.pyenv/versions/3.11.6/lib/python3.11/site-packages/airflow/example_dags/example_workday_timetable.py for tasks to queue
[2024-12-04T13:25:12.237+0100] {logging_mixin.py:190} INFO - [2024-12-04T13:25:12.236+0100] {dagbag.py:588} INFO - Filling up the DagBag from /Users/sijibomijoshua/.pyenv/versions/3.11.6/lib/python3.11/site-packages/airflow/example_dags/example_workday_timetable.py
[2024-12-04T13:25:12.391+0100] {processor.py:925} INFO - DAG(s) 'example_workday_timetable' retrieved from /Users/sijibomijoshua/.pyenv/versions/3.11.6/lib/python3.11/site-packages/airflow/example_dags/example_workday_timetable.py
[2024-12-04T13:25:12.428+0100] {logging_mixin.py:190} INFO - [2024-12-04T13:25:12.428+0100] {dag.py:3239} INFO - Sync 1 DAGs
[2024-12-04T13:25:12.455+0100] {logging_mixin.py:190} INFO - [2024-12-04T13:25:12.455+0100] {dag.py:4180} INFO - Setting next_dagrun for example_workday_timetable to 2021-01-04 00:00:00+00:00, run_after=2021-01-05 00:00:00+00:00
[2024-12-04T13:25:12.461+0100] {processor.py:208} INFO - Processing /Users/sijibomijoshua/.pyenv/versions/3.11.6/lib/python3.11/site-packages/airflow/example_dags/example_workday_timetable.py took 0.228 seconds
[2024-12-04T13:37:06.920+0100] {processor.py:186} INFO - Started process (PID=34537) to work on /Users/sijibomijoshua/airflow/airflow_env/lib/python3.11/site-packages/airflow/example_dags/example_workday_timetable.py
[2024-12-04T13:37:06.921+0100] {processor.py:914} INFO - Processing file /Users/sijibomijoshua/airflow/airflow_env/lib/python3.11/site-packages/airflow/example_dags/example_workday_timetable.py for tasks to queue
[2024-12-04T13:37:06.922+0100] {logging_mixin.py:190} INFO - [2024-12-04T13:37:06.922+0100] {dagbag.py:588} INFO - Filling up the DagBag from /Users/sijibomijoshua/airflow/airflow_env/lib/python3.11/site-packages/airflow/example_dags/example_workday_timetable.py
[2024-12-04T13:37:07.072+0100] {processor.py:925} INFO - DAG(s) 'example_workday_timetable' retrieved from /Users/sijibomijoshua/airflow/airflow_env/lib/python3.11/site-packages/airflow/example_dags/example_workday_timetable.py
[2024-12-04T13:37:07.138+0100] {logging_mixin.py:190} INFO - [2024-12-04T13:37:07.138+0100] {dag.py:3239} INFO - Sync 1 DAGs
[2024-12-04T13:37:07.157+0100] {logging_mixin.py:190} INFO - [2024-12-04T13:37:07.156+0100] {dag.py:4180} INFO - Setting next_dagrun for example_workday_timetable to 2021-01-04 00:00:00+00:00, run_after=2021-01-05 00:00:00+00:00
[2024-12-04T13:37:07.192+0100] {processor.py:208} INFO - Processing /Users/sijibomijoshua/airflow/airflow_env/lib/python3.11/site-packages/airflow/example_dags/example_workday_timetable.py took 0.274 seconds
[2024-12-04T13:38:45.503+0100] {processor.py:186} INFO - Started process (PID=36805) to work on /Users/sijibomijoshua/airflow/airflow_env/lib/python3.11/site-packages/airflow/example_dags/example_workday_timetable.py
[2024-12-04T13:38:45.504+0100] {processor.py:914} INFO - Processing file /Users/sijibomijoshua/airflow/airflow_env/lib/python3.11/site-packages/airflow/example_dags/example_workday_timetable.py for tasks to queue
[2024-12-04T13:38:45.506+0100] {logging_mixin.py:190} INFO - [2024-12-04T13:38:45.506+0100] {dagbag.py:588} INFO - Filling up the DagBag from /Users/sijibomijoshua/airflow/airflow_env/lib/python3.11/site-packages/airflow/example_dags/example_workday_timetable.py
[2024-12-04T13:38:46.391+0100] {processor.py:925} INFO - DAG(s) 'example_workday_timetable' retrieved from /Users/sijibomijoshua/airflow/airflow_env/lib/python3.11/site-packages/airflow/example_dags/example_workday_timetable.py
[2024-12-04T13:38:46.437+0100] {logging_mixin.py:190} INFO - [2024-12-04T13:38:46.437+0100] {dag.py:3239} INFO - Sync 1 DAGs
[2024-12-04T13:38:46.466+0100] {logging_mixin.py:190} INFO - [2024-12-04T13:38:46.466+0100] {dag.py:4180} INFO - Setting next_dagrun for example_workday_timetable to 2021-01-04 00:00:00+00:00, run_after=2021-01-05 00:00:00+00:00
[2024-12-04T13:38:46.475+0100] {processor.py:208} INFO - Processing /Users/sijibomijoshua/airflow/airflow_env/lib/python3.11/site-packages/airflow/example_dags/example_workday_timetable.py took 0.975 seconds
[2024-12-04T13:39:59.073+0100] {processor.py:186} INFO - Started process (PID=38460) to work on /Users/sijibomijoshua/airflow/airflow_env/lib/python3.11/site-packages/airflow/example_dags/example_workday_timetable.py
[2024-12-04T13:39:59.074+0100] {processor.py:914} INFO - Processing file /Users/sijibomijoshua/airflow/airflow_env/lib/python3.11/site-packages/airflow/example_dags/example_workday_timetable.py for tasks to queue
[2024-12-04T13:39:59.075+0100] {logging_mixin.py:190} INFO - [2024-12-04T13:39:59.075+0100] {dagbag.py:588} INFO - Filling up the DagBag from /Users/sijibomijoshua/airflow/airflow_env/lib/python3.11/site-packages/airflow/example_dags/example_workday_timetable.py
[2024-12-04T13:39:59.294+0100] {processor.py:925} INFO - DAG(s) 'example_workday_timetable' retrieved from /Users/sijibomijoshua/airflow/airflow_env/lib/python3.11/site-packages/airflow/example_dags/example_workday_timetable.py
[2024-12-04T13:39:59.333+0100] {logging_mixin.py:190} INFO - [2024-12-04T13:39:59.333+0100] {dag.py:3239} INFO - Sync 1 DAGs
[2024-12-04T13:39:59.359+0100] {logging_mixin.py:190} INFO - [2024-12-04T13:39:59.359+0100] {dag.py:4180} INFO - Setting next_dagrun for example_workday_timetable to 2021-01-04 00:00:00+00:00, run_after=2021-01-05 00:00:00+00:00
[2024-12-04T13:39:59.366+0100] {processor.py:208} INFO - Processing /Users/sijibomijoshua/airflow/airflow_env/lib/python3.11/site-packages/airflow/example_dags/example_workday_timetable.py took 0.296 seconds
[2024-12-04T13:41:06.019+0100] {processor.py:186} INFO - Started process (PID=39953) to work on /Users/sijibomijoshua/airflow/airflow_env/lib/python3.11/site-packages/airflow/example_dags/example_workday_timetable.py
[2024-12-04T13:41:06.019+0100] {processor.py:914} INFO - Processing file /Users/sijibomijoshua/airflow/airflow_env/lib/python3.11/site-packages/airflow/example_dags/example_workday_timetable.py for tasks to queue
[2024-12-04T13:41:06.020+0100] {logging_mixin.py:190} INFO - [2024-12-04T13:41:06.020+0100] {dagbag.py:588} INFO - Filling up the DagBag from /Users/sijibomijoshua/airflow/airflow_env/lib/python3.11/site-packages/airflow/example_dags/example_workday_timetable.py
[2024-12-04T13:41:06.269+0100] {processor.py:925} INFO - DAG(s) 'example_workday_timetable' retrieved from /Users/sijibomijoshua/airflow/airflow_env/lib/python3.11/site-packages/airflow/example_dags/example_workday_timetable.py
[2024-12-04T13:41:06.307+0100] {logging_mixin.py:190} INFO - [2024-12-04T13:41:06.307+0100] {dag.py:3239} INFO - Sync 1 DAGs
[2024-12-04T13:41:06.337+0100] {logging_mixin.py:190} INFO - [2024-12-04T13:41:06.337+0100] {dag.py:4180} INFO - Setting next_dagrun for example_workday_timetable to 2021-01-04 00:00:00+00:00, run_after=2021-01-05 00:00:00+00:00
[2024-12-04T13:41:06.344+0100] {processor.py:208} INFO - Processing /Users/sijibomijoshua/airflow/airflow_env/lib/python3.11/site-packages/airflow/example_dags/example_workday_timetable.py took 0.327 seconds
[2024-12-04T13:42:11.076+0100] {processor.py:186} INFO - Started process (PID=41379) to work on /Users/sijibomijoshua/airflow/airflow_env/lib/python3.11/site-packages/airflow/example_dags/example_workday_timetable.py
[2024-12-04T13:42:11.076+0100] {processor.py:914} INFO - Processing file /Users/sijibomijoshua/airflow/airflow_env/lib/python3.11/site-packages/airflow/example_dags/example_workday_timetable.py for tasks to queue
[2024-12-04T13:42:11.077+0100] {logging_mixin.py:190} INFO - [2024-12-04T13:42:11.077+0100] {dagbag.py:588} INFO - Filling up the DagBag from /Users/sijibomijoshua/airflow/airflow_env/lib/python3.11/site-packages/airflow/example_dags/example_workday_timetable.py
[2024-12-04T13:42:11.310+0100] {processor.py:925} INFO - DAG(s) 'example_workday_timetable' retrieved from /Users/sijibomijoshua/airflow/airflow_env/lib/python3.11/site-packages/airflow/example_dags/example_workday_timetable.py
[2024-12-04T13:42:11.349+0100] {logging_mixin.py:190} INFO - [2024-12-04T13:42:11.348+0100] {dag.py:3239} INFO - Sync 1 DAGs
[2024-12-04T13:42:11.375+0100] {logging_mixin.py:190} INFO - [2024-12-04T13:42:11.375+0100] {dag.py:4180} INFO - Setting next_dagrun for example_workday_timetable to 2021-01-04 00:00:00+00:00, run_after=2021-01-05 00:00:00+00:00
[2024-12-04T13:42:11.383+0100] {processor.py:208} INFO - Processing /Users/sijibomijoshua/airflow/airflow_env/lib/python3.11/site-packages/airflow/example_dags/example_workday_timetable.py took 0.309 seconds
[2024-12-04T13:43:17.743+0100] {processor.py:186} INFO - Started process (PID=42830) to work on /Users/sijibomijoshua/airflow/airflow_env/lib/python3.11/site-packages/airflow/example_dags/example_workday_timetable.py
[2024-12-04T13:43:17.744+0100] {processor.py:914} INFO - Processing file /Users/sijibomijoshua/airflow/airflow_env/lib/python3.11/site-packages/airflow/example_dags/example_workday_timetable.py for tasks to queue
[2024-12-04T13:43:17.745+0100] {logging_mixin.py:190} INFO - [2024-12-04T13:43:17.745+0100] {dagbag.py:588} INFO - Filling up the DagBag from /Users/sijibomijoshua/airflow/airflow_env/lib/python3.11/site-packages/airflow/example_dags/example_workday_timetable.py
[2024-12-04T13:43:17.977+0100] {processor.py:925} INFO - DAG(s) 'example_workday_timetable' retrieved from /Users/sijibomijoshua/airflow/airflow_env/lib/python3.11/site-packages/airflow/example_dags/example_workday_timetable.py
[2024-12-04T13:43:18.016+0100] {logging_mixin.py:190} INFO - [2024-12-04T13:43:18.016+0100] {dag.py:3239} INFO - Sync 1 DAGs
[2024-12-04T13:43:18.033+0100] {logging_mixin.py:190} INFO - [2024-12-04T13:43:18.033+0100] {dag.py:4180} INFO - Setting next_dagrun for example_workday_timetable to 2021-01-04 00:00:00+00:00, run_after=2021-01-05 00:00:00+00:00
[2024-12-04T13:43:18.040+0100] {processor.py:208} INFO - Processing /Users/sijibomijoshua/airflow/airflow_env/lib/python3.11/site-packages/airflow/example_dags/example_workday_timetable.py took 0.298 seconds
[2024-12-04T14:01:25.949+0100] {processor.py:186} INFO - Started process (PID=55224) to work on /Users/sijibomijoshua/airflow/airflow_env/lib/python3.11/site-packages/airflow/example_dags/example_workday_timetable.py
[2024-12-04T14:01:25.950+0100] {processor.py:914} INFO - Processing file /Users/sijibomijoshua/airflow/airflow_env/lib/python3.11/site-packages/airflow/example_dags/example_workday_timetable.py for tasks to queue
[2024-12-04T14:01:25.951+0100] {logging_mixin.py:190} INFO - [2024-12-04T14:01:25.951+0100] {dagbag.py:588} INFO - Filling up the DagBag from /Users/sijibomijoshua/airflow/airflow_env/lib/python3.11/site-packages/airflow/example_dags/example_workday_timetable.py
[2024-12-04T14:01:26.122+0100] {processor.py:925} INFO - DAG(s) 'example_workday_timetable' retrieved from /Users/sijibomijoshua/airflow/airflow_env/lib/python3.11/site-packages/airflow/example_dags/example_workday_timetable.py
[2024-12-04T14:01:26.158+0100] {logging_mixin.py:190} INFO - [2024-12-04T14:01:26.158+0100] {dag.py:3239} INFO - Sync 1 DAGs
[2024-12-04T14:01:26.181+0100] {logging_mixin.py:190} INFO - [2024-12-04T14:01:26.181+0100] {dag.py:4180} INFO - Setting next_dagrun for example_workday_timetable to 2021-01-04 00:00:00+00:00, run_after=2021-01-05 00:00:00+00:00
[2024-12-04T14:01:26.188+0100] {processor.py:208} INFO - Processing /Users/sijibomijoshua/airflow/airflow_env/lib/python3.11/site-packages/airflow/example_dags/example_workday_timetable.py took 0.241 seconds
