[2024-12-04T12:42:21.163+0100] {processor.py:186} INFO - Started process (PID=83022) to work on /Users/sijibomijoshua/.pyenv/versions/3.11.6/lib/python3.11/site-packages/airflow/example_dags/example_skip_dag.py
[2024-12-04T12:42:21.163+0100] {processor.py:914} INFO - Processing file /Users/sijibomijoshua/.pyenv/versions/3.11.6/lib/python3.11/site-packages/airflow/example_dags/example_skip_dag.py for tasks to queue
[2024-12-04T12:42:21.165+0100] {logging_mixin.py:190} INFO - [2024-12-04T12:42:21.165+0100] {dagbag.py:588} INFO - Filling up the DagBag from /Users/sijibomijoshua/.pyenv/versions/3.11.6/lib/python3.11/site-packages/airflow/example_dags/example_skip_dag.py
[2024-12-04T12:42:21.168+0100] {processor.py:925} INFO - DAG(s) 'example_skip_dag' retrieved from /Users/sijibomijoshua/.pyenv/versions/3.11.6/lib/python3.11/site-packages/airflow/example_dags/example_skip_dag.py
[2024-12-04T12:42:21.257+0100] {logging_mixin.py:190} INFO - [2024-12-04T12:42:21.257+0100] {override.py:1911} INFO - Created Permission View: can edit on DAG:example_skip_dag
[2024-12-04T12:42:21.260+0100] {logging_mixin.py:190} INFO - [2024-12-04T12:42:21.260+0100] {override.py:1911} INFO - Created Permission View: can read on DAG:example_skip_dag
[2024-12-04T12:42:21.262+0100] {logging_mixin.py:190} INFO - [2024-12-04T12:42:21.262+0100] {override.py:1911} INFO - Created Permission View: can delete on DAG:example_skip_dag
[2024-12-04T12:42:21.265+0100] {logging_mixin.py:190} INFO - [2024-12-04T12:42:21.265+0100] {override.py:1911} INFO - Created Permission View: menu access on DAG Run:example_skip_dag
[2024-12-04T12:42:21.266+0100] {logging_mixin.py:190} INFO - [2024-12-04T12:42:21.266+0100] {override.py:1911} INFO - Created Permission View: can create on DAG Run:example_skip_dag
[2024-12-04T12:42:21.268+0100] {logging_mixin.py:190} INFO - [2024-12-04T12:42:21.268+0100] {override.py:1911} INFO - Created Permission View: can read on DAG Run:example_skip_dag
[2024-12-04T12:42:21.270+0100] {logging_mixin.py:190} INFO - [2024-12-04T12:42:21.270+0100] {override.py:1911} INFO - Created Permission View: can delete on DAG Run:example_skip_dag
[2024-12-04T12:42:21.270+0100] {logging_mixin.py:190} INFO - [2024-12-04T12:42:21.270+0100] {dag.py:3239} INFO - Sync 1 DAGs
[2024-12-04T12:42:21.274+0100] {logging_mixin.py:190} INFO - [2024-12-04T12:42:21.273+0100] {dag.py:3262} INFO - Creating ORM DAG for example_skip_dag
[2024-12-04T12:42:21.277+0100] {logging_mixin.py:190} INFO - [2024-12-04T12:42:21.277+0100] {dag.py:4180} INFO - Setting next_dagrun for example_skip_dag to 2024-12-03 00:00:00+00:00, run_after=2024-12-04 00:00:00+00:00
[2024-12-04T12:42:21.282+0100] {processor.py:208} INFO - Processing /Users/sijibomijoshua/.pyenv/versions/3.11.6/lib/python3.11/site-packages/airflow/example_dags/example_skip_dag.py took 0.122 seconds
[2024-12-04T12:44:01.185+0100] {processor.py:186} INFO - Started process (PID=84595) to work on /Users/sijibomijoshua/.pyenv/versions/3.11.6/lib/python3.11/site-packages/airflow/example_dags/example_skip_dag.py
[2024-12-04T12:44:01.185+0100] {processor.py:914} INFO - Processing file /Users/sijibomijoshua/.pyenv/versions/3.11.6/lib/python3.11/site-packages/airflow/example_dags/example_skip_dag.py for tasks to queue
[2024-12-04T12:44:01.186+0100] {logging_mixin.py:190} INFO - [2024-12-04T12:44:01.186+0100] {dagbag.py:588} INFO - Filling up the DagBag from /Users/sijibomijoshua/.pyenv/versions/3.11.6/lib/python3.11/site-packages/airflow/example_dags/example_skip_dag.py
[2024-12-04T12:44:01.190+0100] {processor.py:925} INFO - DAG(s) 'example_skip_dag' retrieved from /Users/sijibomijoshua/.pyenv/versions/3.11.6/lib/python3.11/site-packages/airflow/example_dags/example_skip_dag.py
[2024-12-04T12:44:01.249+0100] {logging_mixin.py:190} INFO - [2024-12-04T12:44:01.249+0100] {dag.py:3239} INFO - Sync 1 DAGs
[2024-12-04T12:44:01.256+0100] {logging_mixin.py:190} INFO - [2024-12-04T12:44:01.255+0100] {dag.py:4180} INFO - Setting next_dagrun for example_skip_dag to 2024-12-03 00:00:00+00:00, run_after=2024-12-04 00:00:00+00:00
[2024-12-04T12:44:01.262+0100] {processor.py:208} INFO - Processing /Users/sijibomijoshua/.pyenv/versions/3.11.6/lib/python3.11/site-packages/airflow/example_dags/example_skip_dag.py took 0.079 seconds
[2024-12-04T12:45:09.619+0100] {processor.py:186} INFO - Started process (PID=85665) to work on /Users/sijibomijoshua/.pyenv/versions/3.11.6/lib/python3.11/site-packages/airflow/example_dags/example_skip_dag.py
[2024-12-04T12:45:09.619+0100] {processor.py:914} INFO - Processing file /Users/sijibomijoshua/.pyenv/versions/3.11.6/lib/python3.11/site-packages/airflow/example_dags/example_skip_dag.py for tasks to queue
[2024-12-04T12:45:09.620+0100] {logging_mixin.py:190} INFO - [2024-12-04T12:45:09.620+0100] {dagbag.py:588} INFO - Filling up the DagBag from /Users/sijibomijoshua/.pyenv/versions/3.11.6/lib/python3.11/site-packages/airflow/example_dags/example_skip_dag.py
[2024-12-04T12:45:09.623+0100] {processor.py:925} INFO - DAG(s) 'example_skip_dag' retrieved from /Users/sijibomijoshua/.pyenv/versions/3.11.6/lib/python3.11/site-packages/airflow/example_dags/example_skip_dag.py
[2024-12-04T12:45:09.680+0100] {logging_mixin.py:190} INFO - [2024-12-04T12:45:09.680+0100] {dag.py:3239} INFO - Sync 1 DAGs
[2024-12-04T12:45:09.687+0100] {logging_mixin.py:190} INFO - [2024-12-04T12:45:09.687+0100] {dag.py:4180} INFO - Setting next_dagrun for example_skip_dag to 2024-12-03 00:00:00+00:00, run_after=2024-12-04 00:00:00+00:00
[2024-12-04T12:45:09.693+0100] {processor.py:208} INFO - Processing /Users/sijibomijoshua/.pyenv/versions/3.11.6/lib/python3.11/site-packages/airflow/example_dags/example_skip_dag.py took 0.075 seconds
[2024-12-04T12:46:17.104+0100] {processor.py:186} INFO - Started process (PID=86715) to work on /Users/sijibomijoshua/.pyenv/versions/3.11.6/lib/python3.11/site-packages/airflow/example_dags/example_skip_dag.py
[2024-12-04T12:46:17.104+0100] {processor.py:914} INFO - Processing file /Users/sijibomijoshua/.pyenv/versions/3.11.6/lib/python3.11/site-packages/airflow/example_dags/example_skip_dag.py for tasks to queue
[2024-12-04T12:46:17.105+0100] {logging_mixin.py:190} INFO - [2024-12-04T12:46:17.105+0100] {dagbag.py:588} INFO - Filling up the DagBag from /Users/sijibomijoshua/.pyenv/versions/3.11.6/lib/python3.11/site-packages/airflow/example_dags/example_skip_dag.py
[2024-12-04T12:46:17.108+0100] {processor.py:925} INFO - DAG(s) 'example_skip_dag' retrieved from /Users/sijibomijoshua/.pyenv/versions/3.11.6/lib/python3.11/site-packages/airflow/example_dags/example_skip_dag.py
[2024-12-04T12:46:17.169+0100] {logging_mixin.py:190} INFO - [2024-12-04T12:46:17.169+0100] {dag.py:3239} INFO - Sync 1 DAGs
[2024-12-04T12:46:17.176+0100] {logging_mixin.py:190} INFO - [2024-12-04T12:46:17.176+0100] {dag.py:4180} INFO - Setting next_dagrun for example_skip_dag to 2024-12-03 00:00:00+00:00, run_after=2024-12-04 00:00:00+00:00
[2024-12-04T12:46:17.182+0100] {processor.py:208} INFO - Processing /Users/sijibomijoshua/.pyenv/versions/3.11.6/lib/python3.11/site-packages/airflow/example_dags/example_skip_dag.py took 0.080 seconds
[2024-12-04T12:47:25.740+0100] {processor.py:186} INFO - Started process (PID=87766) to work on /Users/sijibomijoshua/.pyenv/versions/3.11.6/lib/python3.11/site-packages/airflow/example_dags/example_skip_dag.py
[2024-12-04T12:47:25.740+0100] {processor.py:914} INFO - Processing file /Users/sijibomijoshua/.pyenv/versions/3.11.6/lib/python3.11/site-packages/airflow/example_dags/example_skip_dag.py for tasks to queue
[2024-12-04T12:47:25.741+0100] {logging_mixin.py:190} INFO - [2024-12-04T12:47:25.741+0100] {dagbag.py:588} INFO - Filling up the DagBag from /Users/sijibomijoshua/.pyenv/versions/3.11.6/lib/python3.11/site-packages/airflow/example_dags/example_skip_dag.py
[2024-12-04T12:47:25.744+0100] {processor.py:925} INFO - DAG(s) 'example_skip_dag' retrieved from /Users/sijibomijoshua/.pyenv/versions/3.11.6/lib/python3.11/site-packages/airflow/example_dags/example_skip_dag.py
[2024-12-04T12:47:25.804+0100] {logging_mixin.py:190} INFO - [2024-12-04T12:47:25.804+0100] {dag.py:3239} INFO - Sync 1 DAGs
[2024-12-04T12:47:25.810+0100] {logging_mixin.py:190} INFO - [2024-12-04T12:47:25.810+0100] {dag.py:4180} INFO - Setting next_dagrun for example_skip_dag to 2024-12-03 00:00:00+00:00, run_after=2024-12-04 00:00:00+00:00
[2024-12-04T12:47:25.816+0100] {processor.py:208} INFO - Processing /Users/sijibomijoshua/.pyenv/versions/3.11.6/lib/python3.11/site-packages/airflow/example_dags/example_skip_dag.py took 0.078 seconds
[2024-12-04T13:23:45.041+0100] {processor.py:186} INFO - Started process (PID=18086) to work on /Users/sijibomijoshua/.pyenv/versions/3.11.6/lib/python3.11/site-packages/airflow/example_dags/example_skip_dag.py
[2024-12-04T13:23:45.042+0100] {processor.py:914} INFO - Processing file /Users/sijibomijoshua/.pyenv/versions/3.11.6/lib/python3.11/site-packages/airflow/example_dags/example_skip_dag.py for tasks to queue
[2024-12-04T13:23:45.043+0100] {logging_mixin.py:190} INFO - [2024-12-04T13:23:45.043+0100] {dagbag.py:588} INFO - Filling up the DagBag from /Users/sijibomijoshua/.pyenv/versions/3.11.6/lib/python3.11/site-packages/airflow/example_dags/example_skip_dag.py
[2024-12-04T13:23:45.047+0100] {processor.py:925} INFO - DAG(s) 'example_skip_dag' retrieved from /Users/sijibomijoshua/.pyenv/versions/3.11.6/lib/python3.11/site-packages/airflow/example_dags/example_skip_dag.py
[2024-12-04T13:23:45.115+0100] {logging_mixin.py:190} INFO - [2024-12-04T13:23:45.114+0100] {dag.py:3239} INFO - Sync 1 DAGs
[2024-12-04T13:23:45.121+0100] {logging_mixin.py:190} INFO - [2024-12-04T13:23:45.121+0100] {dag.py:4180} INFO - Setting next_dagrun for example_skip_dag to 2024-12-03 00:00:00+00:00, run_after=2024-12-04 00:00:00+00:00
[2024-12-04T13:23:45.128+0100] {processor.py:208} INFO - Processing /Users/sijibomijoshua/.pyenv/versions/3.11.6/lib/python3.11/site-packages/airflow/example_dags/example_skip_dag.py took 0.094 seconds
[2024-12-04T13:25:25.616+0100] {processor.py:186} INFO - Started process (PID=19891) to work on /Users/sijibomijoshua/.pyenv/versions/3.11.6/lib/python3.11/site-packages/airflow/example_dags/example_skip_dag.py
[2024-12-04T13:25:25.616+0100] {processor.py:914} INFO - Processing file /Users/sijibomijoshua/.pyenv/versions/3.11.6/lib/python3.11/site-packages/airflow/example_dags/example_skip_dag.py for tasks to queue
[2024-12-04T13:25:25.617+0100] {logging_mixin.py:190} INFO - [2024-12-04T13:25:25.617+0100] {dagbag.py:588} INFO - Filling up the DagBag from /Users/sijibomijoshua/.pyenv/versions/3.11.6/lib/python3.11/site-packages/airflow/example_dags/example_skip_dag.py
[2024-12-04T13:25:25.620+0100] {processor.py:925} INFO - DAG(s) 'example_skip_dag' retrieved from /Users/sijibomijoshua/.pyenv/versions/3.11.6/lib/python3.11/site-packages/airflow/example_dags/example_skip_dag.py
[2024-12-04T13:25:25.681+0100] {logging_mixin.py:190} INFO - [2024-12-04T13:25:25.681+0100] {dag.py:3239} INFO - Sync 1 DAGs
[2024-12-04T13:25:25.688+0100] {logging_mixin.py:190} INFO - [2024-12-04T13:25:25.688+0100] {dag.py:4180} INFO - Setting next_dagrun for example_skip_dag to 2024-12-03 00:00:00+00:00, run_after=2024-12-04 00:00:00+00:00
[2024-12-04T13:25:25.695+0100] {processor.py:208} INFO - Processing /Users/sijibomijoshua/.pyenv/versions/3.11.6/lib/python3.11/site-packages/airflow/example_dags/example_skip_dag.py took 0.081 seconds
[2024-12-04T13:37:21.966+0100] {processor.py:186} INFO - Started process (PID=34871) to work on /Users/sijibomijoshua/airflow/airflow_env/lib/python3.11/site-packages/airflow/example_dags/example_skip_dag.py
[2024-12-04T13:37:21.966+0100] {processor.py:914} INFO - Processing file /Users/sijibomijoshua/airflow/airflow_env/lib/python3.11/site-packages/airflow/example_dags/example_skip_dag.py for tasks to queue
[2024-12-04T13:37:21.967+0100] {logging_mixin.py:190} INFO - [2024-12-04T13:37:21.967+0100] {dagbag.py:588} INFO - Filling up the DagBag from /Users/sijibomijoshua/airflow/airflow_env/lib/python3.11/site-packages/airflow/example_dags/example_skip_dag.py
[2024-12-04T13:37:21.970+0100] {processor.py:925} INFO - DAG(s) 'example_skip_dag' retrieved from /Users/sijibomijoshua/airflow/airflow_env/lib/python3.11/site-packages/airflow/example_dags/example_skip_dag.py
[2024-12-04T13:37:22.172+0100] {logging_mixin.py:190} INFO - [2024-12-04T13:37:22.172+0100] {dag.py:3239} INFO - Sync 1 DAGs
[2024-12-04T13:37:22.179+0100] {logging_mixin.py:190} INFO - [2024-12-04T13:37:22.179+0100] {dag.py:4180} INFO - Setting next_dagrun for example_skip_dag to 2024-12-03 00:00:00+00:00, run_after=2024-12-04 00:00:00+00:00
[2024-12-04T13:37:22.187+0100] {processor.py:208} INFO - Processing /Users/sijibomijoshua/airflow/airflow_env/lib/python3.11/site-packages/airflow/example_dags/example_skip_dag.py took 0.223 seconds
[2024-12-04T13:39:01.575+0100] {processor.py:186} INFO - Started process (PID=37192) to work on /Users/sijibomijoshua/airflow/airflow_env/lib/python3.11/site-packages/airflow/example_dags/example_skip_dag.py
[2024-12-04T13:39:01.577+0100] {processor.py:914} INFO - Processing file /Users/sijibomijoshua/airflow/airflow_env/lib/python3.11/site-packages/airflow/example_dags/example_skip_dag.py for tasks to queue
[2024-12-04T13:39:01.578+0100] {logging_mixin.py:190} INFO - [2024-12-04T13:39:01.578+0100] {dagbag.py:588} INFO - Filling up the DagBag from /Users/sijibomijoshua/airflow/airflow_env/lib/python3.11/site-packages/airflow/example_dags/example_skip_dag.py
[2024-12-04T13:39:01.582+0100] {processor.py:925} INFO - DAG(s) 'example_skip_dag' retrieved from /Users/sijibomijoshua/airflow/airflow_env/lib/python3.11/site-packages/airflow/example_dags/example_skip_dag.py
[2024-12-04T13:39:01.641+0100] {logging_mixin.py:190} INFO - [2024-12-04T13:39:01.641+0100] {dag.py:3239} INFO - Sync 1 DAGs
[2024-12-04T13:39:01.649+0100] {logging_mixin.py:190} INFO - [2024-12-04T13:39:01.649+0100] {dag.py:4180} INFO - Setting next_dagrun for example_skip_dag to 2024-12-03 00:00:00+00:00, run_after=2024-12-04 00:00:00+00:00
[2024-12-04T13:39:01.656+0100] {processor.py:208} INFO - Processing /Users/sijibomijoshua/airflow/airflow_env/lib/python3.11/site-packages/airflow/example_dags/example_skip_dag.py took 0.088 seconds
[2024-12-04T13:40:12.264+0100] {processor.py:186} INFO - Started process (PID=38746) to work on /Users/sijibomijoshua/airflow/airflow_env/lib/python3.11/site-packages/airflow/example_dags/example_skip_dag.py
[2024-12-04T13:40:12.265+0100] {processor.py:914} INFO - Processing file /Users/sijibomijoshua/airflow/airflow_env/lib/python3.11/site-packages/airflow/example_dags/example_skip_dag.py for tasks to queue
[2024-12-04T13:40:12.266+0100] {logging_mixin.py:190} INFO - [2024-12-04T13:40:12.266+0100] {dagbag.py:588} INFO - Filling up the DagBag from /Users/sijibomijoshua/airflow/airflow_env/lib/python3.11/site-packages/airflow/example_dags/example_skip_dag.py
[2024-12-04T13:40:12.270+0100] {processor.py:925} INFO - DAG(s) 'example_skip_dag' retrieved from /Users/sijibomijoshua/airflow/airflow_env/lib/python3.11/site-packages/airflow/example_dags/example_skip_dag.py
[2024-12-04T13:40:12.332+0100] {logging_mixin.py:190} INFO - [2024-12-04T13:40:12.332+0100] {dag.py:3239} INFO - Sync 1 DAGs
[2024-12-04T13:40:12.339+0100] {logging_mixin.py:190} INFO - [2024-12-04T13:40:12.339+0100] {dag.py:4180} INFO - Setting next_dagrun for example_skip_dag to 2024-12-03 00:00:00+00:00, run_after=2024-12-04 00:00:00+00:00
[2024-12-04T13:40:12.345+0100] {processor.py:208} INFO - Processing /Users/sijibomijoshua/airflow/airflow_env/lib/python3.11/site-packages/airflow/example_dags/example_skip_dag.py took 0.083 seconds
[2024-12-04T13:42:22.281+0100] {processor.py:186} INFO - Started process (PID=41610) to work on /Users/sijibomijoshua/airflow/airflow_env/lib/python3.11/site-packages/airflow/example_dags/example_skip_dag.py
[2024-12-04T13:42:22.281+0100] {processor.py:914} INFO - Processing file /Users/sijibomijoshua/airflow/airflow_env/lib/python3.11/site-packages/airflow/example_dags/example_skip_dag.py for tasks to queue
[2024-12-04T13:42:22.282+0100] {logging_mixin.py:190} INFO - [2024-12-04T13:42:22.282+0100] {dagbag.py:588} INFO - Filling up the DagBag from /Users/sijibomijoshua/airflow/airflow_env/lib/python3.11/site-packages/airflow/example_dags/example_skip_dag.py
[2024-12-04T13:42:22.285+0100] {processor.py:925} INFO - DAG(s) 'example_skip_dag' retrieved from /Users/sijibomijoshua/airflow/airflow_env/lib/python3.11/site-packages/airflow/example_dags/example_skip_dag.py
[2024-12-04T13:42:22.343+0100] {logging_mixin.py:190} INFO - [2024-12-04T13:42:22.343+0100] {dag.py:3239} INFO - Sync 1 DAGs
[2024-12-04T13:42:22.350+0100] {logging_mixin.py:190} INFO - [2024-12-04T13:42:22.350+0100] {dag.py:4180} INFO - Setting next_dagrun for example_skip_dag to 2024-12-03 00:00:00+00:00, run_after=2024-12-04 00:00:00+00:00
[2024-12-04T13:42:22.356+0100] {processor.py:208} INFO - Processing /Users/sijibomijoshua/airflow/airflow_env/lib/python3.11/site-packages/airflow/example_dags/example_skip_dag.py took 0.077 seconds
[2024-12-04T13:43:31.982+0100] {processor.py:186} INFO - Started process (PID=43154) to work on /Users/sijibomijoshua/airflow/airflow_env/lib/python3.11/site-packages/airflow/example_dags/example_skip_dag.py
[2024-12-04T13:43:31.984+0100] {processor.py:914} INFO - Processing file /Users/sijibomijoshua/airflow/airflow_env/lib/python3.11/site-packages/airflow/example_dags/example_skip_dag.py for tasks to queue
[2024-12-04T13:43:31.985+0100] {logging_mixin.py:190} INFO - [2024-12-04T13:43:31.985+0100] {dagbag.py:588} INFO - Filling up the DagBag from /Users/sijibomijoshua/airflow/airflow_env/lib/python3.11/site-packages/airflow/example_dags/example_skip_dag.py
[2024-12-04T13:43:31.994+0100] {processor.py:925} INFO - DAG(s) 'example_skip_dag' retrieved from /Users/sijibomijoshua/airflow/airflow_env/lib/python3.11/site-packages/airflow/example_dags/example_skip_dag.py
[2024-12-04T13:43:32.053+0100] {logging_mixin.py:190} INFO - [2024-12-04T13:43:32.053+0100] {dag.py:3239} INFO - Sync 1 DAGs
[2024-12-04T13:43:32.060+0100] {logging_mixin.py:190} INFO - [2024-12-04T13:43:32.060+0100] {dag.py:4180} INFO - Setting next_dagrun for example_skip_dag to 2024-12-03 00:00:00+00:00, run_after=2024-12-04 00:00:00+00:00
[2024-12-04T13:43:32.066+0100] {processor.py:208} INFO - Processing /Users/sijibomijoshua/airflow/airflow_env/lib/python3.11/site-packages/airflow/example_dags/example_skip_dag.py took 0.086 seconds
[2024-12-04T14:01:40.405+0100] {processor.py:186} INFO - Started process (PID=55540) to work on /Users/sijibomijoshua/airflow/airflow_env/lib/python3.11/site-packages/airflow/example_dags/example_skip_dag.py
[2024-12-04T14:01:40.406+0100] {processor.py:914} INFO - Processing file /Users/sijibomijoshua/airflow/airflow_env/lib/python3.11/site-packages/airflow/example_dags/example_skip_dag.py for tasks to queue
[2024-12-04T14:01:40.407+0100] {logging_mixin.py:190} INFO - [2024-12-04T14:01:40.407+0100] {dagbag.py:588} INFO - Filling up the DagBag from /Users/sijibomijoshua/airflow/airflow_env/lib/python3.11/site-packages/airflow/example_dags/example_skip_dag.py
[2024-12-04T14:01:40.410+0100] {processor.py:925} INFO - DAG(s) 'example_skip_dag' retrieved from /Users/sijibomijoshua/airflow/airflow_env/lib/python3.11/site-packages/airflow/example_dags/example_skip_dag.py
[2024-12-04T14:01:40.469+0100] {logging_mixin.py:190} INFO - [2024-12-04T14:01:40.468+0100] {dag.py:3239} INFO - Sync 1 DAGs
[2024-12-04T14:01:40.475+0100] {logging_mixin.py:190} INFO - [2024-12-04T14:01:40.475+0100] {dag.py:4180} INFO - Setting next_dagrun for example_skip_dag to 2024-12-03 00:00:00+00:00, run_after=2024-12-04 00:00:00+00:00
[2024-12-04T14:01:40.481+0100] {processor.py:208} INFO - Processing /Users/sijibomijoshua/airflow/airflow_env/lib/python3.11/site-packages/airflow/example_dags/example_skip_dag.py took 0.077 seconds
