[2024-12-04T12:41:15.861+0100] {processor.py:186} INFO - Started process (PID=81984) to work on /Users/sijibomijoshua/.pyenv/versions/3.11.6/lib/python3.11/site-packages/airflow/example_dags/example_xcom.py
[2024-12-04T12:41:15.862+0100] {processor.py:914} INFO - Processing file /Users/sijibomijoshua/.pyenv/versions/3.11.6/lib/python3.11/site-packages/airflow/example_dags/example_xcom.py for tasks to queue
[2024-12-04T12:41:15.863+0100] {logging_mixin.py:190} INFO - [2024-12-04T12:41:15.863+0100] {dagbag.py:588} INFO - Filling up the DagBag from /Users/sijibomijoshua/.pyenv/versions/3.11.6/lib/python3.11/site-packages/airflow/example_dags/example_xcom.py
[2024-12-04T12:41:15.878+0100] {processor.py:925} INFO - DAG(s) 'example_xcom' retrieved from /Users/sijibomijoshua/.pyenv/versions/3.11.6/lib/python3.11/site-packages/airflow/example_dags/example_xcom.py
[2024-12-04T12:41:15.965+0100] {logging_mixin.py:190} INFO - [2024-12-04T12:41:15.965+0100] {override.py:1911} INFO - Created Permission View: can delete on DAG:example_xcom
[2024-12-04T12:41:15.968+0100] {logging_mixin.py:190} INFO - [2024-12-04T12:41:15.968+0100] {override.py:1911} INFO - Created Permission View: can edit on DAG:example_xcom
[2024-12-04T12:41:15.970+0100] {logging_mixin.py:190} INFO - [2024-12-04T12:41:15.970+0100] {override.py:1911} INFO - Created Permission View: can read on DAG:example_xcom
[2024-12-04T12:41:15.973+0100] {logging_mixin.py:190} INFO - [2024-12-04T12:41:15.973+0100] {override.py:1911} INFO - Created Permission View: menu access on DAG Run:example_xcom
[2024-12-04T12:41:15.975+0100] {logging_mixin.py:190} INFO - [2024-12-04T12:41:15.975+0100] {override.py:1911} INFO - Created Permission View: can delete on DAG Run:example_xcom
[2024-12-04T12:41:15.976+0100] {logging_mixin.py:190} INFO - [2024-12-04T12:41:15.976+0100] {override.py:1911} INFO - Created Permission View: can read on DAG Run:example_xcom
[2024-12-04T12:41:15.978+0100] {logging_mixin.py:190} INFO - [2024-12-04T12:41:15.978+0100] {override.py:1911} INFO - Created Permission View: can create on DAG Run:example_xcom
[2024-12-04T12:41:15.978+0100] {logging_mixin.py:190} INFO - [2024-12-04T12:41:15.978+0100] {dag.py:3239} INFO - Sync 1 DAGs
[2024-12-04T12:41:15.982+0100] {logging_mixin.py:190} INFO - [2024-12-04T12:41:15.982+0100] {dag.py:3262} INFO - Creating ORM DAG for example_xcom
[2024-12-04T12:41:15.984+0100] {logging_mixin.py:190} INFO - [2024-12-04T12:41:15.984+0100] {dag.py:4180} INFO - Setting next_dagrun for example_xcom to 2021-01-01 00:00:00+00:00, run_after=2021-01-01 00:00:00+00:00
[2024-12-04T12:41:15.990+0100] {processor.py:208} INFO - Processing /Users/sijibomijoshua/.pyenv/versions/3.11.6/lib/python3.11/site-packages/airflow/example_dags/example_xcom.py took 0.131 seconds
[2024-12-04T12:42:06.394+0100] {processor.py:186} INFO - Started process (PID=82808) to work on /Users/sijibomijoshua/.pyenv/versions/3.11.6/lib/python3.11/site-packages/airflow/example_dags/example_xcom.py
[2024-12-04T12:42:06.394+0100] {processor.py:914} INFO - Processing file /Users/sijibomijoshua/.pyenv/versions/3.11.6/lib/python3.11/site-packages/airflow/example_dags/example_xcom.py for tasks to queue
[2024-12-04T12:42:06.396+0100] {logging_mixin.py:190} INFO - [2024-12-04T12:42:06.396+0100] {dagbag.py:588} INFO - Filling up the DagBag from /Users/sijibomijoshua/.pyenv/versions/3.11.6/lib/python3.11/site-packages/airflow/example_dags/example_xcom.py
[2024-12-04T12:42:06.410+0100] {processor.py:925} INFO - DAG(s) 'example_xcom' retrieved from /Users/sijibomijoshua/.pyenv/versions/3.11.6/lib/python3.11/site-packages/airflow/example_dags/example_xcom.py
[2024-12-04T12:42:06.469+0100] {logging_mixin.py:190} INFO - [2024-12-04T12:42:06.469+0100] {dag.py:3239} INFO - Sync 1 DAGs
[2024-12-04T12:42:06.475+0100] {logging_mixin.py:190} INFO - [2024-12-04T12:42:06.475+0100] {dag.py:4180} INFO - Setting next_dagrun for example_xcom to 2021-01-01 00:00:00+00:00, run_after=2021-01-01 00:00:00+00:00
[2024-12-04T12:42:06.481+0100] {processor.py:208} INFO - Processing /Users/sijibomijoshua/.pyenv/versions/3.11.6/lib/python3.11/site-packages/airflow/example_dags/example_xcom.py took 0.089 seconds
[2024-12-04T12:43:45.564+0100] {processor.py:186} INFO - Started process (PID=84343) to work on /Users/sijibomijoshua/.pyenv/versions/3.11.6/lib/python3.11/site-packages/airflow/example_dags/example_xcom.py
[2024-12-04T12:43:45.569+0100] {processor.py:914} INFO - Processing file /Users/sijibomijoshua/.pyenv/versions/3.11.6/lib/python3.11/site-packages/airflow/example_dags/example_xcom.py for tasks to queue
[2024-12-04T12:43:45.570+0100] {logging_mixin.py:190} INFO - [2024-12-04T12:43:45.570+0100] {dagbag.py:588} INFO - Filling up the DagBag from /Users/sijibomijoshua/.pyenv/versions/3.11.6/lib/python3.11/site-packages/airflow/example_dags/example_xcom.py
[2024-12-04T12:43:45.593+0100] {processor.py:925} INFO - DAG(s) 'example_xcom' retrieved from /Users/sijibomijoshua/.pyenv/versions/3.11.6/lib/python3.11/site-packages/airflow/example_dags/example_xcom.py
[2024-12-04T12:43:45.655+0100] {logging_mixin.py:190} INFO - [2024-12-04T12:43:45.654+0100] {dag.py:3239} INFO - Sync 1 DAGs
[2024-12-04T12:43:45.661+0100] {logging_mixin.py:190} INFO - [2024-12-04T12:43:45.661+0100] {dag.py:4180} INFO - Setting next_dagrun for example_xcom to 2021-01-01 00:00:00+00:00, run_after=2021-01-01 00:00:00+00:00
[2024-12-04T12:43:45.682+0100] {processor.py:208} INFO - Processing /Users/sijibomijoshua/.pyenv/versions/3.11.6/lib/python3.11/site-packages/airflow/example_dags/example_xcom.py took 0.120 seconds
[2024-12-04T12:44:53.759+0100] {processor.py:186} INFO - Started process (PID=85413) to work on /Users/sijibomijoshua/.pyenv/versions/3.11.6/lib/python3.11/site-packages/airflow/example_dags/example_xcom.py
[2024-12-04T12:44:53.760+0100] {processor.py:914} INFO - Processing file /Users/sijibomijoshua/.pyenv/versions/3.11.6/lib/python3.11/site-packages/airflow/example_dags/example_xcom.py for tasks to queue
[2024-12-04T12:44:53.761+0100] {logging_mixin.py:190} INFO - [2024-12-04T12:44:53.761+0100] {dagbag.py:588} INFO - Filling up the DagBag from /Users/sijibomijoshua/.pyenv/versions/3.11.6/lib/python3.11/site-packages/airflow/example_dags/example_xcom.py
[2024-12-04T12:44:53.779+0100] {processor.py:925} INFO - DAG(s) 'example_xcom' retrieved from /Users/sijibomijoshua/.pyenv/versions/3.11.6/lib/python3.11/site-packages/airflow/example_dags/example_xcom.py
[2024-12-04T12:44:53.839+0100] {logging_mixin.py:190} INFO - [2024-12-04T12:44:53.839+0100] {dag.py:3239} INFO - Sync 1 DAGs
[2024-12-04T12:44:53.845+0100] {logging_mixin.py:190} INFO - [2024-12-04T12:44:53.845+0100] {dag.py:4180} INFO - Setting next_dagrun for example_xcom to 2021-01-01 00:00:00+00:00, run_after=2021-01-01 00:00:00+00:00
[2024-12-04T12:44:53.853+0100] {processor.py:208} INFO - Processing /Users/sijibomijoshua/.pyenv/versions/3.11.6/lib/python3.11/site-packages/airflow/example_dags/example_xcom.py took 0.096 seconds
[2024-12-04T12:46:00.505+0100] {processor.py:186} INFO - Started process (PID=86455) to work on /Users/sijibomijoshua/.pyenv/versions/3.11.6/lib/python3.11/site-packages/airflow/example_dags/example_xcom.py
[2024-12-04T12:46:00.506+0100] {processor.py:914} INFO - Processing file /Users/sijibomijoshua/.pyenv/versions/3.11.6/lib/python3.11/site-packages/airflow/example_dags/example_xcom.py for tasks to queue
[2024-12-04T12:46:00.507+0100] {logging_mixin.py:190} INFO - [2024-12-04T12:46:00.507+0100] {dagbag.py:588} INFO - Filling up the DagBag from /Users/sijibomijoshua/.pyenv/versions/3.11.6/lib/python3.11/site-packages/airflow/example_dags/example_xcom.py
[2024-12-04T12:46:00.527+0100] {processor.py:925} INFO - DAG(s) 'example_xcom' retrieved from /Users/sijibomijoshua/.pyenv/versions/3.11.6/lib/python3.11/site-packages/airflow/example_dags/example_xcom.py
[2024-12-04T12:46:00.584+0100] {logging_mixin.py:190} INFO - [2024-12-04T12:46:00.584+0100] {dag.py:3239} INFO - Sync 1 DAGs
[2024-12-04T12:46:00.590+0100] {logging_mixin.py:190} INFO - [2024-12-04T12:46:00.590+0100] {dag.py:4180} INFO - Setting next_dagrun for example_xcom to 2021-01-01 00:00:00+00:00, run_after=2021-01-01 00:00:00+00:00
[2024-12-04T12:46:00.596+0100] {processor.py:208} INFO - Processing /Users/sijibomijoshua/.pyenv/versions/3.11.6/lib/python3.11/site-packages/airflow/example_dags/example_xcom.py took 0.092 seconds
[2024-12-04T12:47:10.703+0100] {processor.py:186} INFO - Started process (PID=87518) to work on /Users/sijibomijoshua/.pyenv/versions/3.11.6/lib/python3.11/site-packages/airflow/example_dags/example_xcom.py
[2024-12-04T12:47:10.704+0100] {processor.py:914} INFO - Processing file /Users/sijibomijoshua/.pyenv/versions/3.11.6/lib/python3.11/site-packages/airflow/example_dags/example_xcom.py for tasks to queue
[2024-12-04T12:47:10.706+0100] {logging_mixin.py:190} INFO - [2024-12-04T12:47:10.705+0100] {dagbag.py:588} INFO - Filling up the DagBag from /Users/sijibomijoshua/.pyenv/versions/3.11.6/lib/python3.11/site-packages/airflow/example_dags/example_xcom.py
[2024-12-04T12:47:10.727+0100] {processor.py:925} INFO - DAG(s) 'example_xcom' retrieved from /Users/sijibomijoshua/.pyenv/versions/3.11.6/lib/python3.11/site-packages/airflow/example_dags/example_xcom.py
[2024-12-04T12:47:10.797+0100] {logging_mixin.py:190} INFO - [2024-12-04T12:47:10.797+0100] {dag.py:3239} INFO - Sync 1 DAGs
[2024-12-04T12:47:10.803+0100] {logging_mixin.py:190} INFO - [2024-12-04T12:47:10.803+0100] {dag.py:4180} INFO - Setting next_dagrun for example_xcom to 2021-01-01 00:00:00+00:00, run_after=2021-01-01 00:00:00+00:00
[2024-12-04T12:47:10.812+0100] {processor.py:208} INFO - Processing /Users/sijibomijoshua/.pyenv/versions/3.11.6/lib/python3.11/site-packages/airflow/example_dags/example_xcom.py took 0.111 seconds
[2024-12-04T12:48:18.428+0100] {processor.py:186} INFO - Started process (PID=88554) to work on /Users/sijibomijoshua/.pyenv/versions/3.11.6/lib/python3.11/site-packages/airflow/example_dags/example_xcom.py
[2024-12-04T12:48:18.430+0100] {processor.py:914} INFO - Processing file /Users/sijibomijoshua/.pyenv/versions/3.11.6/lib/python3.11/site-packages/airflow/example_dags/example_xcom.py for tasks to queue
[2024-12-04T12:48:18.431+0100] {logging_mixin.py:190} INFO - [2024-12-04T12:48:18.431+0100] {dagbag.py:588} INFO - Filling up the DagBag from /Users/sijibomijoshua/.pyenv/versions/3.11.6/lib/python3.11/site-packages/airflow/example_dags/example_xcom.py
[2024-12-04T12:48:18.446+0100] {processor.py:925} INFO - DAG(s) 'example_xcom' retrieved from /Users/sijibomijoshua/.pyenv/versions/3.11.6/lib/python3.11/site-packages/airflow/example_dags/example_xcom.py
[2024-12-04T12:48:18.508+0100] {logging_mixin.py:190} INFO - [2024-12-04T12:48:18.508+0100] {dag.py:3239} INFO - Sync 1 DAGs
[2024-12-04T12:48:18.515+0100] {logging_mixin.py:190} INFO - [2024-12-04T12:48:18.515+0100] {dag.py:4180} INFO - Setting next_dagrun for example_xcom to 2021-01-01 00:00:00+00:00, run_after=2021-01-01 00:00:00+00:00
[2024-12-04T12:48:18.523+0100] {processor.py:208} INFO - Processing /Users/sijibomijoshua/.pyenv/versions/3.11.6/lib/python3.11/site-packages/airflow/example_dags/example_xcom.py took 0.097 seconds
[2024-12-04T13:23:29.405+0100] {processor.py:186} INFO - Started process (PID=17773) to work on /Users/sijibomijoshua/.pyenv/versions/3.11.6/lib/python3.11/site-packages/airflow/example_dags/example_xcom.py
[2024-12-04T13:23:29.405+0100] {processor.py:914} INFO - Processing file /Users/sijibomijoshua/.pyenv/versions/3.11.6/lib/python3.11/site-packages/airflow/example_dags/example_xcom.py for tasks to queue
[2024-12-04T13:23:29.406+0100] {logging_mixin.py:190} INFO - [2024-12-04T13:23:29.406+0100] {dagbag.py:588} INFO - Filling up the DagBag from /Users/sijibomijoshua/.pyenv/versions/3.11.6/lib/python3.11/site-packages/airflow/example_dags/example_xcom.py
[2024-12-04T13:23:29.420+0100] {processor.py:925} INFO - DAG(s) 'example_xcom' retrieved from /Users/sijibomijoshua/.pyenv/versions/3.11.6/lib/python3.11/site-packages/airflow/example_dags/example_xcom.py
[2024-12-04T13:23:29.477+0100] {logging_mixin.py:190} INFO - [2024-12-04T13:23:29.476+0100] {dag.py:3239} INFO - Sync 1 DAGs
[2024-12-04T13:23:29.483+0100] {logging_mixin.py:190} INFO - [2024-12-04T13:23:29.483+0100] {dag.py:4180} INFO - Setting next_dagrun for example_xcom to 2021-01-01 00:00:00+00:00, run_after=2021-01-01 00:00:00+00:00
[2024-12-04T13:23:29.489+0100] {processor.py:208} INFO - Processing /Users/sijibomijoshua/.pyenv/versions/3.11.6/lib/python3.11/site-packages/airflow/example_dags/example_xcom.py took 0.086 seconds
[2024-12-04T13:25:10.252+0100] {processor.py:186} INFO - Started process (PID=19616) to work on /Users/sijibomijoshua/.pyenv/versions/3.11.6/lib/python3.11/site-packages/airflow/example_dags/example_xcom.py
[2024-12-04T13:25:10.252+0100] {processor.py:914} INFO - Processing file /Users/sijibomijoshua/.pyenv/versions/3.11.6/lib/python3.11/site-packages/airflow/example_dags/example_xcom.py for tasks to queue
[2024-12-04T13:25:10.253+0100] {logging_mixin.py:190} INFO - [2024-12-04T13:25:10.253+0100] {dagbag.py:588} INFO - Filling up the DagBag from /Users/sijibomijoshua/.pyenv/versions/3.11.6/lib/python3.11/site-packages/airflow/example_dags/example_xcom.py
[2024-12-04T13:25:10.266+0100] {processor.py:925} INFO - DAG(s) 'example_xcom' retrieved from /Users/sijibomijoshua/.pyenv/versions/3.11.6/lib/python3.11/site-packages/airflow/example_dags/example_xcom.py
[2024-12-04T13:25:10.322+0100] {logging_mixin.py:190} INFO - [2024-12-04T13:25:10.322+0100] {dag.py:3239} INFO - Sync 1 DAGs
[2024-12-04T13:25:10.328+0100] {logging_mixin.py:190} INFO - [2024-12-04T13:25:10.328+0100] {dag.py:4180} INFO - Setting next_dagrun for example_xcom to 2021-01-01 00:00:00+00:00, run_after=2021-01-01 00:00:00+00:00
[2024-12-04T13:25:10.334+0100] {processor.py:208} INFO - Processing /Users/sijibomijoshua/.pyenv/versions/3.11.6/lib/python3.11/site-packages/airflow/example_dags/example_xcom.py took 0.084 seconds
[2024-12-04T13:37:04.896+0100] {processor.py:186} INFO - Started process (PID=34480) to work on /Users/sijibomijoshua/airflow/airflow_env/lib/python3.11/site-packages/airflow/example_dags/example_xcom.py
[2024-12-04T13:37:04.897+0100] {processor.py:914} INFO - Processing file /Users/sijibomijoshua/airflow/airflow_env/lib/python3.11/site-packages/airflow/example_dags/example_xcom.py for tasks to queue
[2024-12-04T13:37:04.897+0100] {logging_mixin.py:190} INFO - [2024-12-04T13:37:04.897+0100] {dagbag.py:588} INFO - Filling up the DagBag from /Users/sijibomijoshua/airflow/airflow_env/lib/python3.11/site-packages/airflow/example_dags/example_xcom.py
[2024-12-04T13:37:04.912+0100] {processor.py:925} INFO - DAG(s) 'example_xcom' retrieved from /Users/sijibomijoshua/airflow/airflow_env/lib/python3.11/site-packages/airflow/example_dags/example_xcom.py
[2024-12-04T13:37:05.012+0100] {logging_mixin.py:190} INFO - [2024-12-04T13:37:05.012+0100] {dag.py:3239} INFO - Sync 1 DAGs
[2024-12-04T13:37:05.018+0100] {logging_mixin.py:190} INFO - [2024-12-04T13:37:05.018+0100] {dag.py:4180} INFO - Setting next_dagrun for example_xcom to 2021-01-01 00:00:00+00:00, run_after=2021-01-01 00:00:00+00:00
[2024-12-04T13:37:05.026+0100] {processor.py:208} INFO - Processing /Users/sijibomijoshua/airflow/airflow_env/lib/python3.11/site-packages/airflow/example_dags/example_xcom.py took 0.131 seconds
[2024-12-04T13:38:43.461+0100] {processor.py:186} INFO - Started process (PID=36786) to work on /Users/sijibomijoshua/airflow/airflow_env/lib/python3.11/site-packages/airflow/example_dags/example_xcom.py
[2024-12-04T13:38:43.462+0100] {processor.py:914} INFO - Processing file /Users/sijibomijoshua/airflow/airflow_env/lib/python3.11/site-packages/airflow/example_dags/example_xcom.py for tasks to queue
[2024-12-04T13:38:43.463+0100] {logging_mixin.py:190} INFO - [2024-12-04T13:38:43.463+0100] {dagbag.py:588} INFO - Filling up the DagBag from /Users/sijibomijoshua/airflow/airflow_env/lib/python3.11/site-packages/airflow/example_dags/example_xcom.py
[2024-12-04T13:38:43.481+0100] {processor.py:925} INFO - DAG(s) 'example_xcom' retrieved from /Users/sijibomijoshua/airflow/airflow_env/lib/python3.11/site-packages/airflow/example_dags/example_xcom.py
[2024-12-04T13:38:43.554+0100] {logging_mixin.py:190} INFO - [2024-12-04T13:38:43.554+0100] {dag.py:3239} INFO - Sync 1 DAGs
[2024-12-04T13:38:43.561+0100] {logging_mixin.py:190} INFO - [2024-12-04T13:38:43.560+0100] {dag.py:4180} INFO - Setting next_dagrun for example_xcom to 2021-01-01 00:00:00+00:00, run_after=2021-01-01 00:00:00+00:00
[2024-12-04T13:38:43.567+0100] {processor.py:208} INFO - Processing /Users/sijibomijoshua/airflow/airflow_env/lib/python3.11/site-packages/airflow/example_dags/example_xcom.py took 0.108 seconds
[2024-12-04T13:39:57.188+0100] {processor.py:186} INFO - Started process (PID=38414) to work on /Users/sijibomijoshua/airflow/airflow_env/lib/python3.11/site-packages/airflow/example_dags/example_xcom.py
[2024-12-04T13:39:57.188+0100] {processor.py:914} INFO - Processing file /Users/sijibomijoshua/airflow/airflow_env/lib/python3.11/site-packages/airflow/example_dags/example_xcom.py for tasks to queue
[2024-12-04T13:39:57.189+0100] {logging_mixin.py:190} INFO - [2024-12-04T13:39:57.189+0100] {dagbag.py:588} INFO - Filling up the DagBag from /Users/sijibomijoshua/airflow/airflow_env/lib/python3.11/site-packages/airflow/example_dags/example_xcom.py
[2024-12-04T13:39:57.203+0100] {processor.py:925} INFO - DAG(s) 'example_xcom' retrieved from /Users/sijibomijoshua/airflow/airflow_env/lib/python3.11/site-packages/airflow/example_dags/example_xcom.py
[2024-12-04T13:39:57.270+0100] {logging_mixin.py:190} INFO - [2024-12-04T13:39:57.270+0100] {dag.py:3239} INFO - Sync 1 DAGs
[2024-12-04T13:39:57.283+0100] {logging_mixin.py:190} INFO - [2024-12-04T13:39:57.282+0100] {dag.py:4180} INFO - Setting next_dagrun for example_xcom to 2021-01-01 00:00:00+00:00, run_after=2021-01-01 00:00:00+00:00
[2024-12-04T13:39:57.293+0100] {processor.py:208} INFO - Processing /Users/sijibomijoshua/airflow/airflow_env/lib/python3.11/site-packages/airflow/example_dags/example_xcom.py took 0.107 seconds
[2024-12-04T13:41:04.204+0100] {processor.py:186} INFO - Started process (PID=39909) to work on /Users/sijibomijoshua/airflow/airflow_env/lib/python3.11/site-packages/airflow/example_dags/example_xcom.py
[2024-12-04T13:41:04.205+0100] {processor.py:914} INFO - Processing file /Users/sijibomijoshua/airflow/airflow_env/lib/python3.11/site-packages/airflow/example_dags/example_xcom.py for tasks to queue
[2024-12-04T13:41:04.206+0100] {logging_mixin.py:190} INFO - [2024-12-04T13:41:04.206+0100] {dagbag.py:588} INFO - Filling up the DagBag from /Users/sijibomijoshua/airflow/airflow_env/lib/python3.11/site-packages/airflow/example_dags/example_xcom.py
[2024-12-04T13:41:04.219+0100] {processor.py:925} INFO - DAG(s) 'example_xcom' retrieved from /Users/sijibomijoshua/airflow/airflow_env/lib/python3.11/site-packages/airflow/example_dags/example_xcom.py
[2024-12-04T13:41:04.277+0100] {logging_mixin.py:190} INFO - [2024-12-04T13:41:04.277+0100] {dag.py:3239} INFO - Sync 1 DAGs
[2024-12-04T13:41:04.283+0100] {logging_mixin.py:190} INFO - [2024-12-04T13:41:04.283+0100] {dag.py:4180} INFO - Setting next_dagrun for example_xcom to 2021-01-01 00:00:00+00:00, run_after=2021-01-01 00:00:00+00:00
[2024-12-04T13:41:04.290+0100] {processor.py:208} INFO - Processing /Users/sijibomijoshua/airflow/airflow_env/lib/python3.11/site-packages/airflow/example_dags/example_xcom.py took 0.088 seconds
[2024-12-04T13:42:09.732+0100] {processor.py:186} INFO - Started process (PID=41333) to work on /Users/sijibomijoshua/airflow/airflow_env/lib/python3.11/site-packages/airflow/example_dags/example_xcom.py
[2024-12-04T13:42:09.733+0100] {processor.py:914} INFO - Processing file /Users/sijibomijoshua/airflow/airflow_env/lib/python3.11/site-packages/airflow/example_dags/example_xcom.py for tasks to queue
[2024-12-04T13:42:09.734+0100] {logging_mixin.py:190} INFO - [2024-12-04T13:42:09.734+0100] {dagbag.py:588} INFO - Filling up the DagBag from /Users/sijibomijoshua/airflow/airflow_env/lib/python3.11/site-packages/airflow/example_dags/example_xcom.py
[2024-12-04T13:42:09.749+0100] {processor.py:925} INFO - DAG(s) 'example_xcom' retrieved from /Users/sijibomijoshua/airflow/airflow_env/lib/python3.11/site-packages/airflow/example_dags/example_xcom.py
[2024-12-04T13:42:09.808+0100] {logging_mixin.py:190} INFO - [2024-12-04T13:42:09.808+0100] {dag.py:3239} INFO - Sync 1 DAGs
[2024-12-04T13:42:09.815+0100] {logging_mixin.py:190} INFO - [2024-12-04T13:42:09.815+0100] {dag.py:4180} INFO - Setting next_dagrun for example_xcom to 2021-01-01 00:00:00+00:00, run_after=2021-01-01 00:00:00+00:00
[2024-12-04T13:42:09.821+0100] {processor.py:208} INFO - Processing /Users/sijibomijoshua/airflow/airflow_env/lib/python3.11/site-packages/airflow/example_dags/example_xcom.py took 0.091 seconds
[2024-12-04T13:43:15.936+0100] {processor.py:186} INFO - Started process (PID=42812) to work on /Users/sijibomijoshua/airflow/airflow_env/lib/python3.11/site-packages/airflow/example_dags/example_xcom.py
[2024-12-04T13:43:15.936+0100] {processor.py:914} INFO - Processing file /Users/sijibomijoshua/airflow/airflow_env/lib/python3.11/site-packages/airflow/example_dags/example_xcom.py for tasks to queue
[2024-12-04T13:43:15.937+0100] {logging_mixin.py:190} INFO - [2024-12-04T13:43:15.937+0100] {dagbag.py:588} INFO - Filling up the DagBag from /Users/sijibomijoshua/airflow/airflow_env/lib/python3.11/site-packages/airflow/example_dags/example_xcom.py
[2024-12-04T13:43:15.952+0100] {processor.py:925} INFO - DAG(s) 'example_xcom' retrieved from /Users/sijibomijoshua/airflow/airflow_env/lib/python3.11/site-packages/airflow/example_dags/example_xcom.py
[2024-12-04T13:43:16.008+0100] {logging_mixin.py:190} INFO - [2024-12-04T13:43:16.008+0100] {dag.py:3239} INFO - Sync 1 DAGs
[2024-12-04T13:43:16.014+0100] {logging_mixin.py:190} INFO - [2024-12-04T13:43:16.014+0100] {dag.py:4180} INFO - Setting next_dagrun for example_xcom to 2021-01-01 00:00:00+00:00, run_after=2021-01-01 00:00:00+00:00
[2024-12-04T13:43:16.021+0100] {processor.py:208} INFO - Processing /Users/sijibomijoshua/airflow/airflow_env/lib/python3.11/site-packages/airflow/example_dags/example_xcom.py took 0.086 seconds
[2024-12-04T14:01:23.800+0100] {processor.py:186} INFO - Started process (PID=55177) to work on /Users/sijibomijoshua/airflow/airflow_env/lib/python3.11/site-packages/airflow/example_dags/example_xcom.py
[2024-12-04T14:01:23.801+0100] {processor.py:914} INFO - Processing file /Users/sijibomijoshua/airflow/airflow_env/lib/python3.11/site-packages/airflow/example_dags/example_xcom.py for tasks to queue
[2024-12-04T14:01:23.802+0100] {logging_mixin.py:190} INFO - [2024-12-04T14:01:23.802+0100] {dagbag.py:588} INFO - Filling up the DagBag from /Users/sijibomijoshua/airflow/airflow_env/lib/python3.11/site-packages/airflow/example_dags/example_xcom.py
[2024-12-04T14:01:23.818+0100] {processor.py:925} INFO - DAG(s) 'example_xcom' retrieved from /Users/sijibomijoshua/airflow/airflow_env/lib/python3.11/site-packages/airflow/example_dags/example_xcom.py
[2024-12-04T14:01:23.875+0100] {logging_mixin.py:190} INFO - [2024-12-04T14:01:23.874+0100] {dag.py:3239} INFO - Sync 1 DAGs
[2024-12-04T14:01:23.882+0100] {logging_mixin.py:190} INFO - [2024-12-04T14:01:23.882+0100] {dag.py:4180} INFO - Setting next_dagrun for example_xcom to 2021-01-01 00:00:00+00:00, run_after=2021-01-01 00:00:00+00:00
[2024-12-04T14:01:23.888+0100] {processor.py:208} INFO - Processing /Users/sijibomijoshua/airflow/airflow_env/lib/python3.11/site-packages/airflow/example_dags/example_xcom.py took 0.090 seconds
