[2024-12-04T12:43:00.771+0100] {processor.py:186} INFO - Started process (PID=83668) to work on /Users/sijibomijoshua/.pyenv/versions/3.11.6/lib/python3.11/site-packages/airflow/example_dags/example_display_name.py
[2024-12-04T12:43:00.772+0100] {processor.py:914} INFO - Processing file /Users/sijibomijoshua/.pyenv/versions/3.11.6/lib/python3.11/site-packages/airflow/example_dags/example_display_name.py for tasks to queue
[2024-12-04T12:43:00.773+0100] {logging_mixin.py:190} INFO - [2024-12-04T12:43:00.773+0100] {dagbag.py:588} INFO - Filling up the DagBag from /Users/sijibomijoshua/.pyenv/versions/3.11.6/lib/python3.11/site-packages/airflow/example_dags/example_display_name.py
[2024-12-04T12:43:00.788+0100] {processor.py:925} INFO - DAG(s) 'example_display_name' retrieved from /Users/sijibomijoshua/.pyenv/versions/3.11.6/lib/python3.11/site-packages/airflow/example_dags/example_display_name.py
[2024-12-04T12:43:00.876+0100] {logging_mixin.py:190} INFO - [2024-12-04T12:43:00.875+0100] {override.py:1911} INFO - Created Permission View: can delete on DAG:example_display_name
[2024-12-04T12:43:00.879+0100] {logging_mixin.py:190} INFO - [2024-12-04T12:43:00.878+0100] {override.py:1911} INFO - Created Permission View: can edit on DAG:example_display_name
[2024-12-04T12:43:00.880+0100] {logging_mixin.py:190} INFO - [2024-12-04T12:43:00.880+0100] {override.py:1911} INFO - Created Permission View: can read on DAG:example_display_name
[2024-12-04T12:43:00.883+0100] {logging_mixin.py:190} INFO - [2024-12-04T12:43:00.883+0100] {override.py:1911} INFO - Created Permission View: menu access on DAG Run:example_display_name
[2024-12-04T12:43:00.884+0100] {logging_mixin.py:190} INFO - [2024-12-04T12:43:00.884+0100] {override.py:1911} INFO - Created Permission View: can delete on DAG Run:example_display_name
[2024-12-04T12:43:00.886+0100] {logging_mixin.py:190} INFO - [2024-12-04T12:43:00.886+0100] {override.py:1911} INFO - Created Permission View: can create on DAG Run:example_display_name
[2024-12-04T12:43:00.888+0100] {logging_mixin.py:190} INFO - [2024-12-04T12:43:00.888+0100] {override.py:1911} INFO - Created Permission View: can read on DAG Run:example_display_name
[2024-12-04T12:43:00.888+0100] {logging_mixin.py:190} INFO - [2024-12-04T12:43:00.888+0100] {dag.py:3239} INFO - Sync 1 DAGs
[2024-12-04T12:43:00.892+0100] {logging_mixin.py:190} INFO - [2024-12-04T12:43:00.892+0100] {dag.py:3262} INFO - Creating ORM DAG for example_display_name
[2024-12-04T12:43:00.892+0100] {logging_mixin.py:190} INFO - [2024-12-04T12:43:00.892+0100] {dag.py:4180} INFO - Setting next_dagrun for example_display_name to None, run_after=None
[2024-12-04T12:43:00.899+0100] {processor.py:208} INFO - Processing /Users/sijibomijoshua/.pyenv/versions/3.11.6/lib/python3.11/site-packages/airflow/example_dags/example_display_name.py took 0.130 seconds
[2024-12-04T12:45:16.072+0100] {processor.py:186} INFO - Started process (PID=85763) to work on /Users/sijibomijoshua/.pyenv/versions/3.11.6/lib/python3.11/site-packages/airflow/example_dags/example_display_name.py
[2024-12-04T12:45:16.073+0100] {processor.py:914} INFO - Processing file /Users/sijibomijoshua/.pyenv/versions/3.11.6/lib/python3.11/site-packages/airflow/example_dags/example_display_name.py for tasks to queue
[2024-12-04T12:45:16.074+0100] {logging_mixin.py:190} INFO - [2024-12-04T12:45:16.074+0100] {dagbag.py:588} INFO - Filling up the DagBag from /Users/sijibomijoshua/.pyenv/versions/3.11.6/lib/python3.11/site-packages/airflow/example_dags/example_display_name.py
[2024-12-04T12:45:16.086+0100] {processor.py:925} INFO - DAG(s) 'example_display_name' retrieved from /Users/sijibomijoshua/.pyenv/versions/3.11.6/lib/python3.11/site-packages/airflow/example_dags/example_display_name.py
[2024-12-04T12:45:16.145+0100] {logging_mixin.py:190} INFO - [2024-12-04T12:45:16.145+0100] {dag.py:3239} INFO - Sync 1 DAGs
[2024-12-04T12:45:16.149+0100] {logging_mixin.py:190} INFO - [2024-12-04T12:45:16.149+0100] {dag.py:4180} INFO - Setting next_dagrun for example_display_name to None, run_after=None
[2024-12-04T12:45:16.156+0100] {processor.py:208} INFO - Processing /Users/sijibomijoshua/.pyenv/versions/3.11.6/lib/python3.11/site-packages/airflow/example_dags/example_display_name.py took 0.085 seconds
[2024-12-04T12:47:34.622+0100] {processor.py:186} INFO - Started process (PID=87893) to work on /Users/sijibomijoshua/.pyenv/versions/3.11.6/lib/python3.11/site-packages/airflow/example_dags/example_display_name.py
[2024-12-04T12:47:34.623+0100] {processor.py:914} INFO - Processing file /Users/sijibomijoshua/.pyenv/versions/3.11.6/lib/python3.11/site-packages/airflow/example_dags/example_display_name.py for tasks to queue
[2024-12-04T12:47:34.624+0100] {logging_mixin.py:190} INFO - [2024-12-04T12:47:34.624+0100] {dagbag.py:588} INFO - Filling up the DagBag from /Users/sijibomijoshua/.pyenv/versions/3.11.6/lib/python3.11/site-packages/airflow/example_dags/example_display_name.py
[2024-12-04T12:47:34.637+0100] {processor.py:925} INFO - DAG(s) 'example_display_name' retrieved from /Users/sijibomijoshua/.pyenv/versions/3.11.6/lib/python3.11/site-packages/airflow/example_dags/example_display_name.py
[2024-12-04T12:47:34.696+0100] {logging_mixin.py:190} INFO - [2024-12-04T12:47:34.696+0100] {dag.py:3239} INFO - Sync 1 DAGs
[2024-12-04T12:47:34.700+0100] {logging_mixin.py:190} INFO - [2024-12-04T12:47:34.700+0100] {dag.py:4180} INFO - Setting next_dagrun for example_display_name to None, run_after=None
[2024-12-04T12:47:34.707+0100] {processor.py:208} INFO - Processing /Users/sijibomijoshua/.pyenv/versions/3.11.6/lib/python3.11/site-packages/airflow/example_dags/example_display_name.py took 0.086 seconds
[2024-12-04T13:26:04.373+0100] {processor.py:186} INFO - Started process (PID=20602) to work on /Users/sijibomijoshua/.pyenv/versions/3.11.6/lib/python3.11/site-packages/airflow/example_dags/example_display_name.py
[2024-12-04T13:26:04.374+0100] {processor.py:914} INFO - Processing file /Users/sijibomijoshua/.pyenv/versions/3.11.6/lib/python3.11/site-packages/airflow/example_dags/example_display_name.py for tasks to queue
[2024-12-04T13:26:04.375+0100] {logging_mixin.py:190} INFO - [2024-12-04T13:26:04.375+0100] {dagbag.py:588} INFO - Filling up the DagBag from /Users/sijibomijoshua/.pyenv/versions/3.11.6/lib/python3.11/site-packages/airflow/example_dags/example_display_name.py
[2024-12-04T13:26:04.387+0100] {processor.py:925} INFO - DAG(s) 'example_display_name' retrieved from /Users/sijibomijoshua/.pyenv/versions/3.11.6/lib/python3.11/site-packages/airflow/example_dags/example_display_name.py
[2024-12-04T13:26:04.443+0100] {logging_mixin.py:190} INFO - [2024-12-04T13:26:04.442+0100] {dag.py:3239} INFO - Sync 1 DAGs
[2024-12-04T13:26:04.446+0100] {logging_mixin.py:190} INFO - [2024-12-04T13:26:04.446+0100] {dag.py:4180} INFO - Setting next_dagrun for example_display_name to None, run_after=None
[2024-12-04T13:26:04.453+0100] {processor.py:208} INFO - Processing /Users/sijibomijoshua/.pyenv/versions/3.11.6/lib/python3.11/site-packages/airflow/example_dags/example_display_name.py took 0.081 seconds
[2024-12-04T13:37:57.621+0100] {processor.py:186} INFO - Started process (PID=35716) to work on /Users/sijibomijoshua/airflow/airflow_env/lib/python3.11/site-packages/airflow/example_dags/example_display_name.py
[2024-12-04T13:37:57.622+0100] {processor.py:914} INFO - Processing file /Users/sijibomijoshua/airflow/airflow_env/lib/python3.11/site-packages/airflow/example_dags/example_display_name.py for tasks to queue
[2024-12-04T13:37:57.624+0100] {logging_mixin.py:190} INFO - [2024-12-04T13:37:57.624+0100] {dagbag.py:588} INFO - Filling up the DagBag from /Users/sijibomijoshua/airflow/airflow_env/lib/python3.11/site-packages/airflow/example_dags/example_display_name.py
[2024-12-04T13:37:57.643+0100] {processor.py:925} INFO - DAG(s) 'example_display_name' retrieved from /Users/sijibomijoshua/airflow/airflow_env/lib/python3.11/site-packages/airflow/example_dags/example_display_name.py
[2024-12-04T13:37:57.754+0100] {logging_mixin.py:190} INFO - [2024-12-04T13:37:57.754+0100] {dag.py:3239} INFO - Sync 1 DAGs
[2024-12-04T13:37:57.758+0100] {logging_mixin.py:190} INFO - [2024-12-04T13:37:57.758+0100] {dag.py:4180} INFO - Setting next_dagrun for example_display_name to None, run_after=None
[2024-12-04T13:37:57.765+0100] {processor.py:208} INFO - Processing /Users/sijibomijoshua/airflow/airflow_env/lib/python3.11/site-packages/airflow/example_dags/example_display_name.py took 0.150 seconds
[2024-12-04T13:40:19.910+0100] {processor.py:186} INFO - Started process (PID=38924) to work on /Users/sijibomijoshua/airflow/airflow_env/lib/python3.11/site-packages/airflow/example_dags/example_display_name.py
[2024-12-04T13:40:19.910+0100] {processor.py:914} INFO - Processing file /Users/sijibomijoshua/airflow/airflow_env/lib/python3.11/site-packages/airflow/example_dags/example_display_name.py for tasks to queue
[2024-12-04T13:40:19.911+0100] {logging_mixin.py:190} INFO - [2024-12-04T13:40:19.911+0100] {dagbag.py:588} INFO - Filling up the DagBag from /Users/sijibomijoshua/airflow/airflow_env/lib/python3.11/site-packages/airflow/example_dags/example_display_name.py
[2024-12-04T13:40:19.925+0100] {processor.py:925} INFO - DAG(s) 'example_display_name' retrieved from /Users/sijibomijoshua/airflow/airflow_env/lib/python3.11/site-packages/airflow/example_dags/example_display_name.py
[2024-12-04T13:40:19.983+0100] {logging_mixin.py:190} INFO - [2024-12-04T13:40:19.983+0100] {dag.py:3239} INFO - Sync 1 DAGs
[2024-12-04T13:40:19.987+0100] {logging_mixin.py:190} INFO - [2024-12-04T13:40:19.987+0100] {dag.py:4180} INFO - Setting next_dagrun for example_display_name to None, run_after=None
[2024-12-04T13:40:19.994+0100] {processor.py:208} INFO - Processing /Users/sijibomijoshua/airflow/airflow_env/lib/python3.11/site-packages/airflow/example_dags/example_display_name.py took 0.086 seconds
[2024-12-04T13:42:30.298+0100] {processor.py:186} INFO - Started process (PID=41794) to work on /Users/sijibomijoshua/airflow/airflow_env/lib/python3.11/site-packages/airflow/example_dags/example_display_name.py
[2024-12-04T13:42:30.299+0100] {processor.py:914} INFO - Processing file /Users/sijibomijoshua/airflow/airflow_env/lib/python3.11/site-packages/airflow/example_dags/example_display_name.py for tasks to queue
[2024-12-04T13:42:30.300+0100] {logging_mixin.py:190} INFO - [2024-12-04T13:42:30.300+0100] {dagbag.py:588} INFO - Filling up the DagBag from /Users/sijibomijoshua/airflow/airflow_env/lib/python3.11/site-packages/airflow/example_dags/example_display_name.py
[2024-12-04T13:42:30.320+0100] {processor.py:925} INFO - DAG(s) 'example_display_name' retrieved from /Users/sijibomijoshua/airflow/airflow_env/lib/python3.11/site-packages/airflow/example_dags/example_display_name.py
[2024-12-04T13:42:30.381+0100] {logging_mixin.py:190} INFO - [2024-12-04T13:42:30.381+0100] {dag.py:3239} INFO - Sync 1 DAGs
[2024-12-04T13:42:30.385+0100] {logging_mixin.py:190} INFO - [2024-12-04T13:42:30.385+0100] {dag.py:4180} INFO - Setting next_dagrun for example_display_name to None, run_after=None
[2024-12-04T13:42:30.392+0100] {processor.py:208} INFO - Processing /Users/sijibomijoshua/airflow/airflow_env/lib/python3.11/site-packages/airflow/example_dags/example_display_name.py took 0.096 seconds
