[2024-12-04T12:41:20.414+0100] {processor.py:186} INFO - Started process (PID=82056) to work on /Users/sijibomijoshua/.pyenv/versions/3.11.6/lib/python3.11/site-packages/airflow/example_dags/example_trigger_target_dag.py
[2024-12-04T12:41:20.417+0100] {processor.py:914} INFO - Processing file /Users/sijibomijoshua/.pyenv/versions/3.11.6/lib/python3.11/site-packages/airflow/example_dags/example_trigger_target_dag.py for tasks to queue
[2024-12-04T12:41:20.422+0100] {logging_mixin.py:190} INFO - [2024-12-04T12:41:20.422+0100] {dagbag.py:588} INFO - Filling up the DagBag from /Users/sijibomijoshua/.pyenv/versions/3.11.6/lib/python3.11/site-packages/airflow/example_dags/example_trigger_target_dag.py
[2024-12-04T12:41:20.449+0100] {processor.py:925} INFO - DAG(s) 'example_trigger_target_dag' retrieved from /Users/sijibomijoshua/.pyenv/versions/3.11.6/lib/python3.11/site-packages/airflow/example_dags/example_trigger_target_dag.py
[2024-12-04T12:41:20.579+0100] {logging_mixin.py:190} INFO - [2024-12-04T12:41:20.579+0100] {override.py:1911} INFO - Created Permission View: can delete on DAG:example_trigger_target_dag
[2024-12-04T12:41:20.582+0100] {logging_mixin.py:190} INFO - [2024-12-04T12:41:20.582+0100] {override.py:1911} INFO - Created Permission View: can edit on DAG:example_trigger_target_dag
[2024-12-04T12:41:20.585+0100] {logging_mixin.py:190} INFO - [2024-12-04T12:41:20.585+0100] {override.py:1911} INFO - Created Permission View: can read on DAG:example_trigger_target_dag
[2024-12-04T12:41:20.589+0100] {logging_mixin.py:190} INFO - [2024-12-04T12:41:20.589+0100] {override.py:1911} INFO - Created Permission View: can delete on DAG Run:example_trigger_target_dag
[2024-12-04T12:41:20.591+0100] {logging_mixin.py:190} INFO - [2024-12-04T12:41:20.591+0100] {override.py:1911} INFO - Created Permission View: can create on DAG Run:example_trigger_target_dag
[2024-12-04T12:41:20.593+0100] {logging_mixin.py:190} INFO - [2024-12-04T12:41:20.593+0100] {override.py:1911} INFO - Created Permission View: menu access on DAG Run:example_trigger_target_dag
[2024-12-04T12:41:20.596+0100] {logging_mixin.py:190} INFO - [2024-12-04T12:41:20.596+0100] {override.py:1911} INFO - Created Permission View: can read on DAG Run:example_trigger_target_dag
[2024-12-04T12:41:20.596+0100] {logging_mixin.py:190} INFO - [2024-12-04T12:41:20.596+0100] {dag.py:3239} INFO - Sync 1 DAGs
[2024-12-04T12:41:20.600+0100] {logging_mixin.py:190} INFO - [2024-12-04T12:41:20.600+0100] {dag.py:3262} INFO - Creating ORM DAG for example_trigger_target_dag
[2024-12-04T12:41:20.601+0100] {logging_mixin.py:190} INFO - [2024-12-04T12:41:20.601+0100] {dag.py:4180} INFO - Setting next_dagrun for example_trigger_target_dag to None, run_after=None
[2024-12-04T12:41:20.607+0100] {processor.py:208} INFO - Processing /Users/sijibomijoshua/.pyenv/versions/3.11.6/lib/python3.11/site-packages/airflow/example_dags/example_trigger_target_dag.py took 0.199 seconds
[2024-12-04T12:42:09.626+0100] {processor.py:186} INFO - Started process (PID=82845) to work on /Users/sijibomijoshua/.pyenv/versions/3.11.6/lib/python3.11/site-packages/airflow/example_dags/example_trigger_target_dag.py
[2024-12-04T12:42:09.627+0100] {processor.py:914} INFO - Processing file /Users/sijibomijoshua/.pyenv/versions/3.11.6/lib/python3.11/site-packages/airflow/example_dags/example_trigger_target_dag.py for tasks to queue
[2024-12-04T12:42:09.628+0100] {logging_mixin.py:190} INFO - [2024-12-04T12:42:09.628+0100] {dagbag.py:588} INFO - Filling up the DagBag from /Users/sijibomijoshua/.pyenv/versions/3.11.6/lib/python3.11/site-packages/airflow/example_dags/example_trigger_target_dag.py
[2024-12-04T12:42:09.642+0100] {processor.py:925} INFO - DAG(s) 'example_trigger_target_dag' retrieved from /Users/sijibomijoshua/.pyenv/versions/3.11.6/lib/python3.11/site-packages/airflow/example_dags/example_trigger_target_dag.py
[2024-12-04T12:42:09.702+0100] {logging_mixin.py:190} INFO - [2024-12-04T12:42:09.702+0100] {dag.py:3239} INFO - Sync 1 DAGs
[2024-12-04T12:42:09.706+0100] {logging_mixin.py:190} INFO - [2024-12-04T12:42:09.706+0100] {dag.py:4180} INFO - Setting next_dagrun for example_trigger_target_dag to None, run_after=None
[2024-12-04T12:42:09.713+0100] {processor.py:208} INFO - Processing /Users/sijibomijoshua/.pyenv/versions/3.11.6/lib/python3.11/site-packages/airflow/example_dags/example_trigger_target_dag.py took 0.090 seconds
[2024-12-04T12:43:49.655+0100] {processor.py:186} INFO - Started process (PID=84406) to work on /Users/sijibomijoshua/.pyenv/versions/3.11.6/lib/python3.11/site-packages/airflow/example_dags/example_trigger_target_dag.py
[2024-12-04T12:43:49.655+0100] {processor.py:914} INFO - Processing file /Users/sijibomijoshua/.pyenv/versions/3.11.6/lib/python3.11/site-packages/airflow/example_dags/example_trigger_target_dag.py for tasks to queue
[2024-12-04T12:43:49.656+0100] {logging_mixin.py:190} INFO - [2024-12-04T12:43:49.656+0100] {dagbag.py:588} INFO - Filling up the DagBag from /Users/sijibomijoshua/.pyenv/versions/3.11.6/lib/python3.11/site-packages/airflow/example_dags/example_trigger_target_dag.py
[2024-12-04T12:43:49.670+0100] {processor.py:925} INFO - DAG(s) 'example_trigger_target_dag' retrieved from /Users/sijibomijoshua/.pyenv/versions/3.11.6/lib/python3.11/site-packages/airflow/example_dags/example_trigger_target_dag.py
[2024-12-04T12:43:49.730+0100] {logging_mixin.py:190} INFO - [2024-12-04T12:43:49.729+0100] {dag.py:3239} INFO - Sync 1 DAGs
[2024-12-04T12:43:49.734+0100] {logging_mixin.py:190} INFO - [2024-12-04T12:43:49.734+0100] {dag.py:4180} INFO - Setting next_dagrun for example_trigger_target_dag to None, run_after=None
[2024-12-04T12:43:49.742+0100] {processor.py:208} INFO - Processing /Users/sijibomijoshua/.pyenv/versions/3.11.6/lib/python3.11/site-packages/airflow/example_dags/example_trigger_target_dag.py took 0.089 seconds
[2024-12-04T12:44:57.635+0100] {processor.py:186} INFO - Started process (PID=85473) to work on /Users/sijibomijoshua/.pyenv/versions/3.11.6/lib/python3.11/site-packages/airflow/example_dags/example_trigger_target_dag.py
[2024-12-04T12:44:57.636+0100] {processor.py:914} INFO - Processing file /Users/sijibomijoshua/.pyenv/versions/3.11.6/lib/python3.11/site-packages/airflow/example_dags/example_trigger_target_dag.py for tasks to queue
[2024-12-04T12:44:57.637+0100] {logging_mixin.py:190} INFO - [2024-12-04T12:44:57.637+0100] {dagbag.py:588} INFO - Filling up the DagBag from /Users/sijibomijoshua/.pyenv/versions/3.11.6/lib/python3.11/site-packages/airflow/example_dags/example_trigger_target_dag.py
[2024-12-04T12:44:57.651+0100] {processor.py:925} INFO - DAG(s) 'example_trigger_target_dag' retrieved from /Users/sijibomijoshua/.pyenv/versions/3.11.6/lib/python3.11/site-packages/airflow/example_dags/example_trigger_target_dag.py
[2024-12-04T12:44:57.707+0100] {logging_mixin.py:190} INFO - [2024-12-04T12:44:57.707+0100] {dag.py:3239} INFO - Sync 1 DAGs
[2024-12-04T12:44:57.711+0100] {logging_mixin.py:190} INFO - [2024-12-04T12:44:57.711+0100] {dag.py:4180} INFO - Setting next_dagrun for example_trigger_target_dag to None, run_after=None
[2024-12-04T12:44:57.718+0100] {processor.py:208} INFO - Processing /Users/sijibomijoshua/.pyenv/versions/3.11.6/lib/python3.11/site-packages/airflow/example_dags/example_trigger_target_dag.py took 0.084 seconds
[2024-12-04T12:46:04.267+0100] {processor.py:186} INFO - Started process (PID=86491) to work on /Users/sijibomijoshua/.pyenv/versions/3.11.6/lib/python3.11/site-packages/airflow/example_dags/example_trigger_target_dag.py
[2024-12-04T12:46:04.267+0100] {processor.py:914} INFO - Processing file /Users/sijibomijoshua/.pyenv/versions/3.11.6/lib/python3.11/site-packages/airflow/example_dags/example_trigger_target_dag.py for tasks to queue
[2024-12-04T12:46:04.268+0100] {logging_mixin.py:190} INFO - [2024-12-04T12:46:04.268+0100] {dagbag.py:588} INFO - Filling up the DagBag from /Users/sijibomijoshua/.pyenv/versions/3.11.6/lib/python3.11/site-packages/airflow/example_dags/example_trigger_target_dag.py
[2024-12-04T12:46:04.282+0100] {processor.py:925} INFO - DAG(s) 'example_trigger_target_dag' retrieved from /Users/sijibomijoshua/.pyenv/versions/3.11.6/lib/python3.11/site-packages/airflow/example_dags/example_trigger_target_dag.py
[2024-12-04T12:46:04.338+0100] {logging_mixin.py:190} INFO - [2024-12-04T12:46:04.337+0100] {dag.py:3239} INFO - Sync 1 DAGs
[2024-12-04T12:46:04.341+0100] {logging_mixin.py:190} INFO - [2024-12-04T12:46:04.341+0100] {dag.py:4180} INFO - Setting next_dagrun for example_trigger_target_dag to None, run_after=None
[2024-12-04T12:46:04.348+0100] {processor.py:208} INFO - Processing /Users/sijibomijoshua/.pyenv/versions/3.11.6/lib/python3.11/site-packages/airflow/example_dags/example_trigger_target_dag.py took 0.083 seconds
[2024-12-04T12:47:14.502+0100] {processor.py:186} INFO - Started process (PID=87573) to work on /Users/sijibomijoshua/.pyenv/versions/3.11.6/lib/python3.11/site-packages/airflow/example_dags/example_trigger_target_dag.py
[2024-12-04T12:47:14.503+0100] {processor.py:914} INFO - Processing file /Users/sijibomijoshua/.pyenv/versions/3.11.6/lib/python3.11/site-packages/airflow/example_dags/example_trigger_target_dag.py for tasks to queue
[2024-12-04T12:47:14.504+0100] {logging_mixin.py:190} INFO - [2024-12-04T12:47:14.504+0100] {dagbag.py:588} INFO - Filling up the DagBag from /Users/sijibomijoshua/.pyenv/versions/3.11.6/lib/python3.11/site-packages/airflow/example_dags/example_trigger_target_dag.py
[2024-12-04T12:47:14.517+0100] {processor.py:925} INFO - DAG(s) 'example_trigger_target_dag' retrieved from /Users/sijibomijoshua/.pyenv/versions/3.11.6/lib/python3.11/site-packages/airflow/example_dags/example_trigger_target_dag.py
[2024-12-04T12:47:14.578+0100] {logging_mixin.py:190} INFO - [2024-12-04T12:47:14.578+0100] {dag.py:3239} INFO - Sync 1 DAGs
[2024-12-04T12:47:14.581+0100] {logging_mixin.py:190} INFO - [2024-12-04T12:47:14.581+0100] {dag.py:4180} INFO - Setting next_dagrun for example_trigger_target_dag to None, run_after=None
[2024-12-04T12:47:14.588+0100] {processor.py:208} INFO - Processing /Users/sijibomijoshua/.pyenv/versions/3.11.6/lib/python3.11/site-packages/airflow/example_dags/example_trigger_target_dag.py took 0.088 seconds
[2024-12-04T12:48:22.311+0100] {processor.py:186} INFO - Started process (PID=88617) to work on /Users/sijibomijoshua/.pyenv/versions/3.11.6/lib/python3.11/site-packages/airflow/example_dags/example_trigger_target_dag.py
[2024-12-04T12:48:22.312+0100] {processor.py:914} INFO - Processing file /Users/sijibomijoshua/.pyenv/versions/3.11.6/lib/python3.11/site-packages/airflow/example_dags/example_trigger_target_dag.py for tasks to queue
[2024-12-04T12:48:22.314+0100] {logging_mixin.py:190} INFO - [2024-12-04T12:48:22.314+0100] {dagbag.py:588} INFO - Filling up the DagBag from /Users/sijibomijoshua/.pyenv/versions/3.11.6/lib/python3.11/site-packages/airflow/example_dags/example_trigger_target_dag.py
[2024-12-04T12:48:22.330+0100] {processor.py:925} INFO - DAG(s) 'example_trigger_target_dag' retrieved from /Users/sijibomijoshua/.pyenv/versions/3.11.6/lib/python3.11/site-packages/airflow/example_dags/example_trigger_target_dag.py
[2024-12-04T12:48:22.390+0100] {logging_mixin.py:190} INFO - [2024-12-04T12:48:22.390+0100] {dag.py:3239} INFO - Sync 1 DAGs
[2024-12-04T12:48:22.394+0100] {logging_mixin.py:190} INFO - [2024-12-04T12:48:22.394+0100] {dag.py:4180} INFO - Setting next_dagrun for example_trigger_target_dag to None, run_after=None
[2024-12-04T12:48:22.401+0100] {processor.py:208} INFO - Processing /Users/sijibomijoshua/.pyenv/versions/3.11.6/lib/python3.11/site-packages/airflow/example_dags/example_trigger_target_dag.py took 0.093 seconds
[2024-12-04T13:23:33.388+0100] {processor.py:186} INFO - Started process (PID=17852) to work on /Users/sijibomijoshua/.pyenv/versions/3.11.6/lib/python3.11/site-packages/airflow/example_dags/example_trigger_target_dag.py
[2024-12-04T13:23:33.389+0100] {processor.py:914} INFO - Processing file /Users/sijibomijoshua/.pyenv/versions/3.11.6/lib/python3.11/site-packages/airflow/example_dags/example_trigger_target_dag.py for tasks to queue
[2024-12-04T13:23:33.390+0100] {logging_mixin.py:190} INFO - [2024-12-04T13:23:33.390+0100] {dagbag.py:588} INFO - Filling up the DagBag from /Users/sijibomijoshua/.pyenv/versions/3.11.6/lib/python3.11/site-packages/airflow/example_dags/example_trigger_target_dag.py
[2024-12-04T13:23:33.402+0100] {processor.py:925} INFO - DAG(s) 'example_trigger_target_dag' retrieved from /Users/sijibomijoshua/.pyenv/versions/3.11.6/lib/python3.11/site-packages/airflow/example_dags/example_trigger_target_dag.py
[2024-12-04T13:23:33.484+0100] {logging_mixin.py:190} INFO - [2024-12-04T13:23:33.483+0100] {dag.py:3239} INFO - Sync 1 DAGs
[2024-12-04T13:23:33.492+0100] {logging_mixin.py:190} INFO - [2024-12-04T13:23:33.492+0100] {dag.py:4180} INFO - Setting next_dagrun for example_trigger_target_dag to None, run_after=None
[2024-12-04T13:23:33.508+0100] {processor.py:208} INFO - Processing /Users/sijibomijoshua/.pyenv/versions/3.11.6/lib/python3.11/site-packages/airflow/example_dags/example_trigger_target_dag.py took 0.122 seconds
[2024-12-04T13:25:14.217+0100] {processor.py:186} INFO - Started process (PID=19657) to work on /Users/sijibomijoshua/.pyenv/versions/3.11.6/lib/python3.11/site-packages/airflow/example_dags/example_trigger_target_dag.py
[2024-12-04T13:25:14.218+0100] {processor.py:914} INFO - Processing file /Users/sijibomijoshua/.pyenv/versions/3.11.6/lib/python3.11/site-packages/airflow/example_dags/example_trigger_target_dag.py for tasks to queue
[2024-12-04T13:25:14.219+0100] {logging_mixin.py:190} INFO - [2024-12-04T13:25:14.219+0100] {dagbag.py:588} INFO - Filling up the DagBag from /Users/sijibomijoshua/.pyenv/versions/3.11.6/lib/python3.11/site-packages/airflow/example_dags/example_trigger_target_dag.py
[2024-12-04T13:25:14.236+0100] {processor.py:925} INFO - DAG(s) 'example_trigger_target_dag' retrieved from /Users/sijibomijoshua/.pyenv/versions/3.11.6/lib/python3.11/site-packages/airflow/example_dags/example_trigger_target_dag.py
[2024-12-04T13:25:14.293+0100] {logging_mixin.py:190} INFO - [2024-12-04T13:25:14.293+0100] {dag.py:3239} INFO - Sync 1 DAGs
[2024-12-04T13:25:14.297+0100] {logging_mixin.py:190} INFO - [2024-12-04T13:25:14.297+0100] {dag.py:4180} INFO - Setting next_dagrun for example_trigger_target_dag to None, run_after=None
[2024-12-04T13:25:14.305+0100] {processor.py:208} INFO - Processing /Users/sijibomijoshua/.pyenv/versions/3.11.6/lib/python3.11/site-packages/airflow/example_dags/example_trigger_target_dag.py took 0.089 seconds
[2024-12-04T13:37:08.923+0100] {processor.py:186} INFO - Started process (PID=34585) to work on /Users/sijibomijoshua/airflow/airflow_env/lib/python3.11/site-packages/airflow/example_dags/example_trigger_target_dag.py
[2024-12-04T13:37:08.925+0100] {processor.py:914} INFO - Processing file /Users/sijibomijoshua/airflow/airflow_env/lib/python3.11/site-packages/airflow/example_dags/example_trigger_target_dag.py for tasks to queue
[2024-12-04T13:37:08.926+0100] {logging_mixin.py:190} INFO - [2024-12-04T13:37:08.926+0100] {dagbag.py:588} INFO - Filling up the DagBag from /Users/sijibomijoshua/airflow/airflow_env/lib/python3.11/site-packages/airflow/example_dags/example_trigger_target_dag.py
[2024-12-04T13:37:08.943+0100] {processor.py:925} INFO - DAG(s) 'example_trigger_target_dag' retrieved from /Users/sijibomijoshua/airflow/airflow_env/lib/python3.11/site-packages/airflow/example_dags/example_trigger_target_dag.py
[2024-12-04T13:37:09.053+0100] {logging_mixin.py:190} INFO - [2024-12-04T13:37:09.053+0100] {dag.py:3239} INFO - Sync 1 DAGs
[2024-12-04T13:37:09.057+0100] {logging_mixin.py:190} INFO - [2024-12-04T13:37:09.057+0100] {dag.py:4180} INFO - Setting next_dagrun for example_trigger_target_dag to None, run_after=None
[2024-12-04T13:37:09.063+0100] {processor.py:208} INFO - Processing /Users/sijibomijoshua/airflow/airflow_env/lib/python3.11/site-packages/airflow/example_dags/example_trigger_target_dag.py took 0.142 seconds
[2024-12-04T13:38:48.666+0100] {processor.py:186} INFO - Started process (PID=36900) to work on /Users/sijibomijoshua/airflow/airflow_env/lib/python3.11/site-packages/airflow/example_dags/example_trigger_target_dag.py
[2024-12-04T13:38:48.668+0100] {processor.py:914} INFO - Processing file /Users/sijibomijoshua/airflow/airflow_env/lib/python3.11/site-packages/airflow/example_dags/example_trigger_target_dag.py for tasks to queue
[2024-12-04T13:38:48.671+0100] {logging_mixin.py:190} INFO - [2024-12-04T13:38:48.671+0100] {dagbag.py:588} INFO - Filling up the DagBag from /Users/sijibomijoshua/airflow/airflow_env/lib/python3.11/site-packages/airflow/example_dags/example_trigger_target_dag.py
[2024-12-04T13:38:48.690+0100] {processor.py:925} INFO - DAG(s) 'example_trigger_target_dag' retrieved from /Users/sijibomijoshua/airflow/airflow_env/lib/python3.11/site-packages/airflow/example_dags/example_trigger_target_dag.py
[2024-12-04T13:38:48.751+0100] {logging_mixin.py:190} INFO - [2024-12-04T13:38:48.751+0100] {dag.py:3239} INFO - Sync 1 DAGs
[2024-12-04T13:38:48.756+0100] {logging_mixin.py:190} INFO - [2024-12-04T13:38:48.755+0100] {dag.py:4180} INFO - Setting next_dagrun for example_trigger_target_dag to None, run_after=None
[2024-12-04T13:38:48.762+0100] {processor.py:208} INFO - Processing /Users/sijibomijoshua/airflow/airflow_env/lib/python3.11/site-packages/airflow/example_dags/example_trigger_target_dag.py took 0.098 seconds
[2024-12-04T13:40:01.176+0100] {processor.py:186} INFO - Started process (PID=38506) to work on /Users/sijibomijoshua/airflow/airflow_env/lib/python3.11/site-packages/airflow/example_dags/example_trigger_target_dag.py
[2024-12-04T13:40:01.177+0100] {processor.py:914} INFO - Processing file /Users/sijibomijoshua/airflow/airflow_env/lib/python3.11/site-packages/airflow/example_dags/example_trigger_target_dag.py for tasks to queue
[2024-12-04T13:40:01.178+0100] {logging_mixin.py:190} INFO - [2024-12-04T13:40:01.178+0100] {dagbag.py:588} INFO - Filling up the DagBag from /Users/sijibomijoshua/airflow/airflow_env/lib/python3.11/site-packages/airflow/example_dags/example_trigger_target_dag.py
[2024-12-04T13:40:01.191+0100] {processor.py:925} INFO - DAG(s) 'example_trigger_target_dag' retrieved from /Users/sijibomijoshua/airflow/airflow_env/lib/python3.11/site-packages/airflow/example_dags/example_trigger_target_dag.py
[2024-12-04T13:40:01.246+0100] {logging_mixin.py:190} INFO - [2024-12-04T13:40:01.246+0100] {dag.py:3239} INFO - Sync 1 DAGs
[2024-12-04T13:40:01.250+0100] {logging_mixin.py:190} INFO - [2024-12-04T13:40:01.250+0100] {dag.py:4180} INFO - Setting next_dagrun for example_trigger_target_dag to None, run_after=None
[2024-12-04T13:40:01.257+0100] {processor.py:208} INFO - Processing /Users/sijibomijoshua/airflow/airflow_env/lib/python3.11/site-packages/airflow/example_dags/example_trigger_target_dag.py took 0.082 seconds
[2024-12-04T13:41:07.876+0100] {processor.py:186} INFO - Started process (PID=39971) to work on /Users/sijibomijoshua/airflow/airflow_env/lib/python3.11/site-packages/airflow/example_dags/example_trigger_target_dag.py
[2024-12-04T13:41:07.877+0100] {processor.py:914} INFO - Processing file /Users/sijibomijoshua/airflow/airflow_env/lib/python3.11/site-packages/airflow/example_dags/example_trigger_target_dag.py for tasks to queue
[2024-12-04T13:41:07.878+0100] {logging_mixin.py:190} INFO - [2024-12-04T13:41:07.878+0100] {dagbag.py:588} INFO - Filling up the DagBag from /Users/sijibomijoshua/airflow/airflow_env/lib/python3.11/site-packages/airflow/example_dags/example_trigger_target_dag.py
[2024-12-04T13:41:07.891+0100] {processor.py:925} INFO - DAG(s) 'example_trigger_target_dag' retrieved from /Users/sijibomijoshua/airflow/airflow_env/lib/python3.11/site-packages/airflow/example_dags/example_trigger_target_dag.py
[2024-12-04T13:41:07.947+0100] {logging_mixin.py:190} INFO - [2024-12-04T13:41:07.947+0100] {dag.py:3239} INFO - Sync 1 DAGs
[2024-12-04T13:41:07.951+0100] {logging_mixin.py:190} INFO - [2024-12-04T13:41:07.951+0100] {dag.py:4180} INFO - Setting next_dagrun for example_trigger_target_dag to None, run_after=None
[2024-12-04T13:41:07.958+0100] {processor.py:208} INFO - Processing /Users/sijibomijoshua/airflow/airflow_env/lib/python3.11/site-packages/airflow/example_dags/example_trigger_target_dag.py took 0.083 seconds
[2024-12-04T13:42:13.123+0100] {processor.py:186} INFO - Started process (PID=41425) to work on /Users/sijibomijoshua/airflow/airflow_env/lib/python3.11/site-packages/airflow/example_dags/example_trigger_target_dag.py
[2024-12-04T13:42:13.124+0100] {processor.py:914} INFO - Processing file /Users/sijibomijoshua/airflow/airflow_env/lib/python3.11/site-packages/airflow/example_dags/example_trigger_target_dag.py for tasks to queue
[2024-12-04T13:42:13.125+0100] {logging_mixin.py:190} INFO - [2024-12-04T13:42:13.125+0100] {dagbag.py:588} INFO - Filling up the DagBag from /Users/sijibomijoshua/airflow/airflow_env/lib/python3.11/site-packages/airflow/example_dags/example_trigger_target_dag.py
[2024-12-04T13:42:13.138+0100] {processor.py:925} INFO - DAG(s) 'example_trigger_target_dag' retrieved from /Users/sijibomijoshua/airflow/airflow_env/lib/python3.11/site-packages/airflow/example_dags/example_trigger_target_dag.py
[2024-12-04T13:42:13.194+0100] {logging_mixin.py:190} INFO - [2024-12-04T13:42:13.194+0100] {dag.py:3239} INFO - Sync 1 DAGs
[2024-12-04T13:42:13.198+0100] {logging_mixin.py:190} INFO - [2024-12-04T13:42:13.198+0100] {dag.py:4180} INFO - Setting next_dagrun for example_trigger_target_dag to None, run_after=None
[2024-12-04T13:42:13.205+0100] {processor.py:208} INFO - Processing /Users/sijibomijoshua/airflow/airflow_env/lib/python3.11/site-packages/airflow/example_dags/example_trigger_target_dag.py took 0.083 seconds
[2024-12-04T13:43:19.812+0100] {processor.py:186} INFO - Started process (PID=42874) to work on /Users/sijibomijoshua/airflow/airflow_env/lib/python3.11/site-packages/airflow/example_dags/example_trigger_target_dag.py
[2024-12-04T13:43:19.812+0100] {processor.py:914} INFO - Processing file /Users/sijibomijoshua/airflow/airflow_env/lib/python3.11/site-packages/airflow/example_dags/example_trigger_target_dag.py for tasks to queue
[2024-12-04T13:43:19.814+0100] {logging_mixin.py:190} INFO - [2024-12-04T13:43:19.814+0100] {dagbag.py:588} INFO - Filling up the DagBag from /Users/sijibomijoshua/airflow/airflow_env/lib/python3.11/site-packages/airflow/example_dags/example_trigger_target_dag.py
[2024-12-04T13:43:19.831+0100] {processor.py:925} INFO - DAG(s) 'example_trigger_target_dag' retrieved from /Users/sijibomijoshua/airflow/airflow_env/lib/python3.11/site-packages/airflow/example_dags/example_trigger_target_dag.py
[2024-12-04T13:43:19.889+0100] {logging_mixin.py:190} INFO - [2024-12-04T13:43:19.888+0100] {dag.py:3239} INFO - Sync 1 DAGs
[2024-12-04T13:43:19.892+0100] {logging_mixin.py:190} INFO - [2024-12-04T13:43:19.892+0100] {dag.py:4180} INFO - Setting next_dagrun for example_trigger_target_dag to None, run_after=None
[2024-12-04T13:43:19.899+0100] {processor.py:208} INFO - Processing /Users/sijibomijoshua/airflow/airflow_env/lib/python3.11/site-packages/airflow/example_dags/example_trigger_target_dag.py took 0.090 seconds
[2024-12-04T14:01:28.022+0100] {processor.py:186} INFO - Started process (PID=55268) to work on /Users/sijibomijoshua/airflow/airflow_env/lib/python3.11/site-packages/airflow/example_dags/example_trigger_target_dag.py
[2024-12-04T14:01:28.022+0100] {processor.py:914} INFO - Processing file /Users/sijibomijoshua/airflow/airflow_env/lib/python3.11/site-packages/airflow/example_dags/example_trigger_target_dag.py for tasks to queue
[2024-12-04T14:01:28.024+0100] {logging_mixin.py:190} INFO - [2024-12-04T14:01:28.023+0100] {dagbag.py:588} INFO - Filling up the DagBag from /Users/sijibomijoshua/airflow/airflow_env/lib/python3.11/site-packages/airflow/example_dags/example_trigger_target_dag.py
[2024-12-04T14:01:28.038+0100] {processor.py:925} INFO - DAG(s) 'example_trigger_target_dag' retrieved from /Users/sijibomijoshua/airflow/airflow_env/lib/python3.11/site-packages/airflow/example_dags/example_trigger_target_dag.py
[2024-12-04T14:01:28.094+0100] {logging_mixin.py:190} INFO - [2024-12-04T14:01:28.094+0100] {dag.py:3239} INFO - Sync 1 DAGs
[2024-12-04T14:01:28.097+0100] {logging_mixin.py:190} INFO - [2024-12-04T14:01:28.097+0100] {dag.py:4180} INFO - Setting next_dagrun for example_trigger_target_dag to None, run_after=None
[2024-12-04T14:01:28.105+0100] {processor.py:208} INFO - Processing /Users/sijibomijoshua/airflow/airflow_env/lib/python3.11/site-packages/airflow/example_dags/example_trigger_target_dag.py took 0.086 seconds
