[2024-12-04T12:43:04.037+0100] {processor.py:186} INFO - Started process (PID=83732) to work on /Users/sijibomijoshua/.pyenv/versions/3.11.6/lib/python3.11/site-packages/airflow/example_dags/example_dataset_alias_with_no_taskflow.py
[2024-12-04T12:43:04.038+0100] {processor.py:914} INFO - Processing file /Users/sijibomijoshua/.pyenv/versions/3.11.6/lib/python3.11/site-packages/airflow/example_dags/example_dataset_alias_with_no_taskflow.py for tasks to queue
[2024-12-04T12:43:04.039+0100] {logging_mixin.py:190} INFO - [2024-12-04T12:43:04.039+0100] {dagbag.py:588} INFO - Filling up the DagBag from /Users/sijibomijoshua/.pyenv/versions/3.11.6/lib/python3.11/site-packages/airflow/example_dags/example_dataset_alias_with_no_taskflow.py
[2024-12-04T12:43:04.111+0100] {processor.py:925} INFO - DAG(s) 'dataset_s3_bucket_producer_with_no_taskflow', 'dataset_alias_example_alias_consumer_with_no_taskflow', 'dataset_alias_example_alias_producer_with_no_taskflow', 'dataset_s3_bucket_consumer_with_no_taskflow' retrieved from /Users/sijibomijoshua/.pyenv/versions/3.11.6/lib/python3.11/site-packages/airflow/example_dags/example_dataset_alias_with_no_taskflow.py
[2024-12-04T12:43:04.145+0100] {logging_mixin.py:190} INFO - [2024-12-04T12:43:04.145+0100] {override.py:1911} INFO - Created Permission View: can delete on DAG:dataset_s3_bucket_producer_with_no_taskflow
[2024-12-04T12:43:04.148+0100] {logging_mixin.py:190} INFO - [2024-12-04T12:43:04.148+0100] {override.py:1911} INFO - Created Permission View: can read on DAG:dataset_s3_bucket_producer_with_no_taskflow
[2024-12-04T12:43:04.150+0100] {logging_mixin.py:190} INFO - [2024-12-04T12:43:04.150+0100] {override.py:1911} INFO - Created Permission View: can edit on DAG:dataset_s3_bucket_producer_with_no_taskflow
[2024-12-04T12:43:04.153+0100] {logging_mixin.py:190} INFO - [2024-12-04T12:43:04.153+0100] {override.py:1911} INFO - Created Permission View: can delete on DAG Run:dataset_s3_bucket_producer_with_no_taskflow
[2024-12-04T12:43:04.156+0100] {logging_mixin.py:190} INFO - [2024-12-04T12:43:04.156+0100] {override.py:1911} INFO - Created Permission View: can read on DAG Run:dataset_s3_bucket_producer_with_no_taskflow
[2024-12-04T12:43:04.158+0100] {logging_mixin.py:190} INFO - [2024-12-04T12:43:04.158+0100] {override.py:1911} INFO - Created Permission View: menu access on DAG Run:dataset_s3_bucket_producer_with_no_taskflow
[2024-12-04T12:43:04.160+0100] {logging_mixin.py:190} INFO - [2024-12-04T12:43:04.160+0100] {override.py:1911} INFO - Created Permission View: can create on DAG Run:dataset_s3_bucket_producer_with_no_taskflow
[2024-12-04T12:43:04.167+0100] {logging_mixin.py:190} INFO - [2024-12-04T12:43:04.167+0100] {override.py:1911} INFO - Created Permission View: can delete on DAG:dataset_alias_example_alias_consumer_with_no_taskflow
[2024-12-04T12:43:04.168+0100] {logging_mixin.py:190} INFO - [2024-12-04T12:43:04.168+0100] {override.py:1911} INFO - Created Permission View: can read on DAG:dataset_alias_example_alias_consumer_with_no_taskflow
[2024-12-04T12:43:04.170+0100] {logging_mixin.py:190} INFO - [2024-12-04T12:43:04.170+0100] {override.py:1911} INFO - Created Permission View: can edit on DAG:dataset_alias_example_alias_consumer_with_no_taskflow
[2024-12-04T12:43:04.173+0100] {logging_mixin.py:190} INFO - [2024-12-04T12:43:04.173+0100] {override.py:1911} INFO - Created Permission View: can delete on DAG Run:dataset_alias_example_alias_consumer_with_no_taskflow
[2024-12-04T12:43:04.175+0100] {logging_mixin.py:190} INFO - [2024-12-04T12:43:04.175+0100] {override.py:1911} INFO - Created Permission View: can read on DAG Run:dataset_alias_example_alias_consumer_with_no_taskflow
[2024-12-04T12:43:04.177+0100] {logging_mixin.py:190} INFO - [2024-12-04T12:43:04.177+0100] {override.py:1911} INFO - Created Permission View: menu access on DAG Run:dataset_alias_example_alias_consumer_with_no_taskflow
[2024-12-04T12:43:04.179+0100] {logging_mixin.py:190} INFO - [2024-12-04T12:43:04.179+0100] {override.py:1911} INFO - Created Permission View: can create on DAG Run:dataset_alias_example_alias_consumer_with_no_taskflow
[2024-12-04T12:43:04.183+0100] {logging_mixin.py:190} INFO - [2024-12-04T12:43:04.183+0100] {override.py:1911} INFO - Created Permission View: can delete on DAG:dataset_alias_example_alias_producer_with_no_taskflow
[2024-12-04T12:43:04.185+0100] {logging_mixin.py:190} INFO - [2024-12-04T12:43:04.185+0100] {override.py:1911} INFO - Created Permission View: can read on DAG:dataset_alias_example_alias_producer_with_no_taskflow
[2024-12-04T12:43:04.187+0100] {logging_mixin.py:190} INFO - [2024-12-04T12:43:04.187+0100] {override.py:1911} INFO - Created Permission View: can edit on DAG:dataset_alias_example_alias_producer_with_no_taskflow
[2024-12-04T12:43:04.190+0100] {logging_mixin.py:190} INFO - [2024-12-04T12:43:04.190+0100] {override.py:1911} INFO - Created Permission View: can delete on DAG Run:dataset_alias_example_alias_producer_with_no_taskflow
[2024-12-04T12:43:04.192+0100] {logging_mixin.py:190} INFO - [2024-12-04T12:43:04.192+0100] {override.py:1911} INFO - Created Permission View: can read on DAG Run:dataset_alias_example_alias_producer_with_no_taskflow
[2024-12-04T12:43:04.193+0100] {logging_mixin.py:190} INFO - [2024-12-04T12:43:04.193+0100] {override.py:1911} INFO - Created Permission View: menu access on DAG Run:dataset_alias_example_alias_producer_with_no_taskflow
[2024-12-04T12:43:04.195+0100] {logging_mixin.py:190} INFO - [2024-12-04T12:43:04.195+0100] {override.py:1911} INFO - Created Permission View: can create on DAG Run:dataset_alias_example_alias_producer_with_no_taskflow
[2024-12-04T12:43:04.199+0100] {logging_mixin.py:190} INFO - [2024-12-04T12:43:04.199+0100] {override.py:1911} INFO - Created Permission View: can delete on DAG:dataset_s3_bucket_consumer_with_no_taskflow
[2024-12-04T12:43:04.201+0100] {logging_mixin.py:190} INFO - [2024-12-04T12:43:04.201+0100] {override.py:1911} INFO - Created Permission View: can read on DAG:dataset_s3_bucket_consumer_with_no_taskflow
[2024-12-04T12:43:04.203+0100] {logging_mixin.py:190} INFO - [2024-12-04T12:43:04.203+0100] {override.py:1911} INFO - Created Permission View: can edit on DAG:dataset_s3_bucket_consumer_with_no_taskflow
[2024-12-04T12:43:04.205+0100] {logging_mixin.py:190} INFO - [2024-12-04T12:43:04.205+0100] {override.py:1911} INFO - Created Permission View: can delete on DAG Run:dataset_s3_bucket_consumer_with_no_taskflow
[2024-12-04T12:43:04.207+0100] {logging_mixin.py:190} INFO - [2024-12-04T12:43:04.207+0100] {override.py:1911} INFO - Created Permission View: can read on DAG Run:dataset_s3_bucket_consumer_with_no_taskflow
[2024-12-04T12:43:04.209+0100] {logging_mixin.py:190} INFO - [2024-12-04T12:43:04.209+0100] {override.py:1911} INFO - Created Permission View: menu access on DAG Run:dataset_s3_bucket_consumer_with_no_taskflow
[2024-12-04T12:43:04.211+0100] {logging_mixin.py:190} INFO - [2024-12-04T12:43:04.211+0100] {override.py:1911} INFO - Created Permission View: can create on DAG Run:dataset_s3_bucket_consumer_with_no_taskflow
[2024-12-04T12:43:04.211+0100] {logging_mixin.py:190} INFO - [2024-12-04T12:43:04.211+0100] {dag.py:3239} INFO - Sync 4 DAGs
[2024-12-04T12:43:04.215+0100] {logging_mixin.py:190} INFO - [2024-12-04T12:43:04.215+0100] {dag.py:3262} INFO - Creating ORM DAG for dataset_s3_bucket_consumer_with_no_taskflow
[2024-12-04T12:43:04.215+0100] {logging_mixin.py:190} INFO - [2024-12-04T12:43:04.215+0100] {dag.py:3262} INFO - Creating ORM DAG for dataset_s3_bucket_producer_with_no_taskflow
[2024-12-04T12:43:04.215+0100] {logging_mixin.py:190} INFO - [2024-12-04T12:43:04.215+0100] {dag.py:3262} INFO - Creating ORM DAG for dataset_alias_example_alias_consumer_with_no_taskflow
[2024-12-04T12:43:04.215+0100] {logging_mixin.py:190} INFO - [2024-12-04T12:43:04.215+0100] {dag.py:3262} INFO - Creating ORM DAG for dataset_alias_example_alias_producer_with_no_taskflow
[2024-12-04T12:43:04.218+0100] {logging_mixin.py:190} INFO - [2024-12-04T12:43:04.218+0100] {dag.py:4180} INFO - Setting next_dagrun for dataset_alias_example_alias_consumer_with_no_taskflow to None, run_after=None
[2024-12-04T12:43:04.218+0100] {logging_mixin.py:190} INFO - [2024-12-04T12:43:04.218+0100] {dag.py:4180} INFO - Setting next_dagrun for dataset_alias_example_alias_producer_with_no_taskflow to None, run_after=None
[2024-12-04T12:43:04.218+0100] {logging_mixin.py:190} INFO - [2024-12-04T12:43:04.218+0100] {dag.py:4180} INFO - Setting next_dagrun for dataset_s3_bucket_consumer_with_no_taskflow to None, run_after=None
[2024-12-04T12:43:04.218+0100] {logging_mixin.py:190} INFO - [2024-12-04T12:43:04.218+0100] {dag.py:4180} INFO - Setting next_dagrun for dataset_s3_bucket_producer_with_no_taskflow to None, run_after=None
[2024-12-04T12:43:04.383+0100] {processor.py:208} INFO - Processing /Users/sijibomijoshua/.pyenv/versions/3.11.6/lib/python3.11/site-packages/airflow/example_dags/example_dataset_alias_with_no_taskflow.py took 0.347 seconds
[2024-12-04T12:45:19.621+0100] {processor.py:186} INFO - Started process (PID=85815) to work on /Users/sijibomijoshua/.pyenv/versions/3.11.6/lib/python3.11/site-packages/airflow/example_dags/example_dataset_alias_with_no_taskflow.py
[2024-12-04T12:45:19.621+0100] {processor.py:914} INFO - Processing file /Users/sijibomijoshua/.pyenv/versions/3.11.6/lib/python3.11/site-packages/airflow/example_dags/example_dataset_alias_with_no_taskflow.py for tasks to queue
[2024-12-04T12:45:19.622+0100] {logging_mixin.py:190} INFO - [2024-12-04T12:45:19.622+0100] {dagbag.py:588} INFO - Filling up the DagBag from /Users/sijibomijoshua/.pyenv/versions/3.11.6/lib/python3.11/site-packages/airflow/example_dags/example_dataset_alias_with_no_taskflow.py
[2024-12-04T12:45:19.695+0100] {processor.py:925} INFO - DAG(s) 'dataset_s3_bucket_producer_with_no_taskflow', 'dataset_s3_bucket_consumer_with_no_taskflow', 'dataset_alias_example_alias_producer_with_no_taskflow', 'dataset_alias_example_alias_consumer_with_no_taskflow' retrieved from /Users/sijibomijoshua/.pyenv/versions/3.11.6/lib/python3.11/site-packages/airflow/example_dags/example_dataset_alias_with_no_taskflow.py
[2024-12-04T12:45:19.703+0100] {logging_mixin.py:190} INFO - [2024-12-04T12:45:19.703+0100] {dag.py:3239} INFO - Sync 4 DAGs
[2024-12-04T12:45:19.709+0100] {logging_mixin.py:190} INFO - [2024-12-04T12:45:19.709+0100] {dag.py:4180} INFO - Setting next_dagrun for dataset_alias_example_alias_consumer_with_no_taskflow to None, run_after=None
[2024-12-04T12:45:19.710+0100] {logging_mixin.py:190} INFO - [2024-12-04T12:45:19.710+0100] {dag.py:4180} INFO - Setting next_dagrun for dataset_alias_example_alias_producer_with_no_taskflow to None, run_after=None
[2024-12-04T12:45:19.710+0100] {logging_mixin.py:190} INFO - [2024-12-04T12:45:19.710+0100] {dag.py:4180} INFO - Setting next_dagrun for dataset_s3_bucket_consumer_with_no_taskflow to None, run_after=None
[2024-12-04T12:45:19.711+0100] {logging_mixin.py:190} INFO - [2024-12-04T12:45:19.711+0100] {dag.py:4180} INFO - Setting next_dagrun for dataset_s3_bucket_producer_with_no_taskflow to None, run_after=None
[2024-12-04T12:45:19.717+0100] {processor.py:208} INFO - Processing /Users/sijibomijoshua/.pyenv/versions/3.11.6/lib/python3.11/site-packages/airflow/example_dags/example_dataset_alias_with_no_taskflow.py took 0.098 seconds
[2024-12-04T12:47:38.277+0100] {processor.py:186} INFO - Started process (PID=87958) to work on /Users/sijibomijoshua/.pyenv/versions/3.11.6/lib/python3.11/site-packages/airflow/example_dags/example_dataset_alias_with_no_taskflow.py
[2024-12-04T12:47:38.277+0100] {processor.py:914} INFO - Processing file /Users/sijibomijoshua/.pyenv/versions/3.11.6/lib/python3.11/site-packages/airflow/example_dags/example_dataset_alias_with_no_taskflow.py for tasks to queue
[2024-12-04T12:47:38.278+0100] {logging_mixin.py:190} INFO - [2024-12-04T12:47:38.278+0100] {dagbag.py:588} INFO - Filling up the DagBag from /Users/sijibomijoshua/.pyenv/versions/3.11.6/lib/python3.11/site-packages/airflow/example_dags/example_dataset_alias_with_no_taskflow.py
[2024-12-04T12:47:38.352+0100] {processor.py:925} INFO - DAG(s) 'dataset_alias_example_alias_consumer_with_no_taskflow', 'dataset_s3_bucket_producer_with_no_taskflow', 'dataset_s3_bucket_consumer_with_no_taskflow', 'dataset_alias_example_alias_producer_with_no_taskflow' retrieved from /Users/sijibomijoshua/.pyenv/versions/3.11.6/lib/python3.11/site-packages/airflow/example_dags/example_dataset_alias_with_no_taskflow.py
[2024-12-04T12:47:38.360+0100] {logging_mixin.py:190} INFO - [2024-12-04T12:47:38.360+0100] {dag.py:3239} INFO - Sync 4 DAGs
[2024-12-04T12:47:38.367+0100] {logging_mixin.py:190} INFO - [2024-12-04T12:47:38.367+0100] {dag.py:4180} INFO - Setting next_dagrun for dataset_alias_example_alias_consumer_with_no_taskflow to None, run_after=None
[2024-12-04T12:47:38.367+0100] {logging_mixin.py:190} INFO - [2024-12-04T12:47:38.367+0100] {dag.py:4180} INFO - Setting next_dagrun for dataset_alias_example_alias_producer_with_no_taskflow to None, run_after=None
[2024-12-04T12:47:38.368+0100] {logging_mixin.py:190} INFO - [2024-12-04T12:47:38.368+0100] {dag.py:4180} INFO - Setting next_dagrun for dataset_s3_bucket_consumer_with_no_taskflow to None, run_after=None
[2024-12-04T12:47:38.368+0100] {logging_mixin.py:190} INFO - [2024-12-04T12:47:38.368+0100] {dag.py:4180} INFO - Setting next_dagrun for dataset_s3_bucket_producer_with_no_taskflow to None, run_after=None
[2024-12-04T12:47:38.374+0100] {processor.py:208} INFO - Processing /Users/sijibomijoshua/.pyenv/versions/3.11.6/lib/python3.11/site-packages/airflow/example_dags/example_dataset_alias_with_no_taskflow.py took 0.099 seconds
[2024-12-04T13:26:07.702+0100] {processor.py:186} INFO - Started process (PID=20679) to work on /Users/sijibomijoshua/.pyenv/versions/3.11.6/lib/python3.11/site-packages/airflow/example_dags/example_dataset_alias_with_no_taskflow.py
[2024-12-04T13:26:07.703+0100] {processor.py:914} INFO - Processing file /Users/sijibomijoshua/.pyenv/versions/3.11.6/lib/python3.11/site-packages/airflow/example_dags/example_dataset_alias_with_no_taskflow.py for tasks to queue
[2024-12-04T13:26:07.704+0100] {logging_mixin.py:190} INFO - [2024-12-04T13:26:07.703+0100] {dagbag.py:588} INFO - Filling up the DagBag from /Users/sijibomijoshua/.pyenv/versions/3.11.6/lib/python3.11/site-packages/airflow/example_dags/example_dataset_alias_with_no_taskflow.py
[2024-12-04T13:26:07.775+0100] {processor.py:925} INFO - DAG(s) 'dataset_alias_example_alias_producer_with_no_taskflow', 'dataset_alias_example_alias_consumer_with_no_taskflow', 'dataset_s3_bucket_producer_with_no_taskflow', 'dataset_s3_bucket_consumer_with_no_taskflow' retrieved from /Users/sijibomijoshua/.pyenv/versions/3.11.6/lib/python3.11/site-packages/airflow/example_dags/example_dataset_alias_with_no_taskflow.py
[2024-12-04T13:26:07.783+0100] {logging_mixin.py:190} INFO - [2024-12-04T13:26:07.783+0100] {dag.py:3239} INFO - Sync 4 DAGs
[2024-12-04T13:26:07.789+0100] {logging_mixin.py:190} INFO - [2024-12-04T13:26:07.789+0100] {dag.py:4180} INFO - Setting next_dagrun for dataset_alias_example_alias_consumer_with_no_taskflow to None, run_after=None
[2024-12-04T13:26:07.790+0100] {logging_mixin.py:190} INFO - [2024-12-04T13:26:07.790+0100] {dag.py:4180} INFO - Setting next_dagrun for dataset_alias_example_alias_producer_with_no_taskflow to None, run_after=None
[2024-12-04T13:26:07.790+0100] {logging_mixin.py:190} INFO - [2024-12-04T13:26:07.790+0100] {dag.py:4180} INFO - Setting next_dagrun for dataset_s3_bucket_consumer_with_no_taskflow to None, run_after=None
[2024-12-04T13:26:07.791+0100] {logging_mixin.py:190} INFO - [2024-12-04T13:26:07.791+0100] {dag.py:4180} INFO - Setting next_dagrun for dataset_s3_bucket_producer_with_no_taskflow to None, run_after=None
[2024-12-04T13:26:07.798+0100] {processor.py:208} INFO - Processing /Users/sijibomijoshua/.pyenv/versions/3.11.6/lib/python3.11/site-packages/airflow/example_dags/example_dataset_alias_with_no_taskflow.py took 0.097 seconds
[2024-12-04T13:38:01.445+0100] {processor.py:186} INFO - Started process (PID=35804) to work on /Users/sijibomijoshua/airflow/airflow_env/lib/python3.11/site-packages/airflow/example_dags/example_dataset_alias_with_no_taskflow.py
[2024-12-04T13:38:01.446+0100] {processor.py:914} INFO - Processing file /Users/sijibomijoshua/airflow/airflow_env/lib/python3.11/site-packages/airflow/example_dags/example_dataset_alias_with_no_taskflow.py for tasks to queue
[2024-12-04T13:38:01.447+0100] {logging_mixin.py:190} INFO - [2024-12-04T13:38:01.447+0100] {dagbag.py:588} INFO - Filling up the DagBag from /Users/sijibomijoshua/airflow/airflow_env/lib/python3.11/site-packages/airflow/example_dags/example_dataset_alias_with_no_taskflow.py
[2024-12-04T13:38:01.525+0100] {processor.py:925} INFO - DAG(s) 'dataset_alias_example_alias_consumer_with_no_taskflow', 'dataset_s3_bucket_consumer_with_no_taskflow', 'dataset_s3_bucket_producer_with_no_taskflow', 'dataset_alias_example_alias_producer_with_no_taskflow' retrieved from /Users/sijibomijoshua/airflow/airflow_env/lib/python3.11/site-packages/airflow/example_dags/example_dataset_alias_with_no_taskflow.py
[2024-12-04T13:38:01.573+0100] {logging_mixin.py:190} INFO - [2024-12-04T13:38:01.573+0100] {dag.py:3239} INFO - Sync 4 DAGs
[2024-12-04T13:38:01.578+0100] {logging_mixin.py:190} INFO - [2024-12-04T13:38:01.578+0100] {dag.py:4180} INFO - Setting next_dagrun for dataset_alias_example_alias_consumer_with_no_taskflow to None, run_after=None
[2024-12-04T13:38:01.579+0100] {logging_mixin.py:190} INFO - [2024-12-04T13:38:01.579+0100] {dag.py:4180} INFO - Setting next_dagrun for dataset_alias_example_alias_producer_with_no_taskflow to None, run_after=None
[2024-12-04T13:38:01.579+0100] {logging_mixin.py:190} INFO - [2024-12-04T13:38:01.579+0100] {dag.py:4180} INFO - Setting next_dagrun for dataset_s3_bucket_consumer_with_no_taskflow to None, run_after=None
[2024-12-04T13:38:01.580+0100] {logging_mixin.py:190} INFO - [2024-12-04T13:38:01.580+0100] {dag.py:4180} INFO - Setting next_dagrun for dataset_s3_bucket_producer_with_no_taskflow to None, run_after=None
[2024-12-04T13:38:01.591+0100] {processor.py:208} INFO - Processing /Users/sijibomijoshua/airflow/airflow_env/lib/python3.11/site-packages/airflow/example_dags/example_dataset_alias_with_no_taskflow.py took 0.147 seconds
[2024-12-04T13:40:23.112+0100] {processor.py:186} INFO - Started process (PID=38980) to work on /Users/sijibomijoshua/airflow/airflow_env/lib/python3.11/site-packages/airflow/example_dags/example_dataset_alias_with_no_taskflow.py
[2024-12-04T13:40:23.113+0100] {processor.py:914} INFO - Processing file /Users/sijibomijoshua/airflow/airflow_env/lib/python3.11/site-packages/airflow/example_dags/example_dataset_alias_with_no_taskflow.py for tasks to queue
[2024-12-04T13:40:23.116+0100] {logging_mixin.py:190} INFO - [2024-12-04T13:40:23.115+0100] {dagbag.py:588} INFO - Filling up the DagBag from /Users/sijibomijoshua/airflow/airflow_env/lib/python3.11/site-packages/airflow/example_dags/example_dataset_alias_with_no_taskflow.py
[2024-12-04T13:40:23.196+0100] {processor.py:925} INFO - DAG(s) 'dataset_s3_bucket_consumer_with_no_taskflow', 'dataset_alias_example_alias_producer_with_no_taskflow', 'dataset_alias_example_alias_consumer_with_no_taskflow', 'dataset_s3_bucket_producer_with_no_taskflow' retrieved from /Users/sijibomijoshua/airflow/airflow_env/lib/python3.11/site-packages/airflow/example_dags/example_dataset_alias_with_no_taskflow.py
[2024-12-04T13:40:23.204+0100] {logging_mixin.py:190} INFO - [2024-12-04T13:40:23.204+0100] {dag.py:3239} INFO - Sync 4 DAGs
[2024-12-04T13:40:23.210+0100] {logging_mixin.py:190} INFO - [2024-12-04T13:40:23.210+0100] {dag.py:4180} INFO - Setting next_dagrun for dataset_alias_example_alias_consumer_with_no_taskflow to None, run_after=None
[2024-12-04T13:40:23.211+0100] {logging_mixin.py:190} INFO - [2024-12-04T13:40:23.211+0100] {dag.py:4180} INFO - Setting next_dagrun for dataset_alias_example_alias_producer_with_no_taskflow to None, run_after=None
[2024-12-04T13:40:23.211+0100] {logging_mixin.py:190} INFO - [2024-12-04T13:40:23.211+0100] {dag.py:4180} INFO - Setting next_dagrun for dataset_s3_bucket_consumer_with_no_taskflow to None, run_after=None
[2024-12-04T13:40:23.212+0100] {logging_mixin.py:190} INFO - [2024-12-04T13:40:23.212+0100] {dag.py:4180} INFO - Setting next_dagrun for dataset_s3_bucket_producer_with_no_taskflow to None, run_after=None
[2024-12-04T13:40:23.218+0100] {processor.py:208} INFO - Processing /Users/sijibomijoshua/airflow/airflow_env/lib/python3.11/site-packages/airflow/example_dags/example_dataset_alias_with_no_taskflow.py took 0.108 seconds
[2024-12-04T13:42:33.416+0100] {processor.py:186} INFO - Started process (PID=41874) to work on /Users/sijibomijoshua/airflow/airflow_env/lib/python3.11/site-packages/airflow/example_dags/example_dataset_alias_with_no_taskflow.py
[2024-12-04T13:42:33.417+0100] {processor.py:914} INFO - Processing file /Users/sijibomijoshua/airflow/airflow_env/lib/python3.11/site-packages/airflow/example_dags/example_dataset_alias_with_no_taskflow.py for tasks to queue
[2024-12-04T13:42:33.418+0100] {logging_mixin.py:190} INFO - [2024-12-04T13:42:33.418+0100] {dagbag.py:588} INFO - Filling up the DagBag from /Users/sijibomijoshua/airflow/airflow_env/lib/python3.11/site-packages/airflow/example_dags/example_dataset_alias_with_no_taskflow.py
[2024-12-04T13:42:33.492+0100] {processor.py:925} INFO - DAG(s) 'dataset_s3_bucket_producer_with_no_taskflow', 'dataset_alias_example_alias_consumer_with_no_taskflow', 'dataset_alias_example_alias_producer_with_no_taskflow', 'dataset_s3_bucket_consumer_with_no_taskflow' retrieved from /Users/sijibomijoshua/airflow/airflow_env/lib/python3.11/site-packages/airflow/example_dags/example_dataset_alias_with_no_taskflow.py
[2024-12-04T13:42:33.501+0100] {logging_mixin.py:190} INFO - [2024-12-04T13:42:33.500+0100] {dag.py:3239} INFO - Sync 4 DAGs
[2024-12-04T13:42:33.508+0100] {logging_mixin.py:190} INFO - [2024-12-04T13:42:33.508+0100] {dag.py:4180} INFO - Setting next_dagrun for dataset_alias_example_alias_consumer_with_no_taskflow to None, run_after=None
[2024-12-04T13:42:33.509+0100] {logging_mixin.py:190} INFO - [2024-12-04T13:42:33.509+0100] {dag.py:4180} INFO - Setting next_dagrun for dataset_alias_example_alias_producer_with_no_taskflow to None, run_after=None
[2024-12-04T13:42:33.509+0100] {logging_mixin.py:190} INFO - [2024-12-04T13:42:33.509+0100] {dag.py:4180} INFO - Setting next_dagrun for dataset_s3_bucket_consumer_with_no_taskflow to None, run_after=None
[2024-12-04T13:42:33.510+0100] {logging_mixin.py:190} INFO - [2024-12-04T13:42:33.510+0100] {dag.py:4180} INFO - Setting next_dagrun for dataset_s3_bucket_producer_with_no_taskflow to None, run_after=None
[2024-12-04T13:42:33.519+0100] {processor.py:208} INFO - Processing /Users/sijibomijoshua/airflow/airflow_env/lib/python3.11/site-packages/airflow/example_dags/example_dataset_alias_with_no_taskflow.py took 0.105 seconds
