[2024-12-04T12:42:34.146+0100] {processor.py:186} INFO - Started process (PID=83230) to work on /Users/sijibomijoshua/.pyenv/versions/3.11.6/lib/python3.11/site-packages/airflow/example_dags/example_python_operator.py
[2024-12-04T12:42:34.146+0100] {processor.py:914} INFO - Processing file /Users/sijibomijoshua/.pyenv/versions/3.11.6/lib/python3.11/site-packages/airflow/example_dags/example_python_operator.py for tasks to queue
[2024-12-04T12:42:34.147+0100] {logging_mixin.py:190} INFO - [2024-12-04T12:42:34.147+0100] {dagbag.py:588} INFO - Filling up the DagBag from /Users/sijibomijoshua/.pyenv/versions/3.11.6/lib/python3.11/site-packages/airflow/example_dags/example_python_operator.py
[2024-12-04T12:42:34.156+0100] {logging_mixin.py:190} INFO - [2024-12-04T12:42:34.156+0100] {example_python_operator.py:93} WARNING - The virtalenv_python example task requires virtualenv, please install it.
[2024-12-04T12:42:34.158+0100] {processor.py:925} INFO - DAG(s) 'example_python_operator' retrieved from /Users/sijibomijoshua/.pyenv/versions/3.11.6/lib/python3.11/site-packages/airflow/example_dags/example_python_operator.py
[2024-12-04T12:42:34.249+0100] {logging_mixin.py:190} INFO - [2024-12-04T12:42:34.248+0100] {override.py:1911} INFO - Created Permission View: can delete on DAG:example_python_operator
[2024-12-04T12:42:34.252+0100] {logging_mixin.py:190} INFO - [2024-12-04T12:42:34.252+0100] {override.py:1911} INFO - Created Permission View: can edit on DAG:example_python_operator
[2024-12-04T12:42:34.254+0100] {logging_mixin.py:190} INFO - [2024-12-04T12:42:34.254+0100] {override.py:1911} INFO - Created Permission View: can read on DAG:example_python_operator
[2024-12-04T12:42:34.259+0100] {logging_mixin.py:190} INFO - [2024-12-04T12:42:34.259+0100] {override.py:1911} INFO - Created Permission View: can delete on DAG Run:example_python_operator
[2024-12-04T12:42:34.262+0100] {logging_mixin.py:190} INFO - [2024-12-04T12:42:34.261+0100] {override.py:1911} INFO - Created Permission View: menu access on DAG Run:example_python_operator
[2024-12-04T12:42:34.264+0100] {logging_mixin.py:190} INFO - [2024-12-04T12:42:34.263+0100] {override.py:1911} INFO - Created Permission View: can create on DAG Run:example_python_operator
[2024-12-04T12:42:34.265+0100] {logging_mixin.py:190} INFO - [2024-12-04T12:42:34.265+0100] {override.py:1911} INFO - Created Permission View: can read on DAG Run:example_python_operator
[2024-12-04T12:42:34.265+0100] {logging_mixin.py:190} INFO - [2024-12-04T12:42:34.265+0100] {dag.py:3239} INFO - Sync 1 DAGs
[2024-12-04T12:42:34.269+0100] {logging_mixin.py:190} INFO - [2024-12-04T12:42:34.269+0100] {dag.py:3262} INFO - Creating ORM DAG for example_python_operator
[2024-12-04T12:42:34.270+0100] {logging_mixin.py:190} INFO - [2024-12-04T12:42:34.270+0100] {dag.py:4180} INFO - Setting next_dagrun for example_python_operator to None, run_after=None
[2024-12-04T12:42:34.275+0100] {processor.py:208} INFO - Processing /Users/sijibomijoshua/.pyenv/versions/3.11.6/lib/python3.11/site-packages/airflow/example_dags/example_python_operator.py took 0.131 seconds
[2024-12-04T12:44:14.425+0100] {processor.py:186} INFO - Started process (PID=84790) to work on /Users/sijibomijoshua/.pyenv/versions/3.11.6/lib/python3.11/site-packages/airflow/example_dags/example_python_operator.py
[2024-12-04T12:44:14.425+0100] {processor.py:914} INFO - Processing file /Users/sijibomijoshua/.pyenv/versions/3.11.6/lib/python3.11/site-packages/airflow/example_dags/example_python_operator.py for tasks to queue
[2024-12-04T12:44:14.426+0100] {logging_mixin.py:190} INFO - [2024-12-04T12:44:14.426+0100] {dagbag.py:588} INFO - Filling up the DagBag from /Users/sijibomijoshua/.pyenv/versions/3.11.6/lib/python3.11/site-packages/airflow/example_dags/example_python_operator.py
[2024-12-04T12:44:14.436+0100] {logging_mixin.py:190} INFO - [2024-12-04T12:44:14.436+0100] {example_python_operator.py:93} WARNING - The virtalenv_python example task requires virtualenv, please install it.
[2024-12-04T12:44:14.437+0100] {processor.py:925} INFO - DAG(s) 'example_python_operator' retrieved from /Users/sijibomijoshua/.pyenv/versions/3.11.6/lib/python3.11/site-packages/airflow/example_dags/example_python_operator.py
[2024-12-04T12:44:14.558+0100] {logging_mixin.py:190} INFO - [2024-12-04T12:44:14.558+0100] {dag.py:3239} INFO - Sync 1 DAGs
[2024-12-04T12:44:14.562+0100] {logging_mixin.py:190} INFO - [2024-12-04T12:44:14.562+0100] {dag.py:4180} INFO - Setting next_dagrun for example_python_operator to None, run_after=None
[2024-12-04T12:44:14.570+0100] {processor.py:208} INFO - Processing /Users/sijibomijoshua/.pyenv/versions/3.11.6/lib/python3.11/site-packages/airflow/example_dags/example_python_operator.py took 0.147 seconds
[2024-12-04T12:46:29.953+0100] {processor.py:186} INFO - Started process (PID=86884) to work on /Users/sijibomijoshua/.pyenv/versions/3.11.6/lib/python3.11/site-packages/airflow/example_dags/example_python_operator.py
[2024-12-04T12:46:29.954+0100] {processor.py:914} INFO - Processing file /Users/sijibomijoshua/.pyenv/versions/3.11.6/lib/python3.11/site-packages/airflow/example_dags/example_python_operator.py for tasks to queue
[2024-12-04T12:46:29.955+0100] {logging_mixin.py:190} INFO - [2024-12-04T12:46:29.955+0100] {dagbag.py:588} INFO - Filling up the DagBag from /Users/sijibomijoshua/.pyenv/versions/3.11.6/lib/python3.11/site-packages/airflow/example_dags/example_python_operator.py
[2024-12-04T12:46:29.963+0100] {logging_mixin.py:190} INFO - [2024-12-04T12:46:29.963+0100] {example_python_operator.py:93} WARNING - The virtalenv_python example task requires virtualenv, please install it.
[2024-12-04T12:46:29.965+0100] {processor.py:925} INFO - DAG(s) 'example_python_operator' retrieved from /Users/sijibomijoshua/.pyenv/versions/3.11.6/lib/python3.11/site-packages/airflow/example_dags/example_python_operator.py
[2024-12-04T12:46:30.023+0100] {logging_mixin.py:190} INFO - [2024-12-04T12:46:30.023+0100] {dag.py:3239} INFO - Sync 1 DAGs
[2024-12-04T12:46:30.027+0100] {logging_mixin.py:190} INFO - [2024-12-04T12:46:30.027+0100] {dag.py:4180} INFO - Setting next_dagrun for example_python_operator to None, run_after=None
[2024-12-04T12:46:30.034+0100] {processor.py:208} INFO - Processing /Users/sijibomijoshua/.pyenv/versions/3.11.6/lib/python3.11/site-packages/airflow/example_dags/example_python_operator.py took 0.082 seconds
[2024-12-04T13:25:38.405+0100] {processor.py:186} INFO - Started process (PID=20122) to work on /Users/sijibomijoshua/.pyenv/versions/3.11.6/lib/python3.11/site-packages/airflow/example_dags/example_python_operator.py
[2024-12-04T13:25:38.406+0100] {processor.py:914} INFO - Processing file /Users/sijibomijoshua/.pyenv/versions/3.11.6/lib/python3.11/site-packages/airflow/example_dags/example_python_operator.py for tasks to queue
[2024-12-04T13:25:38.407+0100] {logging_mixin.py:190} INFO - [2024-12-04T13:25:38.407+0100] {dagbag.py:588} INFO - Filling up the DagBag from /Users/sijibomijoshua/.pyenv/versions/3.11.6/lib/python3.11/site-packages/airflow/example_dags/example_python_operator.py
[2024-12-04T13:25:38.415+0100] {logging_mixin.py:190} INFO - [2024-12-04T13:25:38.415+0100] {example_python_operator.py:93} WARNING - The virtalenv_python example task requires virtualenv, please install it.
[2024-12-04T13:25:38.417+0100] {processor.py:925} INFO - DAG(s) 'example_python_operator' retrieved from /Users/sijibomijoshua/.pyenv/versions/3.11.6/lib/python3.11/site-packages/airflow/example_dags/example_python_operator.py
[2024-12-04T13:25:38.479+0100] {logging_mixin.py:190} INFO - [2024-12-04T13:25:38.479+0100] {dag.py:3239} INFO - Sync 1 DAGs
[2024-12-04T13:25:38.483+0100] {logging_mixin.py:190} INFO - [2024-12-04T13:25:38.483+0100] {dag.py:4180} INFO - Setting next_dagrun for example_python_operator to None, run_after=None
[2024-12-04T13:25:38.490+0100] {processor.py:208} INFO - Processing /Users/sijibomijoshua/.pyenv/versions/3.11.6/lib/python3.11/site-packages/airflow/example_dags/example_python_operator.py took 0.086 seconds
[2024-12-04T13:37:33.558+0100] {processor.py:186} INFO - Started process (PID=35158) to work on /Users/sijibomijoshua/airflow/airflow_env/lib/python3.11/site-packages/airflow/example_dags/example_python_operator.py
[2024-12-04T13:37:33.559+0100] {processor.py:914} INFO - Processing file /Users/sijibomijoshua/airflow/airflow_env/lib/python3.11/site-packages/airflow/example_dags/example_python_operator.py for tasks to queue
[2024-12-04T13:37:33.561+0100] {logging_mixin.py:190} INFO - [2024-12-04T13:37:33.561+0100] {dagbag.py:588} INFO - Filling up the DagBag from /Users/sijibomijoshua/airflow/airflow_env/lib/python3.11/site-packages/airflow/example_dags/example_python_operator.py
[2024-12-04T13:37:33.570+0100] {logging_mixin.py:190} INFO - [2024-12-04T13:37:33.570+0100] {example_python_operator.py:93} WARNING - The virtalenv_python example task requires virtualenv, please install it.
[2024-12-04T13:37:33.571+0100] {processor.py:925} INFO - DAG(s) 'example_python_operator' retrieved from /Users/sijibomijoshua/airflow/airflow_env/lib/python3.11/site-packages/airflow/example_dags/example_python_operator.py
[2024-12-04T13:37:33.664+0100] {logging_mixin.py:190} INFO - [2024-12-04T13:37:33.664+0100] {dag.py:3239} INFO - Sync 1 DAGs
[2024-12-04T13:37:33.668+0100] {logging_mixin.py:190} INFO - [2024-12-04T13:37:33.668+0100] {dag.py:4180} INFO - Setting next_dagrun for example_python_operator to None, run_after=None
[2024-12-04T13:37:33.675+0100] {processor.py:208} INFO - Processing /Users/sijibomijoshua/airflow/airflow_env/lib/python3.11/site-packages/airflow/example_dags/example_python_operator.py took 0.126 seconds
[2024-12-04T13:39:12.901+0100] {processor.py:186} INFO - Started process (PID=37428) to work on /Users/sijibomijoshua/airflow/airflow_env/lib/python3.11/site-packages/airflow/example_dags/example_python_operator.py
[2024-12-04T13:39:12.902+0100] {processor.py:914} INFO - Processing file /Users/sijibomijoshua/airflow/airflow_env/lib/python3.11/site-packages/airflow/example_dags/example_python_operator.py for tasks to queue
[2024-12-04T13:39:12.903+0100] {logging_mixin.py:190} INFO - [2024-12-04T13:39:12.903+0100] {dagbag.py:588} INFO - Filling up the DagBag from /Users/sijibomijoshua/airflow/airflow_env/lib/python3.11/site-packages/airflow/example_dags/example_python_operator.py
[2024-12-04T13:39:12.911+0100] {logging_mixin.py:190} INFO - [2024-12-04T13:39:12.911+0100] {example_python_operator.py:93} WARNING - The virtalenv_python example task requires virtualenv, please install it.
[2024-12-04T13:39:12.913+0100] {processor.py:925} INFO - DAG(s) 'example_python_operator' retrieved from /Users/sijibomijoshua/airflow/airflow_env/lib/python3.11/site-packages/airflow/example_dags/example_python_operator.py
[2024-12-04T13:39:12.970+0100] {logging_mixin.py:190} INFO - [2024-12-04T13:39:12.970+0100] {dag.py:3239} INFO - Sync 1 DAGs
[2024-12-04T13:39:12.974+0100] {logging_mixin.py:190} INFO - [2024-12-04T13:39:12.974+0100] {dag.py:4180} INFO - Setting next_dagrun for example_python_operator to None, run_after=None
[2024-12-04T13:39:12.980+0100] {processor.py:208} INFO - Processing /Users/sijibomijoshua/airflow/airflow_env/lib/python3.11/site-packages/airflow/example_dags/example_python_operator.py took 0.080 seconds
[2024-12-04T13:41:27.876+0100] {processor.py:186} INFO - Started process (PID=40430) to work on /Users/sijibomijoshua/airflow/airflow_env/lib/python3.11/site-packages/airflow/example_dags/example_python_operator.py
[2024-12-04T13:41:27.876+0100] {processor.py:914} INFO - Processing file /Users/sijibomijoshua/airflow/airflow_env/lib/python3.11/site-packages/airflow/example_dags/example_python_operator.py for tasks to queue
[2024-12-04T13:41:27.877+0100] {logging_mixin.py:190} INFO - [2024-12-04T13:41:27.877+0100] {dagbag.py:588} INFO - Filling up the DagBag from /Users/sijibomijoshua/airflow/airflow_env/lib/python3.11/site-packages/airflow/example_dags/example_python_operator.py
[2024-12-04T13:41:27.886+0100] {logging_mixin.py:190} INFO - [2024-12-04T13:41:27.886+0100] {example_python_operator.py:93} WARNING - The virtalenv_python example task requires virtualenv, please install it.
[2024-12-04T13:41:27.889+0100] {processor.py:925} INFO - DAG(s) 'example_python_operator' retrieved from /Users/sijibomijoshua/airflow/airflow_env/lib/python3.11/site-packages/airflow/example_dags/example_python_operator.py
[2024-12-04T13:41:27.947+0100] {logging_mixin.py:190} INFO - [2024-12-04T13:41:27.946+0100] {dag.py:3239} INFO - Sync 1 DAGs
[2024-12-04T13:41:27.950+0100] {logging_mixin.py:190} INFO - [2024-12-04T13:41:27.950+0100] {dag.py:4180} INFO - Setting next_dagrun for example_python_operator to None, run_after=None
[2024-12-04T13:41:27.957+0100] {processor.py:208} INFO - Processing /Users/sijibomijoshua/airflow/airflow_env/lib/python3.11/site-packages/airflow/example_dags/example_python_operator.py took 0.082 seconds
[2024-12-04T13:43:44.834+0100] {processor.py:186} INFO - Started process (PID=43432) to work on /Users/sijibomijoshua/airflow/airflow_env/lib/python3.11/site-packages/airflow/example_dags/example_python_operator.py
[2024-12-04T13:43:44.836+0100] {processor.py:914} INFO - Processing file /Users/sijibomijoshua/airflow/airflow_env/lib/python3.11/site-packages/airflow/example_dags/example_python_operator.py for tasks to queue
[2024-12-04T13:43:44.839+0100] {logging_mixin.py:190} INFO - [2024-12-04T13:43:44.839+0100] {dagbag.py:588} INFO - Filling up the DagBag from /Users/sijibomijoshua/airflow/airflow_env/lib/python3.11/site-packages/airflow/example_dags/example_python_operator.py
[2024-12-04T13:43:44.857+0100] {logging_mixin.py:190} INFO - [2024-12-04T13:43:44.857+0100] {example_python_operator.py:93} WARNING - The virtalenv_python example task requires virtualenv, please install it.
[2024-12-04T13:43:44.860+0100] {processor.py:925} INFO - DAG(s) 'example_python_operator' retrieved from /Users/sijibomijoshua/airflow/airflow_env/lib/python3.11/site-packages/airflow/example_dags/example_python_operator.py
[2024-12-04T13:43:44.923+0100] {logging_mixin.py:190} INFO - [2024-12-04T13:43:44.923+0100] {dag.py:3239} INFO - Sync 1 DAGs
[2024-12-04T13:43:44.926+0100] {logging_mixin.py:190} INFO - [2024-12-04T13:43:44.926+0100] {dag.py:4180} INFO - Setting next_dagrun for example_python_operator to None, run_after=None
[2024-12-04T13:43:44.933+0100] {processor.py:208} INFO - Processing /Users/sijibomijoshua/airflow/airflow_env/lib/python3.11/site-packages/airflow/example_dags/example_python_operator.py took 0.101 seconds
[2024-12-04T14:01:53.217+0100] {processor.py:186} INFO - Started process (PID=55773) to work on /Users/sijibomijoshua/airflow/airflow_env/lib/python3.11/site-packages/airflow/example_dags/example_python_operator.py
[2024-12-04T14:01:53.218+0100] {processor.py:914} INFO - Processing file /Users/sijibomijoshua/airflow/airflow_env/lib/python3.11/site-packages/airflow/example_dags/example_python_operator.py for tasks to queue
[2024-12-04T14:01:53.219+0100] {logging_mixin.py:190} INFO - [2024-12-04T14:01:53.219+0100] {dagbag.py:588} INFO - Filling up the DagBag from /Users/sijibomijoshua/airflow/airflow_env/lib/python3.11/site-packages/airflow/example_dags/example_python_operator.py
[2024-12-04T14:01:53.227+0100] {logging_mixin.py:190} INFO - [2024-12-04T14:01:53.227+0100] {example_python_operator.py:93} WARNING - The virtalenv_python example task requires virtualenv, please install it.
[2024-12-04T14:01:53.229+0100] {processor.py:925} INFO - DAG(s) 'example_python_operator' retrieved from /Users/sijibomijoshua/airflow/airflow_env/lib/python3.11/site-packages/airflow/example_dags/example_python_operator.py
[2024-12-04T14:01:53.326+0100] {logging_mixin.py:190} INFO - [2024-12-04T14:01:53.325+0100] {dag.py:3239} INFO - Sync 1 DAGs
[2024-12-04T14:01:53.330+0100] {logging_mixin.py:190} INFO - [2024-12-04T14:01:53.330+0100] {dag.py:4180} INFO - Setting next_dagrun for example_python_operator to None, run_after=None
[2024-12-04T14:01:53.337+0100] {processor.py:208} INFO - Processing /Users/sijibomijoshua/airflow/airflow_env/lib/python3.11/site-packages/airflow/example_dags/example_python_operator.py took 0.122 seconds
