[2024-12-04T12:42:32.082+0100] {processor.py:186} INFO - Started process (PID=83198) to work on /Users/sijibomijoshua/.pyenv/versions/3.11.6/lib/python3.11/site-packages/airflow/example_dags/example_sensor_decorator.py
[2024-12-04T12:42:32.082+0100] {processor.py:914} INFO - Processing file /Users/sijibomijoshua/.pyenv/versions/3.11.6/lib/python3.11/site-packages/airflow/example_dags/example_sensor_decorator.py for tasks to queue
[2024-12-04T12:42:32.083+0100] {logging_mixin.py:190} INFO - [2024-12-04T12:42:32.083+0100] {dagbag.py:588} INFO - Filling up the DagBag from /Users/sijibomijoshua/.pyenv/versions/3.11.6/lib/python3.11/site-packages/airflow/example_dags/example_sensor_decorator.py
[2024-12-04T12:42:32.099+0100] {processor.py:925} INFO - DAG(s) 'example_sensor_decorator' retrieved from /Users/sijibomijoshua/.pyenv/versions/3.11.6/lib/python3.11/site-packages/airflow/example_dags/example_sensor_decorator.py
[2024-12-04T12:42:32.347+0100] {logging_mixin.py:190} INFO - [2024-12-04T12:42:32.347+0100] {override.py:1911} INFO - Created Permission View: can delete on DAG:example_sensor_decorator
[2024-12-04T12:42:32.351+0100] {logging_mixin.py:190} INFO - [2024-12-04T12:42:32.351+0100] {override.py:1911} INFO - Created Permission View: can read on DAG:example_sensor_decorator
[2024-12-04T12:42:32.353+0100] {logging_mixin.py:190} INFO - [2024-12-04T12:42:32.353+0100] {override.py:1911} INFO - Created Permission View: can edit on DAG:example_sensor_decorator
[2024-12-04T12:42:32.355+0100] {logging_mixin.py:190} INFO - [2024-12-04T12:42:32.355+0100] {override.py:1911} INFO - Created Permission View: can delete on DAG Run:example_sensor_decorator
[2024-12-04T12:42:32.357+0100] {logging_mixin.py:190} INFO - [2024-12-04T12:42:32.357+0100] {override.py:1911} INFO - Created Permission View: can read on DAG Run:example_sensor_decorator
[2024-12-04T12:42:32.359+0100] {logging_mixin.py:190} INFO - [2024-12-04T12:42:32.359+0100] {override.py:1911} INFO - Created Permission View: can create on DAG Run:example_sensor_decorator
[2024-12-04T12:42:32.361+0100] {logging_mixin.py:190} INFO - [2024-12-04T12:42:32.360+0100] {override.py:1911} INFO - Created Permission View: menu access on DAG Run:example_sensor_decorator
[2024-12-04T12:42:32.361+0100] {logging_mixin.py:190} INFO - [2024-12-04T12:42:32.361+0100] {dag.py:3239} INFO - Sync 1 DAGs
[2024-12-04T12:42:32.397+0100] {logging_mixin.py:190} INFO - [2024-12-04T12:42:32.396+0100] {dag.py:3262} INFO - Creating ORM DAG for example_sensor_decorator
[2024-12-04T12:42:32.397+0100] {logging_mixin.py:190} INFO - [2024-12-04T12:42:32.397+0100] {dag.py:4180} INFO - Setting next_dagrun for example_sensor_decorator to None, run_after=None
[2024-12-04T12:42:32.403+0100] {processor.py:208} INFO - Processing /Users/sijibomijoshua/.pyenv/versions/3.11.6/lib/python3.11/site-packages/airflow/example_dags/example_sensor_decorator.py took 0.324 seconds
[2024-12-04T12:44:12.392+0100] {processor.py:186} INFO - Started process (PID=84755) to work on /Users/sijibomijoshua/.pyenv/versions/3.11.6/lib/python3.11/site-packages/airflow/example_dags/example_sensor_decorator.py
[2024-12-04T12:44:12.392+0100] {processor.py:914} INFO - Processing file /Users/sijibomijoshua/.pyenv/versions/3.11.6/lib/python3.11/site-packages/airflow/example_dags/example_sensor_decorator.py for tasks to queue
[2024-12-04T12:44:12.394+0100] {logging_mixin.py:190} INFO - [2024-12-04T12:44:12.394+0100] {dagbag.py:588} INFO - Filling up the DagBag from /Users/sijibomijoshua/.pyenv/versions/3.11.6/lib/python3.11/site-packages/airflow/example_dags/example_sensor_decorator.py
[2024-12-04T12:44:12.414+0100] {processor.py:925} INFO - DAG(s) 'example_sensor_decorator' retrieved from /Users/sijibomijoshua/.pyenv/versions/3.11.6/lib/python3.11/site-packages/airflow/example_dags/example_sensor_decorator.py
[2024-12-04T12:44:12.618+0100] {logging_mixin.py:190} INFO - [2024-12-04T12:44:12.618+0100] {dag.py:3239} INFO - Sync 1 DAGs
[2024-12-04T12:44:12.622+0100] {logging_mixin.py:190} INFO - [2024-12-04T12:44:12.622+0100] {dag.py:4180} INFO - Setting next_dagrun for example_sensor_decorator to None, run_after=None
[2024-12-04T12:44:12.631+0100] {processor.py:208} INFO - Processing /Users/sijibomijoshua/.pyenv/versions/3.11.6/lib/python3.11/site-packages/airflow/example_dags/example_sensor_decorator.py took 0.242 seconds
[2024-12-04T12:46:27.953+0100] {processor.py:186} INFO - Started process (PID=86880) to work on /Users/sijibomijoshua/.pyenv/versions/3.11.6/lib/python3.11/site-packages/airflow/example_dags/example_sensor_decorator.py
[2024-12-04T12:46:27.954+0100] {processor.py:914} INFO - Processing file /Users/sijibomijoshua/.pyenv/versions/3.11.6/lib/python3.11/site-packages/airflow/example_dags/example_sensor_decorator.py for tasks to queue
[2024-12-04T12:46:27.955+0100] {logging_mixin.py:190} INFO - [2024-12-04T12:46:27.955+0100] {dagbag.py:588} INFO - Filling up the DagBag from /Users/sijibomijoshua/.pyenv/versions/3.11.6/lib/python3.11/site-packages/airflow/example_dags/example_sensor_decorator.py
[2024-12-04T12:46:27.973+0100] {processor.py:925} INFO - DAG(s) 'example_sensor_decorator' retrieved from /Users/sijibomijoshua/.pyenv/versions/3.11.6/lib/python3.11/site-packages/airflow/example_dags/example_sensor_decorator.py
[2024-12-04T12:46:28.160+0100] {logging_mixin.py:190} INFO - [2024-12-04T12:46:28.160+0100] {dag.py:3239} INFO - Sync 1 DAGs
[2024-12-04T12:46:28.165+0100] {logging_mixin.py:190} INFO - [2024-12-04T12:46:28.165+0100] {dag.py:4180} INFO - Setting next_dagrun for example_sensor_decorator to None, run_after=None
[2024-12-04T12:46:28.172+0100] {processor.py:208} INFO - Processing /Users/sijibomijoshua/.pyenv/versions/3.11.6/lib/python3.11/site-packages/airflow/example_dags/example_sensor_decorator.py took 0.221 seconds
[2024-12-04T13:25:36.456+0100] {processor.py:186} INFO - Started process (PID=20085) to work on /Users/sijibomijoshua/.pyenv/versions/3.11.6/lib/python3.11/site-packages/airflow/example_dags/example_sensor_decorator.py
[2024-12-04T13:25:36.457+0100] {processor.py:914} INFO - Processing file /Users/sijibomijoshua/.pyenv/versions/3.11.6/lib/python3.11/site-packages/airflow/example_dags/example_sensor_decorator.py for tasks to queue
[2024-12-04T13:25:36.458+0100] {logging_mixin.py:190} INFO - [2024-12-04T13:25:36.458+0100] {dagbag.py:588} INFO - Filling up the DagBag from /Users/sijibomijoshua/.pyenv/versions/3.11.6/lib/python3.11/site-packages/airflow/example_dags/example_sensor_decorator.py
[2024-12-04T13:25:36.471+0100] {processor.py:925} INFO - DAG(s) 'example_sensor_decorator' retrieved from /Users/sijibomijoshua/.pyenv/versions/3.11.6/lib/python3.11/site-packages/airflow/example_dags/example_sensor_decorator.py
[2024-12-04T13:25:36.658+0100] {logging_mixin.py:190} INFO - [2024-12-04T13:25:36.658+0100] {dag.py:3239} INFO - Sync 1 DAGs
[2024-12-04T13:25:36.663+0100] {logging_mixin.py:190} INFO - [2024-12-04T13:25:36.663+0100] {dag.py:4180} INFO - Setting next_dagrun for example_sensor_decorator to None, run_after=None
[2024-12-04T13:25:36.670+0100] {processor.py:208} INFO - Processing /Users/sijibomijoshua/.pyenv/versions/3.11.6/lib/python3.11/site-packages/airflow/example_dags/example_sensor_decorator.py took 0.215 seconds
[2024-12-04T13:37:31.543+0100] {processor.py:186} INFO - Started process (PID=35110) to work on /Users/sijibomijoshua/airflow/airflow_env/lib/python3.11/site-packages/airflow/example_dags/example_sensor_decorator.py
[2024-12-04T13:37:31.544+0100] {processor.py:914} INFO - Processing file /Users/sijibomijoshua/airflow/airflow_env/lib/python3.11/site-packages/airflow/example_dags/example_sensor_decorator.py for tasks to queue
[2024-12-04T13:37:31.545+0100] {logging_mixin.py:190} INFO - [2024-12-04T13:37:31.545+0100] {dagbag.py:588} INFO - Filling up the DagBag from /Users/sijibomijoshua/airflow/airflow_env/lib/python3.11/site-packages/airflow/example_dags/example_sensor_decorator.py
[2024-12-04T13:37:31.558+0100] {processor.py:925} INFO - DAG(s) 'example_sensor_decorator' retrieved from /Users/sijibomijoshua/airflow/airflow_env/lib/python3.11/site-packages/airflow/example_dags/example_sensor_decorator.py
[2024-12-04T13:37:31.775+0100] {logging_mixin.py:190} INFO - [2024-12-04T13:37:31.775+0100] {dag.py:3239} INFO - Sync 1 DAGs
[2024-12-04T13:37:31.809+0100] {logging_mixin.py:190} INFO - [2024-12-04T13:37:31.809+0100] {dag.py:4180} INFO - Setting next_dagrun for example_sensor_decorator to None, run_after=None
[2024-12-04T13:37:31.816+0100] {processor.py:208} INFO - Processing /Users/sijibomijoshua/airflow/airflow_env/lib/python3.11/site-packages/airflow/example_dags/example_sensor_decorator.py took 0.274 seconds
[2024-12-04T13:39:10.891+0100] {processor.py:186} INFO - Started process (PID=37382) to work on /Users/sijibomijoshua/airflow/airflow_env/lib/python3.11/site-packages/airflow/example_dags/example_sensor_decorator.py
[2024-12-04T13:39:10.892+0100] {processor.py:914} INFO - Processing file /Users/sijibomijoshua/airflow/airflow_env/lib/python3.11/site-packages/airflow/example_dags/example_sensor_decorator.py for tasks to queue
[2024-12-04T13:39:10.894+0100] {logging_mixin.py:190} INFO - [2024-12-04T13:39:10.894+0100] {dagbag.py:588} INFO - Filling up the DagBag from /Users/sijibomijoshua/airflow/airflow_env/lib/python3.11/site-packages/airflow/example_dags/example_sensor_decorator.py
[2024-12-04T13:39:10.915+0100] {processor.py:925} INFO - DAG(s) 'example_sensor_decorator' retrieved from /Users/sijibomijoshua/airflow/airflow_env/lib/python3.11/site-packages/airflow/example_dags/example_sensor_decorator.py
[2024-12-04T13:39:11.132+0100] {logging_mixin.py:190} INFO - [2024-12-04T13:39:11.132+0100] {dag.py:3239} INFO - Sync 1 DAGs
[2024-12-04T13:39:11.136+0100] {logging_mixin.py:190} INFO - [2024-12-04T13:39:11.136+0100] {dag.py:4180} INFO - Setting next_dagrun for example_sensor_decorator to None, run_after=None
[2024-12-04T13:39:11.143+0100] {processor.py:208} INFO - Processing /Users/sijibomijoshua/airflow/airflow_env/lib/python3.11/site-packages/airflow/example_dags/example_sensor_decorator.py took 0.255 seconds
[2024-12-04T13:41:26.428+0100] {processor.py:186} INFO - Started process (PID=40393) to work on /Users/sijibomijoshua/airflow/airflow_env/lib/python3.11/site-packages/airflow/example_dags/example_sensor_decorator.py
[2024-12-04T13:41:26.429+0100] {processor.py:914} INFO - Processing file /Users/sijibomijoshua/airflow/airflow_env/lib/python3.11/site-packages/airflow/example_dags/example_sensor_decorator.py for tasks to queue
[2024-12-04T13:41:26.430+0100] {logging_mixin.py:190} INFO - [2024-12-04T13:41:26.430+0100] {dagbag.py:588} INFO - Filling up the DagBag from /Users/sijibomijoshua/airflow/airflow_env/lib/python3.11/site-packages/airflow/example_dags/example_sensor_decorator.py
[2024-12-04T13:41:26.443+0100] {processor.py:925} INFO - DAG(s) 'example_sensor_decorator' retrieved from /Users/sijibomijoshua/airflow/airflow_env/lib/python3.11/site-packages/airflow/example_dags/example_sensor_decorator.py
[2024-12-04T13:41:26.625+0100] {logging_mixin.py:190} INFO - [2024-12-04T13:41:26.625+0100] {dag.py:3239} INFO - Sync 1 DAGs
[2024-12-04T13:41:26.629+0100] {logging_mixin.py:190} INFO - [2024-12-04T13:41:26.629+0100] {dag.py:4180} INFO - Setting next_dagrun for example_sensor_decorator to None, run_after=None
[2024-12-04T13:41:26.635+0100] {processor.py:208} INFO - Processing /Users/sijibomijoshua/airflow/airflow_env/lib/python3.11/site-packages/airflow/example_dags/example_sensor_decorator.py took 0.209 seconds
[2024-12-04T13:43:42.652+0100] {processor.py:186} INFO - Started process (PID=43388) to work on /Users/sijibomijoshua/airflow/airflow_env/lib/python3.11/site-packages/airflow/example_dags/example_sensor_decorator.py
[2024-12-04T13:43:42.652+0100] {processor.py:914} INFO - Processing file /Users/sijibomijoshua/airflow/airflow_env/lib/python3.11/site-packages/airflow/example_dags/example_sensor_decorator.py for tasks to queue
[2024-12-04T13:43:42.653+0100] {logging_mixin.py:190} INFO - [2024-12-04T13:43:42.653+0100] {dagbag.py:588} INFO - Filling up the DagBag from /Users/sijibomijoshua/airflow/airflow_env/lib/python3.11/site-packages/airflow/example_dags/example_sensor_decorator.py
[2024-12-04T13:43:42.669+0100] {processor.py:925} INFO - DAG(s) 'example_sensor_decorator' retrieved from /Users/sijibomijoshua/airflow/airflow_env/lib/python3.11/site-packages/airflow/example_dags/example_sensor_decorator.py
[2024-12-04T13:43:42.881+0100] {logging_mixin.py:190} INFO - [2024-12-04T13:43:42.881+0100] {dag.py:3239} INFO - Sync 1 DAGs
[2024-12-04T13:43:42.885+0100] {logging_mixin.py:190} INFO - [2024-12-04T13:43:42.885+0100] {dag.py:4180} INFO - Setting next_dagrun for example_sensor_decorator to None, run_after=None
[2024-12-04T13:43:42.893+0100] {processor.py:208} INFO - Processing /Users/sijibomijoshua/airflow/airflow_env/lib/python3.11/site-packages/airflow/example_dags/example_sensor_decorator.py took 0.243 seconds
[2024-12-04T14:01:51.020+0100] {processor.py:186} INFO - Started process (PID=55729) to work on /Users/sijibomijoshua/airflow/airflow_env/lib/python3.11/site-packages/airflow/example_dags/example_sensor_decorator.py
[2024-12-04T14:01:51.022+0100] {processor.py:914} INFO - Processing file /Users/sijibomijoshua/airflow/airflow_env/lib/python3.11/site-packages/airflow/example_dags/example_sensor_decorator.py for tasks to queue
[2024-12-04T14:01:51.023+0100] {logging_mixin.py:190} INFO - [2024-12-04T14:01:51.023+0100] {dagbag.py:588} INFO - Filling up the DagBag from /Users/sijibomijoshua/airflow/airflow_env/lib/python3.11/site-packages/airflow/example_dags/example_sensor_decorator.py
[2024-12-04T14:01:51.036+0100] {processor.py:925} INFO - DAG(s) 'example_sensor_decorator' retrieved from /Users/sijibomijoshua/airflow/airflow_env/lib/python3.11/site-packages/airflow/example_dags/example_sensor_decorator.py
[2024-12-04T14:01:51.339+0100] {logging_mixin.py:190} INFO - [2024-12-04T14:01:51.339+0100] {dag.py:3239} INFO - Sync 1 DAGs
[2024-12-04T14:01:51.344+0100] {logging_mixin.py:190} INFO - [2024-12-04T14:01:51.344+0100] {dag.py:4180} INFO - Setting next_dagrun for example_sensor_decorator to None, run_after=None
[2024-12-04T14:01:51.352+0100] {processor.py:208} INFO - Processing /Users/sijibomijoshua/airflow/airflow_env/lib/python3.11/site-packages/airflow/example_dags/example_sensor_decorator.py took 0.334 seconds
