[2024-12-04T12:42:40.913+0100] {processor.py:186} INFO - Started process (PID=83358) to work on /Users/sijibomijoshua/.pyenv/versions/3.11.6/lib/python3.11/site-packages/airflow/example_dags/example_params_trigger_ui.py
[2024-12-04T12:42:40.914+0100] {processor.py:914} INFO - Processing file /Users/sijibomijoshua/.pyenv/versions/3.11.6/lib/python3.11/site-packages/airflow/example_dags/example_params_trigger_ui.py for tasks to queue
[2024-12-04T12:42:40.915+0100] {logging_mixin.py:190} INFO - [2024-12-04T12:42:40.915+0100] {dagbag.py:588} INFO - Filling up the DagBag from /Users/sijibomijoshua/.pyenv/versions/3.11.6/lib/python3.11/site-packages/airflow/example_dags/example_params_trigger_ui.py
[2024-12-04T12:42:40.929+0100] {processor.py:925} INFO - DAG(s) 'example_params_trigger_ui' retrieved from /Users/sijibomijoshua/.pyenv/versions/3.11.6/lib/python3.11/site-packages/airflow/example_dags/example_params_trigger_ui.py
[2024-12-04T12:42:41.027+0100] {logging_mixin.py:190} INFO - [2024-12-04T12:42:41.026+0100] {override.py:1911} INFO - Created Permission View: can read on DAG:example_params_trigger_ui
[2024-12-04T12:42:41.030+0100] {logging_mixin.py:190} INFO - [2024-12-04T12:42:41.030+0100] {override.py:1911} INFO - Created Permission View: can delete on DAG:example_params_trigger_ui
[2024-12-04T12:42:41.031+0100] {logging_mixin.py:190} INFO - [2024-12-04T12:42:41.031+0100] {override.py:1911} INFO - Created Permission View: can edit on DAG:example_params_trigger_ui
[2024-12-04T12:42:41.034+0100] {logging_mixin.py:190} INFO - [2024-12-04T12:42:41.034+0100] {override.py:1911} INFO - Created Permission View: menu access on DAG Run:example_params_trigger_ui
[2024-12-04T12:42:41.036+0100] {logging_mixin.py:190} INFO - [2024-12-04T12:42:41.036+0100] {override.py:1911} INFO - Created Permission View: can read on DAG Run:example_params_trigger_ui
[2024-12-04T12:42:41.037+0100] {logging_mixin.py:190} INFO - [2024-12-04T12:42:41.037+0100] {override.py:1911} INFO - Created Permission View: can create on DAG Run:example_params_trigger_ui
[2024-12-04T12:42:41.039+0100] {logging_mixin.py:190} INFO - [2024-12-04T12:42:41.039+0100] {override.py:1911} INFO - Created Permission View: can delete on DAG Run:example_params_trigger_ui
[2024-12-04T12:42:41.039+0100] {logging_mixin.py:190} INFO - [2024-12-04T12:42:41.039+0100] {dag.py:3239} INFO - Sync 1 DAGs
[2024-12-04T12:42:41.043+0100] {logging_mixin.py:190} INFO - [2024-12-04T12:42:41.043+0100] {dag.py:3262} INFO - Creating ORM DAG for example_params_trigger_ui
[2024-12-04T12:42:41.043+0100] {logging_mixin.py:190} INFO - [2024-12-04T12:42:41.043+0100] {dag.py:4180} INFO - Setting next_dagrun for example_params_trigger_ui to None, run_after=None
[2024-12-04T12:42:41.048+0100] {processor.py:208} INFO - Processing /Users/sijibomijoshua/.pyenv/versions/3.11.6/lib/python3.11/site-packages/airflow/example_dags/example_params_trigger_ui.py took 0.137 seconds
[2024-12-04T12:44:21.578+0100] {processor.py:186} INFO - Started process (PID=84907) to work on /Users/sijibomijoshua/.pyenv/versions/3.11.6/lib/python3.11/site-packages/airflow/example_dags/example_params_trigger_ui.py
[2024-12-04T12:44:21.579+0100] {processor.py:914} INFO - Processing file /Users/sijibomijoshua/.pyenv/versions/3.11.6/lib/python3.11/site-packages/airflow/example_dags/example_params_trigger_ui.py for tasks to queue
[2024-12-04T12:44:21.580+0100] {logging_mixin.py:190} INFO - [2024-12-04T12:44:21.580+0100] {dagbag.py:588} INFO - Filling up the DagBag from /Users/sijibomijoshua/.pyenv/versions/3.11.6/lib/python3.11/site-packages/airflow/example_dags/example_params_trigger_ui.py
[2024-12-04T12:44:21.595+0100] {processor.py:925} INFO - DAG(s) 'example_params_trigger_ui' retrieved from /Users/sijibomijoshua/.pyenv/versions/3.11.6/lib/python3.11/site-packages/airflow/example_dags/example_params_trigger_ui.py
[2024-12-04T12:44:21.671+0100] {logging_mixin.py:190} INFO - [2024-12-04T12:44:21.671+0100] {dag.py:3239} INFO - Sync 1 DAGs
[2024-12-04T12:44:21.675+0100] {logging_mixin.py:190} INFO - [2024-12-04T12:44:21.675+0100] {dag.py:4180} INFO - Setting next_dagrun for example_params_trigger_ui to None, run_after=None
[2024-12-04T12:44:21.682+0100] {processor.py:208} INFO - Processing /Users/sijibomijoshua/.pyenv/versions/3.11.6/lib/python3.11/site-packages/airflow/example_dags/example_params_trigger_ui.py took 0.106 seconds
[2024-12-04T12:46:36.993+0100] {processor.py:186} INFO - Started process (PID=87008) to work on /Users/sijibomijoshua/.pyenv/versions/3.11.6/lib/python3.11/site-packages/airflow/example_dags/example_params_trigger_ui.py
[2024-12-04T12:46:36.993+0100] {processor.py:914} INFO - Processing file /Users/sijibomijoshua/.pyenv/versions/3.11.6/lib/python3.11/site-packages/airflow/example_dags/example_params_trigger_ui.py for tasks to queue
[2024-12-04T12:46:36.995+0100] {logging_mixin.py:190} INFO - [2024-12-04T12:46:36.995+0100] {dagbag.py:588} INFO - Filling up the DagBag from /Users/sijibomijoshua/.pyenv/versions/3.11.6/lib/python3.11/site-packages/airflow/example_dags/example_params_trigger_ui.py
[2024-12-04T12:46:37.011+0100] {processor.py:925} INFO - DAG(s) 'example_params_trigger_ui' retrieved from /Users/sijibomijoshua/.pyenv/versions/3.11.6/lib/python3.11/site-packages/airflow/example_dags/example_params_trigger_ui.py
[2024-12-04T12:46:37.077+0100] {logging_mixin.py:190} INFO - [2024-12-04T12:46:37.076+0100] {dag.py:3239} INFO - Sync 1 DAGs
[2024-12-04T12:46:37.081+0100] {logging_mixin.py:190} INFO - [2024-12-04T12:46:37.081+0100] {dag.py:4180} INFO - Setting next_dagrun for example_params_trigger_ui to None, run_after=None
[2024-12-04T12:46:37.089+0100] {processor.py:208} INFO - Processing /Users/sijibomijoshua/.pyenv/versions/3.11.6/lib/python3.11/site-packages/airflow/example_dags/example_params_trigger_ui.py took 0.101 seconds
[2024-12-04T13:25:45.400+0100] {processor.py:186} INFO - Started process (PID=20242) to work on /Users/sijibomijoshua/.pyenv/versions/3.11.6/lib/python3.11/site-packages/airflow/example_dags/example_params_trigger_ui.py
[2024-12-04T13:25:45.400+0100] {processor.py:914} INFO - Processing file /Users/sijibomijoshua/.pyenv/versions/3.11.6/lib/python3.11/site-packages/airflow/example_dags/example_params_trigger_ui.py for tasks to queue
[2024-12-04T13:25:45.401+0100] {logging_mixin.py:190} INFO - [2024-12-04T13:25:45.401+0100] {dagbag.py:588} INFO - Filling up the DagBag from /Users/sijibomijoshua/.pyenv/versions/3.11.6/lib/python3.11/site-packages/airflow/example_dags/example_params_trigger_ui.py
[2024-12-04T13:25:45.418+0100] {processor.py:925} INFO - DAG(s) 'example_params_trigger_ui' retrieved from /Users/sijibomijoshua/.pyenv/versions/3.11.6/lib/python3.11/site-packages/airflow/example_dags/example_params_trigger_ui.py
[2024-12-04T13:25:45.485+0100] {logging_mixin.py:190} INFO - [2024-12-04T13:25:45.484+0100] {dag.py:3239} INFO - Sync 1 DAGs
[2024-12-04T13:25:45.489+0100] {logging_mixin.py:190} INFO - [2024-12-04T13:25:45.489+0100] {dag.py:4180} INFO - Setting next_dagrun for example_params_trigger_ui to None, run_after=None
[2024-12-04T13:25:45.496+0100] {processor.py:208} INFO - Processing /Users/sijibomijoshua/.pyenv/versions/3.11.6/lib/python3.11/site-packages/airflow/example_dags/example_params_trigger_ui.py took 0.098 seconds
[2024-12-04T13:37:40.713+0100] {processor.py:186} INFO - Started process (PID=35328) to work on /Users/sijibomijoshua/airflow/airflow_env/lib/python3.11/site-packages/airflow/example_dags/example_params_trigger_ui.py
[2024-12-04T13:37:40.713+0100] {processor.py:914} INFO - Processing file /Users/sijibomijoshua/airflow/airflow_env/lib/python3.11/site-packages/airflow/example_dags/example_params_trigger_ui.py for tasks to queue
[2024-12-04T13:37:40.714+0100] {logging_mixin.py:190} INFO - [2024-12-04T13:37:40.714+0100] {dagbag.py:588} INFO - Filling up the DagBag from /Users/sijibomijoshua/airflow/airflow_env/lib/python3.11/site-packages/airflow/example_dags/example_params_trigger_ui.py
[2024-12-04T13:37:40.728+0100] {processor.py:925} INFO - DAG(s) 'example_params_trigger_ui' retrieved from /Users/sijibomijoshua/airflow/airflow_env/lib/python3.11/site-packages/airflow/example_dags/example_params_trigger_ui.py
[2024-12-04T13:37:40.823+0100] {logging_mixin.py:190} INFO - [2024-12-04T13:37:40.823+0100] {dag.py:3239} INFO - Sync 1 DAGs
[2024-12-04T13:37:40.826+0100] {logging_mixin.py:190} INFO - [2024-12-04T13:37:40.826+0100] {dag.py:4180} INFO - Setting next_dagrun for example_params_trigger_ui to None, run_after=None
[2024-12-04T13:37:40.834+0100] {processor.py:208} INFO - Processing /Users/sijibomijoshua/airflow/airflow_env/lib/python3.11/site-packages/airflow/example_dags/example_params_trigger_ui.py took 0.122 seconds
[2024-12-04T13:39:19.805+0100] {processor.py:186} INFO - Started process (PID=37600) to work on /Users/sijibomijoshua/airflow/airflow_env/lib/python3.11/site-packages/airflow/example_dags/example_params_trigger_ui.py
[2024-12-04T13:39:19.806+0100] {processor.py:914} INFO - Processing file /Users/sijibomijoshua/airflow/airflow_env/lib/python3.11/site-packages/airflow/example_dags/example_params_trigger_ui.py for tasks to queue
[2024-12-04T13:39:19.807+0100] {logging_mixin.py:190} INFO - [2024-12-04T13:39:19.807+0100] {dagbag.py:588} INFO - Filling up the DagBag from /Users/sijibomijoshua/airflow/airflow_env/lib/python3.11/site-packages/airflow/example_dags/example_params_trigger_ui.py
[2024-12-04T13:39:19.824+0100] {processor.py:925} INFO - DAG(s) 'example_params_trigger_ui' retrieved from /Users/sijibomijoshua/airflow/airflow_env/lib/python3.11/site-packages/airflow/example_dags/example_params_trigger_ui.py
[2024-12-04T13:39:19.890+0100] {logging_mixin.py:190} INFO - [2024-12-04T13:39:19.889+0100] {dag.py:3239} INFO - Sync 1 DAGs
[2024-12-04T13:39:19.894+0100] {logging_mixin.py:190} INFO - [2024-12-04T13:39:19.894+0100] {dag.py:4180} INFO - Setting next_dagrun for example_params_trigger_ui to None, run_after=None
[2024-12-04T13:39:19.901+0100] {processor.py:208} INFO - Processing /Users/sijibomijoshua/airflow/airflow_env/lib/python3.11/site-packages/airflow/example_dags/example_params_trigger_ui.py took 0.098 seconds
[2024-12-04T13:41:34.190+0100] {processor.py:186} INFO - Started process (PID=40569) to work on /Users/sijibomijoshua/airflow/airflow_env/lib/python3.11/site-packages/airflow/example_dags/example_params_trigger_ui.py
[2024-12-04T13:41:34.190+0100] {processor.py:914} INFO - Processing file /Users/sijibomijoshua/airflow/airflow_env/lib/python3.11/site-packages/airflow/example_dags/example_params_trigger_ui.py for tasks to queue
[2024-12-04T13:41:34.191+0100] {logging_mixin.py:190} INFO - [2024-12-04T13:41:34.191+0100] {dagbag.py:588} INFO - Filling up the DagBag from /Users/sijibomijoshua/airflow/airflow_env/lib/python3.11/site-packages/airflow/example_dags/example_params_trigger_ui.py
[2024-12-04T13:41:34.206+0100] {processor.py:925} INFO - DAG(s) 'example_params_trigger_ui' retrieved from /Users/sijibomijoshua/airflow/airflow_env/lib/python3.11/site-packages/airflow/example_dags/example_params_trigger_ui.py
[2024-12-04T13:41:34.270+0100] {logging_mixin.py:190} INFO - [2024-12-04T13:41:34.269+0100] {dag.py:3239} INFO - Sync 1 DAGs
[2024-12-04T13:41:34.274+0100] {logging_mixin.py:190} INFO - [2024-12-04T13:41:34.273+0100] {dag.py:4180} INFO - Setting next_dagrun for example_params_trigger_ui to None, run_after=None
[2024-12-04T13:41:34.280+0100] {processor.py:208} INFO - Processing /Users/sijibomijoshua/airflow/airflow_env/lib/python3.11/site-packages/airflow/example_dags/example_params_trigger_ui.py took 0.092 seconds
[2024-12-04T13:43:50.466+0100] {processor.py:186} INFO - Started process (PID=43568) to work on /Users/sijibomijoshua/airflow/airflow_env/lib/python3.11/site-packages/airflow/example_dags/example_params_trigger_ui.py
[2024-12-04T13:43:50.466+0100] {processor.py:914} INFO - Processing file /Users/sijibomijoshua/airflow/airflow_env/lib/python3.11/site-packages/airflow/example_dags/example_params_trigger_ui.py for tasks to queue
[2024-12-04T13:43:50.467+0100] {logging_mixin.py:190} INFO - [2024-12-04T13:43:50.467+0100] {dagbag.py:588} INFO - Filling up the DagBag from /Users/sijibomijoshua/airflow/airflow_env/lib/python3.11/site-packages/airflow/example_dags/example_params_trigger_ui.py
[2024-12-04T13:43:50.483+0100] {processor.py:925} INFO - DAG(s) 'example_params_trigger_ui' retrieved from /Users/sijibomijoshua/airflow/airflow_env/lib/python3.11/site-packages/airflow/example_dags/example_params_trigger_ui.py
[2024-12-04T13:43:50.550+0100] {logging_mixin.py:190} INFO - [2024-12-04T13:43:50.550+0100] {dag.py:3239} INFO - Sync 1 DAGs
[2024-12-04T13:43:50.555+0100] {logging_mixin.py:190} INFO - [2024-12-04T13:43:50.555+0100] {dag.py:4180} INFO - Setting next_dagrun for example_params_trigger_ui to None, run_after=None
[2024-12-04T13:43:50.561+0100] {processor.py:208} INFO - Processing /Users/sijibomijoshua/airflow/airflow_env/lib/python3.11/site-packages/airflow/example_dags/example_params_trigger_ui.py took 0.098 seconds
