[2024-12-04T12:43:18.771+0100] {processor.py:186} INFO - Started process (PID=83952) to work on /Users/sijibomijoshua/.pyenv/versions/3.11.6/lib/python3.11/site-packages/airflow/example_dags/example_branch_day_of_week_operator.py
[2024-12-04T12:43:18.771+0100] {processor.py:914} INFO - Processing file /Users/sijibomijoshua/.pyenv/versions/3.11.6/lib/python3.11/site-packages/airflow/example_dags/example_branch_day_of_week_operator.py for tasks to queue
[2024-12-04T12:43:18.772+0100] {logging_mixin.py:190} INFO - [2024-12-04T12:43:18.772+0100] {dagbag.py:588} INFO - Filling up the DagBag from /Users/sijibomijoshua/.pyenv/versions/3.11.6/lib/python3.11/site-packages/airflow/example_dags/example_branch_day_of_week_operator.py
[2024-12-04T12:43:18.777+0100] {processor.py:925} INFO - DAG(s) 'example_weekday_branch_operator' retrieved from /Users/sijibomijoshua/.pyenv/versions/3.11.6/lib/python3.11/site-packages/airflow/example_dags/example_branch_day_of_week_operator.py
[2024-12-04T12:43:18.871+0100] {logging_mixin.py:190} INFO - [2024-12-04T12:43:18.871+0100] {override.py:1911} INFO - Created Permission View: can edit on DAG:example_weekday_branch_operator
[2024-12-04T12:43:18.874+0100] {logging_mixin.py:190} INFO - [2024-12-04T12:43:18.874+0100] {override.py:1911} INFO - Created Permission View: can delete on DAG:example_weekday_branch_operator
[2024-12-04T12:43:18.875+0100] {logging_mixin.py:190} INFO - [2024-12-04T12:43:18.875+0100] {override.py:1911} INFO - Created Permission View: can read on DAG:example_weekday_branch_operator
[2024-12-04T12:43:18.878+0100] {logging_mixin.py:190} INFO - [2024-12-04T12:43:18.878+0100] {override.py:1911} INFO - Created Permission View: can create on DAG Run:example_weekday_branch_operator
[2024-12-04T12:43:18.880+0100] {logging_mixin.py:190} INFO - [2024-12-04T12:43:18.879+0100] {override.py:1911} INFO - Created Permission View: can delete on DAG Run:example_weekday_branch_operator
[2024-12-04T12:43:18.881+0100] {logging_mixin.py:190} INFO - [2024-12-04T12:43:18.881+0100] {override.py:1911} INFO - Created Permission View: menu access on DAG Run:example_weekday_branch_operator
[2024-12-04T12:43:18.883+0100] {logging_mixin.py:190} INFO - [2024-12-04T12:43:18.883+0100] {override.py:1911} INFO - Created Permission View: can read on DAG Run:example_weekday_branch_operator
[2024-12-04T12:43:18.883+0100] {logging_mixin.py:190} INFO - [2024-12-04T12:43:18.883+0100] {dag.py:3239} INFO - Sync 1 DAGs
[2024-12-04T12:43:18.887+0100] {logging_mixin.py:190} INFO - [2024-12-04T12:43:18.887+0100] {dag.py:3262} INFO - Creating ORM DAG for example_weekday_branch_operator
[2024-12-04T12:43:18.890+0100] {logging_mixin.py:190} INFO - [2024-12-04T12:43:18.890+0100] {dag.py:4180} INFO - Setting next_dagrun for example_weekday_branch_operator to 2024-12-03 00:00:00+00:00, run_after=2024-12-04 00:00:00+00:00
[2024-12-04T12:43:18.896+0100] {processor.py:208} INFO - Processing /Users/sijibomijoshua/.pyenv/versions/3.11.6/lib/python3.11/site-packages/airflow/example_dags/example_branch_day_of_week_operator.py took 0.126 seconds
[2024-12-04T12:45:34.235+0100] {processor.py:186} INFO - Started process (PID=86027) to work on /Users/sijibomijoshua/.pyenv/versions/3.11.6/lib/python3.11/site-packages/airflow/example_dags/example_branch_day_of_week_operator.py
[2024-12-04T12:45:34.236+0100] {processor.py:914} INFO - Processing file /Users/sijibomijoshua/.pyenv/versions/3.11.6/lib/python3.11/site-packages/airflow/example_dags/example_branch_day_of_week_operator.py for tasks to queue
[2024-12-04T12:45:34.237+0100] {logging_mixin.py:190} INFO - [2024-12-04T12:45:34.237+0100] {dagbag.py:588} INFO - Filling up the DagBag from /Users/sijibomijoshua/.pyenv/versions/3.11.6/lib/python3.11/site-packages/airflow/example_dags/example_branch_day_of_week_operator.py
[2024-12-04T12:45:34.242+0100] {processor.py:925} INFO - DAG(s) 'example_weekday_branch_operator' retrieved from /Users/sijibomijoshua/.pyenv/versions/3.11.6/lib/python3.11/site-packages/airflow/example_dags/example_branch_day_of_week_operator.py
[2024-12-04T12:45:34.300+0100] {logging_mixin.py:190} INFO - [2024-12-04T12:45:34.300+0100] {dag.py:3239} INFO - Sync 1 DAGs
[2024-12-04T12:45:34.307+0100] {logging_mixin.py:190} INFO - [2024-12-04T12:45:34.307+0100] {dag.py:4180} INFO - Setting next_dagrun for example_weekday_branch_operator to 2024-12-03 00:00:00+00:00, run_after=2024-12-04 00:00:00+00:00
[2024-12-04T12:45:34.313+0100] {processor.py:208} INFO - Processing /Users/sijibomijoshua/.pyenv/versions/3.11.6/lib/python3.11/site-packages/airflow/example_dags/example_branch_day_of_week_operator.py took 0.080 seconds
[2024-12-04T12:47:50.795+0100] {processor.py:186} INFO - Started process (PID=88120) to work on /Users/sijibomijoshua/.pyenv/versions/3.11.6/lib/python3.11/site-packages/airflow/example_dags/example_branch_day_of_week_operator.py
[2024-12-04T12:47:50.796+0100] {processor.py:914} INFO - Processing file /Users/sijibomijoshua/.pyenv/versions/3.11.6/lib/python3.11/site-packages/airflow/example_dags/example_branch_day_of_week_operator.py for tasks to queue
[2024-12-04T12:47:50.797+0100] {logging_mixin.py:190} INFO - [2024-12-04T12:47:50.797+0100] {dagbag.py:588} INFO - Filling up the DagBag from /Users/sijibomijoshua/.pyenv/versions/3.11.6/lib/python3.11/site-packages/airflow/example_dags/example_branch_day_of_week_operator.py
[2024-12-04T12:47:50.802+0100] {processor.py:925} INFO - DAG(s) 'example_weekday_branch_operator' retrieved from /Users/sijibomijoshua/.pyenv/versions/3.11.6/lib/python3.11/site-packages/airflow/example_dags/example_branch_day_of_week_operator.py
[2024-12-04T12:47:50.862+0100] {logging_mixin.py:190} INFO - [2024-12-04T12:47:50.862+0100] {dag.py:3239} INFO - Sync 1 DAGs
[2024-12-04T12:47:50.869+0100] {logging_mixin.py:190} INFO - [2024-12-04T12:47:50.869+0100] {dag.py:4180} INFO - Setting next_dagrun for example_weekday_branch_operator to 2024-12-03 00:00:00+00:00, run_after=2024-12-04 00:00:00+00:00
[2024-12-04T12:47:50.875+0100] {processor.py:208} INFO - Processing /Users/sijibomijoshua/.pyenv/versions/3.11.6/lib/python3.11/site-packages/airflow/example_dags/example_branch_day_of_week_operator.py took 0.082 seconds
[2024-12-04T13:26:21.743+0100] {processor.py:186} INFO - Started process (PID=20922) to work on /Users/sijibomijoshua/.pyenv/versions/3.11.6/lib/python3.11/site-packages/airflow/example_dags/example_branch_day_of_week_operator.py
[2024-12-04T13:26:21.743+0100] {processor.py:914} INFO - Processing file /Users/sijibomijoshua/.pyenv/versions/3.11.6/lib/python3.11/site-packages/airflow/example_dags/example_branch_day_of_week_operator.py for tasks to queue
[2024-12-04T13:26:21.744+0100] {logging_mixin.py:190} INFO - [2024-12-04T13:26:21.744+0100] {dagbag.py:588} INFO - Filling up the DagBag from /Users/sijibomijoshua/.pyenv/versions/3.11.6/lib/python3.11/site-packages/airflow/example_dags/example_branch_day_of_week_operator.py
[2024-12-04T13:26:21.748+0100] {processor.py:925} INFO - DAG(s) 'example_weekday_branch_operator' retrieved from /Users/sijibomijoshua/.pyenv/versions/3.11.6/lib/python3.11/site-packages/airflow/example_dags/example_branch_day_of_week_operator.py
[2024-12-04T13:26:21.805+0100] {logging_mixin.py:190} INFO - [2024-12-04T13:26:21.804+0100] {dag.py:3239} INFO - Sync 1 DAGs
[2024-12-04T13:26:21.811+0100] {logging_mixin.py:190} INFO - [2024-12-04T13:26:21.811+0100] {dag.py:4180} INFO - Setting next_dagrun for example_weekday_branch_operator to 2024-12-03 00:00:00+00:00, run_after=2024-12-04 00:00:00+00:00
[2024-12-04T13:26:21.818+0100] {processor.py:208} INFO - Processing /Users/sijibomijoshua/.pyenv/versions/3.11.6/lib/python3.11/site-packages/airflow/example_dags/example_branch_day_of_week_operator.py took 0.077 seconds
[2024-12-04T13:38:15.330+0100] {processor.py:186} INFO - Started process (PID=36110) to work on /Users/sijibomijoshua/airflow/airflow_env/lib/python3.11/site-packages/airflow/example_dags/example_branch_day_of_week_operator.py
[2024-12-04T13:38:15.331+0100] {processor.py:914} INFO - Processing file /Users/sijibomijoshua/airflow/airflow_env/lib/python3.11/site-packages/airflow/example_dags/example_branch_day_of_week_operator.py for tasks to queue
[2024-12-04T13:38:15.332+0100] {logging_mixin.py:190} INFO - [2024-12-04T13:38:15.332+0100] {dagbag.py:588} INFO - Filling up the DagBag from /Users/sijibomijoshua/airflow/airflow_env/lib/python3.11/site-packages/airflow/example_dags/example_branch_day_of_week_operator.py
[2024-12-04T13:38:15.336+0100] {processor.py:925} INFO - DAG(s) 'example_weekday_branch_operator' retrieved from /Users/sijibomijoshua/airflow/airflow_env/lib/python3.11/site-packages/airflow/example_dags/example_branch_day_of_week_operator.py
[2024-12-04T13:38:15.427+0100] {logging_mixin.py:190} INFO - [2024-12-04T13:38:15.427+0100] {dag.py:3239} INFO - Sync 1 DAGs
[2024-12-04T13:38:15.434+0100] {logging_mixin.py:190} INFO - [2024-12-04T13:38:15.434+0100] {dag.py:4180} INFO - Setting next_dagrun for example_weekday_branch_operator to 2024-12-03 00:00:00+00:00, run_after=2024-12-04 00:00:00+00:00
[2024-12-04T13:38:15.441+0100] {processor.py:208} INFO - Processing /Users/sijibomijoshua/airflow/airflow_env/lib/python3.11/site-packages/airflow/example_dags/example_branch_day_of_week_operator.py took 0.112 seconds
[2024-12-04T13:40:36.377+0100] {processor.py:186} INFO - Started process (PID=39293) to work on /Users/sijibomijoshua/airflow/airflow_env/lib/python3.11/site-packages/airflow/example_dags/example_branch_day_of_week_operator.py
[2024-12-04T13:40:36.378+0100] {processor.py:914} INFO - Processing file /Users/sijibomijoshua/airflow/airflow_env/lib/python3.11/site-packages/airflow/example_dags/example_branch_day_of_week_operator.py for tasks to queue
[2024-12-04T13:40:36.379+0100] {logging_mixin.py:190} INFO - [2024-12-04T13:40:36.379+0100] {dagbag.py:588} INFO - Filling up the DagBag from /Users/sijibomijoshua/airflow/airflow_env/lib/python3.11/site-packages/airflow/example_dags/example_branch_day_of_week_operator.py
[2024-12-04T13:40:36.383+0100] {processor.py:925} INFO - DAG(s) 'example_weekday_branch_operator' retrieved from /Users/sijibomijoshua/airflow/airflow_env/lib/python3.11/site-packages/airflow/example_dags/example_branch_day_of_week_operator.py
[2024-12-04T13:40:36.440+0100] {logging_mixin.py:190} INFO - [2024-12-04T13:40:36.440+0100] {dag.py:3239} INFO - Sync 1 DAGs
[2024-12-04T13:40:36.448+0100] {logging_mixin.py:190} INFO - [2024-12-04T13:40:36.448+0100] {dag.py:4180} INFO - Setting next_dagrun for example_weekday_branch_operator to 2024-12-03 00:00:00+00:00, run_after=2024-12-04 00:00:00+00:00
[2024-12-04T13:40:36.454+0100] {processor.py:208} INFO - Processing /Users/sijibomijoshua/airflow/airflow_env/lib/python3.11/site-packages/airflow/example_dags/example_branch_day_of_week_operator.py took 0.078 seconds
[2024-12-04T13:42:47.846+0100] {processor.py:186} INFO - Started process (PID=42171) to work on /Users/sijibomijoshua/airflow/airflow_env/lib/python3.11/site-packages/airflow/example_dags/example_branch_day_of_week_operator.py
[2024-12-04T13:42:47.846+0100] {processor.py:914} INFO - Processing file /Users/sijibomijoshua/airflow/airflow_env/lib/python3.11/site-packages/airflow/example_dags/example_branch_day_of_week_operator.py for tasks to queue
[2024-12-04T13:42:47.847+0100] {logging_mixin.py:190} INFO - [2024-12-04T13:42:47.847+0100] {dagbag.py:588} INFO - Filling up the DagBag from /Users/sijibomijoshua/airflow/airflow_env/lib/python3.11/site-packages/airflow/example_dags/example_branch_day_of_week_operator.py
[2024-12-04T13:42:47.853+0100] {processor.py:925} INFO - DAG(s) 'example_weekday_branch_operator' retrieved from /Users/sijibomijoshua/airflow/airflow_env/lib/python3.11/site-packages/airflow/example_dags/example_branch_day_of_week_operator.py
[2024-12-04T13:42:47.927+0100] {logging_mixin.py:190} INFO - [2024-12-04T13:42:47.927+0100] {dag.py:3239} INFO - Sync 1 DAGs
[2024-12-04T13:42:47.934+0100] {logging_mixin.py:190} INFO - [2024-12-04T13:42:47.934+0100] {dag.py:4180} INFO - Setting next_dagrun for example_weekday_branch_operator to 2024-12-03 00:00:00+00:00, run_after=2024-12-04 00:00:00+00:00
[2024-12-04T13:42:47.942+0100] {processor.py:208} INFO - Processing /Users/sijibomijoshua/airflow/airflow_env/lib/python3.11/site-packages/airflow/example_dags/example_branch_day_of_week_operator.py took 0.097 seconds
