[2024-12-04T12:41:30.131+0100] {processor.py:186} INFO - Started process (PID=82228) to work on /Users/sijibomijoshua/.pyenv/versions/3.11.6/lib/python3.11/site-packages/airflow/example_dags/example_task_group.py
[2024-12-04T12:41:30.162+0100] {processor.py:914} INFO - Processing file /Users/sijibomijoshua/.pyenv/versions/3.11.6/lib/python3.11/site-packages/airflow/example_dags/example_task_group.py for tasks to queue
[2024-12-04T12:41:30.169+0100] {logging_mixin.py:190} INFO - [2024-12-04T12:41:30.168+0100] {dagbag.py:588} INFO - Filling up the DagBag from /Users/sijibomijoshua/.pyenv/versions/3.11.6/lib/python3.11/site-packages/airflow/example_dags/example_task_group.py
[2024-12-04T12:41:30.250+0100] {processor.py:925} INFO - DAG(s) 'example_task_group' retrieved from /Users/sijibomijoshua/.pyenv/versions/3.11.6/lib/python3.11/site-packages/airflow/example_dags/example_task_group.py
[2024-12-04T12:41:30.442+0100] {logging_mixin.py:190} INFO - [2024-12-04T12:41:30.442+0100] {override.py:1911} INFO - Created Permission View: can edit on DAG:example_task_group
[2024-12-04T12:41:30.446+0100] {logging_mixin.py:190} INFO - [2024-12-04T12:41:30.445+0100] {override.py:1911} INFO - Created Permission View: can delete on DAG:example_task_group
[2024-12-04T12:41:30.447+0100] {logging_mixin.py:190} INFO - [2024-12-04T12:41:30.447+0100] {override.py:1911} INFO - Created Permission View: can read on DAG:example_task_group
[2024-12-04T12:41:30.450+0100] {logging_mixin.py:190} INFO - [2024-12-04T12:41:30.450+0100] {override.py:1911} INFO - Created Permission View: can create on DAG Run:example_task_group
[2024-12-04T12:41:30.452+0100] {logging_mixin.py:190} INFO - [2024-12-04T12:41:30.452+0100] {override.py:1911} INFO - Created Permission View: can delete on DAG Run:example_task_group
[2024-12-04T12:41:30.454+0100] {logging_mixin.py:190} INFO - [2024-12-04T12:41:30.454+0100] {override.py:1911} INFO - Created Permission View: can read on DAG Run:example_task_group
[2024-12-04T12:41:30.456+0100] {logging_mixin.py:190} INFO - [2024-12-04T12:41:30.456+0100] {override.py:1911} INFO - Created Permission View: menu access on DAG Run:example_task_group
[2024-12-04T12:41:30.456+0100] {logging_mixin.py:190} INFO - [2024-12-04T12:41:30.456+0100] {dag.py:3239} INFO - Sync 1 DAGs
[2024-12-04T12:41:30.460+0100] {logging_mixin.py:190} INFO - [2024-12-04T12:41:30.460+0100] {dag.py:3262} INFO - Creating ORM DAG for example_task_group
[2024-12-04T12:41:30.460+0100] {logging_mixin.py:190} INFO - [2024-12-04T12:41:30.460+0100] {dag.py:4180} INFO - Setting next_dagrun for example_task_group to None, run_after=None
[2024-12-04T12:41:30.466+0100] {processor.py:208} INFO - Processing /Users/sijibomijoshua/.pyenv/versions/3.11.6/lib/python3.11/site-packages/airflow/example_dags/example_task_group.py took 0.364 seconds
[2024-12-04T12:42:16.253+0100] {processor.py:186} INFO - Started process (PID=82942) to work on /Users/sijibomijoshua/.pyenv/versions/3.11.6/lib/python3.11/site-packages/airflow/example_dags/example_task_group.py
[2024-12-04T12:42:16.253+0100] {processor.py:914} INFO - Processing file /Users/sijibomijoshua/.pyenv/versions/3.11.6/lib/python3.11/site-packages/airflow/example_dags/example_task_group.py for tasks to queue
[2024-12-04T12:42:16.254+0100] {logging_mixin.py:190} INFO - [2024-12-04T12:42:16.254+0100] {dagbag.py:588} INFO - Filling up the DagBag from /Users/sijibomijoshua/.pyenv/versions/3.11.6/lib/python3.11/site-packages/airflow/example_dags/example_task_group.py
[2024-12-04T12:42:16.258+0100] {processor.py:925} INFO - DAG(s) 'example_task_group' retrieved from /Users/sijibomijoshua/.pyenv/versions/3.11.6/lib/python3.11/site-packages/airflow/example_dags/example_task_group.py
[2024-12-04T12:42:16.315+0100] {logging_mixin.py:190} INFO - [2024-12-04T12:42:16.315+0100] {dag.py:3239} INFO - Sync 1 DAGs
[2024-12-04T12:42:16.319+0100] {logging_mixin.py:190} INFO - [2024-12-04T12:42:16.319+0100] {dag.py:4180} INFO - Setting next_dagrun for example_task_group to None, run_after=None
[2024-12-04T12:42:16.325+0100] {processor.py:208} INFO - Processing /Users/sijibomijoshua/.pyenv/versions/3.11.6/lib/python3.11/site-packages/airflow/example_dags/example_task_group.py took 0.074 seconds
[2024-12-04T12:43:55.494+0100] {processor.py:186} INFO - Started process (PID=84503) to work on /Users/sijibomijoshua/.pyenv/versions/3.11.6/lib/python3.11/site-packages/airflow/example_dags/example_task_group.py
[2024-12-04T12:43:55.495+0100] {processor.py:914} INFO - Processing file /Users/sijibomijoshua/.pyenv/versions/3.11.6/lib/python3.11/site-packages/airflow/example_dags/example_task_group.py for tasks to queue
[2024-12-04T12:43:55.496+0100] {logging_mixin.py:190} INFO - [2024-12-04T12:43:55.496+0100] {dagbag.py:588} INFO - Filling up the DagBag from /Users/sijibomijoshua/.pyenv/versions/3.11.6/lib/python3.11/site-packages/airflow/example_dags/example_task_group.py
[2024-12-04T12:43:55.500+0100] {processor.py:925} INFO - DAG(s) 'example_task_group' retrieved from /Users/sijibomijoshua/.pyenv/versions/3.11.6/lib/python3.11/site-packages/airflow/example_dags/example_task_group.py
[2024-12-04T12:43:55.557+0100] {logging_mixin.py:190} INFO - [2024-12-04T12:43:55.557+0100] {dag.py:3239} INFO - Sync 1 DAGs
[2024-12-04T12:43:55.560+0100] {logging_mixin.py:190} INFO - [2024-12-04T12:43:55.560+0100] {dag.py:4180} INFO - Setting next_dagrun for example_task_group to None, run_after=None
[2024-12-04T12:43:55.567+0100] {processor.py:208} INFO - Processing /Users/sijibomijoshua/.pyenv/versions/3.11.6/lib/python3.11/site-packages/airflow/example_dags/example_task_group.py took 0.074 seconds
[2024-12-04T12:45:04.655+0100] {processor.py:186} INFO - Started process (PID=85573) to work on /Users/sijibomijoshua/.pyenv/versions/3.11.6/lib/python3.11/site-packages/airflow/example_dags/example_task_group.py
[2024-12-04T12:45:04.655+0100] {processor.py:914} INFO - Processing file /Users/sijibomijoshua/.pyenv/versions/3.11.6/lib/python3.11/site-packages/airflow/example_dags/example_task_group.py for tasks to queue
[2024-12-04T12:45:04.656+0100] {logging_mixin.py:190} INFO - [2024-12-04T12:45:04.656+0100] {dagbag.py:588} INFO - Filling up the DagBag from /Users/sijibomijoshua/.pyenv/versions/3.11.6/lib/python3.11/site-packages/airflow/example_dags/example_task_group.py
[2024-12-04T12:45:04.660+0100] {processor.py:925} INFO - DAG(s) 'example_task_group' retrieved from /Users/sijibomijoshua/.pyenv/versions/3.11.6/lib/python3.11/site-packages/airflow/example_dags/example_task_group.py
[2024-12-04T12:45:04.721+0100] {logging_mixin.py:190} INFO - [2024-12-04T12:45:04.721+0100] {dag.py:3239} INFO - Sync 1 DAGs
[2024-12-04T12:45:04.725+0100] {logging_mixin.py:190} INFO - [2024-12-04T12:45:04.725+0100] {dag.py:4180} INFO - Setting next_dagrun for example_task_group to None, run_after=None
[2024-12-04T12:45:04.732+0100] {processor.py:208} INFO - Processing /Users/sijibomijoshua/.pyenv/versions/3.11.6/lib/python3.11/site-packages/airflow/example_dags/example_task_group.py took 0.079 seconds
[2024-12-04T12:46:12.117+0100] {processor.py:186} INFO - Started process (PID=86616) to work on /Users/sijibomijoshua/.pyenv/versions/3.11.6/lib/python3.11/site-packages/airflow/example_dags/example_task_group.py
[2024-12-04T12:46:12.118+0100] {processor.py:914} INFO - Processing file /Users/sijibomijoshua/.pyenv/versions/3.11.6/lib/python3.11/site-packages/airflow/example_dags/example_task_group.py for tasks to queue
[2024-12-04T12:46:12.119+0100] {logging_mixin.py:190} INFO - [2024-12-04T12:46:12.119+0100] {dagbag.py:588} INFO - Filling up the DagBag from /Users/sijibomijoshua/.pyenv/versions/3.11.6/lib/python3.11/site-packages/airflow/example_dags/example_task_group.py
[2024-12-04T12:46:12.124+0100] {processor.py:925} INFO - DAG(s) 'example_task_group' retrieved from /Users/sijibomijoshua/.pyenv/versions/3.11.6/lib/python3.11/site-packages/airflow/example_dags/example_task_group.py
[2024-12-04T12:46:12.199+0100] {logging_mixin.py:190} INFO - [2024-12-04T12:46:12.199+0100] {dag.py:3239} INFO - Sync 1 DAGs
[2024-12-04T12:46:12.203+0100] {logging_mixin.py:190} INFO - [2024-12-04T12:46:12.203+0100] {dag.py:4180} INFO - Setting next_dagrun for example_task_group to None, run_after=None
[2024-12-04T12:46:12.210+0100] {processor.py:208} INFO - Processing /Users/sijibomijoshua/.pyenv/versions/3.11.6/lib/python3.11/site-packages/airflow/example_dags/example_task_group.py took 0.094 seconds
[2024-12-04T12:47:20.273+0100] {processor.py:186} INFO - Started process (PID=87671) to work on /Users/sijibomijoshua/.pyenv/versions/3.11.6/lib/python3.11/site-packages/airflow/example_dags/example_task_group.py
[2024-12-04T12:47:20.274+0100] {processor.py:914} INFO - Processing file /Users/sijibomijoshua/.pyenv/versions/3.11.6/lib/python3.11/site-packages/airflow/example_dags/example_task_group.py for tasks to queue
[2024-12-04T12:47:20.274+0100] {logging_mixin.py:190} INFO - [2024-12-04T12:47:20.274+0100] {dagbag.py:588} INFO - Filling up the DagBag from /Users/sijibomijoshua/.pyenv/versions/3.11.6/lib/python3.11/site-packages/airflow/example_dags/example_task_group.py
[2024-12-04T12:47:20.278+0100] {processor.py:925} INFO - DAG(s) 'example_task_group' retrieved from /Users/sijibomijoshua/.pyenv/versions/3.11.6/lib/python3.11/site-packages/airflow/example_dags/example_task_group.py
[2024-12-04T12:47:20.335+0100] {logging_mixin.py:190} INFO - [2024-12-04T12:47:20.335+0100] {dag.py:3239} INFO - Sync 1 DAGs
[2024-12-04T12:47:20.339+0100] {logging_mixin.py:190} INFO - [2024-12-04T12:47:20.339+0100] {dag.py:4180} INFO - Setting next_dagrun for example_task_group to None, run_after=None
[2024-12-04T12:47:20.346+0100] {processor.py:208} INFO - Processing /Users/sijibomijoshua/.pyenv/versions/3.11.6/lib/python3.11/site-packages/airflow/example_dags/example_task_group.py took 0.074 seconds
[2024-12-04T12:48:30.022+0100] {processor.py:186} INFO - Started process (PID=88746) to work on /Users/sijibomijoshua/.pyenv/versions/3.11.6/lib/python3.11/site-packages/airflow/example_dags/example_task_group.py
[2024-12-04T12:48:30.023+0100] {processor.py:914} INFO - Processing file /Users/sijibomijoshua/.pyenv/versions/3.11.6/lib/python3.11/site-packages/airflow/example_dags/example_task_group.py for tasks to queue
[2024-12-04T12:48:30.024+0100] {logging_mixin.py:190} INFO - [2024-12-04T12:48:30.024+0100] {dagbag.py:588} INFO - Filling up the DagBag from /Users/sijibomijoshua/.pyenv/versions/3.11.6/lib/python3.11/site-packages/airflow/example_dags/example_task_group.py
[2024-12-04T12:48:30.028+0100] {processor.py:925} INFO - DAG(s) 'example_task_group' retrieved from /Users/sijibomijoshua/.pyenv/versions/3.11.6/lib/python3.11/site-packages/airflow/example_dags/example_task_group.py
[2024-12-04T12:48:30.095+0100] {logging_mixin.py:190} INFO - [2024-12-04T12:48:30.095+0100] {dag.py:3239} INFO - Sync 1 DAGs
[2024-12-04T12:48:30.100+0100] {logging_mixin.py:190} INFO - [2024-12-04T12:48:30.100+0100] {dag.py:4180} INFO - Setting next_dagrun for example_task_group to None, run_after=None
[2024-12-04T12:48:30.109+0100] {processor.py:208} INFO - Processing /Users/sijibomijoshua/.pyenv/versions/3.11.6/lib/python3.11/site-packages/airflow/example_dags/example_task_group.py took 0.089 seconds
[2024-12-04T13:23:39.278+0100] {processor.py:186} INFO - Started process (PID=17971) to work on /Users/sijibomijoshua/.pyenv/versions/3.11.6/lib/python3.11/site-packages/airflow/example_dags/example_task_group.py
[2024-12-04T13:23:39.278+0100] {processor.py:914} INFO - Processing file /Users/sijibomijoshua/.pyenv/versions/3.11.6/lib/python3.11/site-packages/airflow/example_dags/example_task_group.py for tasks to queue
[2024-12-04T13:23:39.279+0100] {logging_mixin.py:190} INFO - [2024-12-04T13:23:39.279+0100] {dagbag.py:588} INFO - Filling up the DagBag from /Users/sijibomijoshua/.pyenv/versions/3.11.6/lib/python3.11/site-packages/airflow/example_dags/example_task_group.py
[2024-12-04T13:23:39.283+0100] {processor.py:925} INFO - DAG(s) 'example_task_group' retrieved from /Users/sijibomijoshua/.pyenv/versions/3.11.6/lib/python3.11/site-packages/airflow/example_dags/example_task_group.py
[2024-12-04T13:23:39.340+0100] {logging_mixin.py:190} INFO - [2024-12-04T13:23:39.340+0100] {dag.py:3239} INFO - Sync 1 DAGs
[2024-12-04T13:23:39.344+0100] {logging_mixin.py:190} INFO - [2024-12-04T13:23:39.344+0100] {dag.py:4180} INFO - Setting next_dagrun for example_task_group to None, run_after=None
[2024-12-04T13:23:39.350+0100] {processor.py:208} INFO - Processing /Users/sijibomijoshua/.pyenv/versions/3.11.6/lib/python3.11/site-packages/airflow/example_dags/example_task_group.py took 0.074 seconds
[2024-12-04T13:25:20.063+0100] {processor.py:186} INFO - Started process (PID=19776) to work on /Users/sijibomijoshua/.pyenv/versions/3.11.6/lib/python3.11/site-packages/airflow/example_dags/example_task_group.py
[2024-12-04T13:25:20.064+0100] {processor.py:914} INFO - Processing file /Users/sijibomijoshua/.pyenv/versions/3.11.6/lib/python3.11/site-packages/airflow/example_dags/example_task_group.py for tasks to queue
[2024-12-04T13:25:20.065+0100] {logging_mixin.py:190} INFO - [2024-12-04T13:25:20.065+0100] {dagbag.py:588} INFO - Filling up the DagBag from /Users/sijibomijoshua/.pyenv/versions/3.11.6/lib/python3.11/site-packages/airflow/example_dags/example_task_group.py
[2024-12-04T13:25:20.069+0100] {processor.py:925} INFO - DAG(s) 'example_task_group' retrieved from /Users/sijibomijoshua/.pyenv/versions/3.11.6/lib/python3.11/site-packages/airflow/example_dags/example_task_group.py
[2024-12-04T13:25:20.128+0100] {logging_mixin.py:190} INFO - [2024-12-04T13:25:20.127+0100] {dag.py:3239} INFO - Sync 1 DAGs
[2024-12-04T13:25:20.131+0100] {logging_mixin.py:190} INFO - [2024-12-04T13:25:20.131+0100] {dag.py:4180} INFO - Setting next_dagrun for example_task_group to None, run_after=None
[2024-12-04T13:25:20.147+0100] {processor.py:208} INFO - Processing /Users/sijibomijoshua/.pyenv/versions/3.11.6/lib/python3.11/site-packages/airflow/example_dags/example_task_group.py took 0.086 seconds
[2024-12-04T13:37:16.277+0100] {processor.py:186} INFO - Started process (PID=34759) to work on /Users/sijibomijoshua/airflow/airflow_env/lib/python3.11/site-packages/airflow/example_dags/example_task_group.py
[2024-12-04T13:37:16.281+0100] {processor.py:914} INFO - Processing file /Users/sijibomijoshua/airflow/airflow_env/lib/python3.11/site-packages/airflow/example_dags/example_task_group.py for tasks to queue
[2024-12-04T13:37:16.297+0100] {logging_mixin.py:190} INFO - [2024-12-04T13:37:16.295+0100] {dagbag.py:588} INFO - Filling up the DagBag from /Users/sijibomijoshua/airflow/airflow_env/lib/python3.11/site-packages/airflow/example_dags/example_task_group.py
[2024-12-04T13:37:16.315+0100] {processor.py:925} INFO - DAG(s) 'example_task_group' retrieved from /Users/sijibomijoshua/airflow/airflow_env/lib/python3.11/site-packages/airflow/example_dags/example_task_group.py
[2024-12-04T13:37:16.442+0100] {logging_mixin.py:190} INFO - [2024-12-04T13:37:16.442+0100] {dag.py:3239} INFO - Sync 1 DAGs
[2024-12-04T13:37:16.446+0100] {logging_mixin.py:190} INFO - [2024-12-04T13:37:16.446+0100] {dag.py:4180} INFO - Setting next_dagrun for example_task_group to None, run_after=None
[2024-12-04T13:37:16.455+0100] {processor.py:208} INFO - Processing /Users/sijibomijoshua/airflow/airflow_env/lib/python3.11/site-packages/airflow/example_dags/example_task_group.py took 0.187 seconds
[2024-12-04T13:38:55.625+0100] {processor.py:186} INFO - Started process (PID=37047) to work on /Users/sijibomijoshua/airflow/airflow_env/lib/python3.11/site-packages/airflow/example_dags/example_task_group.py
[2024-12-04T13:38:55.626+0100] {processor.py:914} INFO - Processing file /Users/sijibomijoshua/airflow/airflow_env/lib/python3.11/site-packages/airflow/example_dags/example_task_group.py for tasks to queue
[2024-12-04T13:38:55.627+0100] {logging_mixin.py:190} INFO - [2024-12-04T13:38:55.627+0100] {dagbag.py:588} INFO - Filling up the DagBag from /Users/sijibomijoshua/airflow/airflow_env/lib/python3.11/site-packages/airflow/example_dags/example_task_group.py
[2024-12-04T13:38:55.632+0100] {processor.py:925} INFO - DAG(s) 'example_task_group' retrieved from /Users/sijibomijoshua/airflow/airflow_env/lib/python3.11/site-packages/airflow/example_dags/example_task_group.py
[2024-12-04T13:38:55.725+0100] {logging_mixin.py:190} INFO - [2024-12-04T13:38:55.725+0100] {dag.py:3239} INFO - Sync 1 DAGs
[2024-12-04T13:38:55.732+0100] {logging_mixin.py:190} INFO - [2024-12-04T13:38:55.732+0100] {dag.py:4180} INFO - Setting next_dagrun for example_task_group to None, run_after=None
[2024-12-04T13:38:55.749+0100] {processor.py:208} INFO - Processing /Users/sijibomijoshua/airflow/airflow_env/lib/python3.11/site-packages/airflow/example_dags/example_task_group.py took 0.126 seconds
[2024-12-04T13:40:07.363+0100] {processor.py:186} INFO - Started process (PID=38642) to work on /Users/sijibomijoshua/airflow/airflow_env/lib/python3.11/site-packages/airflow/example_dags/example_task_group.py
[2024-12-04T13:40:07.364+0100] {processor.py:914} INFO - Processing file /Users/sijibomijoshua/airflow/airflow_env/lib/python3.11/site-packages/airflow/example_dags/example_task_group.py for tasks to queue
[2024-12-04T13:40:07.366+0100] {logging_mixin.py:190} INFO - [2024-12-04T13:40:07.365+0100] {dagbag.py:588} INFO - Filling up the DagBag from /Users/sijibomijoshua/airflow/airflow_env/lib/python3.11/site-packages/airflow/example_dags/example_task_group.py
[2024-12-04T13:40:07.370+0100] {processor.py:925} INFO - DAG(s) 'example_task_group' retrieved from /Users/sijibomijoshua/airflow/airflow_env/lib/python3.11/site-packages/airflow/example_dags/example_task_group.py
[2024-12-04T13:40:07.430+0100] {logging_mixin.py:190} INFO - [2024-12-04T13:40:07.430+0100] {dag.py:3239} INFO - Sync 1 DAGs
[2024-12-04T13:40:07.435+0100] {logging_mixin.py:190} INFO - [2024-12-04T13:40:07.434+0100] {dag.py:4180} INFO - Setting next_dagrun for example_task_group to None, run_after=None
[2024-12-04T13:40:07.442+0100] {processor.py:208} INFO - Processing /Users/sijibomijoshua/airflow/airflow_env/lib/python3.11/site-packages/airflow/example_dags/example_task_group.py took 0.080 seconds
[2024-12-04T13:41:15.137+0100] {processor.py:186} INFO - Started process (PID=40148) to work on /Users/sijibomijoshua/airflow/airflow_env/lib/python3.11/site-packages/airflow/example_dags/example_task_group.py
[2024-12-04T13:41:15.138+0100] {processor.py:914} INFO - Processing file /Users/sijibomijoshua/airflow/airflow_env/lib/python3.11/site-packages/airflow/example_dags/example_task_group.py for tasks to queue
[2024-12-04T13:41:15.139+0100] {logging_mixin.py:190} INFO - [2024-12-04T13:41:15.139+0100] {dagbag.py:588} INFO - Filling up the DagBag from /Users/sijibomijoshua/airflow/airflow_env/lib/python3.11/site-packages/airflow/example_dags/example_task_group.py
[2024-12-04T13:41:15.144+0100] {processor.py:925} INFO - DAG(s) 'example_task_group' retrieved from /Users/sijibomijoshua/airflow/airflow_env/lib/python3.11/site-packages/airflow/example_dags/example_task_group.py
[2024-12-04T13:41:15.204+0100] {logging_mixin.py:190} INFO - [2024-12-04T13:41:15.204+0100] {dag.py:3239} INFO - Sync 1 DAGs
[2024-12-04T13:41:15.208+0100] {logging_mixin.py:190} INFO - [2024-12-04T13:41:15.208+0100] {dag.py:4180} INFO - Setting next_dagrun for example_task_group to None, run_after=None
[2024-12-04T13:41:15.214+0100] {processor.py:208} INFO - Processing /Users/sijibomijoshua/airflow/airflow_env/lib/python3.11/site-packages/airflow/example_dags/example_task_group.py took 0.079 seconds
[2024-12-04T13:42:20.514+0100] {processor.py:186} INFO - Started process (PID=41592) to work on /Users/sijibomijoshua/airflow/airflow_env/lib/python3.11/site-packages/airflow/example_dags/example_task_group.py
[2024-12-04T13:42:20.515+0100] {processor.py:914} INFO - Processing file /Users/sijibomijoshua/airflow/airflow_env/lib/python3.11/site-packages/airflow/example_dags/example_task_group.py for tasks to queue
[2024-12-04T13:42:20.516+0100] {logging_mixin.py:190} INFO - [2024-12-04T13:42:20.516+0100] {dagbag.py:588} INFO - Filling up the DagBag from /Users/sijibomijoshua/airflow/airflow_env/lib/python3.11/site-packages/airflow/example_dags/example_task_group.py
[2024-12-04T13:42:20.520+0100] {processor.py:925} INFO - DAG(s) 'example_task_group' retrieved from /Users/sijibomijoshua/airflow/airflow_env/lib/python3.11/site-packages/airflow/example_dags/example_task_group.py
[2024-12-04T13:42:20.580+0100] {logging_mixin.py:190} INFO - [2024-12-04T13:42:20.580+0100] {dag.py:3239} INFO - Sync 1 DAGs
[2024-12-04T13:42:20.584+0100] {logging_mixin.py:190} INFO - [2024-12-04T13:42:20.583+0100] {dag.py:4180} INFO - Setting next_dagrun for example_task_group to None, run_after=None
[2024-12-04T13:42:20.590+0100] {processor.py:208} INFO - Processing /Users/sijibomijoshua/airflow/airflow_env/lib/python3.11/site-packages/airflow/example_dags/example_task_group.py took 0.077 seconds
[2024-12-04T13:43:26.797+0100] {processor.py:186} INFO - Started process (PID=43050) to work on /Users/sijibomijoshua/airflow/airflow_env/lib/python3.11/site-packages/airflow/example_dags/example_task_group.py
[2024-12-04T13:43:26.798+0100] {processor.py:914} INFO - Processing file /Users/sijibomijoshua/airflow/airflow_env/lib/python3.11/site-packages/airflow/example_dags/example_task_group.py for tasks to queue
[2024-12-04T13:43:26.799+0100] {logging_mixin.py:190} INFO - [2024-12-04T13:43:26.799+0100] {dagbag.py:588} INFO - Filling up the DagBag from /Users/sijibomijoshua/airflow/airflow_env/lib/python3.11/site-packages/airflow/example_dags/example_task_group.py
[2024-12-04T13:43:26.804+0100] {processor.py:925} INFO - DAG(s) 'example_task_group' retrieved from /Users/sijibomijoshua/airflow/airflow_env/lib/python3.11/site-packages/airflow/example_dags/example_task_group.py
[2024-12-04T13:43:26.878+0100] {logging_mixin.py:190} INFO - [2024-12-04T13:43:26.878+0100] {dag.py:3239} INFO - Sync 1 DAGs
[2024-12-04T13:43:26.882+0100] {logging_mixin.py:190} INFO - [2024-12-04T13:43:26.882+0100] {dag.py:4180} INFO - Setting next_dagrun for example_task_group to None, run_after=None
[2024-12-04T13:43:26.889+0100] {processor.py:208} INFO - Processing /Users/sijibomijoshua/airflow/airflow_env/lib/python3.11/site-packages/airflow/example_dags/example_task_group.py took 0.095 seconds
[2024-12-04T14:01:35.810+0100] {processor.py:186} INFO - Started process (PID=55406) to work on /Users/sijibomijoshua/airflow/airflow_env/lib/python3.11/site-packages/airflow/example_dags/example_task_group.py
[2024-12-04T14:01:35.811+0100] {processor.py:914} INFO - Processing file /Users/sijibomijoshua/airflow/airflow_env/lib/python3.11/site-packages/airflow/example_dags/example_task_group.py for tasks to queue
[2024-12-04T14:01:35.813+0100] {logging_mixin.py:190} INFO - [2024-12-04T14:01:35.813+0100] {dagbag.py:588} INFO - Filling up the DagBag from /Users/sijibomijoshua/airflow/airflow_env/lib/python3.11/site-packages/airflow/example_dags/example_task_group.py
[2024-12-04T14:01:35.817+0100] {processor.py:925} INFO - DAG(s) 'example_task_group' retrieved from /Users/sijibomijoshua/airflow/airflow_env/lib/python3.11/site-packages/airflow/example_dags/example_task_group.py
[2024-12-04T14:01:35.922+0100] {logging_mixin.py:190} INFO - [2024-12-04T14:01:35.922+0100] {dag.py:3239} INFO - Sync 1 DAGs
[2024-12-04T14:01:35.927+0100] {logging_mixin.py:190} INFO - [2024-12-04T14:01:35.926+0100] {dag.py:4180} INFO - Setting next_dagrun for example_task_group to None, run_after=None
[2024-12-04T14:01:35.935+0100] {processor.py:208} INFO - Processing /Users/sijibomijoshua/airflow/airflow_env/lib/python3.11/site-packages/airflow/example_dags/example_task_group.py took 0.127 seconds
