[2024-12-04T12:42:27.105+0100] {processor.py:186} INFO - Started process (PID=83104) to work on /Users/sijibomijoshua/.pyenv/versions/3.11.6/lib/python3.11/site-packages/airflow/example_dags/example_setup_teardown_taskflow.py
[2024-12-04T12:42:27.106+0100] {processor.py:914} INFO - Processing file /Users/sijibomijoshua/.pyenv/versions/3.11.6/lib/python3.11/site-packages/airflow/example_dags/example_setup_teardown_taskflow.py for tasks to queue
[2024-12-04T12:42:27.113+0100] {logging_mixin.py:190} INFO - [2024-12-04T12:42:27.113+0100] {dagbag.py:588} INFO - Filling up the DagBag from /Users/sijibomijoshua/.pyenv/versions/3.11.6/lib/python3.11/site-packages/airflow/example_dags/example_setup_teardown_taskflow.py
[2024-12-04T12:42:27.145+0100] {processor.py:925} INFO - DAG(s) 'example_setup_teardown_taskflow' retrieved from /Users/sijibomijoshua/.pyenv/versions/3.11.6/lib/python3.11/site-packages/airflow/example_dags/example_setup_teardown_taskflow.py
[2024-12-04T12:42:27.240+0100] {logging_mixin.py:190} INFO - [2024-12-04T12:42:27.240+0100] {override.py:1911} INFO - Created Permission View: can delete on DAG:example_setup_teardown_taskflow
[2024-12-04T12:42:27.243+0100] {logging_mixin.py:190} INFO - [2024-12-04T12:42:27.243+0100] {override.py:1911} INFO - Created Permission View: can read on DAG:example_setup_teardown_taskflow
[2024-12-04T12:42:27.245+0100] {logging_mixin.py:190} INFO - [2024-12-04T12:42:27.244+0100] {override.py:1911} INFO - Created Permission View: can edit on DAG:example_setup_teardown_taskflow
[2024-12-04T12:42:27.247+0100] {logging_mixin.py:190} INFO - [2024-12-04T12:42:27.247+0100] {override.py:1911} INFO - Created Permission View: can create on DAG Run:example_setup_teardown_taskflow
[2024-12-04T12:42:27.249+0100] {logging_mixin.py:190} INFO - [2024-12-04T12:42:27.249+0100] {override.py:1911} INFO - Created Permission View: can read on DAG Run:example_setup_teardown_taskflow
[2024-12-04T12:42:27.250+0100] {logging_mixin.py:190} INFO - [2024-12-04T12:42:27.250+0100] {override.py:1911} INFO - Created Permission View: menu access on DAG Run:example_setup_teardown_taskflow
[2024-12-04T12:42:27.252+0100] {logging_mixin.py:190} INFO - [2024-12-04T12:42:27.252+0100] {override.py:1911} INFO - Created Permission View: can delete on DAG Run:example_setup_teardown_taskflow
[2024-12-04T12:42:27.252+0100] {logging_mixin.py:190} INFO - [2024-12-04T12:42:27.252+0100] {dag.py:3239} INFO - Sync 1 DAGs
[2024-12-04T12:42:27.256+0100] {logging_mixin.py:190} INFO - [2024-12-04T12:42:27.256+0100] {dag.py:3262} INFO - Creating ORM DAG for example_setup_teardown_taskflow
[2024-12-04T12:42:27.256+0100] {logging_mixin.py:190} INFO - [2024-12-04T12:42:27.256+0100] {dag.py:4180} INFO - Setting next_dagrun for example_setup_teardown_taskflow to None, run_after=None
[2024-12-04T12:42:27.262+0100] {processor.py:208} INFO - Processing /Users/sijibomijoshua/.pyenv/versions/3.11.6/lib/python3.11/site-packages/airflow/example_dags/example_setup_teardown_taskflow.py took 0.160 seconds
[2024-12-04T12:44:06.605+0100] {processor.py:186} INFO - Started process (PID=84662) to work on /Users/sijibomijoshua/.pyenv/versions/3.11.6/lib/python3.11/site-packages/airflow/example_dags/example_setup_teardown_taskflow.py
[2024-12-04T12:44:06.606+0100] {processor.py:914} INFO - Processing file /Users/sijibomijoshua/.pyenv/versions/3.11.6/lib/python3.11/site-packages/airflow/example_dags/example_setup_teardown_taskflow.py for tasks to queue
[2024-12-04T12:44:06.607+0100] {logging_mixin.py:190} INFO - [2024-12-04T12:44:06.607+0100] {dagbag.py:588} INFO - Filling up the DagBag from /Users/sijibomijoshua/.pyenv/versions/3.11.6/lib/python3.11/site-packages/airflow/example_dags/example_setup_teardown_taskflow.py
[2024-12-04T12:44:06.621+0100] {processor.py:925} INFO - DAG(s) 'example_setup_teardown_taskflow' retrieved from /Users/sijibomijoshua/.pyenv/versions/3.11.6/lib/python3.11/site-packages/airflow/example_dags/example_setup_teardown_taskflow.py
[2024-12-04T12:44:06.678+0100] {logging_mixin.py:190} INFO - [2024-12-04T12:44:06.678+0100] {dag.py:3239} INFO - Sync 1 DAGs
[2024-12-04T12:44:06.682+0100] {logging_mixin.py:190} INFO - [2024-12-04T12:44:06.682+0100] {dag.py:4180} INFO - Setting next_dagrun for example_setup_teardown_taskflow to None, run_after=None
[2024-12-04T12:44:06.689+0100] {processor.py:208} INFO - Processing /Users/sijibomijoshua/.pyenv/versions/3.11.6/lib/python3.11/site-packages/airflow/example_dags/example_setup_teardown_taskflow.py took 0.085 seconds
[2024-12-04T12:46:22.444+0100] {processor.py:186} INFO - Started process (PID=86783) to work on /Users/sijibomijoshua/.pyenv/versions/3.11.6/lib/python3.11/site-packages/airflow/example_dags/example_setup_teardown_taskflow.py
[2024-12-04T12:46:22.445+0100] {processor.py:914} INFO - Processing file /Users/sijibomijoshua/.pyenv/versions/3.11.6/lib/python3.11/site-packages/airflow/example_dags/example_setup_teardown_taskflow.py for tasks to queue
[2024-12-04T12:46:22.447+0100] {logging_mixin.py:190} INFO - [2024-12-04T12:46:22.447+0100] {dagbag.py:588} INFO - Filling up the DagBag from /Users/sijibomijoshua/.pyenv/versions/3.11.6/lib/python3.11/site-packages/airflow/example_dags/example_setup_teardown_taskflow.py
[2024-12-04T12:46:22.470+0100] {processor.py:925} INFO - DAG(s) 'example_setup_teardown_taskflow' retrieved from /Users/sijibomijoshua/.pyenv/versions/3.11.6/lib/python3.11/site-packages/airflow/example_dags/example_setup_teardown_taskflow.py
[2024-12-04T12:46:22.543+0100] {logging_mixin.py:190} INFO - [2024-12-04T12:46:22.542+0100] {dag.py:3239} INFO - Sync 1 DAGs
[2024-12-04T12:46:22.548+0100] {logging_mixin.py:190} INFO - [2024-12-04T12:46:22.548+0100] {dag.py:4180} INFO - Setting next_dagrun for example_setup_teardown_taskflow to None, run_after=None
[2024-12-04T12:46:22.555+0100] {processor.py:208} INFO - Processing /Users/sijibomijoshua/.pyenv/versions/3.11.6/lib/python3.11/site-packages/airflow/example_dags/example_setup_teardown_taskflow.py took 0.113 seconds
[2024-12-04T13:23:50.737+0100] {processor.py:186} INFO - Started process (PID=18164) to work on /Users/sijibomijoshua/.pyenv/versions/3.11.6/lib/python3.11/site-packages/airflow/example_dags/example_setup_teardown_taskflow.py
[2024-12-04T13:23:50.738+0100] {processor.py:914} INFO - Processing file /Users/sijibomijoshua/.pyenv/versions/3.11.6/lib/python3.11/site-packages/airflow/example_dags/example_setup_teardown_taskflow.py for tasks to queue
[2024-12-04T13:23:50.739+0100] {logging_mixin.py:190} INFO - [2024-12-04T13:23:50.739+0100] {dagbag.py:588} INFO - Filling up the DagBag from /Users/sijibomijoshua/.pyenv/versions/3.11.6/lib/python3.11/site-packages/airflow/example_dags/example_setup_teardown_taskflow.py
[2024-12-04T13:23:50.754+0100] {processor.py:925} INFO - DAG(s) 'example_setup_teardown_taskflow' retrieved from /Users/sijibomijoshua/.pyenv/versions/3.11.6/lib/python3.11/site-packages/airflow/example_dags/example_setup_teardown_taskflow.py
[2024-12-04T13:23:50.812+0100] {logging_mixin.py:190} INFO - [2024-12-04T13:23:50.812+0100] {dag.py:3239} INFO - Sync 1 DAGs
[2024-12-04T13:23:50.817+0100] {logging_mixin.py:190} INFO - [2024-12-04T13:23:50.817+0100] {dag.py:4180} INFO - Setting next_dagrun for example_setup_teardown_taskflow to None, run_after=None
[2024-12-04T13:23:50.823+0100] {processor.py:208} INFO - Processing /Users/sijibomijoshua/.pyenv/versions/3.11.6/lib/python3.11/site-packages/airflow/example_dags/example_setup_teardown_taskflow.py took 0.089 seconds
[2024-12-04T13:25:30.899+0100] {processor.py:186} INFO - Started process (PID=19969) to work on /Users/sijibomijoshua/.pyenv/versions/3.11.6/lib/python3.11/site-packages/airflow/example_dags/example_setup_teardown_taskflow.py
[2024-12-04T13:25:30.899+0100] {processor.py:914} INFO - Processing file /Users/sijibomijoshua/.pyenv/versions/3.11.6/lib/python3.11/site-packages/airflow/example_dags/example_setup_teardown_taskflow.py for tasks to queue
[2024-12-04T13:25:30.901+0100] {logging_mixin.py:190} INFO - [2024-12-04T13:25:30.900+0100] {dagbag.py:588} INFO - Filling up the DagBag from /Users/sijibomijoshua/.pyenv/versions/3.11.6/lib/python3.11/site-packages/airflow/example_dags/example_setup_teardown_taskflow.py
[2024-12-04T13:25:30.915+0100] {processor.py:925} INFO - DAG(s) 'example_setup_teardown_taskflow' retrieved from /Users/sijibomijoshua/.pyenv/versions/3.11.6/lib/python3.11/site-packages/airflow/example_dags/example_setup_teardown_taskflow.py
[2024-12-04T13:25:30.972+0100] {logging_mixin.py:190} INFO - [2024-12-04T13:25:30.972+0100] {dag.py:3239} INFO - Sync 1 DAGs
[2024-12-04T13:25:30.977+0100] {logging_mixin.py:190} INFO - [2024-12-04T13:25:30.976+0100] {dag.py:4180} INFO - Setting next_dagrun for example_setup_teardown_taskflow to None, run_after=None
[2024-12-04T13:25:30.983+0100] {processor.py:208} INFO - Processing /Users/sijibomijoshua/.pyenv/versions/3.11.6/lib/python3.11/site-packages/airflow/example_dags/example_setup_teardown_taskflow.py took 0.086 seconds
[2024-12-04T13:37:25.876+0100] {processor.py:186} INFO - Started process (PID=34981) to work on /Users/sijibomijoshua/airflow/airflow_env/lib/python3.11/site-packages/airflow/example_dags/example_setup_teardown_taskflow.py
[2024-12-04T13:37:25.877+0100] {processor.py:914} INFO - Processing file /Users/sijibomijoshua/airflow/airflow_env/lib/python3.11/site-packages/airflow/example_dags/example_setup_teardown_taskflow.py for tasks to queue
[2024-12-04T13:37:25.878+0100] {logging_mixin.py:190} INFO - [2024-12-04T13:37:25.877+0100] {dagbag.py:588} INFO - Filling up the DagBag from /Users/sijibomijoshua/airflow/airflow_env/lib/python3.11/site-packages/airflow/example_dags/example_setup_teardown_taskflow.py
[2024-12-04T13:37:25.892+0100] {processor.py:925} INFO - DAG(s) 'example_setup_teardown_taskflow' retrieved from /Users/sijibomijoshua/airflow/airflow_env/lib/python3.11/site-packages/airflow/example_dags/example_setup_teardown_taskflow.py
[2024-12-04T13:37:25.979+0100] {logging_mixin.py:190} INFO - [2024-12-04T13:37:25.979+0100] {dag.py:3239} INFO - Sync 1 DAGs
[2024-12-04T13:37:25.983+0100] {logging_mixin.py:190} INFO - [2024-12-04T13:37:25.983+0100] {dag.py:4180} INFO - Setting next_dagrun for example_setup_teardown_taskflow to None, run_after=None
[2024-12-04T13:37:25.990+0100] {processor.py:208} INFO - Processing /Users/sijibomijoshua/airflow/airflow_env/lib/python3.11/site-packages/airflow/example_dags/example_setup_teardown_taskflow.py took 0.116 seconds
[2024-12-04T13:39:06.364+0100] {processor.py:186} INFO - Started process (PID=37286) to work on /Users/sijibomijoshua/airflow/airflow_env/lib/python3.11/site-packages/airflow/example_dags/example_setup_teardown_taskflow.py
[2024-12-04T13:39:06.365+0100] {processor.py:914} INFO - Processing file /Users/sijibomijoshua/airflow/airflow_env/lib/python3.11/site-packages/airflow/example_dags/example_setup_teardown_taskflow.py for tasks to queue
[2024-12-04T13:39:06.367+0100] {logging_mixin.py:190} INFO - [2024-12-04T13:39:06.366+0100] {dagbag.py:588} INFO - Filling up the DagBag from /Users/sijibomijoshua/airflow/airflow_env/lib/python3.11/site-packages/airflow/example_dags/example_setup_teardown_taskflow.py
[2024-12-04T13:39:06.383+0100] {processor.py:925} INFO - DAG(s) 'example_setup_teardown_taskflow' retrieved from /Users/sijibomijoshua/airflow/airflow_env/lib/python3.11/site-packages/airflow/example_dags/example_setup_teardown_taskflow.py
[2024-12-04T13:39:06.444+0100] {logging_mixin.py:190} INFO - [2024-12-04T13:39:06.444+0100] {dag.py:3239} INFO - Sync 1 DAGs
[2024-12-04T13:39:06.448+0100] {logging_mixin.py:190} INFO - [2024-12-04T13:39:06.448+0100] {dag.py:4180} INFO - Setting next_dagrun for example_setup_teardown_taskflow to None, run_after=None
[2024-12-04T13:39:06.455+0100] {processor.py:208} INFO - Processing /Users/sijibomijoshua/airflow/airflow_env/lib/python3.11/site-packages/airflow/example_dags/example_setup_teardown_taskflow.py took 0.092 seconds
[2024-12-04T13:41:22.485+0100] {processor.py:186} INFO - Started process (PID=40301) to work on /Users/sijibomijoshua/airflow/airflow_env/lib/python3.11/site-packages/airflow/example_dags/example_setup_teardown_taskflow.py
[2024-12-04T13:41:22.486+0100] {processor.py:914} INFO - Processing file /Users/sijibomijoshua/airflow/airflow_env/lib/python3.11/site-packages/airflow/example_dags/example_setup_teardown_taskflow.py for tasks to queue
[2024-12-04T13:41:22.487+0100] {logging_mixin.py:190} INFO - [2024-12-04T13:41:22.487+0100] {dagbag.py:588} INFO - Filling up the DagBag from /Users/sijibomijoshua/airflow/airflow_env/lib/python3.11/site-packages/airflow/example_dags/example_setup_teardown_taskflow.py
[2024-12-04T13:41:22.500+0100] {processor.py:925} INFO - DAG(s) 'example_setup_teardown_taskflow' retrieved from /Users/sijibomijoshua/airflow/airflow_env/lib/python3.11/site-packages/airflow/example_dags/example_setup_teardown_taskflow.py
[2024-12-04T13:41:22.558+0100] {logging_mixin.py:190} INFO - [2024-12-04T13:41:22.558+0100] {dag.py:3239} INFO - Sync 1 DAGs
[2024-12-04T13:41:22.562+0100] {logging_mixin.py:190} INFO - [2024-12-04T13:41:22.562+0100] {dag.py:4180} INFO - Setting next_dagrun for example_setup_teardown_taskflow to None, run_after=None
[2024-12-04T13:41:22.569+0100] {processor.py:208} INFO - Processing /Users/sijibomijoshua/airflow/airflow_env/lib/python3.11/site-packages/airflow/example_dags/example_setup_teardown_taskflow.py took 0.085 seconds
[2024-12-04T13:43:36.802+0100] {processor.py:186} INFO - Started process (PID=43248) to work on /Users/sijibomijoshua/airflow/airflow_env/lib/python3.11/site-packages/airflow/example_dags/example_setup_teardown_taskflow.py
[2024-12-04T13:43:36.802+0100] {processor.py:914} INFO - Processing file /Users/sijibomijoshua/airflow/airflow_env/lib/python3.11/site-packages/airflow/example_dags/example_setup_teardown_taskflow.py for tasks to queue
[2024-12-04T13:43:36.803+0100] {logging_mixin.py:190} INFO - [2024-12-04T13:43:36.803+0100] {dagbag.py:588} INFO - Filling up the DagBag from /Users/sijibomijoshua/airflow/airflow_env/lib/python3.11/site-packages/airflow/example_dags/example_setup_teardown_taskflow.py
[2024-12-04T13:43:36.818+0100] {processor.py:925} INFO - DAG(s) 'example_setup_teardown_taskflow' retrieved from /Users/sijibomijoshua/airflow/airflow_env/lib/python3.11/site-packages/airflow/example_dags/example_setup_teardown_taskflow.py
[2024-12-04T13:43:36.881+0100] {logging_mixin.py:190} INFO - [2024-12-04T13:43:36.881+0100] {dag.py:3239} INFO - Sync 1 DAGs
[2024-12-04T13:43:36.885+0100] {logging_mixin.py:190} INFO - [2024-12-04T13:43:36.885+0100] {dag.py:4180} INFO - Setting next_dagrun for example_setup_teardown_taskflow to None, run_after=None
[2024-12-04T13:43:36.892+0100] {processor.py:208} INFO - Processing /Users/sijibomijoshua/airflow/airflow_env/lib/python3.11/site-packages/airflow/example_dags/example_setup_teardown_taskflow.py took 0.092 seconds
[2024-12-04T14:01:45.133+0100] {processor.py:186} INFO - Started process (PID=55635) to work on /Users/sijibomijoshua/airflow/airflow_env/lib/python3.11/site-packages/airflow/example_dags/example_setup_teardown_taskflow.py
[2024-12-04T14:01:45.134+0100] {processor.py:914} INFO - Processing file /Users/sijibomijoshua/airflow/airflow_env/lib/python3.11/site-packages/airflow/example_dags/example_setup_teardown_taskflow.py for tasks to queue
[2024-12-04T14:01:45.135+0100] {logging_mixin.py:190} INFO - [2024-12-04T14:01:45.135+0100] {dagbag.py:588} INFO - Filling up the DagBag from /Users/sijibomijoshua/airflow/airflow_env/lib/python3.11/site-packages/airflow/example_dags/example_setup_teardown_taskflow.py
[2024-12-04T14:01:45.150+0100] {processor.py:925} INFO - DAG(s) 'example_setup_teardown_taskflow' retrieved from /Users/sijibomijoshua/airflow/airflow_env/lib/python3.11/site-packages/airflow/example_dags/example_setup_teardown_taskflow.py
[2024-12-04T14:01:45.212+0100] {logging_mixin.py:190} INFO - [2024-12-04T14:01:45.211+0100] {dag.py:3239} INFO - Sync 1 DAGs
[2024-12-04T14:01:45.215+0100] {logging_mixin.py:190} INFO - [2024-12-04T14:01:45.215+0100] {dag.py:4180} INFO - Setting next_dagrun for example_setup_teardown_taskflow to None, run_after=None
[2024-12-04T14:01:45.225+0100] {processor.py:208} INFO - Processing /Users/sijibomijoshua/airflow/airflow_env/lib/python3.11/site-packages/airflow/example_dags/example_setup_teardown_taskflow.py took 0.094 seconds
