[2024-12-04T12:41:22.622+0100] {processor.py:186} INFO - Started process (PID=82093) to work on /Users/sijibomijoshua/.pyenv/versions/3.11.6/lib/python3.11/site-packages/airflow/example_dags/example_trigger_controller_dag.py
[2024-12-04T12:41:22.623+0100] {processor.py:914} INFO - Processing file /Users/sijibomijoshua/.pyenv/versions/3.11.6/lib/python3.11/site-packages/airflow/example_dags/example_trigger_controller_dag.py for tasks to queue
[2024-12-04T12:41:22.625+0100] {logging_mixin.py:190} INFO - [2024-12-04T12:41:22.624+0100] {dagbag.py:588} INFO - Filling up the DagBag from /Users/sijibomijoshua/.pyenv/versions/3.11.6/lib/python3.11/site-packages/airflow/example_dags/example_trigger_controller_dag.py
[2024-12-04T12:41:22.633+0100] {processor.py:925} INFO - DAG(s) 'example_trigger_controller_dag' retrieved from /Users/sijibomijoshua/.pyenv/versions/3.11.6/lib/python3.11/site-packages/airflow/example_dags/example_trigger_controller_dag.py
[2024-12-04T12:41:22.744+0100] {logging_mixin.py:190} INFO - [2024-12-04T12:41:22.744+0100] {override.py:1911} INFO - Created Permission View: can edit on DAG:example_trigger_controller_dag
[2024-12-04T12:41:22.747+0100] {logging_mixin.py:190} INFO - [2024-12-04T12:41:22.747+0100] {override.py:1911} INFO - Created Permission View: can delete on DAG:example_trigger_controller_dag
[2024-12-04T12:41:22.750+0100] {logging_mixin.py:190} INFO - [2024-12-04T12:41:22.749+0100] {override.py:1911} INFO - Created Permission View: can read on DAG:example_trigger_controller_dag
[2024-12-04T12:41:22.754+0100] {logging_mixin.py:190} INFO - [2024-12-04T12:41:22.754+0100] {override.py:1911} INFO - Created Permission View: can delete on DAG Run:example_trigger_controller_dag
[2024-12-04T12:41:22.755+0100] {logging_mixin.py:190} INFO - [2024-12-04T12:41:22.755+0100] {override.py:1911} INFO - Created Permission View: menu access on DAG Run:example_trigger_controller_dag
[2024-12-04T12:41:22.757+0100] {logging_mixin.py:190} INFO - [2024-12-04T12:41:22.757+0100] {override.py:1911} INFO - Created Permission View: can read on DAG Run:example_trigger_controller_dag
[2024-12-04T12:41:22.759+0100] {logging_mixin.py:190} INFO - [2024-12-04T12:41:22.759+0100] {override.py:1911} INFO - Created Permission View: can create on DAG Run:example_trigger_controller_dag
[2024-12-04T12:41:22.759+0100] {logging_mixin.py:190} INFO - [2024-12-04T12:41:22.759+0100] {dag.py:3239} INFO - Sync 1 DAGs
[2024-12-04T12:41:22.763+0100] {logging_mixin.py:190} INFO - [2024-12-04T12:41:22.763+0100] {dag.py:3262} INFO - Creating ORM DAG for example_trigger_controller_dag
[2024-12-04T12:41:22.766+0100] {logging_mixin.py:190} INFO - [2024-12-04T12:41:22.766+0100] {dag.py:4180} INFO - Setting next_dagrun for example_trigger_controller_dag to 2021-01-01 00:00:00+00:00, run_after=2021-01-01 00:00:00+00:00
[2024-12-04T12:41:22.773+0100] {processor.py:208} INFO - Processing /Users/sijibomijoshua/.pyenv/versions/3.11.6/lib/python3.11/site-packages/airflow/example_dags/example_trigger_controller_dag.py took 0.152 seconds
[2024-12-04T12:42:11.419+0100] {processor.py:186} INFO - Started process (PID=82878) to work on /Users/sijibomijoshua/.pyenv/versions/3.11.6/lib/python3.11/site-packages/airflow/example_dags/example_trigger_controller_dag.py
[2024-12-04T12:42:11.420+0100] {processor.py:914} INFO - Processing file /Users/sijibomijoshua/.pyenv/versions/3.11.6/lib/python3.11/site-packages/airflow/example_dags/example_trigger_controller_dag.py for tasks to queue
[2024-12-04T12:42:11.421+0100] {logging_mixin.py:190} INFO - [2024-12-04T12:42:11.421+0100] {dagbag.py:588} INFO - Filling up the DagBag from /Users/sijibomijoshua/.pyenv/versions/3.11.6/lib/python3.11/site-packages/airflow/example_dags/example_trigger_controller_dag.py
[2024-12-04T12:42:11.425+0100] {processor.py:925} INFO - DAG(s) 'example_trigger_controller_dag' retrieved from /Users/sijibomijoshua/.pyenv/versions/3.11.6/lib/python3.11/site-packages/airflow/example_dags/example_trigger_controller_dag.py
[2024-12-04T12:42:11.483+0100] {logging_mixin.py:190} INFO - [2024-12-04T12:42:11.458+0100] {dag.py:3239} INFO - Sync 1 DAGs
[2024-12-04T12:42:11.495+0100] {logging_mixin.py:190} INFO - [2024-12-04T12:42:11.495+0100] {dag.py:4180} INFO - Setting next_dagrun for example_trigger_controller_dag to 2021-01-01 00:00:00+00:00, run_after=2021-01-01 00:00:00+00:00
[2024-12-04T12:42:11.503+0100] {processor.py:208} INFO - Processing /Users/sijibomijoshua/.pyenv/versions/3.11.6/lib/python3.11/site-packages/airflow/example_dags/example_trigger_controller_dag.py took 0.085 seconds
[2024-12-04T12:43:51.315+0100] {processor.py:186} INFO - Started process (PID=84437) to work on /Users/sijibomijoshua/.pyenv/versions/3.11.6/lib/python3.11/site-packages/airflow/example_dags/example_trigger_controller_dag.py
[2024-12-04T12:43:51.316+0100] {processor.py:914} INFO - Processing file /Users/sijibomijoshua/.pyenv/versions/3.11.6/lib/python3.11/site-packages/airflow/example_dags/example_trigger_controller_dag.py for tasks to queue
[2024-12-04T12:43:51.317+0100] {logging_mixin.py:190} INFO - [2024-12-04T12:43:51.317+0100] {dagbag.py:588} INFO - Filling up the DagBag from /Users/sijibomijoshua/.pyenv/versions/3.11.6/lib/python3.11/site-packages/airflow/example_dags/example_trigger_controller_dag.py
[2024-12-04T12:43:51.325+0100] {processor.py:925} INFO - DAG(s) 'example_trigger_controller_dag' retrieved from /Users/sijibomijoshua/.pyenv/versions/3.11.6/lib/python3.11/site-packages/airflow/example_dags/example_trigger_controller_dag.py
[2024-12-04T12:43:51.383+0100] {logging_mixin.py:190} INFO - [2024-12-04T12:43:51.358+0100] {dag.py:3239} INFO - Sync 1 DAGs
[2024-12-04T12:43:51.389+0100] {logging_mixin.py:190} INFO - [2024-12-04T12:43:51.389+0100] {dag.py:4180} INFO - Setting next_dagrun for example_trigger_controller_dag to 2021-01-01 00:00:00+00:00, run_after=2021-01-01 00:00:00+00:00
[2024-12-04T12:43:51.440+0100] {processor.py:208} INFO - Processing /Users/sijibomijoshua/.pyenv/versions/3.11.6/lib/python3.11/site-packages/airflow/example_dags/example_trigger_controller_dag.py took 0.127 seconds
[2024-12-04T12:44:58.902+0100] {processor.py:186} INFO - Started process (PID=85505) to work on /Users/sijibomijoshua/.pyenv/versions/3.11.6/lib/python3.11/site-packages/airflow/example_dags/example_trigger_controller_dag.py
[2024-12-04T12:44:58.904+0100] {processor.py:914} INFO - Processing file /Users/sijibomijoshua/.pyenv/versions/3.11.6/lib/python3.11/site-packages/airflow/example_dags/example_trigger_controller_dag.py for tasks to queue
[2024-12-04T12:44:58.905+0100] {logging_mixin.py:190} INFO - [2024-12-04T12:44:58.905+0100] {dagbag.py:588} INFO - Filling up the DagBag from /Users/sijibomijoshua/.pyenv/versions/3.11.6/lib/python3.11/site-packages/airflow/example_dags/example_trigger_controller_dag.py
[2024-12-04T12:44:58.919+0100] {processor.py:925} INFO - DAG(s) 'example_trigger_controller_dag' retrieved from /Users/sijibomijoshua/.pyenv/versions/3.11.6/lib/python3.11/site-packages/airflow/example_dags/example_trigger_controller_dag.py
[2024-12-04T12:44:59.006+0100] {logging_mixin.py:190} INFO - [2024-12-04T12:44:58.979+0100] {dag.py:3239} INFO - Sync 1 DAGs
[2024-12-04T12:44:59.012+0100] {logging_mixin.py:190} INFO - [2024-12-04T12:44:59.012+0100] {dag.py:4180} INFO - Setting next_dagrun for example_trigger_controller_dag to 2021-01-01 00:00:00+00:00, run_after=2021-01-01 00:00:00+00:00
[2024-12-04T12:44:59.020+0100] {processor.py:208} INFO - Processing /Users/sijibomijoshua/.pyenv/versions/3.11.6/lib/python3.11/site-packages/airflow/example_dags/example_trigger_controller_dag.py took 0.119 seconds
[2024-12-04T12:46:06.127+0100] {processor.py:186} INFO - Started process (PID=86522) to work on /Users/sijibomijoshua/.pyenv/versions/3.11.6/lib/python3.11/site-packages/airflow/example_dags/example_trigger_controller_dag.py
[2024-12-04T12:46:06.127+0100] {processor.py:914} INFO - Processing file /Users/sijibomijoshua/.pyenv/versions/3.11.6/lib/python3.11/site-packages/airflow/example_dags/example_trigger_controller_dag.py for tasks to queue
[2024-12-04T12:46:06.129+0100] {logging_mixin.py:190} INFO - [2024-12-04T12:46:06.128+0100] {dagbag.py:588} INFO - Filling up the DagBag from /Users/sijibomijoshua/.pyenv/versions/3.11.6/lib/python3.11/site-packages/airflow/example_dags/example_trigger_controller_dag.py
[2024-12-04T12:46:06.133+0100] {processor.py:925} INFO - DAG(s) 'example_trigger_controller_dag' retrieved from /Users/sijibomijoshua/.pyenv/versions/3.11.6/lib/python3.11/site-packages/airflow/example_dags/example_trigger_controller_dag.py
[2024-12-04T12:46:06.191+0100] {logging_mixin.py:190} INFO - [2024-12-04T12:46:06.169+0100] {dag.py:3239} INFO - Sync 1 DAGs
[2024-12-04T12:46:06.197+0100] {logging_mixin.py:190} INFO - [2024-12-04T12:46:06.197+0100] {dag.py:4180} INFO - Setting next_dagrun for example_trigger_controller_dag to 2021-01-01 00:00:00+00:00, run_after=2021-01-01 00:00:00+00:00
[2024-12-04T12:46:06.204+0100] {processor.py:208} INFO - Processing /Users/sijibomijoshua/.pyenv/versions/3.11.6/lib/python3.11/site-packages/airflow/example_dags/example_trigger_controller_dag.py took 0.079 seconds
[2024-12-04T12:47:15.341+0100] {processor.py:186} INFO - Started process (PID=87605) to work on /Users/sijibomijoshua/.pyenv/versions/3.11.6/lib/python3.11/site-packages/airflow/example_dags/example_trigger_controller_dag.py
[2024-12-04T12:47:15.342+0100] {processor.py:914} INFO - Processing file /Users/sijibomijoshua/.pyenv/versions/3.11.6/lib/python3.11/site-packages/airflow/example_dags/example_trigger_controller_dag.py for tasks to queue
[2024-12-04T12:47:15.343+0100] {logging_mixin.py:190} INFO - [2024-12-04T12:47:15.343+0100] {dagbag.py:588} INFO - Filling up the DagBag from /Users/sijibomijoshua/.pyenv/versions/3.11.6/lib/python3.11/site-packages/airflow/example_dags/example_trigger_controller_dag.py
[2024-12-04T12:47:15.347+0100] {processor.py:925} INFO - DAG(s) 'example_trigger_controller_dag' retrieved from /Users/sijibomijoshua/.pyenv/versions/3.11.6/lib/python3.11/site-packages/airflow/example_dags/example_trigger_controller_dag.py
[2024-12-04T12:47:15.404+0100] {logging_mixin.py:190} INFO - [2024-12-04T12:47:15.380+0100] {dag.py:3239} INFO - Sync 1 DAGs
[2024-12-04T12:47:15.410+0100] {logging_mixin.py:190} INFO - [2024-12-04T12:47:15.410+0100] {dag.py:4180} INFO - Setting next_dagrun for example_trigger_controller_dag to 2021-01-01 00:00:00+00:00, run_after=2021-01-01 00:00:00+00:00
[2024-12-04T12:47:15.417+0100] {processor.py:208} INFO - Processing /Users/sijibomijoshua/.pyenv/versions/3.11.6/lib/python3.11/site-packages/airflow/example_dags/example_trigger_controller_dag.py took 0.078 seconds
[2024-12-04T12:48:24.136+0100] {processor.py:186} INFO - Started process (PID=88650) to work on /Users/sijibomijoshua/.pyenv/versions/3.11.6/lib/python3.11/site-packages/airflow/example_dags/example_trigger_controller_dag.py
[2024-12-04T12:48:24.137+0100] {processor.py:914} INFO - Processing file /Users/sijibomijoshua/.pyenv/versions/3.11.6/lib/python3.11/site-packages/airflow/example_dags/example_trigger_controller_dag.py for tasks to queue
[2024-12-04T12:48:24.138+0100] {logging_mixin.py:190} INFO - [2024-12-04T12:48:24.138+0100] {dagbag.py:588} INFO - Filling up the DagBag from /Users/sijibomijoshua/.pyenv/versions/3.11.6/lib/python3.11/site-packages/airflow/example_dags/example_trigger_controller_dag.py
[2024-12-04T12:48:24.142+0100] {processor.py:925} INFO - DAG(s) 'example_trigger_controller_dag' retrieved from /Users/sijibomijoshua/.pyenv/versions/3.11.6/lib/python3.11/site-packages/airflow/example_dags/example_trigger_controller_dag.py
[2024-12-04T12:48:24.199+0100] {logging_mixin.py:190} INFO - [2024-12-04T12:48:24.176+0100] {dag.py:3239} INFO - Sync 1 DAGs
[2024-12-04T12:48:24.205+0100] {logging_mixin.py:190} INFO - [2024-12-04T12:48:24.205+0100] {dag.py:4180} INFO - Setting next_dagrun for example_trigger_controller_dag to 2021-01-01 00:00:00+00:00, run_after=2021-01-01 00:00:00+00:00
[2024-12-04T12:48:24.211+0100] {processor.py:208} INFO - Processing /Users/sijibomijoshua/.pyenv/versions/3.11.6/lib/python3.11/site-packages/airflow/example_dags/example_trigger_controller_dag.py took 0.077 seconds
[2024-12-04T13:23:35.269+0100] {processor.py:186} INFO - Started process (PID=17892) to work on /Users/sijibomijoshua/.pyenv/versions/3.11.6/lib/python3.11/site-packages/airflow/example_dags/example_trigger_controller_dag.py
[2024-12-04T13:23:35.269+0100] {processor.py:914} INFO - Processing file /Users/sijibomijoshua/.pyenv/versions/3.11.6/lib/python3.11/site-packages/airflow/example_dags/example_trigger_controller_dag.py for tasks to queue
[2024-12-04T13:23:35.270+0100] {logging_mixin.py:190} INFO - [2024-12-04T13:23:35.270+0100] {dagbag.py:588} INFO - Filling up the DagBag from /Users/sijibomijoshua/.pyenv/versions/3.11.6/lib/python3.11/site-packages/airflow/example_dags/example_trigger_controller_dag.py
[2024-12-04T13:23:35.275+0100] {processor.py:925} INFO - DAG(s) 'example_trigger_controller_dag' retrieved from /Users/sijibomijoshua/.pyenv/versions/3.11.6/lib/python3.11/site-packages/airflow/example_dags/example_trigger_controller_dag.py
[2024-12-04T13:23:35.331+0100] {logging_mixin.py:190} INFO - [2024-12-04T13:23:35.308+0100] {dag.py:3239} INFO - Sync 1 DAGs
[2024-12-04T13:23:35.337+0100] {logging_mixin.py:190} INFO - [2024-12-04T13:23:35.336+0100] {dag.py:4180} INFO - Setting next_dagrun for example_trigger_controller_dag to 2021-01-01 00:00:00+00:00, run_after=2021-01-01 00:00:00+00:00
[2024-12-04T13:23:35.343+0100] {processor.py:208} INFO - Processing /Users/sijibomijoshua/.pyenv/versions/3.11.6/lib/python3.11/site-packages/airflow/example_dags/example_trigger_controller_dag.py took 0.076 seconds
[2024-12-04T13:25:16.009+0100] {processor.py:186} INFO - Started process (PID=19698) to work on /Users/sijibomijoshua/.pyenv/versions/3.11.6/lib/python3.11/site-packages/airflow/example_dags/example_trigger_controller_dag.py
[2024-12-04T13:25:16.009+0100] {processor.py:914} INFO - Processing file /Users/sijibomijoshua/.pyenv/versions/3.11.6/lib/python3.11/site-packages/airflow/example_dags/example_trigger_controller_dag.py for tasks to queue
[2024-12-04T13:25:16.010+0100] {logging_mixin.py:190} INFO - [2024-12-04T13:25:16.010+0100] {dagbag.py:588} INFO - Filling up the DagBag from /Users/sijibomijoshua/.pyenv/versions/3.11.6/lib/python3.11/site-packages/airflow/example_dags/example_trigger_controller_dag.py
[2024-12-04T13:25:16.015+0100] {processor.py:925} INFO - DAG(s) 'example_trigger_controller_dag' retrieved from /Users/sijibomijoshua/.pyenv/versions/3.11.6/lib/python3.11/site-packages/airflow/example_dags/example_trigger_controller_dag.py
[2024-12-04T13:25:16.069+0100] {logging_mixin.py:190} INFO - [2024-12-04T13:25:16.047+0100] {dag.py:3239} INFO - Sync 1 DAGs
[2024-12-04T13:25:16.075+0100] {logging_mixin.py:190} INFO - [2024-12-04T13:25:16.075+0100] {dag.py:4180} INFO - Setting next_dagrun for example_trigger_controller_dag to 2021-01-01 00:00:00+00:00, run_after=2021-01-01 00:00:00+00:00
[2024-12-04T13:25:16.081+0100] {processor.py:208} INFO - Processing /Users/sijibomijoshua/.pyenv/versions/3.11.6/lib/python3.11/site-packages/airflow/example_dags/example_trigger_controller_dag.py took 0.073 seconds
[2024-12-04T13:37:10.812+0100] {processor.py:186} INFO - Started process (PID=34629) to work on /Users/sijibomijoshua/airflow/airflow_env/lib/python3.11/site-packages/airflow/example_dags/example_trigger_controller_dag.py
[2024-12-04T13:37:10.812+0100] {processor.py:914} INFO - Processing file /Users/sijibomijoshua/airflow/airflow_env/lib/python3.11/site-packages/airflow/example_dags/example_trigger_controller_dag.py for tasks to queue
[2024-12-04T13:37:10.814+0100] {logging_mixin.py:190} INFO - [2024-12-04T13:37:10.813+0100] {dagbag.py:588} INFO - Filling up the DagBag from /Users/sijibomijoshua/airflow/airflow_env/lib/python3.11/site-packages/airflow/example_dags/example_trigger_controller_dag.py
[2024-12-04T13:37:10.818+0100] {processor.py:925} INFO - DAG(s) 'example_trigger_controller_dag' retrieved from /Users/sijibomijoshua/airflow/airflow_env/lib/python3.11/site-packages/airflow/example_dags/example_trigger_controller_dag.py
[2024-12-04T13:37:10.925+0100] {logging_mixin.py:190} INFO - [2024-12-04T13:37:10.925+0100] {dag.py:3239} INFO - Sync 1 DAGs
[2024-12-04T13:37:10.931+0100] {logging_mixin.py:190} INFO - [2024-12-04T13:37:10.931+0100] {dag.py:4180} INFO - Setting next_dagrun for example_trigger_controller_dag to 2021-01-01 00:00:00+00:00, run_after=2021-01-01 00:00:00+00:00
[2024-12-04T13:37:10.940+0100] {processor.py:208} INFO - Processing /Users/sijibomijoshua/airflow/airflow_env/lib/python3.11/site-packages/airflow/example_dags/example_trigger_controller_dag.py took 0.130 seconds
[2024-12-04T13:38:49.531+0100] {processor.py:186} INFO - Started process (PID=36906) to work on /Users/sijibomijoshua/airflow/airflow_env/lib/python3.11/site-packages/airflow/example_dags/example_trigger_controller_dag.py
[2024-12-04T13:38:49.532+0100] {processor.py:914} INFO - Processing file /Users/sijibomijoshua/airflow/airflow_env/lib/python3.11/site-packages/airflow/example_dags/example_trigger_controller_dag.py for tasks to queue
[2024-12-04T13:38:49.533+0100] {logging_mixin.py:190} INFO - [2024-12-04T13:38:49.533+0100] {dagbag.py:588} INFO - Filling up the DagBag from /Users/sijibomijoshua/airflow/airflow_env/lib/python3.11/site-packages/airflow/example_dags/example_trigger_controller_dag.py
[2024-12-04T13:38:49.538+0100] {processor.py:925} INFO - DAG(s) 'example_trigger_controller_dag' retrieved from /Users/sijibomijoshua/airflow/airflow_env/lib/python3.11/site-packages/airflow/example_dags/example_trigger_controller_dag.py
[2024-12-04T13:38:49.763+0100] {logging_mixin.py:190} INFO - [2024-12-04T13:38:49.570+0100] {dag.py:3239} INFO - Sync 1 DAGs
[2024-12-04T13:38:49.774+0100] {logging_mixin.py:190} INFO - [2024-12-04T13:38:49.773+0100] {dag.py:4180} INFO - Setting next_dagrun for example_trigger_controller_dag to 2021-01-01 00:00:00+00:00, run_after=2021-01-01 00:00:00+00:00
[2024-12-04T13:38:49.781+0100] {processor.py:208} INFO - Processing /Users/sijibomijoshua/airflow/airflow_env/lib/python3.11/site-packages/airflow/example_dags/example_trigger_controller_dag.py took 0.251 seconds
[2024-12-04T13:40:02.421+0100] {processor.py:186} INFO - Started process (PID=38536) to work on /Users/sijibomijoshua/airflow/airflow_env/lib/python3.11/site-packages/airflow/example_dags/example_trigger_controller_dag.py
[2024-12-04T13:40:02.422+0100] {processor.py:914} INFO - Processing file /Users/sijibomijoshua/airflow/airflow_env/lib/python3.11/site-packages/airflow/example_dags/example_trigger_controller_dag.py for tasks to queue
[2024-12-04T13:40:02.423+0100] {logging_mixin.py:190} INFO - [2024-12-04T13:40:02.423+0100] {dagbag.py:588} INFO - Filling up the DagBag from /Users/sijibomijoshua/airflow/airflow_env/lib/python3.11/site-packages/airflow/example_dags/example_trigger_controller_dag.py
[2024-12-04T13:40:02.427+0100] {processor.py:925} INFO - DAG(s) 'example_trigger_controller_dag' retrieved from /Users/sijibomijoshua/airflow/airflow_env/lib/python3.11/site-packages/airflow/example_dags/example_trigger_controller_dag.py
[2024-12-04T13:40:02.484+0100] {logging_mixin.py:190} INFO - [2024-12-04T13:40:02.460+0100] {dag.py:3239} INFO - Sync 1 DAGs
[2024-12-04T13:40:02.490+0100] {logging_mixin.py:190} INFO - [2024-12-04T13:40:02.490+0100] {dag.py:4180} INFO - Setting next_dagrun for example_trigger_controller_dag to 2021-01-01 00:00:00+00:00, run_after=2021-01-01 00:00:00+00:00
[2024-12-04T13:40:02.498+0100] {processor.py:208} INFO - Processing /Users/sijibomijoshua/airflow/airflow_env/lib/python3.11/site-packages/airflow/example_dags/example_trigger_controller_dag.py took 0.078 seconds
[2024-12-04T13:41:09.660+0100] {processor.py:186} INFO - Started process (PID=40017) to work on /Users/sijibomijoshua/airflow/airflow_env/lib/python3.11/site-packages/airflow/example_dags/example_trigger_controller_dag.py
[2024-12-04T13:41:09.661+0100] {processor.py:914} INFO - Processing file /Users/sijibomijoshua/airflow/airflow_env/lib/python3.11/site-packages/airflow/example_dags/example_trigger_controller_dag.py for tasks to queue
[2024-12-04T13:41:09.662+0100] {logging_mixin.py:190} INFO - [2024-12-04T13:41:09.662+0100] {dagbag.py:588} INFO - Filling up the DagBag from /Users/sijibomijoshua/airflow/airflow_env/lib/python3.11/site-packages/airflow/example_dags/example_trigger_controller_dag.py
[2024-12-04T13:41:09.666+0100] {processor.py:925} INFO - DAG(s) 'example_trigger_controller_dag' retrieved from /Users/sijibomijoshua/airflow/airflow_env/lib/python3.11/site-packages/airflow/example_dags/example_trigger_controller_dag.py
[2024-12-04T13:41:09.724+0100] {logging_mixin.py:190} INFO - [2024-12-04T13:41:09.701+0100] {dag.py:3239} INFO - Sync 1 DAGs
[2024-12-04T13:41:09.730+0100] {logging_mixin.py:190} INFO - [2024-12-04T13:41:09.730+0100] {dag.py:4180} INFO - Setting next_dagrun for example_trigger_controller_dag to 2021-01-01 00:00:00+00:00, run_after=2021-01-01 00:00:00+00:00
[2024-12-04T13:41:09.737+0100] {processor.py:208} INFO - Processing /Users/sijibomijoshua/airflow/airflow_env/lib/python3.11/site-packages/airflow/example_dags/example_trigger_controller_dag.py took 0.089 seconds
[2024-12-04T13:42:14.954+0100] {processor.py:186} INFO - Started process (PID=41470) to work on /Users/sijibomijoshua/airflow/airflow_env/lib/python3.11/site-packages/airflow/example_dags/example_trigger_controller_dag.py
[2024-12-04T13:42:14.954+0100] {processor.py:914} INFO - Processing file /Users/sijibomijoshua/airflow/airflow_env/lib/python3.11/site-packages/airflow/example_dags/example_trigger_controller_dag.py for tasks to queue
[2024-12-04T13:42:14.956+0100] {logging_mixin.py:190} INFO - [2024-12-04T13:42:14.956+0100] {dagbag.py:588} INFO - Filling up the DagBag from /Users/sijibomijoshua/airflow/airflow_env/lib/python3.11/site-packages/airflow/example_dags/example_trigger_controller_dag.py
[2024-12-04T13:42:14.960+0100] {processor.py:925} INFO - DAG(s) 'example_trigger_controller_dag' retrieved from /Users/sijibomijoshua/airflow/airflow_env/lib/python3.11/site-packages/airflow/example_dags/example_trigger_controller_dag.py
[2024-12-04T13:42:15.018+0100] {logging_mixin.py:190} INFO - [2024-12-04T13:42:14.994+0100] {dag.py:3239} INFO - Sync 1 DAGs
[2024-12-04T13:42:15.025+0100] {logging_mixin.py:190} INFO - [2024-12-04T13:42:15.025+0100] {dag.py:4180} INFO - Setting next_dagrun for example_trigger_controller_dag to 2021-01-01 00:00:00+00:00, run_after=2021-01-01 00:00:00+00:00
[2024-12-04T13:42:15.033+0100] {processor.py:208} INFO - Processing /Users/sijibomijoshua/airflow/airflow_env/lib/python3.11/site-packages/airflow/example_dags/example_trigger_controller_dag.py took 0.081 seconds
[2024-12-04T13:43:21.677+0100] {processor.py:186} INFO - Started process (PID=42922) to work on /Users/sijibomijoshua/airflow/airflow_env/lib/python3.11/site-packages/airflow/example_dags/example_trigger_controller_dag.py
[2024-12-04T13:43:21.679+0100] {processor.py:914} INFO - Processing file /Users/sijibomijoshua/airflow/airflow_env/lib/python3.11/site-packages/airflow/example_dags/example_trigger_controller_dag.py for tasks to queue
[2024-12-04T13:43:21.683+0100] {logging_mixin.py:190} INFO - [2024-12-04T13:43:21.683+0100] {dagbag.py:588} INFO - Filling up the DagBag from /Users/sijibomijoshua/airflow/airflow_env/lib/python3.11/site-packages/airflow/example_dags/example_trigger_controller_dag.py
[2024-12-04T13:43:21.690+0100] {processor.py:925} INFO - DAG(s) 'example_trigger_controller_dag' retrieved from /Users/sijibomijoshua/airflow/airflow_env/lib/python3.11/site-packages/airflow/example_dags/example_trigger_controller_dag.py
[2024-12-04T13:43:21.772+0100] {logging_mixin.py:190} INFO - [2024-12-04T13:43:21.730+0100] {dag.py:3239} INFO - Sync 1 DAGs
[2024-12-04T13:43:21.778+0100] {logging_mixin.py:190} INFO - [2024-12-04T13:43:21.778+0100] {dag.py:4180} INFO - Setting next_dagrun for example_trigger_controller_dag to 2021-01-01 00:00:00+00:00, run_after=2021-01-01 00:00:00+00:00
[2024-12-04T13:43:21.784+0100] {processor.py:208} INFO - Processing /Users/sijibomijoshua/airflow/airflow_env/lib/python3.11/site-packages/airflow/example_dags/example_trigger_controller_dag.py took 0.110 seconds
[2024-12-04T14:01:29.655+0100] {processor.py:186} INFO - Started process (PID=55312) to work on /Users/sijibomijoshua/airflow/airflow_env/lib/python3.11/site-packages/airflow/example_dags/example_trigger_controller_dag.py
[2024-12-04T14:01:29.656+0100] {processor.py:914} INFO - Processing file /Users/sijibomijoshua/airflow/airflow_env/lib/python3.11/site-packages/airflow/example_dags/example_trigger_controller_dag.py for tasks to queue
[2024-12-04T14:01:29.657+0100] {logging_mixin.py:190} INFO - [2024-12-04T14:01:29.657+0100] {dagbag.py:588} INFO - Filling up the DagBag from /Users/sijibomijoshua/airflow/airflow_env/lib/python3.11/site-packages/airflow/example_dags/example_trigger_controller_dag.py
[2024-12-04T14:01:29.661+0100] {processor.py:925} INFO - DAG(s) 'example_trigger_controller_dag' retrieved from /Users/sijibomijoshua/airflow/airflow_env/lib/python3.11/site-packages/airflow/example_dags/example_trigger_controller_dag.py
[2024-12-04T14:01:29.720+0100] {logging_mixin.py:190} INFO - [2024-12-04T14:01:29.695+0100] {dag.py:3239} INFO - Sync 1 DAGs
[2024-12-04T14:01:29.727+0100] {logging_mixin.py:190} INFO - [2024-12-04T14:01:29.727+0100] {dag.py:4180} INFO - Setting next_dagrun for example_trigger_controller_dag to 2021-01-01 00:00:00+00:00, run_after=2021-01-01 00:00:00+00:00
[2024-12-04T14:01:29.733+0100] {processor.py:208} INFO - Processing /Users/sijibomijoshua/airflow/airflow_env/lib/python3.11/site-packages/airflow/example_dags/example_trigger_controller_dag.py took 0.079 seconds
