[2024-12-04T12:42:52.995+0100] {processor.py:186} INFO - Started process (PID=83552) to work on /Users/sijibomijoshua/.pyenv/versions/3.11.6/lib/python3.11/site-packages/airflow/example_dags/example_inlet_event_extra.py
[2024-12-04T12:42:52.995+0100] {processor.py:914} INFO - Processing file /Users/sijibomijoshua/.pyenv/versions/3.11.6/lib/python3.11/site-packages/airflow/example_dags/example_inlet_event_extra.py for tasks to queue
[2024-12-04T12:42:52.996+0100] {logging_mixin.py:190} INFO - [2024-12-04T12:42:52.996+0100] {dagbag.py:588} INFO - Filling up the DagBag from /Users/sijibomijoshua/.pyenv/versions/3.11.6/lib/python3.11/site-packages/airflow/example_dags/example_inlet_event_extra.py
[2024-12-04T12:42:53.027+0100] {processor.py:925} INFO - DAG(s) 'read_dataset_event', 'read_dataset_event_from_classic' retrieved from /Users/sijibomijoshua/.pyenv/versions/3.11.6/lib/python3.11/site-packages/airflow/example_dags/example_inlet_event_extra.py
[2024-12-04T12:42:53.145+0100] {logging_mixin.py:190} INFO - [2024-12-04T12:42:53.145+0100] {override.py:1911} INFO - Created Permission View: can edit on DAG:read_dataset_event
[2024-12-04T12:42:53.149+0100] {logging_mixin.py:190} INFO - [2024-12-04T12:42:53.148+0100] {override.py:1911} INFO - Created Permission View: can delete on DAG:read_dataset_event
[2024-12-04T12:42:53.151+0100] {logging_mixin.py:190} INFO - [2024-12-04T12:42:53.151+0100] {override.py:1911} INFO - Created Permission View: can read on DAG:read_dataset_event
[2024-12-04T12:42:53.153+0100] {logging_mixin.py:190} INFO - [2024-12-04T12:42:53.153+0100] {override.py:1911} INFO - Created Permission View: menu access on DAG Run:read_dataset_event
[2024-12-04T12:42:53.156+0100] {logging_mixin.py:190} INFO - [2024-12-04T12:42:53.156+0100] {override.py:1911} INFO - Created Permission View: can create on DAG Run:read_dataset_event
[2024-12-04T12:42:53.158+0100] {logging_mixin.py:190} INFO - [2024-12-04T12:42:53.158+0100] {override.py:1911} INFO - Created Permission View: can delete on DAG Run:read_dataset_event
[2024-12-04T12:42:53.160+0100] {logging_mixin.py:190} INFO - [2024-12-04T12:42:53.160+0100] {override.py:1911} INFO - Created Permission View: can read on DAG Run:read_dataset_event
[2024-12-04T12:42:53.166+0100] {logging_mixin.py:190} INFO - [2024-12-04T12:42:53.165+0100] {override.py:1911} INFO - Created Permission View: can edit on DAG:read_dataset_event_from_classic
[2024-12-04T12:42:53.168+0100] {logging_mixin.py:190} INFO - [2024-12-04T12:42:53.168+0100] {override.py:1911} INFO - Created Permission View: can delete on DAG:read_dataset_event_from_classic
[2024-12-04T12:42:53.170+0100] {logging_mixin.py:190} INFO - [2024-12-04T12:42:53.170+0100] {override.py:1911} INFO - Created Permission View: can read on DAG:read_dataset_event_from_classic
[2024-12-04T12:42:53.172+0100] {logging_mixin.py:190} INFO - [2024-12-04T12:42:53.172+0100] {override.py:1911} INFO - Created Permission View: menu access on DAG Run:read_dataset_event_from_classic
[2024-12-04T12:42:53.174+0100] {logging_mixin.py:190} INFO - [2024-12-04T12:42:53.174+0100] {override.py:1911} INFO - Created Permission View: can create on DAG Run:read_dataset_event_from_classic
[2024-12-04T12:42:53.176+0100] {logging_mixin.py:190} INFO - [2024-12-04T12:42:53.175+0100] {override.py:1911} INFO - Created Permission View: can delete on DAG Run:read_dataset_event_from_classic
[2024-12-04T12:42:53.177+0100] {logging_mixin.py:190} INFO - [2024-12-04T12:42:53.177+0100] {override.py:1911} INFO - Created Permission View: can read on DAG Run:read_dataset_event_from_classic
[2024-12-04T12:42:53.178+0100] {logging_mixin.py:190} INFO - [2024-12-04T12:42:53.178+0100] {dag.py:3239} INFO - Sync 2 DAGs
[2024-12-04T12:42:53.182+0100] {logging_mixin.py:190} INFO - [2024-12-04T12:42:53.181+0100] {dag.py:3262} INFO - Creating ORM DAG for read_dataset_event_from_classic
[2024-12-04T12:42:53.182+0100] {logging_mixin.py:190} INFO - [2024-12-04T12:42:53.182+0100] {dag.py:3262} INFO - Creating ORM DAG for read_dataset_event
[2024-12-04T12:42:53.185+0100] {logging_mixin.py:190} INFO - [2024-12-04T12:42:53.185+0100] {dag.py:4180} INFO - Setting next_dagrun for read_dataset_event to 2024-12-03 00:00:00+00:00, run_after=2024-12-04 00:00:00+00:00
[2024-12-04T12:42:53.185+0100] {logging_mixin.py:190} INFO - [2024-12-04T12:42:53.185+0100] {dag.py:4180} INFO - Setting next_dagrun for read_dataset_event_from_classic to 2024-12-03 00:00:00+00:00, run_after=2024-12-04 00:00:00+00:00
[2024-12-04T12:42:53.192+0100] {processor.py:208} INFO - Processing /Users/sijibomijoshua/.pyenv/versions/3.11.6/lib/python3.11/site-packages/airflow/example_dags/example_inlet_event_extra.py took 0.198 seconds
[2024-12-04T12:44:31.411+0100] {processor.py:186} INFO - Started process (PID=85076) to work on /Users/sijibomijoshua/.pyenv/versions/3.11.6/lib/python3.11/site-packages/airflow/example_dags/example_inlet_event_extra.py
[2024-12-04T12:44:31.412+0100] {processor.py:914} INFO - Processing file /Users/sijibomijoshua/.pyenv/versions/3.11.6/lib/python3.11/site-packages/airflow/example_dags/example_inlet_event_extra.py for tasks to queue
[2024-12-04T12:44:31.413+0100] {logging_mixin.py:190} INFO - [2024-12-04T12:44:31.413+0100] {dagbag.py:588} INFO - Filling up the DagBag from /Users/sijibomijoshua/.pyenv/versions/3.11.6/lib/python3.11/site-packages/airflow/example_dags/example_inlet_event_extra.py
[2024-12-04T12:44:31.441+0100] {processor.py:925} INFO - DAG(s) 'read_dataset_event_from_classic', 'read_dataset_event' retrieved from /Users/sijibomijoshua/.pyenv/versions/3.11.6/lib/python3.11/site-packages/airflow/example_dags/example_inlet_event_extra.py
[2024-12-04T12:44:31.498+0100] {logging_mixin.py:190} INFO - [2024-12-04T12:44:31.498+0100] {dag.py:3239} INFO - Sync 2 DAGs
[2024-12-04T12:44:31.505+0100] {logging_mixin.py:190} INFO - [2024-12-04T12:44:31.505+0100] {dag.py:4180} INFO - Setting next_dagrun for read_dataset_event to 2024-12-03 00:00:00+00:00, run_after=2024-12-04 00:00:00+00:00
[2024-12-04T12:44:31.507+0100] {logging_mixin.py:190} INFO - [2024-12-04T12:44:31.507+0100] {dag.py:4180} INFO - Setting next_dagrun for read_dataset_event_from_classic to 2024-12-03 00:00:00+00:00, run_after=2024-12-04 00:00:00+00:00
[2024-12-04T12:44:31.512+0100] {processor.py:208} INFO - Processing /Users/sijibomijoshua/.pyenv/versions/3.11.6/lib/python3.11/site-packages/airflow/example_dags/example_inlet_event_extra.py took 0.103 seconds
[2024-12-04T12:46:48.178+0100] {processor.py:186} INFO - Started process (PID=87170) to work on /Users/sijibomijoshua/.pyenv/versions/3.11.6/lib/python3.11/site-packages/airflow/example_dags/example_inlet_event_extra.py
[2024-12-04T12:46:48.179+0100] {processor.py:914} INFO - Processing file /Users/sijibomijoshua/.pyenv/versions/3.11.6/lib/python3.11/site-packages/airflow/example_dags/example_inlet_event_extra.py for tasks to queue
[2024-12-04T12:46:48.180+0100] {logging_mixin.py:190} INFO - [2024-12-04T12:46:48.180+0100] {dagbag.py:588} INFO - Filling up the DagBag from /Users/sijibomijoshua/.pyenv/versions/3.11.6/lib/python3.11/site-packages/airflow/example_dags/example_inlet_event_extra.py
[2024-12-04T12:46:48.225+0100] {processor.py:925} INFO - DAG(s) 'read_dataset_event', 'read_dataset_event_from_classic' retrieved from /Users/sijibomijoshua/.pyenv/versions/3.11.6/lib/python3.11/site-packages/airflow/example_dags/example_inlet_event_extra.py
[2024-12-04T12:46:48.282+0100] {logging_mixin.py:190} INFO - [2024-12-04T12:46:48.281+0100] {dag.py:3239} INFO - Sync 2 DAGs
[2024-12-04T12:46:48.290+0100] {logging_mixin.py:190} INFO - [2024-12-04T12:46:48.289+0100] {dag.py:4180} INFO - Setting next_dagrun for read_dataset_event to 2024-12-03 00:00:00+00:00, run_after=2024-12-04 00:00:00+00:00
[2024-12-04T12:46:48.291+0100] {logging_mixin.py:190} INFO - [2024-12-04T12:46:48.291+0100] {dag.py:4180} INFO - Setting next_dagrun for read_dataset_event_from_classic to 2024-12-03 00:00:00+00:00, run_after=2024-12-04 00:00:00+00:00
[2024-12-04T12:46:48.297+0100] {processor.py:208} INFO - Processing /Users/sijibomijoshua/.pyenv/versions/3.11.6/lib/python3.11/site-packages/airflow/example_dags/example_inlet_event_extra.py took 0.121 seconds
[2024-12-04T13:25:56.924+0100] {processor.py:186} INFO - Started process (PID=20477) to work on /Users/sijibomijoshua/.pyenv/versions/3.11.6/lib/python3.11/site-packages/airflow/example_dags/example_inlet_event_extra.py
[2024-12-04T13:25:56.925+0100] {processor.py:914} INFO - Processing file /Users/sijibomijoshua/.pyenv/versions/3.11.6/lib/python3.11/site-packages/airflow/example_dags/example_inlet_event_extra.py for tasks to queue
[2024-12-04T13:25:56.926+0100] {logging_mixin.py:190} INFO - [2024-12-04T13:25:56.926+0100] {dagbag.py:588} INFO - Filling up the DagBag from /Users/sijibomijoshua/.pyenv/versions/3.11.6/lib/python3.11/site-packages/airflow/example_dags/example_inlet_event_extra.py
[2024-12-04T13:25:56.955+0100] {processor.py:925} INFO - DAG(s) 'read_dataset_event', 'read_dataset_event_from_classic' retrieved from /Users/sijibomijoshua/.pyenv/versions/3.11.6/lib/python3.11/site-packages/airflow/example_dags/example_inlet_event_extra.py
[2024-12-04T13:25:57.012+0100] {logging_mixin.py:190} INFO - [2024-12-04T13:25:57.012+0100] {dag.py:3239} INFO - Sync 2 DAGs
[2024-12-04T13:25:57.019+0100] {logging_mixin.py:190} INFO - [2024-12-04T13:25:57.019+0100] {dag.py:4180} INFO - Setting next_dagrun for read_dataset_event to 2024-12-03 00:00:00+00:00, run_after=2024-12-04 00:00:00+00:00
[2024-12-04T13:25:57.021+0100] {logging_mixin.py:190} INFO - [2024-12-04T13:25:57.021+0100] {dag.py:4180} INFO - Setting next_dagrun for read_dataset_event_from_classic to 2024-12-03 00:00:00+00:00, run_after=2024-12-04 00:00:00+00:00
[2024-12-04T13:25:57.027+0100] {processor.py:208} INFO - Processing /Users/sijibomijoshua/.pyenv/versions/3.11.6/lib/python3.11/site-packages/airflow/example_dags/example_inlet_event_extra.py took 0.104 seconds
[2024-12-04T13:37:50.729+0100] {processor.py:186} INFO - Started process (PID=35550) to work on /Users/sijibomijoshua/airflow/airflow_env/lib/python3.11/site-packages/airflow/example_dags/example_inlet_event_extra.py
[2024-12-04T13:37:50.730+0100] {processor.py:914} INFO - Processing file /Users/sijibomijoshua/airflow/airflow_env/lib/python3.11/site-packages/airflow/example_dags/example_inlet_event_extra.py for tasks to queue
[2024-12-04T13:37:50.731+0100] {logging_mixin.py:190} INFO - [2024-12-04T13:37:50.731+0100] {dagbag.py:588} INFO - Filling up the DagBag from /Users/sijibomijoshua/airflow/airflow_env/lib/python3.11/site-packages/airflow/example_dags/example_inlet_event_extra.py
[2024-12-04T13:37:50.767+0100] {processor.py:925} INFO - DAG(s) 'read_dataset_event_from_classic', 'read_dataset_event' retrieved from /Users/sijibomijoshua/airflow/airflow_env/lib/python3.11/site-packages/airflow/example_dags/example_inlet_event_extra.py
[2024-12-04T13:37:50.860+0100] {logging_mixin.py:190} INFO - [2024-12-04T13:37:50.860+0100] {dag.py:3239} INFO - Sync 2 DAGs
[2024-12-04T13:37:50.866+0100] {logging_mixin.py:190} INFO - [2024-12-04T13:37:50.866+0100] {dag.py:4180} INFO - Setting next_dagrun for read_dataset_event to 2024-12-03 00:00:00+00:00, run_after=2024-12-04 00:00:00+00:00
[2024-12-04T13:37:50.868+0100] {logging_mixin.py:190} INFO - [2024-12-04T13:37:50.868+0100] {dag.py:4180} INFO - Setting next_dagrun for read_dataset_event_from_classic to 2024-12-03 00:00:00+00:00, run_after=2024-12-04 00:00:00+00:00
[2024-12-04T13:37:50.875+0100] {processor.py:208} INFO - Processing /Users/sijibomijoshua/airflow/airflow_env/lib/python3.11/site-packages/airflow/example_dags/example_inlet_event_extra.py took 0.148 seconds
[2024-12-04T13:39:32.487+0100] {processor.py:186} INFO - Started process (PID=37885) to work on /Users/sijibomijoshua/airflow/airflow_env/lib/python3.11/site-packages/airflow/example_dags/example_inlet_event_extra.py
[2024-12-04T13:39:32.487+0100] {processor.py:914} INFO - Processing file /Users/sijibomijoshua/airflow/airflow_env/lib/python3.11/site-packages/airflow/example_dags/example_inlet_event_extra.py for tasks to queue
[2024-12-04T13:39:32.488+0100] {logging_mixin.py:190} INFO - [2024-12-04T13:39:32.488+0100] {dagbag.py:588} INFO - Filling up the DagBag from /Users/sijibomijoshua/airflow/airflow_env/lib/python3.11/site-packages/airflow/example_dags/example_inlet_event_extra.py
[2024-12-04T13:39:32.521+0100] {processor.py:925} INFO - DAG(s) 'read_dataset_event', 'read_dataset_event_from_classic' retrieved from /Users/sijibomijoshua/airflow/airflow_env/lib/python3.11/site-packages/airflow/example_dags/example_inlet_event_extra.py
[2024-12-04T13:39:32.582+0100] {logging_mixin.py:190} INFO - [2024-12-04T13:39:32.582+0100] {dag.py:3239} INFO - Sync 2 DAGs
[2024-12-04T13:39:32.589+0100] {logging_mixin.py:190} INFO - [2024-12-04T13:39:32.589+0100] {dag.py:4180} INFO - Setting next_dagrun for read_dataset_event to 2024-12-03 00:00:00+00:00, run_after=2024-12-04 00:00:00+00:00
[2024-12-04T13:39:32.591+0100] {logging_mixin.py:190} INFO - [2024-12-04T13:39:32.591+0100] {dag.py:4180} INFO - Setting next_dagrun for read_dataset_event_from_classic to 2024-12-03 00:00:00+00:00, run_after=2024-12-04 00:00:00+00:00
[2024-12-04T13:39:32.596+0100] {processor.py:208} INFO - Processing /Users/sijibomijoshua/airflow/airflow_env/lib/python3.11/site-packages/airflow/example_dags/example_inlet_event_extra.py took 0.111 seconds
[2024-12-04T13:41:45.610+0100] {processor.py:186} INFO - Started process (PID=40812) to work on /Users/sijibomijoshua/airflow/airflow_env/lib/python3.11/site-packages/airflow/example_dags/example_inlet_event_extra.py
[2024-12-04T13:41:45.613+0100] {processor.py:914} INFO - Processing file /Users/sijibomijoshua/airflow/airflow_env/lib/python3.11/site-packages/airflow/example_dags/example_inlet_event_extra.py for tasks to queue
[2024-12-04T13:41:45.614+0100] {logging_mixin.py:190} INFO - [2024-12-04T13:41:45.614+0100] {dagbag.py:588} INFO - Filling up the DagBag from /Users/sijibomijoshua/airflow/airflow_env/lib/python3.11/site-packages/airflow/example_dags/example_inlet_event_extra.py
[2024-12-04T13:41:45.650+0100] {processor.py:925} INFO - DAG(s) 'read_dataset_event_from_classic', 'read_dataset_event' retrieved from /Users/sijibomijoshua/airflow/airflow_env/lib/python3.11/site-packages/airflow/example_dags/example_inlet_event_extra.py
[2024-12-04T13:41:45.708+0100] {logging_mixin.py:190} INFO - [2024-12-04T13:41:45.708+0100] {dag.py:3239} INFO - Sync 2 DAGs
[2024-12-04T13:41:45.715+0100] {logging_mixin.py:190} INFO - [2024-12-04T13:41:45.715+0100] {dag.py:4180} INFO - Setting next_dagrun for read_dataset_event to 2024-12-03 00:00:00+00:00, run_after=2024-12-04 00:00:00+00:00
[2024-12-04T13:41:45.717+0100] {logging_mixin.py:190} INFO - [2024-12-04T13:41:45.717+0100] {dag.py:4180} INFO - Setting next_dagrun for read_dataset_event_from_classic to 2024-12-03 00:00:00+00:00, run_after=2024-12-04 00:00:00+00:00
[2024-12-04T13:41:45.722+0100] {processor.py:208} INFO - Processing /Users/sijibomijoshua/airflow/airflow_env/lib/python3.11/site-packages/airflow/example_dags/example_inlet_event_extra.py took 0.120 seconds
[2024-12-04T13:44:03.318+0100] {processor.py:186} INFO - Started process (PID=43845) to work on /Users/sijibomijoshua/airflow/airflow_env/lib/python3.11/site-packages/airflow/example_dags/example_inlet_event_extra.py
[2024-12-04T13:44:03.318+0100] {processor.py:914} INFO - Processing file /Users/sijibomijoshua/airflow/airflow_env/lib/python3.11/site-packages/airflow/example_dags/example_inlet_event_extra.py for tasks to queue
[2024-12-04T13:44:03.319+0100] {logging_mixin.py:190} INFO - [2024-12-04T13:44:03.319+0100] {dagbag.py:588} INFO - Filling up the DagBag from /Users/sijibomijoshua/airflow/airflow_env/lib/python3.11/site-packages/airflow/example_dags/example_inlet_event_extra.py
[2024-12-04T13:44:03.352+0100] {processor.py:925} INFO - DAG(s) 'read_dataset_event', 'read_dataset_event_from_classic' retrieved from /Users/sijibomijoshua/airflow/airflow_env/lib/python3.11/site-packages/airflow/example_dags/example_inlet_event_extra.py
[2024-12-04T13:44:03.409+0100] {logging_mixin.py:190} INFO - [2024-12-04T13:44:03.409+0100] {dag.py:3239} INFO - Sync 2 DAGs
[2024-12-04T13:44:03.416+0100] {logging_mixin.py:190} INFO - [2024-12-04T13:44:03.416+0100] {dag.py:4180} INFO - Setting next_dagrun for read_dataset_event to 2024-12-03 00:00:00+00:00, run_after=2024-12-04 00:00:00+00:00
[2024-12-04T13:44:03.417+0100] {logging_mixin.py:190} INFO - [2024-12-04T13:44:03.417+0100] {dag.py:4180} INFO - Setting next_dagrun for read_dataset_event_from_classic to 2024-12-03 00:00:00+00:00, run_after=2024-12-04 00:00:00+00:00
[2024-12-04T13:44:03.423+0100] {processor.py:208} INFO - Processing /Users/sijibomijoshua/airflow/airflow_env/lib/python3.11/site-packages/airflow/example_dags/example_inlet_event_extra.py took 0.106 seconds
