[2024-12-04T12:43:02.656+0100] {processor.py:186} INFO - Started process (PID=83700) to work on /Users/sijibomijoshua/.pyenv/versions/3.11.6/lib/python3.11/site-packages/airflow/example_dags/example_datasets.py
[2024-12-04T12:43:02.656+0100] {processor.py:914} INFO - Processing file /Users/sijibomijoshua/.pyenv/versions/3.11.6/lib/python3.11/site-packages/airflow/example_dags/example_datasets.py for tasks to queue
[2024-12-04T12:43:02.657+0100] {logging_mixin.py:190} INFO - [2024-12-04T12:43:02.657+0100] {dagbag.py:588} INFO - Filling up the DagBag from /Users/sijibomijoshua/.pyenv/versions/3.11.6/lib/python3.11/site-packages/airflow/example_dags/example_datasets.py
[2024-12-04T12:43:02.679+0100] {processor.py:925} INFO - DAG(s) 'dataset_produces_2', 'consume_1_and_2_with_dataset_expressions', 'consume_1_or_2_with_dataset_expressions', 'dataset_consumes_1_never_scheduled', 'dataset_consumes_1_and_2', 'dataset_produces_1', 'consume_1_or_both_2_and_3_with_dataset_expressions', 'conditional_dataset_and_time_based_timetable', 'dataset_consumes_1', 'dataset_consumes_unknown_never_scheduled' retrieved from /Users/sijibomijoshua/.pyenv/versions/3.11.6/lib/python3.11/site-packages/airflow/example_dags/example_datasets.py
[2024-12-04T12:43:02.766+0100] {logging_mixin.py:190} INFO - [2024-12-04T12:43:02.766+0100] {override.py:1911} INFO - Created Permission View: can edit on DAG:dataset_produces_2
[2024-12-04T12:43:02.769+0100] {logging_mixin.py:190} INFO - [2024-12-04T12:43:02.769+0100] {override.py:1911} INFO - Created Permission View: can delete on DAG:dataset_produces_2
[2024-12-04T12:43:02.771+0100] {logging_mixin.py:190} INFO - [2024-12-04T12:43:02.771+0100] {override.py:1911} INFO - Created Permission View: can read on DAG:dataset_produces_2
[2024-12-04T12:43:02.773+0100] {logging_mixin.py:190} INFO - [2024-12-04T12:43:02.773+0100] {override.py:1911} INFO - Created Permission View: can create on DAG Run:dataset_produces_2
[2024-12-04T12:43:02.775+0100] {logging_mixin.py:190} INFO - [2024-12-04T12:43:02.775+0100] {override.py:1911} INFO - Created Permission View: can delete on DAG Run:dataset_produces_2
[2024-12-04T12:43:02.776+0100] {logging_mixin.py:190} INFO - [2024-12-04T12:43:02.776+0100] {override.py:1911} INFO - Created Permission View: menu access on DAG Run:dataset_produces_2
[2024-12-04T12:43:02.778+0100] {logging_mixin.py:190} INFO - [2024-12-04T12:43:02.778+0100] {override.py:1911} INFO - Created Permission View: can read on DAG Run:dataset_produces_2
[2024-12-04T12:43:02.782+0100] {logging_mixin.py:190} INFO - [2024-12-04T12:43:02.782+0100] {override.py:1911} INFO - Created Permission View: can edit on DAG:consume_1_and_2_with_dataset_expressions
[2024-12-04T12:43:02.783+0100] {logging_mixin.py:190} INFO - [2024-12-04T12:43:02.783+0100] {override.py:1911} INFO - Created Permission View: can delete on DAG:consume_1_and_2_with_dataset_expressions
[2024-12-04T12:43:02.785+0100] {logging_mixin.py:190} INFO - [2024-12-04T12:43:02.785+0100] {override.py:1911} INFO - Created Permission View: can read on DAG:consume_1_and_2_with_dataset_expressions
[2024-12-04T12:43:02.787+0100] {logging_mixin.py:190} INFO - [2024-12-04T12:43:02.787+0100] {override.py:1911} INFO - Created Permission View: can create on DAG Run:consume_1_and_2_with_dataset_expressions
[2024-12-04T12:43:02.789+0100] {logging_mixin.py:190} INFO - [2024-12-04T12:43:02.789+0100] {override.py:1911} INFO - Created Permission View: can delete on DAG Run:consume_1_and_2_with_dataset_expressions
[2024-12-04T12:43:02.791+0100] {logging_mixin.py:190} INFO - [2024-12-04T12:43:02.790+0100] {override.py:1911} INFO - Created Permission View: menu access on DAG Run:consume_1_and_2_with_dataset_expressions
[2024-12-04T12:43:02.792+0100] {logging_mixin.py:190} INFO - [2024-12-04T12:43:02.792+0100] {override.py:1911} INFO - Created Permission View: can read on DAG Run:consume_1_and_2_with_dataset_expressions
[2024-12-04T12:43:02.796+0100] {logging_mixin.py:190} INFO - [2024-12-04T12:43:02.795+0100] {override.py:1911} INFO - Created Permission View: can edit on DAG:consume_1_or_2_with_dataset_expressions
[2024-12-04T12:43:02.797+0100] {logging_mixin.py:190} INFO - [2024-12-04T12:43:02.797+0100] {override.py:1911} INFO - Created Permission View: can delete on DAG:consume_1_or_2_with_dataset_expressions
[2024-12-04T12:43:02.799+0100] {logging_mixin.py:190} INFO - [2024-12-04T12:43:02.799+0100] {override.py:1911} INFO - Created Permission View: can read on DAG:consume_1_or_2_with_dataset_expressions
[2024-12-04T12:43:02.801+0100] {logging_mixin.py:190} INFO - [2024-12-04T12:43:02.801+0100] {override.py:1911} INFO - Created Permission View: can create on DAG Run:consume_1_or_2_with_dataset_expressions
[2024-12-04T12:43:02.803+0100] {logging_mixin.py:190} INFO - [2024-12-04T12:43:02.802+0100] {override.py:1911} INFO - Created Permission View: can delete on DAG Run:consume_1_or_2_with_dataset_expressions
[2024-12-04T12:43:02.804+0100] {logging_mixin.py:190} INFO - [2024-12-04T12:43:02.804+0100] {override.py:1911} INFO - Created Permission View: menu access on DAG Run:consume_1_or_2_with_dataset_expressions
[2024-12-04T12:43:02.806+0100] {logging_mixin.py:190} INFO - [2024-12-04T12:43:02.806+0100] {override.py:1911} INFO - Created Permission View: can read on DAG Run:consume_1_or_2_with_dataset_expressions
[2024-12-04T12:43:02.809+0100] {logging_mixin.py:190} INFO - [2024-12-04T12:43:02.809+0100] {override.py:1911} INFO - Created Permission View: can edit on DAG:dataset_consumes_1_never_scheduled
[2024-12-04T12:43:02.811+0100] {logging_mixin.py:190} INFO - [2024-12-04T12:43:02.811+0100] {override.py:1911} INFO - Created Permission View: can delete on DAG:dataset_consumes_1_never_scheduled
[2024-12-04T12:43:02.812+0100] {logging_mixin.py:190} INFO - [2024-12-04T12:43:02.812+0100] {override.py:1911} INFO - Created Permission View: can read on DAG:dataset_consumes_1_never_scheduled
[2024-12-04T12:43:02.815+0100] {logging_mixin.py:190} INFO - [2024-12-04T12:43:02.815+0100] {override.py:1911} INFO - Created Permission View: can create on DAG Run:dataset_consumes_1_never_scheduled
[2024-12-04T12:43:02.817+0100] {logging_mixin.py:190} INFO - [2024-12-04T12:43:02.817+0100] {override.py:1911} INFO - Created Permission View: can delete on DAG Run:dataset_consumes_1_never_scheduled
[2024-12-04T12:43:02.818+0100] {logging_mixin.py:190} INFO - [2024-12-04T12:43:02.818+0100] {override.py:1911} INFO - Created Permission View: menu access on DAG Run:dataset_consumes_1_never_scheduled
[2024-12-04T12:43:02.820+0100] {logging_mixin.py:190} INFO - [2024-12-04T12:43:02.820+0100] {override.py:1911} INFO - Created Permission View: can read on DAG Run:dataset_consumes_1_never_scheduled
[2024-12-04T12:43:02.824+0100] {logging_mixin.py:190} INFO - [2024-12-04T12:43:02.824+0100] {override.py:1911} INFO - Created Permission View: can edit on DAG:dataset_consumes_1_and_2
[2024-12-04T12:43:02.825+0100] {logging_mixin.py:190} INFO - [2024-12-04T12:43:02.825+0100] {override.py:1911} INFO - Created Permission View: can delete on DAG:dataset_consumes_1_and_2
[2024-12-04T12:43:02.827+0100] {logging_mixin.py:190} INFO - [2024-12-04T12:43:02.827+0100] {override.py:1911} INFO - Created Permission View: can read on DAG:dataset_consumes_1_and_2
[2024-12-04T12:43:02.829+0100] {logging_mixin.py:190} INFO - [2024-12-04T12:43:02.829+0100] {override.py:1911} INFO - Created Permission View: can create on DAG Run:dataset_consumes_1_and_2
[2024-12-04T12:43:02.831+0100] {logging_mixin.py:190} INFO - [2024-12-04T12:43:02.831+0100] {override.py:1911} INFO - Created Permission View: can delete on DAG Run:dataset_consumes_1_and_2
[2024-12-04T12:43:02.832+0100] {logging_mixin.py:190} INFO - [2024-12-04T12:43:02.832+0100] {override.py:1911} INFO - Created Permission View: menu access on DAG Run:dataset_consumes_1_and_2
[2024-12-04T12:43:02.834+0100] {logging_mixin.py:190} INFO - [2024-12-04T12:43:02.834+0100] {override.py:1911} INFO - Created Permission View: can read on DAG Run:dataset_consumes_1_and_2
[2024-12-04T12:43:02.837+0100] {logging_mixin.py:190} INFO - [2024-12-04T12:43:02.837+0100] {override.py:1911} INFO - Created Permission View: can edit on DAG:dataset_produces_1
[2024-12-04T12:43:02.839+0100] {logging_mixin.py:190} INFO - [2024-12-04T12:43:02.839+0100] {override.py:1911} INFO - Created Permission View: can delete on DAG:dataset_produces_1
[2024-12-04T12:43:02.841+0100] {logging_mixin.py:190} INFO - [2024-12-04T12:43:02.841+0100] {override.py:1911} INFO - Created Permission View: can read on DAG:dataset_produces_1
[2024-12-04T12:43:02.843+0100] {logging_mixin.py:190} INFO - [2024-12-04T12:43:02.843+0100] {override.py:1911} INFO - Created Permission View: can create on DAG Run:dataset_produces_1
[2024-12-04T12:43:02.845+0100] {logging_mixin.py:190} INFO - [2024-12-04T12:43:02.845+0100] {override.py:1911} INFO - Created Permission View: can delete on DAG Run:dataset_produces_1
[2024-12-04T12:43:02.846+0100] {logging_mixin.py:190} INFO - [2024-12-04T12:43:02.846+0100] {override.py:1911} INFO - Created Permission View: menu access on DAG Run:dataset_produces_1
[2024-12-04T12:43:02.848+0100] {logging_mixin.py:190} INFO - [2024-12-04T12:43:02.848+0100] {override.py:1911} INFO - Created Permission View: can read on DAG Run:dataset_produces_1
[2024-12-04T12:43:02.852+0100] {logging_mixin.py:190} INFO - [2024-12-04T12:43:02.852+0100] {override.py:1911} INFO - Created Permission View: can edit on DAG:consume_1_or_both_2_and_3_with_dataset_expressions
[2024-12-04T12:43:02.853+0100] {logging_mixin.py:190} INFO - [2024-12-04T12:43:02.853+0100] {override.py:1911} INFO - Created Permission View: can delete on DAG:consume_1_or_both_2_and_3_with_dataset_expressions
[2024-12-04T12:43:02.855+0100] {logging_mixin.py:190} INFO - [2024-12-04T12:43:02.855+0100] {override.py:1911} INFO - Created Permission View: can read on DAG:consume_1_or_both_2_and_3_with_dataset_expressions
[2024-12-04T12:43:02.858+0100] {logging_mixin.py:190} INFO - [2024-12-04T12:43:02.858+0100] {override.py:1911} INFO - Created Permission View: can create on DAG Run:consume_1_or_both_2_and_3_with_dataset_expressions
[2024-12-04T12:43:02.861+0100] {logging_mixin.py:190} INFO - [2024-12-04T12:43:02.861+0100] {override.py:1911} INFO - Created Permission View: can delete on DAG Run:consume_1_or_both_2_and_3_with_dataset_expressions
[2024-12-04T12:43:02.864+0100] {logging_mixin.py:190} INFO - [2024-12-04T12:43:02.864+0100] {override.py:1911} INFO - Created Permission View: menu access on DAG Run:consume_1_or_both_2_and_3_with_dataset_expressions
[2024-12-04T12:43:02.866+0100] {logging_mixin.py:190} INFO - [2024-12-04T12:43:02.866+0100] {override.py:1911} INFO - Created Permission View: can read on DAG Run:consume_1_or_both_2_and_3_with_dataset_expressions
[2024-12-04T12:43:02.870+0100] {logging_mixin.py:190} INFO - [2024-12-04T12:43:02.870+0100] {override.py:1911} INFO - Created Permission View: can edit on DAG:conditional_dataset_and_time_based_timetable
[2024-12-04T12:43:02.871+0100] {logging_mixin.py:190} INFO - [2024-12-04T12:43:02.871+0100] {override.py:1911} INFO - Created Permission View: can delete on DAG:conditional_dataset_and_time_based_timetable
[2024-12-04T12:43:02.873+0100] {logging_mixin.py:190} INFO - [2024-12-04T12:43:02.873+0100] {override.py:1911} INFO - Created Permission View: can read on DAG:conditional_dataset_and_time_based_timetable
[2024-12-04T12:43:02.876+0100] {logging_mixin.py:190} INFO - [2024-12-04T12:43:02.876+0100] {override.py:1911} INFO - Created Permission View: can create on DAG Run:conditional_dataset_and_time_based_timetable
[2024-12-04T12:43:02.878+0100] {logging_mixin.py:190} INFO - [2024-12-04T12:43:02.878+0100] {override.py:1911} INFO - Created Permission View: can delete on DAG Run:conditional_dataset_and_time_based_timetable
[2024-12-04T12:43:02.880+0100] {logging_mixin.py:190} INFO - [2024-12-04T12:43:02.880+0100] {override.py:1911} INFO - Created Permission View: menu access on DAG Run:conditional_dataset_and_time_based_timetable
[2024-12-04T12:43:02.882+0100] {logging_mixin.py:190} INFO - [2024-12-04T12:43:02.881+0100] {override.py:1911} INFO - Created Permission View: can read on DAG Run:conditional_dataset_and_time_based_timetable
[2024-12-04T12:43:02.885+0100] {logging_mixin.py:190} INFO - [2024-12-04T12:43:02.885+0100] {override.py:1911} INFO - Created Permission View: can edit on DAG:dataset_consumes_1
[2024-12-04T12:43:02.888+0100] {logging_mixin.py:190} INFO - [2024-12-04T12:43:02.888+0100] {override.py:1911} INFO - Created Permission View: can delete on DAG:dataset_consumes_1
[2024-12-04T12:43:02.890+0100] {logging_mixin.py:190} INFO - [2024-12-04T12:43:02.890+0100] {override.py:1911} INFO - Created Permission View: can read on DAG:dataset_consumes_1
[2024-12-04T12:43:02.892+0100] {logging_mixin.py:190} INFO - [2024-12-04T12:43:02.892+0100] {override.py:1911} INFO - Created Permission View: can create on DAG Run:dataset_consumes_1
[2024-12-04T12:43:02.894+0100] {logging_mixin.py:190} INFO - [2024-12-04T12:43:02.894+0100] {override.py:1911} INFO - Created Permission View: can delete on DAG Run:dataset_consumes_1
[2024-12-04T12:43:02.896+0100] {logging_mixin.py:190} INFO - [2024-12-04T12:43:02.896+0100] {override.py:1911} INFO - Created Permission View: menu access on DAG Run:dataset_consumes_1
[2024-12-04T12:43:02.897+0100] {logging_mixin.py:190} INFO - [2024-12-04T12:43:02.897+0100] {override.py:1911} INFO - Created Permission View: can read on DAG Run:dataset_consumes_1
[2024-12-04T12:43:02.901+0100] {logging_mixin.py:190} INFO - [2024-12-04T12:43:02.901+0100] {override.py:1911} INFO - Created Permission View: can edit on DAG:dataset_consumes_unknown_never_scheduled
[2024-12-04T12:43:02.903+0100] {logging_mixin.py:190} INFO - [2024-12-04T12:43:02.903+0100] {override.py:1911} INFO - Created Permission View: can delete on DAG:dataset_consumes_unknown_never_scheduled
[2024-12-04T12:43:02.904+0100] {logging_mixin.py:190} INFO - [2024-12-04T12:43:02.904+0100] {override.py:1911} INFO - Created Permission View: can read on DAG:dataset_consumes_unknown_never_scheduled
[2024-12-04T12:43:02.907+0100] {logging_mixin.py:190} INFO - [2024-12-04T12:43:02.907+0100] {override.py:1911} INFO - Created Permission View: can create on DAG Run:dataset_consumes_unknown_never_scheduled
[2024-12-04T12:43:02.909+0100] {logging_mixin.py:190} INFO - [2024-12-04T12:43:02.909+0100] {override.py:1911} INFO - Created Permission View: can delete on DAG Run:dataset_consumes_unknown_never_scheduled
[2024-12-04T12:43:02.911+0100] {logging_mixin.py:190} INFO - [2024-12-04T12:43:02.911+0100] {override.py:1911} INFO - Created Permission View: menu access on DAG Run:dataset_consumes_unknown_never_scheduled
[2024-12-04T12:43:02.912+0100] {logging_mixin.py:190} INFO - [2024-12-04T12:43:02.912+0100] {override.py:1911} INFO - Created Permission View: can read on DAG Run:dataset_consumes_unknown_never_scheduled
[2024-12-04T12:43:02.912+0100] {logging_mixin.py:190} INFO - [2024-12-04T12:43:02.912+0100] {dag.py:3239} INFO - Sync 10 DAGs
[2024-12-04T12:43:02.916+0100] {logging_mixin.py:190} INFO - [2024-12-04T12:43:02.916+0100] {dag.py:3262} INFO - Creating ORM DAG for conditional_dataset_and_time_based_timetable
[2024-12-04T12:43:02.916+0100] {logging_mixin.py:190} INFO - [2024-12-04T12:43:02.916+0100] {dag.py:3262} INFO - Creating ORM DAG for consume_1_or_2_with_dataset_expressions
[2024-12-04T12:43:02.916+0100] {logging_mixin.py:190} INFO - [2024-12-04T12:43:02.916+0100] {dag.py:3262} INFO - Creating ORM DAG for consume_1_or_both_2_and_3_with_dataset_expressions
[2024-12-04T12:43:02.917+0100] {logging_mixin.py:190} INFO - [2024-12-04T12:43:02.917+0100] {dag.py:3262} INFO - Creating ORM DAG for dataset_produces_2
[2024-12-04T12:43:02.917+0100] {logging_mixin.py:190} INFO - [2024-12-04T12:43:02.917+0100] {dag.py:3262} INFO - Creating ORM DAG for dataset_consumes_1_never_scheduled
[2024-12-04T12:43:02.917+0100] {logging_mixin.py:190} INFO - [2024-12-04T12:43:02.917+0100] {dag.py:3262} INFO - Creating ORM DAG for dataset_consumes_1_and_2
[2024-12-04T12:43:02.917+0100] {logging_mixin.py:190} INFO - [2024-12-04T12:43:02.917+0100] {dag.py:3262} INFO - Creating ORM DAG for dataset_consumes_1
[2024-12-04T12:43:02.917+0100] {logging_mixin.py:190} INFO - [2024-12-04T12:43:02.917+0100] {dag.py:3262} INFO - Creating ORM DAG for consume_1_and_2_with_dataset_expressions
[2024-12-04T12:43:02.917+0100] {logging_mixin.py:190} INFO - [2024-12-04T12:43:02.917+0100] {dag.py:3262} INFO - Creating ORM DAG for dataset_consumes_unknown_never_scheduled
[2024-12-04T12:43:02.918+0100] {logging_mixin.py:190} INFO - [2024-12-04T12:43:02.918+0100] {dag.py:3262} INFO - Creating ORM DAG for dataset_produces_1
[2024-12-04T12:43:02.920+0100] {logging_mixin.py:190} INFO - [2024-12-04T12:43:02.920+0100] {dag.py:4180} INFO - Setting next_dagrun for conditional_dataset_and_time_based_timetable to 2024-12-04 01:00:00+00:00, run_after=2024-12-04 01:00:00+00:00
[2024-12-04T12:43:02.921+0100] {logging_mixin.py:190} INFO - [2024-12-04T12:43:02.921+0100] {dag.py:4180} INFO - Setting next_dagrun for consume_1_and_2_with_dataset_expressions to None, run_after=None
[2024-12-04T12:43:02.921+0100] {logging_mixin.py:190} INFO - [2024-12-04T12:43:02.921+0100] {dag.py:4180} INFO - Setting next_dagrun for consume_1_or_2_with_dataset_expressions to None, run_after=None
[2024-12-04T12:43:02.921+0100] {logging_mixin.py:190} INFO - [2024-12-04T12:43:02.921+0100] {dag.py:4180} INFO - Setting next_dagrun for consume_1_or_both_2_and_3_with_dataset_expressions to None, run_after=None
[2024-12-04T12:43:02.921+0100] {logging_mixin.py:190} INFO - [2024-12-04T12:43:02.921+0100] {dag.py:4180} INFO - Setting next_dagrun for dataset_consumes_1 to None, run_after=None
[2024-12-04T12:43:02.921+0100] {logging_mixin.py:190} INFO - [2024-12-04T12:43:02.921+0100] {dag.py:4180} INFO - Setting next_dagrun for dataset_consumes_1_and_2 to None, run_after=None
[2024-12-04T12:43:02.921+0100] {logging_mixin.py:190} INFO - [2024-12-04T12:43:02.921+0100] {dag.py:4180} INFO - Setting next_dagrun for dataset_consumes_1_never_scheduled to None, run_after=None
[2024-12-04T12:43:02.921+0100] {logging_mixin.py:190} INFO - [2024-12-04T12:43:02.921+0100] {dag.py:4180} INFO - Setting next_dagrun for dataset_consumes_unknown_never_scheduled to None, run_after=None
[2024-12-04T12:43:02.922+0100] {logging_mixin.py:190} INFO - [2024-12-04T12:43:02.922+0100] {dag.py:4180} INFO - Setting next_dagrun for dataset_produces_1 to 2024-12-03 00:00:00+00:00, run_after=2024-12-04 00:00:00+00:00
[2024-12-04T12:43:02.922+0100] {logging_mixin.py:190} INFO - [2024-12-04T12:43:02.922+0100] {dag.py:4180} INFO - Setting next_dagrun for dataset_produces_2 to None, run_after=None
[2024-12-04T12:43:03.222+0100] {processor.py:208} INFO - Processing /Users/sijibomijoshua/.pyenv/versions/3.11.6/lib/python3.11/site-packages/airflow/example_dags/example_datasets.py took 0.568 seconds
[2024-12-04T12:45:17.845+0100] {processor.py:186} INFO - Started process (PID=85795) to work on /Users/sijibomijoshua/.pyenv/versions/3.11.6/lib/python3.11/site-packages/airflow/example_dags/example_datasets.py
[2024-12-04T12:45:17.845+0100] {processor.py:914} INFO - Processing file /Users/sijibomijoshua/.pyenv/versions/3.11.6/lib/python3.11/site-packages/airflow/example_dags/example_datasets.py for tasks to queue
[2024-12-04T12:45:17.846+0100] {logging_mixin.py:190} INFO - [2024-12-04T12:45:17.846+0100] {dagbag.py:588} INFO - Filling up the DagBag from /Users/sijibomijoshua/.pyenv/versions/3.11.6/lib/python3.11/site-packages/airflow/example_dags/example_datasets.py
[2024-12-04T12:45:17.873+0100] {processor.py:925} INFO - DAG(s) 'consume_1_or_2_with_dataset_expressions', 'conditional_dataset_and_time_based_timetable', 'dataset_produces_2', 'dataset_consumes_1_and_2', 'consume_1_and_2_with_dataset_expressions', 'dataset_consumes_1_never_scheduled', 'dataset_consumes_unknown_never_scheduled', 'dataset_consumes_1', 'consume_1_or_both_2_and_3_with_dataset_expressions', 'dataset_produces_1' retrieved from /Users/sijibomijoshua/.pyenv/versions/3.11.6/lib/python3.11/site-packages/airflow/example_dags/example_datasets.py
[2024-12-04T12:45:17.937+0100] {logging_mixin.py:190} INFO - [2024-12-04T12:45:17.937+0100] {dag.py:3239} INFO - Sync 10 DAGs
[2024-12-04T12:45:17.944+0100] {logging_mixin.py:190} INFO - [2024-12-04T12:45:17.944+0100] {dag.py:4180} INFO - Setting next_dagrun for conditional_dataset_and_time_based_timetable to 2024-12-04 01:00:00+00:00, run_after=2024-12-04 01:00:00+00:00
[2024-12-04T12:45:17.945+0100] {logging_mixin.py:190} INFO - [2024-12-04T12:45:17.945+0100] {dag.py:4180} INFO - Setting next_dagrun for consume_1_and_2_with_dataset_expressions to None, run_after=None
[2024-12-04T12:45:17.946+0100] {logging_mixin.py:190} INFO - [2024-12-04T12:45:17.946+0100] {dag.py:4180} INFO - Setting next_dagrun for consume_1_or_2_with_dataset_expressions to None, run_after=None
[2024-12-04T12:45:17.946+0100] {logging_mixin.py:190} INFO - [2024-12-04T12:45:17.946+0100] {dag.py:4180} INFO - Setting next_dagrun for consume_1_or_both_2_and_3_with_dataset_expressions to None, run_after=None
[2024-12-04T12:45:17.946+0100] {logging_mixin.py:190} INFO - [2024-12-04T12:45:17.946+0100] {dag.py:4180} INFO - Setting next_dagrun for dataset_consumes_1 to None, run_after=None
[2024-12-04T12:45:17.946+0100] {logging_mixin.py:190} INFO - [2024-12-04T12:45:17.946+0100] {dag.py:4180} INFO - Setting next_dagrun for dataset_consumes_1_and_2 to None, run_after=None
[2024-12-04T12:45:17.947+0100] {logging_mixin.py:190} INFO - [2024-12-04T12:45:17.947+0100] {dag.py:4180} INFO - Setting next_dagrun for dataset_consumes_1_never_scheduled to None, run_after=None
[2024-12-04T12:45:17.947+0100] {logging_mixin.py:190} INFO - [2024-12-04T12:45:17.947+0100] {dag.py:4180} INFO - Setting next_dagrun for dataset_consumes_unknown_never_scheduled to None, run_after=None
[2024-12-04T12:45:17.948+0100] {logging_mixin.py:190} INFO - [2024-12-04T12:45:17.948+0100] {dag.py:4180} INFO - Setting next_dagrun for dataset_produces_1 to 2024-12-03 00:00:00+00:00, run_after=2024-12-04 00:00:00+00:00
[2024-12-04T12:45:17.948+0100] {logging_mixin.py:190} INFO - [2024-12-04T12:45:17.948+0100] {dag.py:4180} INFO - Setting next_dagrun for dataset_produces_2 to None, run_after=None
[2024-12-04T12:45:17.957+0100] {processor.py:208} INFO - Processing /Users/sijibomijoshua/.pyenv/versions/3.11.6/lib/python3.11/site-packages/airflow/example_dags/example_datasets.py took 0.114 seconds
[2024-12-04T12:47:36.464+0100] {processor.py:186} INFO - Started process (PID=87925) to work on /Users/sijibomijoshua/.pyenv/versions/3.11.6/lib/python3.11/site-packages/airflow/example_dags/example_datasets.py
[2024-12-04T12:47:36.464+0100] {processor.py:914} INFO - Processing file /Users/sijibomijoshua/.pyenv/versions/3.11.6/lib/python3.11/site-packages/airflow/example_dags/example_datasets.py for tasks to queue
[2024-12-04T12:47:36.466+0100] {logging_mixin.py:190} INFO - [2024-12-04T12:47:36.466+0100] {dagbag.py:588} INFO - Filling up the DagBag from /Users/sijibomijoshua/.pyenv/versions/3.11.6/lib/python3.11/site-packages/airflow/example_dags/example_datasets.py
[2024-12-04T12:47:36.494+0100] {processor.py:925} INFO - DAG(s) 'dataset_consumes_1_never_scheduled', 'consume_1_or_2_with_dataset_expressions', 'consume_1_or_both_2_and_3_with_dataset_expressions', 'conditional_dataset_and_time_based_timetable', 'dataset_consumes_1', 'consume_1_and_2_with_dataset_expressions', 'dataset_produces_2', 'dataset_consumes_1_and_2', 'dataset_produces_1', 'dataset_consumes_unknown_never_scheduled' retrieved from /Users/sijibomijoshua/.pyenv/versions/3.11.6/lib/python3.11/site-packages/airflow/example_dags/example_datasets.py
[2024-12-04T12:47:36.562+0100] {logging_mixin.py:190} INFO - [2024-12-04T12:47:36.562+0100] {dag.py:3239} INFO - Sync 10 DAGs
[2024-12-04T12:47:36.570+0100] {logging_mixin.py:190} INFO - [2024-12-04T12:47:36.570+0100] {dag.py:4180} INFO - Setting next_dagrun for conditional_dataset_and_time_based_timetable to 2024-12-04 01:00:00+00:00, run_after=2024-12-04 01:00:00+00:00
[2024-12-04T12:47:36.571+0100] {logging_mixin.py:190} INFO - [2024-12-04T12:47:36.571+0100] {dag.py:4180} INFO - Setting next_dagrun for consume_1_and_2_with_dataset_expressions to None, run_after=None
[2024-12-04T12:47:36.571+0100] {logging_mixin.py:190} INFO - [2024-12-04T12:47:36.571+0100] {dag.py:4180} INFO - Setting next_dagrun for consume_1_or_2_with_dataset_expressions to None, run_after=None
[2024-12-04T12:47:36.572+0100] {logging_mixin.py:190} INFO - [2024-12-04T12:47:36.571+0100] {dag.py:4180} INFO - Setting next_dagrun for consume_1_or_both_2_and_3_with_dataset_expressions to None, run_after=None
[2024-12-04T12:47:36.572+0100] {logging_mixin.py:190} INFO - [2024-12-04T12:47:36.572+0100] {dag.py:4180} INFO - Setting next_dagrun for dataset_consumes_1 to None, run_after=None
[2024-12-04T12:47:36.572+0100] {logging_mixin.py:190} INFO - [2024-12-04T12:47:36.572+0100] {dag.py:4180} INFO - Setting next_dagrun for dataset_consumes_1_and_2 to None, run_after=None
[2024-12-04T12:47:36.572+0100] {logging_mixin.py:190} INFO - [2024-12-04T12:47:36.572+0100] {dag.py:4180} INFO - Setting next_dagrun for dataset_consumes_1_never_scheduled to None, run_after=None
[2024-12-04T12:47:36.573+0100] {logging_mixin.py:190} INFO - [2024-12-04T12:47:36.573+0100] {dag.py:4180} INFO - Setting next_dagrun for dataset_consumes_unknown_never_scheduled to None, run_after=None
[2024-12-04T12:47:36.573+0100] {logging_mixin.py:190} INFO - [2024-12-04T12:47:36.573+0100] {dag.py:4180} INFO - Setting next_dagrun for dataset_produces_1 to 2024-12-03 00:00:00+00:00, run_after=2024-12-04 00:00:00+00:00
[2024-12-04T12:47:36.574+0100] {logging_mixin.py:190} INFO - [2024-12-04T12:47:36.574+0100] {dag.py:4180} INFO - Setting next_dagrun for dataset_produces_2 to None, run_after=None
[2024-12-04T12:47:36.584+0100] {processor.py:208} INFO - Processing /Users/sijibomijoshua/.pyenv/versions/3.11.6/lib/python3.11/site-packages/airflow/example_dags/example_datasets.py took 0.123 seconds
[2024-12-04T13:26:05.933+0100] {processor.py:186} INFO - Started process (PID=20640) to work on /Users/sijibomijoshua/.pyenv/versions/3.11.6/lib/python3.11/site-packages/airflow/example_dags/example_datasets.py
[2024-12-04T13:26:05.933+0100] {processor.py:914} INFO - Processing file /Users/sijibomijoshua/.pyenv/versions/3.11.6/lib/python3.11/site-packages/airflow/example_dags/example_datasets.py for tasks to queue
[2024-12-04T13:26:05.934+0100] {logging_mixin.py:190} INFO - [2024-12-04T13:26:05.934+0100] {dagbag.py:588} INFO - Filling up the DagBag from /Users/sijibomijoshua/.pyenv/versions/3.11.6/lib/python3.11/site-packages/airflow/example_dags/example_datasets.py
[2024-12-04T13:26:05.954+0100] {processor.py:925} INFO - DAG(s) 'dataset_produces_1', 'dataset_consumes_1', 'consume_1_and_2_with_dataset_expressions', 'dataset_consumes_unknown_never_scheduled', 'consume_1_or_2_with_dataset_expressions', 'conditional_dataset_and_time_based_timetable', 'dataset_produces_2', 'consume_1_or_both_2_and_3_with_dataset_expressions', 'dataset_consumes_1_never_scheduled', 'dataset_consumes_1_and_2' retrieved from /Users/sijibomijoshua/.pyenv/versions/3.11.6/lib/python3.11/site-packages/airflow/example_dags/example_datasets.py
[2024-12-04T13:26:06.017+0100] {logging_mixin.py:190} INFO - [2024-12-04T13:26:06.017+0100] {dag.py:3239} INFO - Sync 10 DAGs
[2024-12-04T13:26:06.024+0100] {logging_mixin.py:190} INFO - [2024-12-04T13:26:06.024+0100] {dag.py:4180} INFO - Setting next_dagrun for conditional_dataset_and_time_based_timetable to 2024-12-04 01:00:00+00:00, run_after=2024-12-04 01:00:00+00:00
[2024-12-04T13:26:06.026+0100] {logging_mixin.py:190} INFO - [2024-12-04T13:26:06.026+0100] {dag.py:4180} INFO - Setting next_dagrun for consume_1_and_2_with_dataset_expressions to None, run_after=None
[2024-12-04T13:26:06.026+0100] {logging_mixin.py:190} INFO - [2024-12-04T13:26:06.026+0100] {dag.py:4180} INFO - Setting next_dagrun for consume_1_or_2_with_dataset_expressions to None, run_after=None
[2024-12-04T13:26:06.026+0100] {logging_mixin.py:190} INFO - [2024-12-04T13:26:06.026+0100] {dag.py:4180} INFO - Setting next_dagrun for consume_1_or_both_2_and_3_with_dataset_expressions to None, run_after=None
[2024-12-04T13:26:06.027+0100] {logging_mixin.py:190} INFO - [2024-12-04T13:26:06.027+0100] {dag.py:4180} INFO - Setting next_dagrun for dataset_consumes_1 to None, run_after=None
[2024-12-04T13:26:06.027+0100] {logging_mixin.py:190} INFO - [2024-12-04T13:26:06.027+0100] {dag.py:4180} INFO - Setting next_dagrun for dataset_consumes_1_and_2 to None, run_after=None
[2024-12-04T13:26:06.027+0100] {logging_mixin.py:190} INFO - [2024-12-04T13:26:06.027+0100] {dag.py:4180} INFO - Setting next_dagrun for dataset_consumes_1_never_scheduled to None, run_after=None
[2024-12-04T13:26:06.028+0100] {logging_mixin.py:190} INFO - [2024-12-04T13:26:06.028+0100] {dag.py:4180} INFO - Setting next_dagrun for dataset_consumes_unknown_never_scheduled to None, run_after=None
[2024-12-04T13:26:06.028+0100] {logging_mixin.py:190} INFO - [2024-12-04T13:26:06.028+0100] {dag.py:4180} INFO - Setting next_dagrun for dataset_produces_1 to 2024-12-03 00:00:00+00:00, run_after=2024-12-04 00:00:00+00:00
[2024-12-04T13:26:06.029+0100] {logging_mixin.py:190} INFO - [2024-12-04T13:26:06.029+0100] {dag.py:4180} INFO - Setting next_dagrun for dataset_produces_2 to None, run_after=None
[2024-12-04T13:26:06.039+0100] {processor.py:208} INFO - Processing /Users/sijibomijoshua/.pyenv/versions/3.11.6/lib/python3.11/site-packages/airflow/example_dags/example_datasets.py took 0.108 seconds
[2024-12-04T13:37:59.502+0100] {processor.py:186} INFO - Started process (PID=35758) to work on /Users/sijibomijoshua/airflow/airflow_env/lib/python3.11/site-packages/airflow/example_dags/example_datasets.py
[2024-12-04T13:37:59.503+0100] {processor.py:914} INFO - Processing file /Users/sijibomijoshua/airflow/airflow_env/lib/python3.11/site-packages/airflow/example_dags/example_datasets.py for tasks to queue
[2024-12-04T13:37:59.504+0100] {logging_mixin.py:190} INFO - [2024-12-04T13:37:59.504+0100] {dagbag.py:588} INFO - Filling up the DagBag from /Users/sijibomijoshua/airflow/airflow_env/lib/python3.11/site-packages/airflow/example_dags/example_datasets.py
[2024-12-04T13:37:59.528+0100] {processor.py:925} INFO - DAG(s) 'consume_1_and_2_with_dataset_expressions', 'conditional_dataset_and_time_based_timetable', 'dataset_consumes_1', 'dataset_consumes_1_and_2', 'dataset_consumes_unknown_never_scheduled', 'consume_1_or_both_2_and_3_with_dataset_expressions', 'consume_1_or_2_with_dataset_expressions', 'dataset_consumes_1_never_scheduled', 'dataset_produces_1', 'dataset_produces_2' retrieved from /Users/sijibomijoshua/airflow/airflow_env/lib/python3.11/site-packages/airflow/example_dags/example_datasets.py
[2024-12-04T13:37:59.668+0100] {logging_mixin.py:190} INFO - [2024-12-04T13:37:59.668+0100] {dag.py:3239} INFO - Sync 10 DAGs
[2024-12-04T13:37:59.678+0100] {logging_mixin.py:190} INFO - [2024-12-04T13:37:59.678+0100] {dag.py:4180} INFO - Setting next_dagrun for conditional_dataset_and_time_based_timetable to 2024-12-04 01:00:00+00:00, run_after=2024-12-04 01:00:00+00:00
[2024-12-04T13:37:59.680+0100] {logging_mixin.py:190} INFO - [2024-12-04T13:37:59.679+0100] {dag.py:4180} INFO - Setting next_dagrun for consume_1_and_2_with_dataset_expressions to None, run_after=None
[2024-12-04T13:37:59.681+0100] {logging_mixin.py:190} INFO - [2024-12-04T13:37:59.680+0100] {dag.py:4180} INFO - Setting next_dagrun for consume_1_or_2_with_dataset_expressions to None, run_after=None
[2024-12-04T13:37:59.681+0100] {logging_mixin.py:190} INFO - [2024-12-04T13:37:59.681+0100] {dag.py:4180} INFO - Setting next_dagrun for consume_1_or_both_2_and_3_with_dataset_expressions to None, run_after=None
[2024-12-04T13:37:59.681+0100] {logging_mixin.py:190} INFO - [2024-12-04T13:37:59.681+0100] {dag.py:4180} INFO - Setting next_dagrun for dataset_consumes_1 to None, run_after=None
[2024-12-04T13:37:59.682+0100] {logging_mixin.py:190} INFO - [2024-12-04T13:37:59.681+0100] {dag.py:4180} INFO - Setting next_dagrun for dataset_consumes_1_and_2 to None, run_after=None
[2024-12-04T13:37:59.682+0100] {logging_mixin.py:190} INFO - [2024-12-04T13:37:59.682+0100] {dag.py:4180} INFO - Setting next_dagrun for dataset_consumes_1_never_scheduled to None, run_after=None
[2024-12-04T13:37:59.682+0100] {logging_mixin.py:190} INFO - [2024-12-04T13:37:59.682+0100] {dag.py:4180} INFO - Setting next_dagrun for dataset_consumes_unknown_never_scheduled to None, run_after=None
[2024-12-04T13:37:59.683+0100] {logging_mixin.py:190} INFO - [2024-12-04T13:37:59.683+0100] {dag.py:4180} INFO - Setting next_dagrun for dataset_produces_1 to 2024-12-03 00:00:00+00:00, run_after=2024-12-04 00:00:00+00:00
[2024-12-04T13:37:59.683+0100] {logging_mixin.py:190} INFO - [2024-12-04T13:37:59.683+0100] {dag.py:4180} INFO - Setting next_dagrun for dataset_produces_2 to None, run_after=None
[2024-12-04T13:37:59.696+0100] {processor.py:208} INFO - Processing /Users/sijibomijoshua/airflow/airflow_env/lib/python3.11/site-packages/airflow/example_dags/example_datasets.py took 0.196 seconds
[2024-12-04T13:40:21.257+0100] {processor.py:186} INFO - Started process (PID=38963) to work on /Users/sijibomijoshua/airflow/airflow_env/lib/python3.11/site-packages/airflow/example_dags/example_datasets.py
[2024-12-04T13:40:21.258+0100] {processor.py:914} INFO - Processing file /Users/sijibomijoshua/airflow/airflow_env/lib/python3.11/site-packages/airflow/example_dags/example_datasets.py for tasks to queue
[2024-12-04T13:40:21.259+0100] {logging_mixin.py:190} INFO - [2024-12-04T13:40:21.259+0100] {dagbag.py:588} INFO - Filling up the DagBag from /Users/sijibomijoshua/airflow/airflow_env/lib/python3.11/site-packages/airflow/example_dags/example_datasets.py
[2024-12-04T13:40:21.291+0100] {processor.py:925} INFO - DAG(s) 'dataset_consumes_unknown_never_scheduled', 'dataset_produces_1', 'dataset_consumes_1_and_2', 'consume_1_or_both_2_and_3_with_dataset_expressions', 'dataset_consumes_1', 'dataset_consumes_1_never_scheduled', 'consume_1_or_2_with_dataset_expressions', 'dataset_produces_2', 'consume_1_and_2_with_dataset_expressions', 'conditional_dataset_and_time_based_timetable' retrieved from /Users/sijibomijoshua/airflow/airflow_env/lib/python3.11/site-packages/airflow/example_dags/example_datasets.py
[2024-12-04T13:40:21.354+0100] {logging_mixin.py:190} INFO - [2024-12-04T13:40:21.354+0100] {dag.py:3239} INFO - Sync 10 DAGs
[2024-12-04T13:40:21.361+0100] {logging_mixin.py:190} INFO - [2024-12-04T13:40:21.361+0100] {dag.py:4180} INFO - Setting next_dagrun for conditional_dataset_and_time_based_timetable to 2024-12-04 01:00:00+00:00, run_after=2024-12-04 01:00:00+00:00
[2024-12-04T13:40:21.362+0100] {logging_mixin.py:190} INFO - [2024-12-04T13:40:21.362+0100] {dag.py:4180} INFO - Setting next_dagrun for consume_1_and_2_with_dataset_expressions to None, run_after=None
[2024-12-04T13:40:21.362+0100] {logging_mixin.py:190} INFO - [2024-12-04T13:40:21.362+0100] {dag.py:4180} INFO - Setting next_dagrun for consume_1_or_2_with_dataset_expressions to None, run_after=None
[2024-12-04T13:40:21.363+0100] {logging_mixin.py:190} INFO - [2024-12-04T13:40:21.362+0100] {dag.py:4180} INFO - Setting next_dagrun for consume_1_or_both_2_and_3_with_dataset_expressions to None, run_after=None
[2024-12-04T13:40:21.363+0100] {logging_mixin.py:190} INFO - [2024-12-04T13:40:21.363+0100] {dag.py:4180} INFO - Setting next_dagrun for dataset_consumes_1 to None, run_after=None
[2024-12-04T13:40:21.363+0100] {logging_mixin.py:190} INFO - [2024-12-04T13:40:21.363+0100] {dag.py:4180} INFO - Setting next_dagrun for dataset_consumes_1_and_2 to None, run_after=None
[2024-12-04T13:40:21.363+0100] {logging_mixin.py:190} INFO - [2024-12-04T13:40:21.363+0100] {dag.py:4180} INFO - Setting next_dagrun for dataset_consumes_1_never_scheduled to None, run_after=None
[2024-12-04T13:40:21.364+0100] {logging_mixin.py:190} INFO - [2024-12-04T13:40:21.364+0100] {dag.py:4180} INFO - Setting next_dagrun for dataset_consumes_unknown_never_scheduled to None, run_after=None
[2024-12-04T13:40:21.364+0100] {logging_mixin.py:190} INFO - [2024-12-04T13:40:21.364+0100] {dag.py:4180} INFO - Setting next_dagrun for dataset_produces_1 to 2024-12-03 00:00:00+00:00, run_after=2024-12-04 00:00:00+00:00
[2024-12-04T13:40:21.365+0100] {logging_mixin.py:190} INFO - [2024-12-04T13:40:21.365+0100] {dag.py:4180} INFO - Setting next_dagrun for dataset_produces_2 to None, run_after=None
[2024-12-04T13:40:21.374+0100] {processor.py:208} INFO - Processing /Users/sijibomijoshua/airflow/airflow_env/lib/python3.11/site-packages/airflow/example_dags/example_datasets.py took 0.118 seconds
[2024-12-04T13:42:31.425+0100] {processor.py:186} INFO - Started process (PID=41829) to work on /Users/sijibomijoshua/airflow/airflow_env/lib/python3.11/site-packages/airflow/example_dags/example_datasets.py
[2024-12-04T13:42:31.426+0100] {processor.py:914} INFO - Processing file /Users/sijibomijoshua/airflow/airflow_env/lib/python3.11/site-packages/airflow/example_dags/example_datasets.py for tasks to queue
[2024-12-04T13:42:31.427+0100] {logging_mixin.py:190} INFO - [2024-12-04T13:42:31.427+0100] {dagbag.py:588} INFO - Filling up the DagBag from /Users/sijibomijoshua/airflow/airflow_env/lib/python3.11/site-packages/airflow/example_dags/example_datasets.py
[2024-12-04T13:42:31.462+0100] {processor.py:925} INFO - DAG(s) 'conditional_dataset_and_time_based_timetable', 'consume_1_or_2_with_dataset_expressions', 'dataset_consumes_1_never_scheduled', 'dataset_consumes_unknown_never_scheduled', 'dataset_produces_2', 'dataset_consumes_1', 'dataset_consumes_1_and_2', 'dataset_produces_1', 'consume_1_and_2_with_dataset_expressions', 'consume_1_or_both_2_and_3_with_dataset_expressions' retrieved from /Users/sijibomijoshua/airflow/airflow_env/lib/python3.11/site-packages/airflow/example_dags/example_datasets.py
[2024-12-04T13:42:31.530+0100] {logging_mixin.py:190} INFO - [2024-12-04T13:42:31.530+0100] {dag.py:3239} INFO - Sync 10 DAGs
[2024-12-04T13:42:31.538+0100] {logging_mixin.py:190} INFO - [2024-12-04T13:42:31.537+0100] {dag.py:4180} INFO - Setting next_dagrun for conditional_dataset_and_time_based_timetable to 2024-12-04 01:00:00+00:00, run_after=2024-12-04 01:00:00+00:00
[2024-12-04T13:42:31.539+0100] {logging_mixin.py:190} INFO - [2024-12-04T13:42:31.539+0100] {dag.py:4180} INFO - Setting next_dagrun for consume_1_and_2_with_dataset_expressions to None, run_after=None
[2024-12-04T13:42:31.539+0100] {logging_mixin.py:190} INFO - [2024-12-04T13:42:31.539+0100] {dag.py:4180} INFO - Setting next_dagrun for consume_1_or_2_with_dataset_expressions to None, run_after=None
[2024-12-04T13:42:31.539+0100] {logging_mixin.py:190} INFO - [2024-12-04T13:42:31.539+0100] {dag.py:4180} INFO - Setting next_dagrun for consume_1_or_both_2_and_3_with_dataset_expressions to None, run_after=None
[2024-12-04T13:42:31.539+0100] {logging_mixin.py:190} INFO - [2024-12-04T13:42:31.539+0100] {dag.py:4180} INFO - Setting next_dagrun for dataset_consumes_1 to None, run_after=None
[2024-12-04T13:42:31.540+0100] {logging_mixin.py:190} INFO - [2024-12-04T13:42:31.540+0100] {dag.py:4180} INFO - Setting next_dagrun for dataset_consumes_1_and_2 to None, run_after=None
[2024-12-04T13:42:31.540+0100] {logging_mixin.py:190} INFO - [2024-12-04T13:42:31.540+0100] {dag.py:4180} INFO - Setting next_dagrun for dataset_consumes_1_never_scheduled to None, run_after=None
[2024-12-04T13:42:31.540+0100] {logging_mixin.py:190} INFO - [2024-12-04T13:42:31.540+0100] {dag.py:4180} INFO - Setting next_dagrun for dataset_consumes_unknown_never_scheduled to None, run_after=None
[2024-12-04T13:42:31.541+0100] {logging_mixin.py:190} INFO - [2024-12-04T13:42:31.541+0100] {dag.py:4180} INFO - Setting next_dagrun for dataset_produces_1 to 2024-12-03 00:00:00+00:00, run_after=2024-12-04 00:00:00+00:00
[2024-12-04T13:42:31.541+0100] {logging_mixin.py:190} INFO - [2024-12-04T13:42:31.541+0100] {dag.py:4180} INFO - Setting next_dagrun for dataset_produces_2 to None, run_after=None
[2024-12-04T13:42:31.552+0100] {processor.py:208} INFO - Processing /Users/sijibomijoshua/airflow/airflow_env/lib/python3.11/site-packages/airflow/example_dags/example_datasets.py took 0.129 seconds
