[2024-12-04T12:42:36.021+0100] {processor.py:186} INFO - Started process (PID=83248) to work on /Users/sijibomijoshua/.pyenv/versions/3.11.6/lib/python3.11/site-packages/airflow/example_dags/example_python_decorator.py
[2024-12-04T12:42:36.021+0100] {processor.py:914} INFO - Processing file /Users/sijibomijoshua/.pyenv/versions/3.11.6/lib/python3.11/site-packages/airflow/example_dags/example_python_decorator.py for tasks to queue
[2024-12-04T12:42:36.022+0100] {logging_mixin.py:190} INFO - [2024-12-04T12:42:36.022+0100] {dagbag.py:588} INFO - Filling up the DagBag from /Users/sijibomijoshua/.pyenv/versions/3.11.6/lib/python3.11/site-packages/airflow/example_dags/example_python_decorator.py
[2024-12-04T12:42:36.036+0100] {logging_mixin.py:190} INFO - [2024-12-04T12:42:36.036+0100] {example_python_decorator.py:80} WARNING - The virtalenv_python example task requires virtualenv, please install it.
[2024-12-04T12:42:36.037+0100] {processor.py:925} INFO - DAG(s) 'example_python_decorator' retrieved from /Users/sijibomijoshua/.pyenv/versions/3.11.6/lib/python3.11/site-packages/airflow/example_dags/example_python_decorator.py
[2024-12-04T12:42:36.129+0100] {logging_mixin.py:190} INFO - [2024-12-04T12:42:36.129+0100] {override.py:1911} INFO - Created Permission View: can edit on DAG:example_python_decorator
[2024-12-04T12:42:36.133+0100] {logging_mixin.py:190} INFO - [2024-12-04T12:42:36.132+0100] {override.py:1911} INFO - Created Permission View: can read on DAG:example_python_decorator
[2024-12-04T12:42:36.134+0100] {logging_mixin.py:190} INFO - [2024-12-04T12:42:36.134+0100] {override.py:1911} INFO - Created Permission View: can delete on DAG:example_python_decorator
[2024-12-04T12:42:36.137+0100] {logging_mixin.py:190} INFO - [2024-12-04T12:42:36.137+0100] {override.py:1911} INFO - Created Permission View: can read on DAG Run:example_python_decorator
[2024-12-04T12:42:36.139+0100] {logging_mixin.py:190} INFO - [2024-12-04T12:42:36.139+0100] {override.py:1911} INFO - Created Permission View: can create on DAG Run:example_python_decorator
[2024-12-04T12:42:36.141+0100] {logging_mixin.py:190} INFO - [2024-12-04T12:42:36.141+0100] {override.py:1911} INFO - Created Permission View: can delete on DAG Run:example_python_decorator
[2024-12-04T12:42:36.143+0100] {logging_mixin.py:190} INFO - [2024-12-04T12:42:36.143+0100] {override.py:1911} INFO - Created Permission View: menu access on DAG Run:example_python_decorator
[2024-12-04T12:42:36.143+0100] {logging_mixin.py:190} INFO - [2024-12-04T12:42:36.143+0100] {dag.py:3239} INFO - Sync 1 DAGs
[2024-12-04T12:42:36.147+0100] {logging_mixin.py:190} INFO - [2024-12-04T12:42:36.147+0100] {dag.py:3262} INFO - Creating ORM DAG for example_python_decorator
[2024-12-04T12:42:36.147+0100] {logging_mixin.py:190} INFO - [2024-12-04T12:42:36.147+0100] {dag.py:4180} INFO - Setting next_dagrun for example_python_decorator to None, run_after=None
[2024-12-04T12:42:36.152+0100] {processor.py:208} INFO - Processing /Users/sijibomijoshua/.pyenv/versions/3.11.6/lib/python3.11/site-packages/airflow/example_dags/example_python_decorator.py took 0.133 seconds
[2024-12-04T12:44:15.678+0100] {processor.py:186} INFO - Started process (PID=84794) to work on /Users/sijibomijoshua/.pyenv/versions/3.11.6/lib/python3.11/site-packages/airflow/example_dags/example_python_decorator.py
[2024-12-04T12:44:15.680+0100] {processor.py:914} INFO - Processing file /Users/sijibomijoshua/.pyenv/versions/3.11.6/lib/python3.11/site-packages/airflow/example_dags/example_python_decorator.py for tasks to queue
[2024-12-04T12:44:15.682+0100] {logging_mixin.py:190} INFO - [2024-12-04T12:44:15.682+0100] {dagbag.py:588} INFO - Filling up the DagBag from /Users/sijibomijoshua/.pyenv/versions/3.11.6/lib/python3.11/site-packages/airflow/example_dags/example_python_decorator.py
[2024-12-04T12:44:15.699+0100] {logging_mixin.py:190} INFO - [2024-12-04T12:44:15.698+0100] {example_python_decorator.py:80} WARNING - The virtalenv_python example task requires virtualenv, please install it.
[2024-12-04T12:44:15.700+0100] {processor.py:925} INFO - DAG(s) 'example_python_decorator' retrieved from /Users/sijibomijoshua/.pyenv/versions/3.11.6/lib/python3.11/site-packages/airflow/example_dags/example_python_decorator.py
[2024-12-04T12:44:15.761+0100] {logging_mixin.py:190} INFO - [2024-12-04T12:44:15.761+0100] {dag.py:3239} INFO - Sync 1 DAGs
[2024-12-04T12:44:15.765+0100] {logging_mixin.py:190} INFO - [2024-12-04T12:44:15.765+0100] {dag.py:4180} INFO - Setting next_dagrun for example_python_decorator to None, run_after=None
[2024-12-04T12:44:15.772+0100] {processor.py:208} INFO - Processing /Users/sijibomijoshua/.pyenv/versions/3.11.6/lib/python3.11/site-packages/airflow/example_dags/example_python_decorator.py took 0.103 seconds
[2024-12-04T12:46:31.793+0100] {processor.py:186} INFO - Started process (PID=86914) to work on /Users/sijibomijoshua/.pyenv/versions/3.11.6/lib/python3.11/site-packages/airflow/example_dags/example_python_decorator.py
[2024-12-04T12:46:31.793+0100] {processor.py:914} INFO - Processing file /Users/sijibomijoshua/.pyenv/versions/3.11.6/lib/python3.11/site-packages/airflow/example_dags/example_python_decorator.py for tasks to queue
[2024-12-04T12:46:31.794+0100] {logging_mixin.py:190} INFO - [2024-12-04T12:46:31.794+0100] {dagbag.py:588} INFO - Filling up the DagBag from /Users/sijibomijoshua/.pyenv/versions/3.11.6/lib/python3.11/site-packages/airflow/example_dags/example_python_decorator.py
[2024-12-04T12:46:31.809+0100] {logging_mixin.py:190} INFO - [2024-12-04T12:46:31.809+0100] {example_python_decorator.py:80} WARNING - The virtalenv_python example task requires virtualenv, please install it.
[2024-12-04T12:46:31.810+0100] {processor.py:925} INFO - DAG(s) 'example_python_decorator' retrieved from /Users/sijibomijoshua/.pyenv/versions/3.11.6/lib/python3.11/site-packages/airflow/example_dags/example_python_decorator.py
[2024-12-04T12:46:31.871+0100] {logging_mixin.py:190} INFO - [2024-12-04T12:46:31.871+0100] {dag.py:3239} INFO - Sync 1 DAGs
[2024-12-04T12:46:31.875+0100] {logging_mixin.py:190} INFO - [2024-12-04T12:46:31.875+0100] {dag.py:4180} INFO - Setting next_dagrun for example_python_decorator to None, run_after=None
[2024-12-04T12:46:31.883+0100] {processor.py:208} INFO - Processing /Users/sijibomijoshua/.pyenv/versions/3.11.6/lib/python3.11/site-packages/airflow/example_dags/example_python_decorator.py took 0.092 seconds
[2024-12-04T13:25:39.869+0100] {processor.py:186} INFO - Started process (PID=20163) to work on /Users/sijibomijoshua/.pyenv/versions/3.11.6/lib/python3.11/site-packages/airflow/example_dags/example_python_decorator.py
[2024-12-04T13:25:39.869+0100] {processor.py:914} INFO - Processing file /Users/sijibomijoshua/.pyenv/versions/3.11.6/lib/python3.11/site-packages/airflow/example_dags/example_python_decorator.py for tasks to queue
[2024-12-04T13:25:39.871+0100] {logging_mixin.py:190} INFO - [2024-12-04T13:25:39.870+0100] {dagbag.py:588} INFO - Filling up the DagBag from /Users/sijibomijoshua/.pyenv/versions/3.11.6/lib/python3.11/site-packages/airflow/example_dags/example_python_decorator.py
[2024-12-04T13:25:39.884+0100] {logging_mixin.py:190} INFO - [2024-12-04T13:25:39.884+0100] {example_python_decorator.py:80} WARNING - The virtalenv_python example task requires virtualenv, please install it.
[2024-12-04T13:25:39.885+0100] {processor.py:925} INFO - DAG(s) 'example_python_decorator' retrieved from /Users/sijibomijoshua/.pyenv/versions/3.11.6/lib/python3.11/site-packages/airflow/example_dags/example_python_decorator.py
[2024-12-04T13:25:39.941+0100] {logging_mixin.py:190} INFO - [2024-12-04T13:25:39.941+0100] {dag.py:3239} INFO - Sync 1 DAGs
[2024-12-04T13:25:39.945+0100] {logging_mixin.py:190} INFO - [2024-12-04T13:25:39.945+0100] {dag.py:4180} INFO - Setting next_dagrun for example_python_decorator to None, run_after=None
[2024-12-04T13:25:39.952+0100] {processor.py:208} INFO - Processing /Users/sijibomijoshua/.pyenv/versions/3.11.6/lib/python3.11/site-packages/airflow/example_dags/example_python_decorator.py took 0.085 seconds
[2024-12-04T13:37:35.424+0100] {processor.py:186} INFO - Started process (PID=35207) to work on /Users/sijibomijoshua/airflow/airflow_env/lib/python3.11/site-packages/airflow/example_dags/example_python_decorator.py
[2024-12-04T13:37:35.425+0100] {processor.py:914} INFO - Processing file /Users/sijibomijoshua/airflow/airflow_env/lib/python3.11/site-packages/airflow/example_dags/example_python_decorator.py for tasks to queue
[2024-12-04T13:37:35.426+0100] {logging_mixin.py:190} INFO - [2024-12-04T13:37:35.426+0100] {dagbag.py:588} INFO - Filling up the DagBag from /Users/sijibomijoshua/airflow/airflow_env/lib/python3.11/site-packages/airflow/example_dags/example_python_decorator.py
[2024-12-04T13:37:35.443+0100] {logging_mixin.py:190} INFO - [2024-12-04T13:37:35.443+0100] {example_python_decorator.py:80} WARNING - The virtalenv_python example task requires virtualenv, please install it.
[2024-12-04T13:37:35.444+0100] {processor.py:925} INFO - DAG(s) 'example_python_decorator' retrieved from /Users/sijibomijoshua/airflow/airflow_env/lib/python3.11/site-packages/airflow/example_dags/example_python_decorator.py
[2024-12-04T13:37:35.549+0100] {logging_mixin.py:190} INFO - [2024-12-04T13:37:35.549+0100] {dag.py:3239} INFO - Sync 1 DAGs
[2024-12-04T13:37:35.553+0100] {logging_mixin.py:190} INFO - [2024-12-04T13:37:35.553+0100] {dag.py:4180} INFO - Setting next_dagrun for example_python_decorator to None, run_after=None
[2024-12-04T13:37:35.561+0100] {processor.py:208} INFO - Processing /Users/sijibomijoshua/airflow/airflow_env/lib/python3.11/site-packages/airflow/example_dags/example_python_decorator.py took 0.138 seconds
[2024-12-04T13:39:14.685+0100] {processor.py:186} INFO - Started process (PID=37474) to work on /Users/sijibomijoshua/airflow/airflow_env/lib/python3.11/site-packages/airflow/example_dags/example_python_decorator.py
[2024-12-04T13:39:14.686+0100] {processor.py:914} INFO - Processing file /Users/sijibomijoshua/airflow/airflow_env/lib/python3.11/site-packages/airflow/example_dags/example_python_decorator.py for tasks to queue
[2024-12-04T13:39:14.687+0100] {logging_mixin.py:190} INFO - [2024-12-04T13:39:14.687+0100] {dagbag.py:588} INFO - Filling up the DagBag from /Users/sijibomijoshua/airflow/airflow_env/lib/python3.11/site-packages/airflow/example_dags/example_python_decorator.py
[2024-12-04T13:39:14.701+0100] {logging_mixin.py:190} INFO - [2024-12-04T13:39:14.701+0100] {example_python_decorator.py:80} WARNING - The virtalenv_python example task requires virtualenv, please install it.
[2024-12-04T13:39:14.702+0100] {processor.py:925} INFO - DAG(s) 'example_python_decorator' retrieved from /Users/sijibomijoshua/airflow/airflow_env/lib/python3.11/site-packages/airflow/example_dags/example_python_decorator.py
[2024-12-04T13:39:14.759+0100] {logging_mixin.py:190} INFO - [2024-12-04T13:39:14.759+0100] {dag.py:3239} INFO - Sync 1 DAGs
[2024-12-04T13:39:14.763+0100] {logging_mixin.py:190} INFO - [2024-12-04T13:39:14.763+0100] {dag.py:4180} INFO - Setting next_dagrun for example_python_decorator to None, run_after=None
[2024-12-04T13:39:14.770+0100] {processor.py:208} INFO - Processing /Users/sijibomijoshua/airflow/airflow_env/lib/python3.11/site-packages/airflow/example_dags/example_python_decorator.py took 0.086 seconds
[2024-12-04T13:41:29.655+0100] {processor.py:186} INFO - Started process (PID=40469) to work on /Users/sijibomijoshua/airflow/airflow_env/lib/python3.11/site-packages/airflow/example_dags/example_python_decorator.py
[2024-12-04T13:41:29.655+0100] {processor.py:914} INFO - Processing file /Users/sijibomijoshua/airflow/airflow_env/lib/python3.11/site-packages/airflow/example_dags/example_python_decorator.py for tasks to queue
[2024-12-04T13:41:29.656+0100] {logging_mixin.py:190} INFO - [2024-12-04T13:41:29.656+0100] {dagbag.py:588} INFO - Filling up the DagBag from /Users/sijibomijoshua/airflow/airflow_env/lib/python3.11/site-packages/airflow/example_dags/example_python_decorator.py
[2024-12-04T13:41:29.670+0100] {logging_mixin.py:190} INFO - [2024-12-04T13:41:29.669+0100] {example_python_decorator.py:80} WARNING - The virtalenv_python example task requires virtualenv, please install it.
[2024-12-04T13:41:29.670+0100] {processor.py:925} INFO - DAG(s) 'example_python_decorator' retrieved from /Users/sijibomijoshua/airflow/airflow_env/lib/python3.11/site-packages/airflow/example_dags/example_python_decorator.py
[2024-12-04T13:41:29.727+0100] {logging_mixin.py:190} INFO - [2024-12-04T13:41:29.727+0100] {dag.py:3239} INFO - Sync 1 DAGs
[2024-12-04T13:41:29.731+0100] {logging_mixin.py:190} INFO - [2024-12-04T13:41:29.731+0100] {dag.py:4180} INFO - Setting next_dagrun for example_python_decorator to None, run_after=None
[2024-12-04T13:41:29.738+0100] {processor.py:208} INFO - Processing /Users/sijibomijoshua/airflow/airflow_env/lib/python3.11/site-packages/airflow/example_dags/example_python_decorator.py took 0.085 seconds
[2024-12-04T13:43:45.761+0100] {processor.py:186} INFO - Started process (PID=43434) to work on /Users/sijibomijoshua/airflow/airflow_env/lib/python3.11/site-packages/airflow/example_dags/example_python_decorator.py
[2024-12-04T13:43:45.762+0100] {processor.py:914} INFO - Processing file /Users/sijibomijoshua/airflow/airflow_env/lib/python3.11/site-packages/airflow/example_dags/example_python_decorator.py for tasks to queue
[2024-12-04T13:43:45.763+0100] {logging_mixin.py:190} INFO - [2024-12-04T13:43:45.763+0100] {dagbag.py:588} INFO - Filling up the DagBag from /Users/sijibomijoshua/airflow/airflow_env/lib/python3.11/site-packages/airflow/example_dags/example_python_decorator.py
[2024-12-04T13:43:45.777+0100] {logging_mixin.py:190} INFO - [2024-12-04T13:43:45.777+0100] {example_python_decorator.py:80} WARNING - The virtalenv_python example task requires virtualenv, please install it.
[2024-12-04T13:43:45.778+0100] {processor.py:925} INFO - DAG(s) 'example_python_decorator' retrieved from /Users/sijibomijoshua/airflow/airflow_env/lib/python3.11/site-packages/airflow/example_dags/example_python_decorator.py
[2024-12-04T13:43:45.841+0100] {logging_mixin.py:190} INFO - [2024-12-04T13:43:45.840+0100] {dag.py:3239} INFO - Sync 1 DAGs
[2024-12-04T13:43:45.844+0100] {logging_mixin.py:190} INFO - [2024-12-04T13:43:45.844+0100] {dag.py:4180} INFO - Setting next_dagrun for example_python_decorator to None, run_after=None
[2024-12-04T13:43:45.851+0100] {processor.py:208} INFO - Processing /Users/sijibomijoshua/airflow/airflow_env/lib/python3.11/site-packages/airflow/example_dags/example_python_decorator.py took 0.092 seconds
