[2024-12-04T12:43:20.127+0100] {processor.py:186} INFO - Started process (PID=83954) to work on /Users/sijibomijoshua/.pyenv/versions/3.11.6/lib/python3.11/site-packages/airflow/example_dags/example_branch_datetime_operator.py
[2024-12-04T12:43:20.128+0100] {processor.py:914} INFO - Processing file /Users/sijibomijoshua/.pyenv/versions/3.11.6/lib/python3.11/site-packages/airflow/example_dags/example_branch_datetime_operator.py for tasks to queue
[2024-12-04T12:43:20.129+0100] {logging_mixin.py:190} INFO - [2024-12-04T12:43:20.129+0100] {dagbag.py:588} INFO - Filling up the DagBag from /Users/sijibomijoshua/.pyenv/versions/3.11.6/lib/python3.11/site-packages/airflow/example_dags/example_branch_datetime_operator.py
[2024-12-04T12:43:20.134+0100] {processor.py:925} INFO - DAG(s) 'example_branch_datetime_operator', 'example_branch_datetime_operator_2', 'example_branch_datetime_operator_3' retrieved from /Users/sijibomijoshua/.pyenv/versions/3.11.6/lib/python3.11/site-packages/airflow/example_dags/example_branch_datetime_operator.py
[2024-12-04T12:43:20.219+0100] {logging_mixin.py:190} INFO - [2024-12-04T12:43:20.219+0100] {override.py:1911} INFO - Created Permission View: can edit on DAG:example_branch_datetime_operator
[2024-12-04T12:43:20.222+0100] {logging_mixin.py:190} INFO - [2024-12-04T12:43:20.222+0100] {override.py:1911} INFO - Created Permission View: can delete on DAG:example_branch_datetime_operator
[2024-12-04T12:43:20.224+0100] {logging_mixin.py:190} INFO - [2024-12-04T12:43:20.224+0100] {override.py:1911} INFO - Created Permission View: can read on DAG:example_branch_datetime_operator
[2024-12-04T12:43:20.226+0100] {logging_mixin.py:190} INFO - [2024-12-04T12:43:20.226+0100] {override.py:1911} INFO - Created Permission View: can create on DAG Run:example_branch_datetime_operator
[2024-12-04T12:43:20.228+0100] {logging_mixin.py:190} INFO - [2024-12-04T12:43:20.228+0100] {override.py:1911} INFO - Created Permission View: menu access on DAG Run:example_branch_datetime_operator
[2024-12-04T12:43:20.230+0100] {logging_mixin.py:190} INFO - [2024-12-04T12:43:20.230+0100] {override.py:1911} INFO - Created Permission View: can delete on DAG Run:example_branch_datetime_operator
[2024-12-04T12:43:20.232+0100] {logging_mixin.py:190} INFO - [2024-12-04T12:43:20.232+0100] {override.py:1911} INFO - Created Permission View: can read on DAG Run:example_branch_datetime_operator
[2024-12-04T12:43:20.237+0100] {logging_mixin.py:190} INFO - [2024-12-04T12:43:20.237+0100] {override.py:1911} INFO - Created Permission View: can edit on DAG:example_branch_datetime_operator_2
[2024-12-04T12:43:20.239+0100] {logging_mixin.py:190} INFO - [2024-12-04T12:43:20.239+0100] {override.py:1911} INFO - Created Permission View: can delete on DAG:example_branch_datetime_operator_2
[2024-12-04T12:43:20.241+0100] {logging_mixin.py:190} INFO - [2024-12-04T12:43:20.241+0100] {override.py:1911} INFO - Created Permission View: can read on DAG:example_branch_datetime_operator_2
[2024-12-04T12:43:20.243+0100] {logging_mixin.py:190} INFO - [2024-12-04T12:43:20.243+0100] {override.py:1911} INFO - Created Permission View: can create on DAG Run:example_branch_datetime_operator_2
[2024-12-04T12:43:20.245+0100] {logging_mixin.py:190} INFO - [2024-12-04T12:43:20.245+0100] {override.py:1911} INFO - Created Permission View: menu access on DAG Run:example_branch_datetime_operator_2
[2024-12-04T12:43:20.246+0100] {logging_mixin.py:190} INFO - [2024-12-04T12:43:20.246+0100] {override.py:1911} INFO - Created Permission View: can delete on DAG Run:example_branch_datetime_operator_2
[2024-12-04T12:43:20.248+0100] {logging_mixin.py:190} INFO - [2024-12-04T12:43:20.248+0100] {override.py:1911} INFO - Created Permission View: can read on DAG Run:example_branch_datetime_operator_2
[2024-12-04T12:43:20.252+0100] {logging_mixin.py:190} INFO - [2024-12-04T12:43:20.252+0100] {override.py:1911} INFO - Created Permission View: can edit on DAG:example_branch_datetime_operator_3
[2024-12-04T12:43:20.253+0100] {logging_mixin.py:190} INFO - [2024-12-04T12:43:20.253+0100] {override.py:1911} INFO - Created Permission View: can delete on DAG:example_branch_datetime_operator_3
[2024-12-04T12:43:20.255+0100] {logging_mixin.py:190} INFO - [2024-12-04T12:43:20.255+0100] {override.py:1911} INFO - Created Permission View: can read on DAG:example_branch_datetime_operator_3
[2024-12-04T12:43:20.257+0100] {logging_mixin.py:190} INFO - [2024-12-04T12:43:20.257+0100] {override.py:1911} INFO - Created Permission View: can create on DAG Run:example_branch_datetime_operator_3
[2024-12-04T12:43:20.259+0100] {logging_mixin.py:190} INFO - [2024-12-04T12:43:20.259+0100] {override.py:1911} INFO - Created Permission View: menu access on DAG Run:example_branch_datetime_operator_3
[2024-12-04T12:43:20.261+0100] {logging_mixin.py:190} INFO - [2024-12-04T12:43:20.261+0100] {override.py:1911} INFO - Created Permission View: can delete on DAG Run:example_branch_datetime_operator_3
[2024-12-04T12:43:20.262+0100] {logging_mixin.py:190} INFO - [2024-12-04T12:43:20.262+0100] {override.py:1911} INFO - Created Permission View: can read on DAG Run:example_branch_datetime_operator_3
[2024-12-04T12:43:20.263+0100] {logging_mixin.py:190} INFO - [2024-12-04T12:43:20.262+0100] {dag.py:3239} INFO - Sync 3 DAGs
[2024-12-04T12:43:20.267+0100] {logging_mixin.py:190} INFO - [2024-12-04T12:43:20.267+0100] {dag.py:3262} INFO - Creating ORM DAG for example_branch_datetime_operator
[2024-12-04T12:43:20.267+0100] {logging_mixin.py:190} INFO - [2024-12-04T12:43:20.267+0100] {dag.py:3262} INFO - Creating ORM DAG for example_branch_datetime_operator_3
[2024-12-04T12:43:20.267+0100] {logging_mixin.py:190} INFO - [2024-12-04T12:43:20.267+0100] {dag.py:3262} INFO - Creating ORM DAG for example_branch_datetime_operator_2
[2024-12-04T12:43:20.270+0100] {logging_mixin.py:190} INFO - [2024-12-04T12:43:20.270+0100] {dag.py:4180} INFO - Setting next_dagrun for example_branch_datetime_operator to 2024-12-03 00:00:00+00:00, run_after=2024-12-04 00:00:00+00:00
[2024-12-04T12:43:20.271+0100] {logging_mixin.py:190} INFO - [2024-12-04T12:43:20.271+0100] {dag.py:4180} INFO - Setting next_dagrun for example_branch_datetime_operator_2 to 2024-12-03 00:00:00+00:00, run_after=2024-12-04 00:00:00+00:00
[2024-12-04T12:43:20.271+0100] {logging_mixin.py:190} INFO - [2024-12-04T12:43:20.271+0100] {dag.py:4180} INFO - Setting next_dagrun for example_branch_datetime_operator_3 to 2024-12-03 00:00:00+00:00, run_after=2024-12-04 00:00:00+00:00
[2024-12-04T12:43:20.277+0100] {processor.py:208} INFO - Processing /Users/sijibomijoshua/.pyenv/versions/3.11.6/lib/python3.11/site-packages/airflow/example_dags/example_branch_datetime_operator.py took 0.151 seconds
[2024-12-04T12:45:36.007+0100] {processor.py:186} INFO - Started process (PID=86058) to work on /Users/sijibomijoshua/.pyenv/versions/3.11.6/lib/python3.11/site-packages/airflow/example_dags/example_branch_datetime_operator.py
[2024-12-04T12:45:36.008+0100] {processor.py:914} INFO - Processing file /Users/sijibomijoshua/.pyenv/versions/3.11.6/lib/python3.11/site-packages/airflow/example_dags/example_branch_datetime_operator.py for tasks to queue
[2024-12-04T12:45:36.009+0100] {logging_mixin.py:190} INFO - [2024-12-04T12:45:36.009+0100] {dagbag.py:588} INFO - Filling up the DagBag from /Users/sijibomijoshua/.pyenv/versions/3.11.6/lib/python3.11/site-packages/airflow/example_dags/example_branch_datetime_operator.py
[2024-12-04T12:45:36.014+0100] {processor.py:925} INFO - DAG(s) 'example_branch_datetime_operator', 'example_branch_datetime_operator_3', 'example_branch_datetime_operator_2' retrieved from /Users/sijibomijoshua/.pyenv/versions/3.11.6/lib/python3.11/site-packages/airflow/example_dags/example_branch_datetime_operator.py
[2024-12-04T12:45:36.073+0100] {logging_mixin.py:190} INFO - [2024-12-04T12:45:36.072+0100] {dag.py:3239} INFO - Sync 3 DAGs
[2024-12-04T12:45:36.080+0100] {logging_mixin.py:190} INFO - [2024-12-04T12:45:36.080+0100] {dag.py:4180} INFO - Setting next_dagrun for example_branch_datetime_operator to 2024-12-03 00:00:00+00:00, run_after=2024-12-04 00:00:00+00:00
[2024-12-04T12:45:36.082+0100] {logging_mixin.py:190} INFO - [2024-12-04T12:45:36.082+0100] {dag.py:4180} INFO - Setting next_dagrun for example_branch_datetime_operator_2 to 2024-12-03 00:00:00+00:00, run_after=2024-12-04 00:00:00+00:00
[2024-12-04T12:45:36.083+0100] {logging_mixin.py:190} INFO - [2024-12-04T12:45:36.083+0100] {dag.py:4180} INFO - Setting next_dagrun for example_branch_datetime_operator_3 to 2024-12-03 00:00:00+00:00, run_after=2024-12-04 00:00:00+00:00
[2024-12-04T12:45:36.089+0100] {processor.py:208} INFO - Processing /Users/sijibomijoshua/.pyenv/versions/3.11.6/lib/python3.11/site-packages/airflow/example_dags/example_branch_datetime_operator.py took 0.083 seconds
[2024-12-04T12:47:52.584+0100] {processor.py:186} INFO - Started process (PID=88150) to work on /Users/sijibomijoshua/.pyenv/versions/3.11.6/lib/python3.11/site-packages/airflow/example_dags/example_branch_datetime_operator.py
[2024-12-04T12:47:52.584+0100] {processor.py:914} INFO - Processing file /Users/sijibomijoshua/.pyenv/versions/3.11.6/lib/python3.11/site-packages/airflow/example_dags/example_branch_datetime_operator.py for tasks to queue
[2024-12-04T12:47:52.585+0100] {logging_mixin.py:190} INFO - [2024-12-04T12:47:52.585+0100] {dagbag.py:588} INFO - Filling up the DagBag from /Users/sijibomijoshua/.pyenv/versions/3.11.6/lib/python3.11/site-packages/airflow/example_dags/example_branch_datetime_operator.py
[2024-12-04T12:47:52.591+0100] {processor.py:925} INFO - DAG(s) 'example_branch_datetime_operator_3', 'example_branch_datetime_operator_2', 'example_branch_datetime_operator' retrieved from /Users/sijibomijoshua/.pyenv/versions/3.11.6/lib/python3.11/site-packages/airflow/example_dags/example_branch_datetime_operator.py
[2024-12-04T12:47:52.654+0100] {logging_mixin.py:190} INFO - [2024-12-04T12:47:52.654+0100] {dag.py:3239} INFO - Sync 3 DAGs
[2024-12-04T12:47:52.661+0100] {logging_mixin.py:190} INFO - [2024-12-04T12:47:52.661+0100] {dag.py:4180} INFO - Setting next_dagrun for example_branch_datetime_operator to 2024-12-03 00:00:00+00:00, run_after=2024-12-04 00:00:00+00:00
[2024-12-04T12:47:52.662+0100] {logging_mixin.py:190} INFO - [2024-12-04T12:47:52.662+0100] {dag.py:4180} INFO - Setting next_dagrun for example_branch_datetime_operator_2 to 2024-12-03 00:00:00+00:00, run_after=2024-12-04 00:00:00+00:00
[2024-12-04T12:47:52.663+0100] {logging_mixin.py:190} INFO - [2024-12-04T12:47:52.663+0100] {dag.py:4180} INFO - Setting next_dagrun for example_branch_datetime_operator_3 to 2024-12-03 00:00:00+00:00, run_after=2024-12-04 00:00:00+00:00
[2024-12-04T12:47:52.668+0100] {processor.py:208} INFO - Processing /Users/sijibomijoshua/.pyenv/versions/3.11.6/lib/python3.11/site-packages/airflow/example_dags/example_branch_datetime_operator.py took 0.086 seconds
[2024-12-04T13:26:23.566+0100] {processor.py:186} INFO - Started process (PID=20963) to work on /Users/sijibomijoshua/.pyenv/versions/3.11.6/lib/python3.11/site-packages/airflow/example_dags/example_branch_datetime_operator.py
[2024-12-04T13:26:23.567+0100] {processor.py:914} INFO - Processing file /Users/sijibomijoshua/.pyenv/versions/3.11.6/lib/python3.11/site-packages/airflow/example_dags/example_branch_datetime_operator.py for tasks to queue
[2024-12-04T13:26:23.568+0100] {logging_mixin.py:190} INFO - [2024-12-04T13:26:23.568+0100] {dagbag.py:588} INFO - Filling up the DagBag from /Users/sijibomijoshua/.pyenv/versions/3.11.6/lib/python3.11/site-packages/airflow/example_dags/example_branch_datetime_operator.py
[2024-12-04T13:26:23.573+0100] {processor.py:925} INFO - DAG(s) 'example_branch_datetime_operator_3', 'example_branch_datetime_operator', 'example_branch_datetime_operator_2' retrieved from /Users/sijibomijoshua/.pyenv/versions/3.11.6/lib/python3.11/site-packages/airflow/example_dags/example_branch_datetime_operator.py
[2024-12-04T13:26:23.638+0100] {logging_mixin.py:190} INFO - [2024-12-04T13:26:23.638+0100] {dag.py:3239} INFO - Sync 3 DAGs
[2024-12-04T13:26:23.645+0100] {logging_mixin.py:190} INFO - [2024-12-04T13:26:23.645+0100] {dag.py:4180} INFO - Setting next_dagrun for example_branch_datetime_operator to 2024-12-03 00:00:00+00:00, run_after=2024-12-04 00:00:00+00:00
[2024-12-04T13:26:23.647+0100] {logging_mixin.py:190} INFO - [2024-12-04T13:26:23.646+0100] {dag.py:4180} INFO - Setting next_dagrun for example_branch_datetime_operator_2 to 2024-12-03 00:00:00+00:00, run_after=2024-12-04 00:00:00+00:00
[2024-12-04T13:26:23.647+0100] {logging_mixin.py:190} INFO - [2024-12-04T13:26:23.647+0100] {dag.py:4180} INFO - Setting next_dagrun for example_branch_datetime_operator_3 to 2024-12-03 00:00:00+00:00, run_after=2024-12-04 00:00:00+00:00
[2024-12-04T13:26:23.654+0100] {processor.py:208} INFO - Processing /Users/sijibomijoshua/.pyenv/versions/3.11.6/lib/python3.11/site-packages/airflow/example_dags/example_branch_datetime_operator.py took 0.089 seconds
[2024-12-04T13:38:16.244+0100] {processor.py:186} INFO - Started process (PID=36149) to work on /Users/sijibomijoshua/airflow/airflow_env/lib/python3.11/site-packages/airflow/example_dags/example_branch_datetime_operator.py
[2024-12-04T13:38:16.245+0100] {processor.py:914} INFO - Processing file /Users/sijibomijoshua/airflow/airflow_env/lib/python3.11/site-packages/airflow/example_dags/example_branch_datetime_operator.py for tasks to queue
[2024-12-04T13:38:16.246+0100] {logging_mixin.py:190} INFO - [2024-12-04T13:38:16.246+0100] {dagbag.py:588} INFO - Filling up the DagBag from /Users/sijibomijoshua/airflow/airflow_env/lib/python3.11/site-packages/airflow/example_dags/example_branch_datetime_operator.py
[2024-12-04T13:38:16.251+0100] {processor.py:925} INFO - DAG(s) 'example_branch_datetime_operator_2', 'example_branch_datetime_operator_3', 'example_branch_datetime_operator' retrieved from /Users/sijibomijoshua/airflow/airflow_env/lib/python3.11/site-packages/airflow/example_dags/example_branch_datetime_operator.py
[2024-12-04T13:38:16.345+0100] {logging_mixin.py:190} INFO - [2024-12-04T13:38:16.345+0100] {dag.py:3239} INFO - Sync 3 DAGs
[2024-12-04T13:38:16.352+0100] {logging_mixin.py:190} INFO - [2024-12-04T13:38:16.352+0100] {dag.py:4180} INFO - Setting next_dagrun for example_branch_datetime_operator to 2024-12-03 00:00:00+00:00, run_after=2024-12-04 00:00:00+00:00
[2024-12-04T13:38:16.353+0100] {logging_mixin.py:190} INFO - [2024-12-04T13:38:16.353+0100] {dag.py:4180} INFO - Setting next_dagrun for example_branch_datetime_operator_2 to 2024-12-03 00:00:00+00:00, run_after=2024-12-04 00:00:00+00:00
[2024-12-04T13:38:16.354+0100] {logging_mixin.py:190} INFO - [2024-12-04T13:38:16.354+0100] {dag.py:4180} INFO - Setting next_dagrun for example_branch_datetime_operator_3 to 2024-12-03 00:00:00+00:00, run_after=2024-12-04 00:00:00+00:00
[2024-12-04T13:38:16.361+0100] {processor.py:208} INFO - Processing /Users/sijibomijoshua/airflow/airflow_env/lib/python3.11/site-packages/airflow/example_dags/example_branch_datetime_operator.py took 0.119 seconds
[2024-12-04T13:40:38.154+0100] {processor.py:186} INFO - Started process (PID=39310) to work on /Users/sijibomijoshua/airflow/airflow_env/lib/python3.11/site-packages/airflow/example_dags/example_branch_datetime_operator.py
[2024-12-04T13:40:38.155+0100] {processor.py:914} INFO - Processing file /Users/sijibomijoshua/airflow/airflow_env/lib/python3.11/site-packages/airflow/example_dags/example_branch_datetime_operator.py for tasks to queue
[2024-12-04T13:40:38.156+0100] {logging_mixin.py:190} INFO - [2024-12-04T13:40:38.155+0100] {dagbag.py:588} INFO - Filling up the DagBag from /Users/sijibomijoshua/airflow/airflow_env/lib/python3.11/site-packages/airflow/example_dags/example_branch_datetime_operator.py
[2024-12-04T13:40:38.160+0100] {processor.py:925} INFO - DAG(s) 'example_branch_datetime_operator_3', 'example_branch_datetime_operator', 'example_branch_datetime_operator_2' retrieved from /Users/sijibomijoshua/airflow/airflow_env/lib/python3.11/site-packages/airflow/example_dags/example_branch_datetime_operator.py
[2024-12-04T13:40:38.219+0100] {logging_mixin.py:190} INFO - [2024-12-04T13:40:38.219+0100] {dag.py:3239} INFO - Sync 3 DAGs
[2024-12-04T13:40:38.226+0100] {logging_mixin.py:190} INFO - [2024-12-04T13:40:38.225+0100] {dag.py:4180} INFO - Setting next_dagrun for example_branch_datetime_operator to 2024-12-03 00:00:00+00:00, run_after=2024-12-04 00:00:00+00:00
[2024-12-04T13:40:38.227+0100] {logging_mixin.py:190} INFO - [2024-12-04T13:40:38.227+0100] {dag.py:4180} INFO - Setting next_dagrun for example_branch_datetime_operator_2 to 2024-12-03 00:00:00+00:00, run_after=2024-12-04 00:00:00+00:00
[2024-12-04T13:40:38.228+0100] {logging_mixin.py:190} INFO - [2024-12-04T13:40:38.228+0100] {dag.py:4180} INFO - Setting next_dagrun for example_branch_datetime_operator_3 to 2024-12-03 00:00:00+00:00, run_after=2024-12-04 00:00:00+00:00
[2024-12-04T13:40:38.234+0100] {processor.py:208} INFO - Processing /Users/sijibomijoshua/airflow/airflow_env/lib/python3.11/site-packages/airflow/example_dags/example_branch_datetime_operator.py took 0.081 seconds
[2024-12-04T13:42:49.963+0100] {processor.py:186} INFO - Started process (PID=42216) to work on /Users/sijibomijoshua/airflow/airflow_env/lib/python3.11/site-packages/airflow/example_dags/example_branch_datetime_operator.py
[2024-12-04T13:42:49.965+0100] {processor.py:914} INFO - Processing file /Users/sijibomijoshua/airflow/airflow_env/lib/python3.11/site-packages/airflow/example_dags/example_branch_datetime_operator.py for tasks to queue
[2024-12-04T13:42:49.966+0100] {logging_mixin.py:190} INFO - [2024-12-04T13:42:49.966+0100] {dagbag.py:588} INFO - Filling up the DagBag from /Users/sijibomijoshua/airflow/airflow_env/lib/python3.11/site-packages/airflow/example_dags/example_branch_datetime_operator.py
[2024-12-04T13:42:49.973+0100] {processor.py:925} INFO - DAG(s) 'example_branch_datetime_operator_3', 'example_branch_datetime_operator_2', 'example_branch_datetime_operator' retrieved from /Users/sijibomijoshua/airflow/airflow_env/lib/python3.11/site-packages/airflow/example_dags/example_branch_datetime_operator.py
[2024-12-04T13:42:50.066+0100] {logging_mixin.py:190} INFO - [2024-12-04T13:42:50.065+0100] {dag.py:3239} INFO - Sync 3 DAGs
[2024-12-04T13:42:50.073+0100] {logging_mixin.py:190} INFO - [2024-12-04T13:42:50.072+0100] {dag.py:4180} INFO - Setting next_dagrun for example_branch_datetime_operator to 2024-12-03 00:00:00+00:00, run_after=2024-12-04 00:00:00+00:00
[2024-12-04T13:42:50.074+0100] {logging_mixin.py:190} INFO - [2024-12-04T13:42:50.074+0100] {dag.py:4180} INFO - Setting next_dagrun for example_branch_datetime_operator_2 to 2024-12-03 00:00:00+00:00, run_after=2024-12-04 00:00:00+00:00
[2024-12-04T13:42:50.075+0100] {logging_mixin.py:190} INFO - [2024-12-04T13:42:50.075+0100] {dag.py:4180} INFO - Setting next_dagrun for example_branch_datetime_operator_3 to 2024-12-03 00:00:00+00:00, run_after=2024-12-04 00:00:00+00:00
[2024-12-04T13:42:50.081+0100] {processor.py:208} INFO - Processing /Users/sijibomijoshua/airflow/airflow_env/lib/python3.11/site-packages/airflow/example_dags/example_branch_datetime_operator.py took 0.121 seconds
