[2024-12-04T12:42:17.156+0100] {processor.py:186} INFO - Started process (PID=82972) to work on /Users/sijibomijoshua/.pyenv/versions/3.11.6/lib/python3.11/site-packages/airflow/example_dags/example_subdag_operator.py
[2024-12-04T12:42:17.156+0100] {processor.py:914} INFO - Processing file /Users/sijibomijoshua/.pyenv/versions/3.11.6/lib/python3.11/site-packages/airflow/example_dags/example_subdag_operator.py for tasks to queue
[2024-12-04T12:42:17.157+0100] {logging_mixin.py:190} INFO - [2024-12-04T12:42:17.157+0100] {dagbag.py:588} INFO - Filling up the DagBag from /Users/sijibomijoshua/.pyenv/versions/3.11.6/lib/python3.11/site-packages/airflow/example_dags/example_subdag_operator.py
[2024-12-04T12:42:17.196+0100] {processor.py:925} INFO - DAG(s) 'example_subdag_operator.section-1', 'example_subdag_operator.section-2', 'example_subdag_operator' retrieved from /Users/sijibomijoshua/.pyenv/versions/3.11.6/lib/python3.11/site-packages/airflow/example_dags/example_subdag_operator.py
[2024-12-04T12:42:17.414+0100] {logging_mixin.py:190} INFO - [2024-12-04T12:42:17.414+0100] {override.py:1911} INFO - Created Permission View: can read on DAG:example_subdag_operator
[2024-12-04T12:42:17.417+0100] {logging_mixin.py:190} INFO - [2024-12-04T12:42:17.416+0100] {override.py:1911} INFO - Created Permission View: can delete on DAG:example_subdag_operator
[2024-12-04T12:42:17.418+0100] {logging_mixin.py:190} INFO - [2024-12-04T12:42:17.418+0100] {override.py:1911} INFO - Created Permission View: can edit on DAG:example_subdag_operator
[2024-12-04T12:42:17.421+0100] {logging_mixin.py:190} INFO - [2024-12-04T12:42:17.421+0100] {override.py:1911} INFO - Created Permission View: can read on DAG Run:example_subdag_operator
[2024-12-04T12:42:17.423+0100] {logging_mixin.py:190} INFO - [2024-12-04T12:42:17.422+0100] {override.py:1911} INFO - Created Permission View: can create on DAG Run:example_subdag_operator
[2024-12-04T12:42:17.424+0100] {logging_mixin.py:190} INFO - [2024-12-04T12:42:17.424+0100] {override.py:1911} INFO - Created Permission View: menu access on DAG Run:example_subdag_operator
[2024-12-04T12:42:17.426+0100] {logging_mixin.py:190} INFO - [2024-12-04T12:42:17.426+0100] {override.py:1911} INFO - Created Permission View: can delete on DAG Run:example_subdag_operator
[2024-12-04T12:42:17.426+0100] {logging_mixin.py:190} INFO - [2024-12-04T12:42:17.426+0100] {dag.py:3239} INFO - Sync 3 DAGs
[2024-12-04T12:42:17.430+0100] {logging_mixin.py:190} INFO - [2024-12-04T12:42:17.430+0100] {dag.py:3262} INFO - Creating ORM DAG for example_subdag_operator
[2024-12-04T12:42:17.430+0100] {logging_mixin.py:190} INFO - [2024-12-04T12:42:17.430+0100] {dag.py:3262} INFO - Creating ORM DAG for example_subdag_operator.section-1
[2024-12-04T12:42:17.430+0100] {logging_mixin.py:190} INFO - [2024-12-04T12:42:17.430+0100] {dag.py:3262} INFO - Creating ORM DAG for example_subdag_operator.section-2
[2024-12-04T12:42:17.433+0100] {logging_mixin.py:190} INFO - [2024-12-04T12:42:17.433+0100] {dag.py:4180} INFO - Setting next_dagrun for example_subdag_operator to 2022-01-01 00:00:00+00:00, run_after=2022-01-01 00:00:00+00:00
[2024-12-04T12:42:17.433+0100] {logging_mixin.py:190} INFO - [2024-12-04T12:42:17.433+0100] {dag.py:4180} INFO - Setting next_dagrun for example_subdag_operator.section-1 to None, run_after=None
[2024-12-04T12:42:17.433+0100] {logging_mixin.py:190} INFO - [2024-12-04T12:42:17.433+0100] {dag.py:4180} INFO - Setting next_dagrun for example_subdag_operator.section-2 to None, run_after=None
[2024-12-04T12:42:17.435+0100] {logging_mixin.py:190} INFO - [2024-12-04T12:42:17.435+0100] {dag.py:3239} INFO - Sync 2 DAGs
[2024-12-04T12:42:17.437+0100] {logging_mixin.py:190} INFO - [2024-12-04T12:42:17.437+0100] {dag.py:4180} INFO - Setting next_dagrun for example_subdag_operator.section-1 to None, run_after=None
[2024-12-04T12:42:17.438+0100] {logging_mixin.py:190} INFO - [2024-12-04T12:42:17.438+0100] {dag.py:4180} INFO - Setting next_dagrun for example_subdag_operator.section-2 to None, run_after=None
[2024-12-04T12:42:17.471+0100] {processor.py:208} INFO - Processing /Users/sijibomijoshua/.pyenv/versions/3.11.6/lib/python3.11/site-packages/airflow/example_dags/example_subdag_operator.py took 0.317 seconds
[2024-12-04T12:43:57.281+0100] {processor.py:186} INFO - Started process (PID=84533) to work on /Users/sijibomijoshua/.pyenv/versions/3.11.6/lib/python3.11/site-packages/airflow/example_dags/example_subdag_operator.py
[2024-12-04T12:43:57.281+0100] {processor.py:914} INFO - Processing file /Users/sijibomijoshua/.pyenv/versions/3.11.6/lib/python3.11/site-packages/airflow/example_dags/example_subdag_operator.py for tasks to queue
[2024-12-04T12:43:57.282+0100] {logging_mixin.py:190} INFO - [2024-12-04T12:43:57.282+0100] {dagbag.py:588} INFO - Filling up the DagBag from /Users/sijibomijoshua/.pyenv/versions/3.11.6/lib/python3.11/site-packages/airflow/example_dags/example_subdag_operator.py
[2024-12-04T12:43:57.325+0100] {processor.py:925} INFO - DAG(s) 'example_subdag_operator.section-1', 'example_subdag_operator.section-2', 'example_subdag_operator' retrieved from /Users/sijibomijoshua/.pyenv/versions/3.11.6/lib/python3.11/site-packages/airflow/example_dags/example_subdag_operator.py
[2024-12-04T12:43:57.520+0100] {logging_mixin.py:190} INFO - [2024-12-04T12:43:57.520+0100] {dag.py:3239} INFO - Sync 3 DAGs
[2024-12-04T12:43:57.528+0100] {logging_mixin.py:190} INFO - [2024-12-04T12:43:57.528+0100] {dag.py:4180} INFO - Setting next_dagrun for example_subdag_operator to 2022-01-01 00:00:00+00:00, run_after=2022-01-01 00:00:00+00:00
[2024-12-04T12:43:57.530+0100] {logging_mixin.py:190} INFO - [2024-12-04T12:43:57.530+0100] {dag.py:4180} INFO - Setting next_dagrun for example_subdag_operator.section-1 to None, run_after=None
[2024-12-04T12:43:57.530+0100] {logging_mixin.py:190} INFO - [2024-12-04T12:43:57.530+0100] {dag.py:4180} INFO - Setting next_dagrun for example_subdag_operator.section-2 to None, run_after=None
[2024-12-04T12:43:57.533+0100] {logging_mixin.py:190} INFO - [2024-12-04T12:43:57.533+0100] {dag.py:3239} INFO - Sync 2 DAGs
[2024-12-04T12:43:57.535+0100] {logging_mixin.py:190} INFO - [2024-12-04T12:43:57.534+0100] {dag.py:4180} INFO - Setting next_dagrun for example_subdag_operator.section-1 to None, run_after=None
[2024-12-04T12:43:57.535+0100] {logging_mixin.py:190} INFO - [2024-12-04T12:43:57.535+0100] {dag.py:4180} INFO - Setting next_dagrun for example_subdag_operator.section-2 to None, run_after=None
[2024-12-04T12:43:57.539+0100] {processor.py:208} INFO - Processing /Users/sijibomijoshua/.pyenv/versions/3.11.6/lib/python3.11/site-packages/airflow/example_dags/example_subdag_operator.py took 0.260 seconds
[2024-12-04T12:45:06.457+0100] {processor.py:186} INFO - Started process (PID=85603) to work on /Users/sijibomijoshua/.pyenv/versions/3.11.6/lib/python3.11/site-packages/airflow/example_dags/example_subdag_operator.py
[2024-12-04T12:45:06.457+0100] {processor.py:914} INFO - Processing file /Users/sijibomijoshua/.pyenv/versions/3.11.6/lib/python3.11/site-packages/airflow/example_dags/example_subdag_operator.py for tasks to queue
[2024-12-04T12:45:06.458+0100] {logging_mixin.py:190} INFO - [2024-12-04T12:45:06.458+0100] {dagbag.py:588} INFO - Filling up the DagBag from /Users/sijibomijoshua/.pyenv/versions/3.11.6/lib/python3.11/site-packages/airflow/example_dags/example_subdag_operator.py
[2024-12-04T12:45:06.495+0100] {processor.py:925} INFO - DAG(s) 'example_subdag_operator.section-1', 'example_subdag_operator.section-2', 'example_subdag_operator' retrieved from /Users/sijibomijoshua/.pyenv/versions/3.11.6/lib/python3.11/site-packages/airflow/example_dags/example_subdag_operator.py
[2024-12-04T12:45:06.661+0100] {logging_mixin.py:190} INFO - [2024-12-04T12:45:06.661+0100] {dag.py:3239} INFO - Sync 3 DAGs
[2024-12-04T12:45:06.667+0100] {logging_mixin.py:190} INFO - [2024-12-04T12:45:06.667+0100] {dag.py:4180} INFO - Setting next_dagrun for example_subdag_operator to 2022-01-01 00:00:00+00:00, run_after=2022-01-01 00:00:00+00:00
[2024-12-04T12:45:06.669+0100] {logging_mixin.py:190} INFO - [2024-12-04T12:45:06.668+0100] {dag.py:4180} INFO - Setting next_dagrun for example_subdag_operator.section-1 to None, run_after=None
[2024-12-04T12:45:06.669+0100] {logging_mixin.py:190} INFO - [2024-12-04T12:45:06.669+0100] {dag.py:4180} INFO - Setting next_dagrun for example_subdag_operator.section-2 to None, run_after=None
[2024-12-04T12:45:06.671+0100] {logging_mixin.py:190} INFO - [2024-12-04T12:45:06.671+0100] {dag.py:3239} INFO - Sync 2 DAGs
[2024-12-04T12:45:06.672+0100] {logging_mixin.py:190} INFO - [2024-12-04T12:45:06.672+0100] {dag.py:4180} INFO - Setting next_dagrun for example_subdag_operator.section-1 to None, run_after=None
[2024-12-04T12:45:06.672+0100] {logging_mixin.py:190} INFO - [2024-12-04T12:45:06.672+0100] {dag.py:4180} INFO - Setting next_dagrun for example_subdag_operator.section-2 to None, run_after=None
[2024-12-04T12:45:06.676+0100] {processor.py:208} INFO - Processing /Users/sijibomijoshua/.pyenv/versions/3.11.6/lib/python3.11/site-packages/airflow/example_dags/example_subdag_operator.py took 0.221 seconds
[2024-12-04T12:46:13.281+0100] {processor.py:186} INFO - Started process (PID=86649) to work on /Users/sijibomijoshua/.pyenv/versions/3.11.6/lib/python3.11/site-packages/airflow/example_dags/example_subdag_operator.py
[2024-12-04T12:46:13.282+0100] {processor.py:914} INFO - Processing file /Users/sijibomijoshua/.pyenv/versions/3.11.6/lib/python3.11/site-packages/airflow/example_dags/example_subdag_operator.py for tasks to queue
[2024-12-04T12:46:13.283+0100] {logging_mixin.py:190} INFO - [2024-12-04T12:46:13.283+0100] {dagbag.py:588} INFO - Filling up the DagBag from /Users/sijibomijoshua/.pyenv/versions/3.11.6/lib/python3.11/site-packages/airflow/example_dags/example_subdag_operator.py
[2024-12-04T12:46:13.321+0100] {processor.py:925} INFO - DAG(s) 'example_subdag_operator.section-1', 'example_subdag_operator.section-2', 'example_subdag_operator' retrieved from /Users/sijibomijoshua/.pyenv/versions/3.11.6/lib/python3.11/site-packages/airflow/example_dags/example_subdag_operator.py
[2024-12-04T12:46:13.507+0100] {logging_mixin.py:190} INFO - [2024-12-04T12:46:13.507+0100] {dag.py:3239} INFO - Sync 3 DAGs
[2024-12-04T12:46:13.513+0100] {logging_mixin.py:190} INFO - [2024-12-04T12:46:13.513+0100] {dag.py:4180} INFO - Setting next_dagrun for example_subdag_operator to 2022-01-01 00:00:00+00:00, run_after=2022-01-01 00:00:00+00:00
[2024-12-04T12:46:13.515+0100] {logging_mixin.py:190} INFO - [2024-12-04T12:46:13.515+0100] {dag.py:4180} INFO - Setting next_dagrun for example_subdag_operator.section-1 to None, run_after=None
[2024-12-04T12:46:13.515+0100] {logging_mixin.py:190} INFO - [2024-12-04T12:46:13.515+0100] {dag.py:4180} INFO - Setting next_dagrun for example_subdag_operator.section-2 to None, run_after=None
[2024-12-04T12:46:13.517+0100] {logging_mixin.py:190} INFO - [2024-12-04T12:46:13.517+0100] {dag.py:3239} INFO - Sync 2 DAGs
[2024-12-04T12:46:13.518+0100] {logging_mixin.py:190} INFO - [2024-12-04T12:46:13.518+0100] {dag.py:4180} INFO - Setting next_dagrun for example_subdag_operator.section-1 to None, run_after=None
[2024-12-04T12:46:13.519+0100] {logging_mixin.py:190} INFO - [2024-12-04T12:46:13.518+0100] {dag.py:4180} INFO - Setting next_dagrun for example_subdag_operator.section-2 to None, run_after=None
[2024-12-04T12:46:13.522+0100] {processor.py:208} INFO - Processing /Users/sijibomijoshua/.pyenv/versions/3.11.6/lib/python3.11/site-packages/airflow/example_dags/example_subdag_operator.py took 0.243 seconds
[2024-12-04T12:47:22.024+0100] {processor.py:186} INFO - Started process (PID=87701) to work on /Users/sijibomijoshua/.pyenv/versions/3.11.6/lib/python3.11/site-packages/airflow/example_dags/example_subdag_operator.py
[2024-12-04T12:47:22.025+0100] {processor.py:914} INFO - Processing file /Users/sijibomijoshua/.pyenv/versions/3.11.6/lib/python3.11/site-packages/airflow/example_dags/example_subdag_operator.py for tasks to queue
[2024-12-04T12:47:22.026+0100] {logging_mixin.py:190} INFO - [2024-12-04T12:47:22.025+0100] {dagbag.py:588} INFO - Filling up the DagBag from /Users/sijibomijoshua/.pyenv/versions/3.11.6/lib/python3.11/site-packages/airflow/example_dags/example_subdag_operator.py
[2024-12-04T12:47:22.061+0100] {processor.py:925} INFO - DAG(s) 'example_subdag_operator.section-1', 'example_subdag_operator.section-2', 'example_subdag_operator' retrieved from /Users/sijibomijoshua/.pyenv/versions/3.11.6/lib/python3.11/site-packages/airflow/example_dags/example_subdag_operator.py
[2024-12-04T12:47:22.256+0100] {logging_mixin.py:190} INFO - [2024-12-04T12:47:22.256+0100] {dag.py:3239} INFO - Sync 3 DAGs
[2024-12-04T12:47:22.263+0100] {logging_mixin.py:190} INFO - [2024-12-04T12:47:22.263+0100] {dag.py:4180} INFO - Setting next_dagrun for example_subdag_operator to 2022-01-01 00:00:00+00:00, run_after=2022-01-01 00:00:00+00:00
[2024-12-04T12:47:22.264+0100] {logging_mixin.py:190} INFO - [2024-12-04T12:47:22.264+0100] {dag.py:4180} INFO - Setting next_dagrun for example_subdag_operator.section-1 to None, run_after=None
[2024-12-04T12:47:22.265+0100] {logging_mixin.py:190} INFO - [2024-12-04T12:47:22.265+0100] {dag.py:4180} INFO - Setting next_dagrun for example_subdag_operator.section-2 to None, run_after=None
[2024-12-04T12:47:22.267+0100] {logging_mixin.py:190} INFO - [2024-12-04T12:47:22.266+0100] {dag.py:3239} INFO - Sync 2 DAGs
[2024-12-04T12:47:22.268+0100] {logging_mixin.py:190} INFO - [2024-12-04T12:47:22.268+0100] {dag.py:4180} INFO - Setting next_dagrun for example_subdag_operator.section-1 to None, run_after=None
[2024-12-04T12:47:22.268+0100] {logging_mixin.py:190} INFO - [2024-12-04T12:47:22.268+0100] {dag.py:4180} INFO - Setting next_dagrun for example_subdag_operator.section-2 to None, run_after=None
[2024-12-04T12:47:22.272+0100] {processor.py:208} INFO - Processing /Users/sijibomijoshua/.pyenv/versions/3.11.6/lib/python3.11/site-packages/airflow/example_dags/example_subdag_operator.py took 0.249 seconds
[2024-12-04T13:23:41.056+0100] {processor.py:186} INFO - Started process (PID=18008) to work on /Users/sijibomijoshua/.pyenv/versions/3.11.6/lib/python3.11/site-packages/airflow/example_dags/example_subdag_operator.py
[2024-12-04T13:23:41.056+0100] {processor.py:914} INFO - Processing file /Users/sijibomijoshua/.pyenv/versions/3.11.6/lib/python3.11/site-packages/airflow/example_dags/example_subdag_operator.py for tasks to queue
[2024-12-04T13:23:41.057+0100] {logging_mixin.py:190} INFO - [2024-12-04T13:23:41.057+0100] {dagbag.py:588} INFO - Filling up the DagBag from /Users/sijibomijoshua/.pyenv/versions/3.11.6/lib/python3.11/site-packages/airflow/example_dags/example_subdag_operator.py
[2024-12-04T13:23:41.096+0100] {processor.py:925} INFO - DAG(s) 'example_subdag_operator.section-1', 'example_subdag_operator.section-2', 'example_subdag_operator' retrieved from /Users/sijibomijoshua/.pyenv/versions/3.11.6/lib/python3.11/site-packages/airflow/example_dags/example_subdag_operator.py
[2024-12-04T13:23:41.260+0100] {logging_mixin.py:190} INFO - [2024-12-04T13:23:41.260+0100] {dag.py:3239} INFO - Sync 3 DAGs
[2024-12-04T13:23:41.266+0100] {logging_mixin.py:190} INFO - [2024-12-04T13:23:41.266+0100] {dag.py:4180} INFO - Setting next_dagrun for example_subdag_operator to 2022-01-01 00:00:00+00:00, run_after=2022-01-01 00:00:00+00:00
[2024-12-04T13:23:41.267+0100] {logging_mixin.py:190} INFO - [2024-12-04T13:23:41.267+0100] {dag.py:4180} INFO - Setting next_dagrun for example_subdag_operator.section-1 to None, run_after=None
[2024-12-04T13:23:41.268+0100] {logging_mixin.py:190} INFO - [2024-12-04T13:23:41.268+0100] {dag.py:4180} INFO - Setting next_dagrun for example_subdag_operator.section-2 to None, run_after=None
[2024-12-04T13:23:41.270+0100] {logging_mixin.py:190} INFO - [2024-12-04T13:23:41.270+0100] {dag.py:3239} INFO - Sync 2 DAGs
[2024-12-04T13:23:41.271+0100] {logging_mixin.py:190} INFO - [2024-12-04T13:23:41.271+0100] {dag.py:4180} INFO - Setting next_dagrun for example_subdag_operator.section-1 to None, run_after=None
[2024-12-04T13:23:41.271+0100] {logging_mixin.py:190} INFO - [2024-12-04T13:23:41.271+0100] {dag.py:4180} INFO - Setting next_dagrun for example_subdag_operator.section-2 to None, run_after=None
[2024-12-04T13:23:41.275+0100] {processor.py:208} INFO - Processing /Users/sijibomijoshua/.pyenv/versions/3.11.6/lib/python3.11/site-packages/airflow/example_dags/example_subdag_operator.py took 0.221 seconds
[2024-12-04T13:25:21.913+0100] {processor.py:186} INFO - Started process (PID=19813) to work on /Users/sijibomijoshua/.pyenv/versions/3.11.6/lib/python3.11/site-packages/airflow/example_dags/example_subdag_operator.py
[2024-12-04T13:25:21.914+0100] {processor.py:914} INFO - Processing file /Users/sijibomijoshua/.pyenv/versions/3.11.6/lib/python3.11/site-packages/airflow/example_dags/example_subdag_operator.py for tasks to queue
[2024-12-04T13:25:21.915+0100] {logging_mixin.py:190} INFO - [2024-12-04T13:25:21.915+0100] {dagbag.py:588} INFO - Filling up the DagBag from /Users/sijibomijoshua/.pyenv/versions/3.11.6/lib/python3.11/site-packages/airflow/example_dags/example_subdag_operator.py
[2024-12-04T13:25:21.953+0100] {processor.py:925} INFO - DAG(s) 'example_subdag_operator.section-1', 'example_subdag_operator.section-2', 'example_subdag_operator' retrieved from /Users/sijibomijoshua/.pyenv/versions/3.11.6/lib/python3.11/site-packages/airflow/example_dags/example_subdag_operator.py
[2024-12-04T13:25:22.115+0100] {logging_mixin.py:190} INFO - [2024-12-04T13:25:22.115+0100] {dag.py:3239} INFO - Sync 3 DAGs
[2024-12-04T13:25:22.121+0100] {logging_mixin.py:190} INFO - [2024-12-04T13:25:22.121+0100] {dag.py:4180} INFO - Setting next_dagrun for example_subdag_operator to 2022-01-01 00:00:00+00:00, run_after=2022-01-01 00:00:00+00:00
[2024-12-04T13:25:22.122+0100] {logging_mixin.py:190} INFO - [2024-12-04T13:25:22.122+0100] {dag.py:4180} INFO - Setting next_dagrun for example_subdag_operator.section-1 to None, run_after=None
[2024-12-04T13:25:22.123+0100] {logging_mixin.py:190} INFO - [2024-12-04T13:25:22.123+0100] {dag.py:4180} INFO - Setting next_dagrun for example_subdag_operator.section-2 to None, run_after=None
[2024-12-04T13:25:22.125+0100] {logging_mixin.py:190} INFO - [2024-12-04T13:25:22.125+0100] {dag.py:3239} INFO - Sync 2 DAGs
[2024-12-04T13:25:22.126+0100] {logging_mixin.py:190} INFO - [2024-12-04T13:25:22.126+0100] {dag.py:4180} INFO - Setting next_dagrun for example_subdag_operator.section-1 to None, run_after=None
[2024-12-04T13:25:22.126+0100] {logging_mixin.py:190} INFO - [2024-12-04T13:25:22.126+0100] {dag.py:4180} INFO - Setting next_dagrun for example_subdag_operator.section-2 to None, run_after=None
[2024-12-04T13:25:22.130+0100] {processor.py:208} INFO - Processing /Users/sijibomijoshua/.pyenv/versions/3.11.6/lib/python3.11/site-packages/airflow/example_dags/example_subdag_operator.py took 0.218 seconds
[2024-12-04T13:37:18.174+0100] {processor.py:186} INFO - Started process (PID=34804) to work on /Users/sijibomijoshua/airflow/airflow_env/lib/python3.11/site-packages/airflow/example_dags/example_subdag_operator.py
[2024-12-04T13:37:18.175+0100] {processor.py:914} INFO - Processing file /Users/sijibomijoshua/airflow/airflow_env/lib/python3.11/site-packages/airflow/example_dags/example_subdag_operator.py for tasks to queue
[2024-12-04T13:37:18.176+0100] {logging_mixin.py:190} INFO - [2024-12-04T13:37:18.176+0100] {dagbag.py:588} INFO - Filling up the DagBag from /Users/sijibomijoshua/airflow/airflow_env/lib/python3.11/site-packages/airflow/example_dags/example_subdag_operator.py
[2024-12-04T13:37:18.213+0100] {processor.py:925} INFO - DAG(s) 'example_subdag_operator.section-1', 'example_subdag_operator.section-2', 'example_subdag_operator' retrieved from /Users/sijibomijoshua/airflow/airflow_env/lib/python3.11/site-packages/airflow/example_dags/example_subdag_operator.py
[2024-12-04T13:37:18.406+0100] {logging_mixin.py:190} INFO - [2024-12-04T13:37:18.406+0100] {dag.py:3239} INFO - Sync 3 DAGs
[2024-12-04T13:37:18.412+0100] {logging_mixin.py:190} INFO - [2024-12-04T13:37:18.411+0100] {dag.py:4180} INFO - Setting next_dagrun for example_subdag_operator to 2022-01-01 00:00:00+00:00, run_after=2022-01-01 00:00:00+00:00
[2024-12-04T13:37:18.412+0100] {logging_mixin.py:190} INFO - [2024-12-04T13:37:18.412+0100] {dag.py:4180} INFO - Setting next_dagrun for example_subdag_operator.section-1 to None, run_after=None
[2024-12-04T13:37:18.413+0100] {logging_mixin.py:190} INFO - [2024-12-04T13:37:18.413+0100] {dag.py:4180} INFO - Setting next_dagrun for example_subdag_operator.section-2 to None, run_after=None
[2024-12-04T13:37:18.416+0100] {logging_mixin.py:190} INFO - [2024-12-04T13:37:18.416+0100] {dag.py:3239} INFO - Sync 2 DAGs
[2024-12-04T13:37:18.417+0100] {logging_mixin.py:190} INFO - [2024-12-04T13:37:18.417+0100] {dag.py:4180} INFO - Setting next_dagrun for example_subdag_operator.section-1 to None, run_after=None
[2024-12-04T13:37:18.417+0100] {logging_mixin.py:190} INFO - [2024-12-04T13:37:18.417+0100] {dag.py:4180} INFO - Setting next_dagrun for example_subdag_operator.section-2 to None, run_after=None
[2024-12-04T13:37:18.421+0100] {processor.py:208} INFO - Processing /Users/sijibomijoshua/airflow/airflow_env/lib/python3.11/site-packages/airflow/example_dags/example_subdag_operator.py took 0.251 seconds
[2024-12-04T13:38:57.668+0100] {processor.py:186} INFO - Started process (PID=37099) to work on /Users/sijibomijoshua/airflow/airflow_env/lib/python3.11/site-packages/airflow/example_dags/example_subdag_operator.py
[2024-12-04T13:38:57.669+0100] {processor.py:914} INFO - Processing file /Users/sijibomijoshua/airflow/airflow_env/lib/python3.11/site-packages/airflow/example_dags/example_subdag_operator.py for tasks to queue
[2024-12-04T13:38:57.670+0100] {logging_mixin.py:190} INFO - [2024-12-04T13:38:57.670+0100] {dagbag.py:588} INFO - Filling up the DagBag from /Users/sijibomijoshua/airflow/airflow_env/lib/python3.11/site-packages/airflow/example_dags/example_subdag_operator.py
[2024-12-04T13:38:57.715+0100] {processor.py:925} INFO - DAG(s) 'example_subdag_operator.section-1', 'example_subdag_operator.section-2', 'example_subdag_operator' retrieved from /Users/sijibomijoshua/airflow/airflow_env/lib/python3.11/site-packages/airflow/example_dags/example_subdag_operator.py
[2024-12-04T13:38:57.955+0100] {logging_mixin.py:190} INFO - [2024-12-04T13:38:57.954+0100] {dag.py:3239} INFO - Sync 3 DAGs
[2024-12-04T13:38:57.963+0100] {logging_mixin.py:190} INFO - [2024-12-04T13:38:57.963+0100] {dag.py:4180} INFO - Setting next_dagrun for example_subdag_operator to 2022-01-01 00:00:00+00:00, run_after=2022-01-01 00:00:00+00:00
[2024-12-04T13:38:57.964+0100] {logging_mixin.py:190} INFO - [2024-12-04T13:38:57.964+0100] {dag.py:4180} INFO - Setting next_dagrun for example_subdag_operator.section-1 to None, run_after=None
[2024-12-04T13:38:57.964+0100] {logging_mixin.py:190} INFO - [2024-12-04T13:38:57.964+0100] {dag.py:4180} INFO - Setting next_dagrun for example_subdag_operator.section-2 to None, run_after=None
[2024-12-04T13:38:57.966+0100] {logging_mixin.py:190} INFO - [2024-12-04T13:38:57.966+0100] {dag.py:3239} INFO - Sync 2 DAGs
[2024-12-04T13:38:57.967+0100] {logging_mixin.py:190} INFO - [2024-12-04T13:38:57.967+0100] {dag.py:4180} INFO - Setting next_dagrun for example_subdag_operator.section-1 to None, run_after=None
[2024-12-04T13:38:57.967+0100] {logging_mixin.py:190} INFO - [2024-12-04T13:38:57.967+0100] {dag.py:4180} INFO - Setting next_dagrun for example_subdag_operator.section-2 to None, run_after=None
[2024-12-04T13:38:57.971+0100] {processor.py:208} INFO - Processing /Users/sijibomijoshua/airflow/airflow_env/lib/python3.11/site-packages/airflow/example_dags/example_subdag_operator.py took 0.310 seconds
[2024-12-04T13:40:08.263+0100] {processor.py:186} INFO - Started process (PID=38652) to work on /Users/sijibomijoshua/airflow/airflow_env/lib/python3.11/site-packages/airflow/example_dags/example_subdag_operator.py
[2024-12-04T13:40:08.263+0100] {processor.py:914} INFO - Processing file /Users/sijibomijoshua/airflow/airflow_env/lib/python3.11/site-packages/airflow/example_dags/example_subdag_operator.py for tasks to queue
[2024-12-04T13:40:08.264+0100] {logging_mixin.py:190} INFO - [2024-12-04T13:40:08.264+0100] {dagbag.py:588} INFO - Filling up the DagBag from /Users/sijibomijoshua/airflow/airflow_env/lib/python3.11/site-packages/airflow/example_dags/example_subdag_operator.py
[2024-12-04T13:40:08.300+0100] {processor.py:925} INFO - DAG(s) 'example_subdag_operator.section-1', 'example_subdag_operator.section-2', 'example_subdag_operator' retrieved from /Users/sijibomijoshua/airflow/airflow_env/lib/python3.11/site-packages/airflow/example_dags/example_subdag_operator.py
[2024-12-04T13:40:08.488+0100] {logging_mixin.py:190} INFO - [2024-12-04T13:40:08.488+0100] {dag.py:3239} INFO - Sync 3 DAGs
[2024-12-04T13:40:08.495+0100] {logging_mixin.py:190} INFO - [2024-12-04T13:40:08.495+0100] {dag.py:4180} INFO - Setting next_dagrun for example_subdag_operator to 2022-01-01 00:00:00+00:00, run_after=2022-01-01 00:00:00+00:00
[2024-12-04T13:40:08.496+0100] {logging_mixin.py:190} INFO - [2024-12-04T13:40:08.496+0100] {dag.py:4180} INFO - Setting next_dagrun for example_subdag_operator.section-1 to None, run_after=None
[2024-12-04T13:40:08.496+0100] {logging_mixin.py:190} INFO - [2024-12-04T13:40:08.496+0100] {dag.py:4180} INFO - Setting next_dagrun for example_subdag_operator.section-2 to None, run_after=None
[2024-12-04T13:40:08.498+0100] {logging_mixin.py:190} INFO - [2024-12-04T13:40:08.498+0100] {dag.py:3239} INFO - Sync 2 DAGs
[2024-12-04T13:40:08.499+0100] {logging_mixin.py:190} INFO - [2024-12-04T13:40:08.499+0100] {dag.py:4180} INFO - Setting next_dagrun for example_subdag_operator.section-1 to None, run_after=None
[2024-12-04T13:40:08.500+0100] {logging_mixin.py:190} INFO - [2024-12-04T13:40:08.500+0100] {dag.py:4180} INFO - Setting next_dagrun for example_subdag_operator.section-2 to None, run_after=None
[2024-12-04T13:40:08.503+0100] {processor.py:208} INFO - Processing /Users/sijibomijoshua/airflow/airflow_env/lib/python3.11/site-packages/airflow/example_dags/example_subdag_operator.py took 0.242 seconds
[2024-12-04T13:41:16.909+0100] {processor.py:186} INFO - Started process (PID=40191) to work on /Users/sijibomijoshua/airflow/airflow_env/lib/python3.11/site-packages/airflow/example_dags/example_subdag_operator.py
[2024-12-04T13:41:16.909+0100] {processor.py:914} INFO - Processing file /Users/sijibomijoshua/airflow/airflow_env/lib/python3.11/site-packages/airflow/example_dags/example_subdag_operator.py for tasks to queue
[2024-12-04T13:41:16.910+0100] {logging_mixin.py:190} INFO - [2024-12-04T13:41:16.910+0100] {dagbag.py:588} INFO - Filling up the DagBag from /Users/sijibomijoshua/airflow/airflow_env/lib/python3.11/site-packages/airflow/example_dags/example_subdag_operator.py
[2024-12-04T13:41:16.949+0100] {processor.py:925} INFO - DAG(s) 'example_subdag_operator.section-1', 'example_subdag_operator.section-2', 'example_subdag_operator' retrieved from /Users/sijibomijoshua/airflow/airflow_env/lib/python3.11/site-packages/airflow/example_dags/example_subdag_operator.py
[2024-12-04T13:41:17.145+0100] {logging_mixin.py:190} INFO - [2024-12-04T13:41:17.144+0100] {dag.py:3239} INFO - Sync 3 DAGs
[2024-12-04T13:41:17.151+0100] {logging_mixin.py:190} INFO - [2024-12-04T13:41:17.151+0100] {dag.py:4180} INFO - Setting next_dagrun for example_subdag_operator to 2022-01-01 00:00:00+00:00, run_after=2022-01-01 00:00:00+00:00
[2024-12-04T13:41:17.152+0100] {logging_mixin.py:190} INFO - [2024-12-04T13:41:17.152+0100] {dag.py:4180} INFO - Setting next_dagrun for example_subdag_operator.section-1 to None, run_after=None
[2024-12-04T13:41:17.152+0100] {logging_mixin.py:190} INFO - [2024-12-04T13:41:17.152+0100] {dag.py:4180} INFO - Setting next_dagrun for example_subdag_operator.section-2 to None, run_after=None
[2024-12-04T13:41:17.154+0100] {logging_mixin.py:190} INFO - [2024-12-04T13:41:17.154+0100] {dag.py:3239} INFO - Sync 2 DAGs
[2024-12-04T13:41:17.156+0100] {logging_mixin.py:190} INFO - [2024-12-04T13:41:17.155+0100] {dag.py:4180} INFO - Setting next_dagrun for example_subdag_operator.section-1 to None, run_after=None
[2024-12-04T13:41:17.156+0100] {logging_mixin.py:190} INFO - [2024-12-04T13:41:17.156+0100] {dag.py:4180} INFO - Setting next_dagrun for example_subdag_operator.section-2 to None, run_after=None
[2024-12-04T13:41:17.159+0100] {processor.py:208} INFO - Processing /Users/sijibomijoshua/airflow/airflow_env/lib/python3.11/site-packages/airflow/example_dags/example_subdag_operator.py took 0.253 seconds
[2024-12-04T13:43:28.676+0100] {processor.py:186} INFO - Started process (PID=43060) to work on /Users/sijibomijoshua/airflow/airflow_env/lib/python3.11/site-packages/airflow/example_dags/example_subdag_operator.py
[2024-12-04T13:43:28.677+0100] {processor.py:914} INFO - Processing file /Users/sijibomijoshua/airflow/airflow_env/lib/python3.11/site-packages/airflow/example_dags/example_subdag_operator.py for tasks to queue
[2024-12-04T13:43:28.678+0100] {logging_mixin.py:190} INFO - [2024-12-04T13:43:28.678+0100] {dagbag.py:588} INFO - Filling up the DagBag from /Users/sijibomijoshua/airflow/airflow_env/lib/python3.11/site-packages/airflow/example_dags/example_subdag_operator.py
[2024-12-04T13:43:28.715+0100] {processor.py:925} INFO - DAG(s) 'example_subdag_operator.section-1', 'example_subdag_operator.section-2', 'example_subdag_operator' retrieved from /Users/sijibomijoshua/airflow/airflow_env/lib/python3.11/site-packages/airflow/example_dags/example_subdag_operator.py
[2024-12-04T13:43:28.908+0100] {logging_mixin.py:190} INFO - [2024-12-04T13:43:28.908+0100] {dag.py:3239} INFO - Sync 3 DAGs
[2024-12-04T13:43:28.917+0100] {logging_mixin.py:190} INFO - [2024-12-04T13:43:28.917+0100] {dag.py:4180} INFO - Setting next_dagrun for example_subdag_operator to 2022-01-01 00:00:00+00:00, run_after=2022-01-01 00:00:00+00:00
[2024-12-04T13:43:28.919+0100] {logging_mixin.py:190} INFO - [2024-12-04T13:43:28.919+0100] {dag.py:4180} INFO - Setting next_dagrun for example_subdag_operator.section-1 to None, run_after=None
[2024-12-04T13:43:28.919+0100] {logging_mixin.py:190} INFO - [2024-12-04T13:43:28.919+0100] {dag.py:4180} INFO - Setting next_dagrun for example_subdag_operator.section-2 to None, run_after=None
[2024-12-04T13:43:28.922+0100] {logging_mixin.py:190} INFO - [2024-12-04T13:43:28.922+0100] {dag.py:3239} INFO - Sync 2 DAGs
[2024-12-04T13:43:28.924+0100] {logging_mixin.py:190} INFO - [2024-12-04T13:43:28.924+0100] {dag.py:4180} INFO - Setting next_dagrun for example_subdag_operator.section-1 to None, run_after=None
[2024-12-04T13:43:28.924+0100] {logging_mixin.py:190} INFO - [2024-12-04T13:43:28.924+0100] {dag.py:4180} INFO - Setting next_dagrun for example_subdag_operator.section-2 to None, run_after=None
[2024-12-04T13:43:28.931+0100] {processor.py:208} INFO - Processing /Users/sijibomijoshua/airflow/airflow_env/lib/python3.11/site-packages/airflow/example_dags/example_subdag_operator.py took 0.258 seconds
[2024-12-04T14:01:37.801+0100] {processor.py:186} INFO - Started process (PID=55452) to work on /Users/sijibomijoshua/airflow/airflow_env/lib/python3.11/site-packages/airflow/example_dags/example_subdag_operator.py
[2024-12-04T14:01:37.801+0100] {processor.py:914} INFO - Processing file /Users/sijibomijoshua/airflow/airflow_env/lib/python3.11/site-packages/airflow/example_dags/example_subdag_operator.py for tasks to queue
[2024-12-04T14:01:37.802+0100] {logging_mixin.py:190} INFO - [2024-12-04T14:01:37.802+0100] {dagbag.py:588} INFO - Filling up the DagBag from /Users/sijibomijoshua/airflow/airflow_env/lib/python3.11/site-packages/airflow/example_dags/example_subdag_operator.py
[2024-12-04T14:01:37.842+0100] {processor.py:925} INFO - DAG(s) 'example_subdag_operator.section-1', 'example_subdag_operator.section-2', 'example_subdag_operator' retrieved from /Users/sijibomijoshua/airflow/airflow_env/lib/python3.11/site-packages/airflow/example_dags/example_subdag_operator.py
[2024-12-04T14:01:38.010+0100] {logging_mixin.py:190} INFO - [2024-12-04T14:01:38.010+0100] {dag.py:3239} INFO - Sync 3 DAGs
[2024-12-04T14:01:38.017+0100] {logging_mixin.py:190} INFO - [2024-12-04T14:01:38.017+0100] {dag.py:4180} INFO - Setting next_dagrun for example_subdag_operator to 2022-01-01 00:00:00+00:00, run_after=2022-01-01 00:00:00+00:00
[2024-12-04T14:01:38.018+0100] {logging_mixin.py:190} INFO - [2024-12-04T14:01:38.018+0100] {dag.py:4180} INFO - Setting next_dagrun for example_subdag_operator.section-1 to None, run_after=None
[2024-12-04T14:01:38.019+0100] {logging_mixin.py:190} INFO - [2024-12-04T14:01:38.018+0100] {dag.py:4180} INFO - Setting next_dagrun for example_subdag_operator.section-2 to None, run_after=None
[2024-12-04T14:01:38.020+0100] {logging_mixin.py:190} INFO - [2024-12-04T14:01:38.020+0100] {dag.py:3239} INFO - Sync 2 DAGs
[2024-12-04T14:01:38.022+0100] {logging_mixin.py:190} INFO - [2024-12-04T14:01:38.022+0100] {dag.py:4180} INFO - Setting next_dagrun for example_subdag_operator.section-1 to None, run_after=None
[2024-12-04T14:01:38.022+0100] {logging_mixin.py:190} INFO - [2024-12-04T14:01:38.022+0100] {dag.py:4180} INFO - Setting next_dagrun for example_subdag_operator.section-2 to None, run_after=None
[2024-12-04T14:01:38.026+0100] {processor.py:208} INFO - Processing /Users/sijibomijoshua/airflow/airflow_env/lib/python3.11/site-packages/airflow/example_dags/example_subdag_operator.py took 0.227 seconds
