[2024-12-04T12:43:11.620+0100] {processor.py:186} INFO - Started process (PID=83828) to work on /Users/sijibomijoshua/.pyenv/versions/3.11.6/lib/python3.11/site-packages/airflow/example_dags/example_branch_python_dop_operator_3.py
[2024-12-04T12:43:11.621+0100] {processor.py:914} INFO - Processing file /Users/sijibomijoshua/.pyenv/versions/3.11.6/lib/python3.11/site-packages/airflow/example_dags/example_branch_python_dop_operator_3.py for tasks to queue
[2024-12-04T12:43:11.622+0100] {logging_mixin.py:190} INFO - [2024-12-04T12:43:11.621+0100] {dagbag.py:588} INFO - Filling up the DagBag from /Users/sijibomijoshua/.pyenv/versions/3.11.6/lib/python3.11/site-packages/airflow/example_dags/example_branch_python_dop_operator_3.py
[2024-12-04T12:43:11.637+0100] {processor.py:925} INFO - DAG(s) 'example_branch_dop_operator_v3' retrieved from /Users/sijibomijoshua/.pyenv/versions/3.11.6/lib/python3.11/site-packages/airflow/example_dags/example_branch_python_dop_operator_3.py
[2024-12-04T12:43:11.731+0100] {logging_mixin.py:190} INFO - [2024-12-04T12:43:11.731+0100] {override.py:1911} INFO - Created Permission View: can delete on DAG:example_branch_dop_operator_v3
[2024-12-04T12:43:11.736+0100] {logging_mixin.py:190} INFO - [2024-12-04T12:43:11.735+0100] {override.py:1911} INFO - Created Permission View: can edit on DAG:example_branch_dop_operator_v3
[2024-12-04T12:43:11.738+0100] {logging_mixin.py:190} INFO - [2024-12-04T12:43:11.738+0100] {override.py:1911} INFO - Created Permission View: can read on DAG:example_branch_dop_operator_v3
[2024-12-04T12:43:11.740+0100] {logging_mixin.py:190} INFO - [2024-12-04T12:43:11.740+0100] {override.py:1911} INFO - Created Permission View: can delete on DAG Run:example_branch_dop_operator_v3
[2024-12-04T12:43:11.742+0100] {logging_mixin.py:190} INFO - [2024-12-04T12:43:11.742+0100] {override.py:1911} INFO - Created Permission View: can read on DAG Run:example_branch_dop_operator_v3
[2024-12-04T12:43:11.744+0100] {logging_mixin.py:190} INFO - [2024-12-04T12:43:11.744+0100] {override.py:1911} INFO - Created Permission View: menu access on DAG Run:example_branch_dop_operator_v3
[2024-12-04T12:43:11.746+0100] {logging_mixin.py:190} INFO - [2024-12-04T12:43:11.746+0100] {override.py:1911} INFO - Created Permission View: can create on DAG Run:example_branch_dop_operator_v3
[2024-12-04T12:43:11.746+0100] {logging_mixin.py:190} INFO - [2024-12-04T12:43:11.746+0100] {dag.py:3239} INFO - Sync 1 DAGs
[2024-12-04T12:43:11.750+0100] {logging_mixin.py:190} INFO - [2024-12-04T12:43:11.750+0100] {dag.py:3262} INFO - Creating ORM DAG for example_branch_dop_operator_v3
[2024-12-04T12:43:11.755+0100] {logging_mixin.py:190} INFO - [2024-12-04T12:43:11.755+0100] {dag.py:4180} INFO - Setting next_dagrun for example_branch_dop_operator_v3 to 2024-12-04 11:42:00+00:00, run_after=2024-12-04 11:43:00+00:00
[2024-12-04T12:43:11.761+0100] {processor.py:208} INFO - Processing /Users/sijibomijoshua/.pyenv/versions/3.11.6/lib/python3.11/site-packages/airflow/example_dags/example_branch_python_dop_operator_3.py took 0.142 seconds
[2024-12-04T12:45:27.069+0100] {processor.py:186} INFO - Started process (PID=85928) to work on /Users/sijibomijoshua/.pyenv/versions/3.11.6/lib/python3.11/site-packages/airflow/example_dags/example_branch_python_dop_operator_3.py
[2024-12-04T12:45:27.070+0100] {processor.py:914} INFO - Processing file /Users/sijibomijoshua/.pyenv/versions/3.11.6/lib/python3.11/site-packages/airflow/example_dags/example_branch_python_dop_operator_3.py for tasks to queue
[2024-12-04T12:45:27.071+0100] {logging_mixin.py:190} INFO - [2024-12-04T12:45:27.071+0100] {dagbag.py:588} INFO - Filling up the DagBag from /Users/sijibomijoshua/.pyenv/versions/3.11.6/lib/python3.11/site-packages/airflow/example_dags/example_branch_python_dop_operator_3.py
[2024-12-04T12:45:27.086+0100] {processor.py:925} INFO - DAG(s) 'example_branch_dop_operator_v3' retrieved from /Users/sijibomijoshua/.pyenv/versions/3.11.6/lib/python3.11/site-packages/airflow/example_dags/example_branch_python_dop_operator_3.py
[2024-12-04T12:45:27.145+0100] {logging_mixin.py:190} INFO - [2024-12-04T12:45:27.145+0100] {dag.py:3239} INFO - Sync 1 DAGs
[2024-12-04T12:45:27.153+0100] {logging_mixin.py:190} INFO - [2024-12-04T12:45:27.153+0100] {dag.py:4180} INFO - Setting next_dagrun for example_branch_dop_operator_v3 to 2024-12-04 11:44:00+00:00, run_after=2024-12-04 11:45:00+00:00
[2024-12-04T12:45:27.160+0100] {processor.py:208} INFO - Processing /Users/sijibomijoshua/.pyenv/versions/3.11.6/lib/python3.11/site-packages/airflow/example_dags/example_branch_python_dop_operator_3.py took 0.092 seconds
[2024-12-04T12:47:45.542+0100] {processor.py:186} INFO - Started process (PID=88054) to work on /Users/sijibomijoshua/.pyenv/versions/3.11.6/lib/python3.11/site-packages/airflow/example_dags/example_branch_python_dop_operator_3.py
[2024-12-04T12:47:45.543+0100] {processor.py:914} INFO - Processing file /Users/sijibomijoshua/.pyenv/versions/3.11.6/lib/python3.11/site-packages/airflow/example_dags/example_branch_python_dop_operator_3.py for tasks to queue
[2024-12-04T12:47:45.544+0100] {logging_mixin.py:190} INFO - [2024-12-04T12:47:45.544+0100] {dagbag.py:588} INFO - Filling up the DagBag from /Users/sijibomijoshua/.pyenv/versions/3.11.6/lib/python3.11/site-packages/airflow/example_dags/example_branch_python_dop_operator_3.py
[2024-12-04T12:47:45.558+0100] {processor.py:925} INFO - DAG(s) 'example_branch_dop_operator_v3' retrieved from /Users/sijibomijoshua/.pyenv/versions/3.11.6/lib/python3.11/site-packages/airflow/example_dags/example_branch_python_dop_operator_3.py
[2024-12-04T12:47:45.617+0100] {logging_mixin.py:190} INFO - [2024-12-04T12:47:45.617+0100] {dag.py:3239} INFO - Sync 1 DAGs
[2024-12-04T12:47:45.626+0100] {logging_mixin.py:190} INFO - [2024-12-04T12:47:45.626+0100] {dag.py:4180} INFO - Setting next_dagrun for example_branch_dop_operator_v3 to 2024-12-04 11:46:00+00:00, run_after=2024-12-04 11:47:00+00:00
[2024-12-04T12:47:45.632+0100] {processor.py:208} INFO - Processing /Users/sijibomijoshua/.pyenv/versions/3.11.6/lib/python3.11/site-packages/airflow/example_dags/example_branch_python_dop_operator_3.py took 0.092 seconds
[2024-12-04T13:26:14.919+0100] {processor.py:186} INFO - Started process (PID=20797) to work on /Users/sijibomijoshua/.pyenv/versions/3.11.6/lib/python3.11/site-packages/airflow/example_dags/example_branch_python_dop_operator_3.py
[2024-12-04T13:26:14.919+0100] {processor.py:914} INFO - Processing file /Users/sijibomijoshua/.pyenv/versions/3.11.6/lib/python3.11/site-packages/airflow/example_dags/example_branch_python_dop_operator_3.py for tasks to queue
[2024-12-04T13:26:14.921+0100] {logging_mixin.py:190} INFO - [2024-12-04T13:26:14.921+0100] {dagbag.py:588} INFO - Filling up the DagBag from /Users/sijibomijoshua/.pyenv/versions/3.11.6/lib/python3.11/site-packages/airflow/example_dags/example_branch_python_dop_operator_3.py
[2024-12-04T13:26:14.937+0100] {processor.py:925} INFO - DAG(s) 'example_branch_dop_operator_v3' retrieved from /Users/sijibomijoshua/.pyenv/versions/3.11.6/lib/python3.11/site-packages/airflow/example_dags/example_branch_python_dop_operator_3.py
[2024-12-04T13:26:15.005+0100] {logging_mixin.py:190} INFO - [2024-12-04T13:26:15.005+0100] {dag.py:3239} INFO - Sync 1 DAGs
[2024-12-04T13:26:15.014+0100] {logging_mixin.py:190} INFO - [2024-12-04T13:26:15.014+0100] {dag.py:4180} INFO - Setting next_dagrun for example_branch_dop_operator_v3 to 2024-12-04 12:25:00+00:00, run_after=2024-12-04 12:26:00+00:00
[2024-12-04T13:26:15.020+0100] {processor.py:208} INFO - Processing /Users/sijibomijoshua/.pyenv/versions/3.11.6/lib/python3.11/site-packages/airflow/example_dags/example_branch_python_dop_operator_3.py took 0.106 seconds
[2024-12-04T13:38:08.721+0100] {processor.py:186} INFO - Started process (PID=35969) to work on /Users/sijibomijoshua/airflow/airflow_env/lib/python3.11/site-packages/airflow/example_dags/example_branch_python_dop_operator_3.py
[2024-12-04T13:38:08.722+0100] {processor.py:914} INFO - Processing file /Users/sijibomijoshua/airflow/airflow_env/lib/python3.11/site-packages/airflow/example_dags/example_branch_python_dop_operator_3.py for tasks to queue
[2024-12-04T13:38:08.723+0100] {logging_mixin.py:190} INFO - [2024-12-04T13:38:08.723+0100] {dagbag.py:588} INFO - Filling up the DagBag from /Users/sijibomijoshua/airflow/airflow_env/lib/python3.11/site-packages/airflow/example_dags/example_branch_python_dop_operator_3.py
[2024-12-04T13:38:08.736+0100] {processor.py:925} INFO - DAG(s) 'example_branch_dop_operator_v3' retrieved from /Users/sijibomijoshua/airflow/airflow_env/lib/python3.11/site-packages/airflow/example_dags/example_branch_python_dop_operator_3.py
[2024-12-04T13:38:08.822+0100] {logging_mixin.py:190} INFO - [2024-12-04T13:38:08.822+0100] {dag.py:3239} INFO - Sync 1 DAGs
[2024-12-04T13:38:08.830+0100] {logging_mixin.py:190} INFO - [2024-12-04T13:38:08.830+0100] {dag.py:4180} INFO - Setting next_dagrun for example_branch_dop_operator_v3 to 2024-12-04 12:37:00+00:00, run_after=2024-12-04 12:38:00+00:00
[2024-12-04T13:38:08.836+0100] {processor.py:208} INFO - Processing /Users/sijibomijoshua/airflow/airflow_env/lib/python3.11/site-packages/airflow/example_dags/example_branch_python_dop_operator_3.py took 0.117 seconds
[2024-12-04T13:40:29.360+0100] {processor.py:186} INFO - Started process (PID=39123) to work on /Users/sijibomijoshua/airflow/airflow_env/lib/python3.11/site-packages/airflow/example_dags/example_branch_python_dop_operator_3.py
[2024-12-04T13:40:29.361+0100] {processor.py:914} INFO - Processing file /Users/sijibomijoshua/airflow/airflow_env/lib/python3.11/site-packages/airflow/example_dags/example_branch_python_dop_operator_3.py for tasks to queue
[2024-12-04T13:40:29.361+0100] {logging_mixin.py:190} INFO - [2024-12-04T13:40:29.361+0100] {dagbag.py:588} INFO - Filling up the DagBag from /Users/sijibomijoshua/airflow/airflow_env/lib/python3.11/site-packages/airflow/example_dags/example_branch_python_dop_operator_3.py
[2024-12-04T13:40:29.376+0100] {processor.py:925} INFO - DAG(s) 'example_branch_dop_operator_v3' retrieved from /Users/sijibomijoshua/airflow/airflow_env/lib/python3.11/site-packages/airflow/example_dags/example_branch_python_dop_operator_3.py
[2024-12-04T13:40:29.432+0100] {logging_mixin.py:190} INFO - [2024-12-04T13:40:29.432+0100] {dag.py:3239} INFO - Sync 1 DAGs
[2024-12-04T13:40:29.441+0100] {logging_mixin.py:190} INFO - [2024-12-04T13:40:29.441+0100] {dag.py:4180} INFO - Setting next_dagrun for example_branch_dop_operator_v3 to 2024-12-04 12:39:00+00:00, run_after=2024-12-04 12:40:00+00:00
[2024-12-04T13:40:29.449+0100] {processor.py:208} INFO - Processing /Users/sijibomijoshua/airflow/airflow_env/lib/python3.11/site-packages/airflow/example_dags/example_branch_python_dop_operator_3.py took 0.091 seconds
[2024-12-04T13:42:40.862+0100] {processor.py:186} INFO - Started process (PID=42029) to work on /Users/sijibomijoshua/airflow/airflow_env/lib/python3.11/site-packages/airflow/example_dags/example_branch_python_dop_operator_3.py
[2024-12-04T13:42:40.863+0100] {processor.py:914} INFO - Processing file /Users/sijibomijoshua/airflow/airflow_env/lib/python3.11/site-packages/airflow/example_dags/example_branch_python_dop_operator_3.py for tasks to queue
[2024-12-04T13:42:40.864+0100] {logging_mixin.py:190} INFO - [2024-12-04T13:42:40.864+0100] {dagbag.py:588} INFO - Filling up the DagBag from /Users/sijibomijoshua/airflow/airflow_env/lib/python3.11/site-packages/airflow/example_dags/example_branch_python_dop_operator_3.py
[2024-12-04T13:42:40.881+0100] {processor.py:925} INFO - DAG(s) 'example_branch_dop_operator_v3' retrieved from /Users/sijibomijoshua/airflow/airflow_env/lib/python3.11/site-packages/airflow/example_dags/example_branch_python_dop_operator_3.py
[2024-12-04T13:42:40.939+0100] {logging_mixin.py:190} INFO - [2024-12-04T13:42:40.939+0100] {dag.py:3239} INFO - Sync 1 DAGs
[2024-12-04T13:42:40.948+0100] {logging_mixin.py:190} INFO - [2024-12-04T13:42:40.948+0100] {dag.py:4180} INFO - Setting next_dagrun for example_branch_dop_operator_v3 to 2024-12-04 12:41:00+00:00, run_after=2024-12-04 12:42:00+00:00
[2024-12-04T13:42:40.954+0100] {processor.py:208} INFO - Processing /Users/sijibomijoshua/airflow/airflow_env/lib/python3.11/site-packages/airflow/example_dags/example_branch_python_dop_operator_3.py took 0.095 seconds
