[2024-12-04T12:42:41.843+0100] {processor.py:186} INFO - Started process (PID=83364) to work on /Users/sijibomijoshua/.pyenv/versions/3.11.6/lib/python3.11/site-packages/airflow/example_dags/example_outlet_event_extra.py
[2024-12-04T12:42:41.844+0100] {processor.py:914} INFO - Processing file /Users/sijibomijoshua/.pyenv/versions/3.11.6/lib/python3.11/site-packages/airflow/example_dags/example_outlet_event_extra.py for tasks to queue
[2024-12-04T12:42:41.845+0100] {logging_mixin.py:190} INFO - [2024-12-04T12:42:41.845+0100] {dagbag.py:588} INFO - Filling up the DagBag from /Users/sijibomijoshua/.pyenv/versions/3.11.6/lib/python3.11/site-packages/airflow/example_dags/example_outlet_event_extra.py
[2024-12-04T12:42:41.874+0100] {processor.py:925} INFO - DAG(s) 'dataset_with_extra_by_yield', 'dataset_with_extra_from_classic_operator', 'dataset_with_extra_by_context' retrieved from /Users/sijibomijoshua/.pyenv/versions/3.11.6/lib/python3.11/site-packages/airflow/example_dags/example_outlet_event_extra.py
[2024-12-04T12:42:41.969+0100] {logging_mixin.py:190} INFO - [2024-12-04T12:42:41.969+0100] {override.py:1911} INFO - Created Permission View: can edit on DAG:dataset_with_extra_by_yield
[2024-12-04T12:42:41.973+0100] {logging_mixin.py:190} INFO - [2024-12-04T12:42:41.972+0100] {override.py:1911} INFO - Created Permission View: can delete on DAG:dataset_with_extra_by_yield
[2024-12-04T12:42:41.975+0100] {logging_mixin.py:190} INFO - [2024-12-04T12:42:41.974+0100] {override.py:1911} INFO - Created Permission View: can read on DAG:dataset_with_extra_by_yield
[2024-12-04T12:42:41.977+0100] {logging_mixin.py:190} INFO - [2024-12-04T12:42:41.977+0100] {override.py:1911} INFO - Created Permission View: menu access on DAG Run:dataset_with_extra_by_yield
[2024-12-04T12:42:41.981+0100] {logging_mixin.py:190} INFO - [2024-12-04T12:42:41.981+0100] {override.py:1911} INFO - Created Permission View: can create on DAG Run:dataset_with_extra_by_yield
[2024-12-04T12:42:41.982+0100] {logging_mixin.py:190} INFO - [2024-12-04T12:42:41.982+0100] {override.py:1911} INFO - Created Permission View: can delete on DAG Run:dataset_with_extra_by_yield
[2024-12-04T12:42:41.984+0100] {logging_mixin.py:190} INFO - [2024-12-04T12:42:41.984+0100] {override.py:1911} INFO - Created Permission View: can read on DAG Run:dataset_with_extra_by_yield
[2024-12-04T12:42:41.988+0100] {logging_mixin.py:190} INFO - [2024-12-04T12:42:41.988+0100] {override.py:1911} INFO - Created Permission View: can edit on DAG:dataset_with_extra_from_classic_operator
[2024-12-04T12:42:41.990+0100] {logging_mixin.py:190} INFO - [2024-12-04T12:42:41.990+0100] {override.py:1911} INFO - Created Permission View: can delete on DAG:dataset_with_extra_from_classic_operator
[2024-12-04T12:42:41.992+0100] {logging_mixin.py:190} INFO - [2024-12-04T12:42:41.992+0100] {override.py:1911} INFO - Created Permission View: can read on DAG:dataset_with_extra_from_classic_operator
[2024-12-04T12:42:41.994+0100] {logging_mixin.py:190} INFO - [2024-12-04T12:42:41.994+0100] {override.py:1911} INFO - Created Permission View: menu access on DAG Run:dataset_with_extra_from_classic_operator
[2024-12-04T12:42:41.996+0100] {logging_mixin.py:190} INFO - [2024-12-04T12:42:41.996+0100] {override.py:1911} INFO - Created Permission View: can create on DAG Run:dataset_with_extra_from_classic_operator
[2024-12-04T12:42:41.998+0100] {logging_mixin.py:190} INFO - [2024-12-04T12:42:41.998+0100] {override.py:1911} INFO - Created Permission View: can delete on DAG Run:dataset_with_extra_from_classic_operator
[2024-12-04T12:42:42.000+0100] {logging_mixin.py:190} INFO - [2024-12-04T12:42:42.000+0100] {override.py:1911} INFO - Created Permission View: can read on DAG Run:dataset_with_extra_from_classic_operator
[2024-12-04T12:42:42.003+0100] {logging_mixin.py:190} INFO - [2024-12-04T12:42:42.003+0100] {override.py:1911} INFO - Created Permission View: can edit on DAG:dataset_with_extra_by_context
[2024-12-04T12:42:42.005+0100] {logging_mixin.py:190} INFO - [2024-12-04T12:42:42.005+0100] {override.py:1911} INFO - Created Permission View: can delete on DAG:dataset_with_extra_by_context
[2024-12-04T12:42:42.007+0100] {logging_mixin.py:190} INFO - [2024-12-04T12:42:42.007+0100] {override.py:1911} INFO - Created Permission View: can read on DAG:dataset_with_extra_by_context
[2024-12-04T12:42:42.009+0100] {logging_mixin.py:190} INFO - [2024-12-04T12:42:42.009+0100] {override.py:1911} INFO - Created Permission View: menu access on DAG Run:dataset_with_extra_by_context
[2024-12-04T12:42:42.011+0100] {logging_mixin.py:190} INFO - [2024-12-04T12:42:42.010+0100] {override.py:1911} INFO - Created Permission View: can create on DAG Run:dataset_with_extra_by_context
[2024-12-04T12:42:42.012+0100] {logging_mixin.py:190} INFO - [2024-12-04T12:42:42.012+0100] {override.py:1911} INFO - Created Permission View: can delete on DAG Run:dataset_with_extra_by_context
[2024-12-04T12:42:42.014+0100] {logging_mixin.py:190} INFO - [2024-12-04T12:42:42.014+0100] {override.py:1911} INFO - Created Permission View: can read on DAG Run:dataset_with_extra_by_context
[2024-12-04T12:42:42.014+0100] {logging_mixin.py:190} INFO - [2024-12-04T12:42:42.014+0100] {dag.py:3239} INFO - Sync 3 DAGs
[2024-12-04T12:42:42.018+0100] {logging_mixin.py:190} INFO - [2024-12-04T12:42:42.018+0100] {dag.py:3262} INFO - Creating ORM DAG for dataset_with_extra_by_yield
[2024-12-04T12:42:42.018+0100] {logging_mixin.py:190} INFO - [2024-12-04T12:42:42.018+0100] {dag.py:3262} INFO - Creating ORM DAG for dataset_with_extra_from_classic_operator
[2024-12-04T12:42:42.018+0100] {logging_mixin.py:190} INFO - [2024-12-04T12:42:42.018+0100] {dag.py:3262} INFO - Creating ORM DAG for dataset_with_extra_by_context
[2024-12-04T12:42:42.021+0100] {logging_mixin.py:190} INFO - [2024-12-04T12:42:42.021+0100] {dag.py:4180} INFO - Setting next_dagrun for dataset_with_extra_by_context to 2024-12-03 00:00:00+00:00, run_after=2024-12-04 00:00:00+00:00
[2024-12-04T12:42:42.022+0100] {logging_mixin.py:190} INFO - [2024-12-04T12:42:42.022+0100] {dag.py:4180} INFO - Setting next_dagrun for dataset_with_extra_by_yield to 2024-12-03 00:00:00+00:00, run_after=2024-12-04 00:00:00+00:00
[2024-12-04T12:42:42.022+0100] {logging_mixin.py:190} INFO - [2024-12-04T12:42:42.022+0100] {dag.py:4180} INFO - Setting next_dagrun for dataset_with_extra_from_classic_operator to 2024-12-03 00:00:00+00:00, run_after=2024-12-04 00:00:00+00:00
[2024-12-04T12:42:42.190+0100] {processor.py:208} INFO - Processing /Users/sijibomijoshua/.pyenv/versions/3.11.6/lib/python3.11/site-packages/airflow/example_dags/example_outlet_event_extra.py took 0.349 seconds
[2024-12-04T12:44:22.357+0100] {processor.py:186} INFO - Started process (PID=84938) to work on /Users/sijibomijoshua/.pyenv/versions/3.11.6/lib/python3.11/site-packages/airflow/example_dags/example_outlet_event_extra.py
[2024-12-04T12:44:22.358+0100] {processor.py:914} INFO - Processing file /Users/sijibomijoshua/.pyenv/versions/3.11.6/lib/python3.11/site-packages/airflow/example_dags/example_outlet_event_extra.py for tasks to queue
[2024-12-04T12:44:22.359+0100] {logging_mixin.py:190} INFO - [2024-12-04T12:44:22.359+0100] {dagbag.py:588} INFO - Filling up the DagBag from /Users/sijibomijoshua/.pyenv/versions/3.11.6/lib/python3.11/site-packages/airflow/example_dags/example_outlet_event_extra.py
[2024-12-04T12:44:22.395+0100] {processor.py:925} INFO - DAG(s) 'dataset_with_extra_by_yield', 'dataset_with_extra_by_context', 'dataset_with_extra_from_classic_operator' retrieved from /Users/sijibomijoshua/.pyenv/versions/3.11.6/lib/python3.11/site-packages/airflow/example_dags/example_outlet_event_extra.py
[2024-12-04T12:44:22.463+0100] {logging_mixin.py:190} INFO - [2024-12-04T12:44:22.463+0100] {dag.py:3239} INFO - Sync 3 DAGs
[2024-12-04T12:44:22.471+0100] {logging_mixin.py:190} INFO - [2024-12-04T12:44:22.471+0100] {dag.py:4180} INFO - Setting next_dagrun for dataset_with_extra_by_context to 2024-12-03 00:00:00+00:00, run_after=2024-12-04 00:00:00+00:00
[2024-12-04T12:44:22.473+0100] {logging_mixin.py:190} INFO - [2024-12-04T12:44:22.472+0100] {dag.py:4180} INFO - Setting next_dagrun for dataset_with_extra_by_yield to 2024-12-03 00:00:00+00:00, run_after=2024-12-04 00:00:00+00:00
[2024-12-04T12:44:22.473+0100] {logging_mixin.py:190} INFO - [2024-12-04T12:44:22.473+0100] {dag.py:4180} INFO - Setting next_dagrun for dataset_with_extra_from_classic_operator to 2024-12-03 00:00:00+00:00, run_after=2024-12-04 00:00:00+00:00
[2024-12-04T12:44:22.480+0100] {processor.py:208} INFO - Processing /Users/sijibomijoshua/.pyenv/versions/3.11.6/lib/python3.11/site-packages/airflow/example_dags/example_outlet_event_extra.py took 0.125 seconds
[2024-12-04T12:46:38.838+0100] {processor.py:186} INFO - Started process (PID=87040) to work on /Users/sijibomijoshua/.pyenv/versions/3.11.6/lib/python3.11/site-packages/airflow/example_dags/example_outlet_event_extra.py
[2024-12-04T12:46:38.838+0100] {processor.py:914} INFO - Processing file /Users/sijibomijoshua/.pyenv/versions/3.11.6/lib/python3.11/site-packages/airflow/example_dags/example_outlet_event_extra.py for tasks to queue
[2024-12-04T12:46:38.839+0100] {logging_mixin.py:190} INFO - [2024-12-04T12:46:38.839+0100] {dagbag.py:588} INFO - Filling up the DagBag from /Users/sijibomijoshua/.pyenv/versions/3.11.6/lib/python3.11/site-packages/airflow/example_dags/example_outlet_event_extra.py
[2024-12-04T12:46:38.875+0100] {processor.py:925} INFO - DAG(s) 'dataset_with_extra_from_classic_operator', 'dataset_with_extra_by_yield', 'dataset_with_extra_by_context' retrieved from /Users/sijibomijoshua/.pyenv/versions/3.11.6/lib/python3.11/site-packages/airflow/example_dags/example_outlet_event_extra.py
[2024-12-04T12:46:38.936+0100] {logging_mixin.py:190} INFO - [2024-12-04T12:46:38.936+0100] {dag.py:3239} INFO - Sync 3 DAGs
[2024-12-04T12:46:38.943+0100] {logging_mixin.py:190} INFO - [2024-12-04T12:46:38.943+0100] {dag.py:4180} INFO - Setting next_dagrun for dataset_with_extra_by_context to 2024-12-03 00:00:00+00:00, run_after=2024-12-04 00:00:00+00:00
[2024-12-04T12:46:38.945+0100] {logging_mixin.py:190} INFO - [2024-12-04T12:46:38.945+0100] {dag.py:4180} INFO - Setting next_dagrun for dataset_with_extra_by_yield to 2024-12-03 00:00:00+00:00, run_after=2024-12-04 00:00:00+00:00
[2024-12-04T12:46:38.946+0100] {logging_mixin.py:190} INFO - [2024-12-04T12:46:38.946+0100] {dag.py:4180} INFO - Setting next_dagrun for dataset_with_extra_from_classic_operator to 2024-12-03 00:00:00+00:00, run_after=2024-12-04 00:00:00+00:00
[2024-12-04T12:46:38.953+0100] {processor.py:208} INFO - Processing /Users/sijibomijoshua/.pyenv/versions/3.11.6/lib/python3.11/site-packages/airflow/example_dags/example_outlet_event_extra.py took 0.117 seconds
[2024-12-04T13:25:47.235+0100] {processor.py:186} INFO - Started process (PID=20281) to work on /Users/sijibomijoshua/.pyenv/versions/3.11.6/lib/python3.11/site-packages/airflow/example_dags/example_outlet_event_extra.py
[2024-12-04T13:25:47.236+0100] {processor.py:914} INFO - Processing file /Users/sijibomijoshua/.pyenv/versions/3.11.6/lib/python3.11/site-packages/airflow/example_dags/example_outlet_event_extra.py for tasks to queue
[2024-12-04T13:25:47.237+0100] {logging_mixin.py:190} INFO - [2024-12-04T13:25:47.237+0100] {dagbag.py:588} INFO - Filling up the DagBag from /Users/sijibomijoshua/.pyenv/versions/3.11.6/lib/python3.11/site-packages/airflow/example_dags/example_outlet_event_extra.py
[2024-12-04T13:25:47.273+0100] {processor.py:925} INFO - DAG(s) 'dataset_with_extra_by_yield', 'dataset_with_extra_from_classic_operator', 'dataset_with_extra_by_context' retrieved from /Users/sijibomijoshua/.pyenv/versions/3.11.6/lib/python3.11/site-packages/airflow/example_dags/example_outlet_event_extra.py
[2024-12-04T13:25:47.337+0100] {logging_mixin.py:190} INFO - [2024-12-04T13:25:47.337+0100] {dag.py:3239} INFO - Sync 3 DAGs
[2024-12-04T13:25:47.344+0100] {logging_mixin.py:190} INFO - [2024-12-04T13:25:47.344+0100] {dag.py:4180} INFO - Setting next_dagrun for dataset_with_extra_by_context to 2024-12-03 00:00:00+00:00, run_after=2024-12-04 00:00:00+00:00
[2024-12-04T13:25:47.346+0100] {logging_mixin.py:190} INFO - [2024-12-04T13:25:47.346+0100] {dag.py:4180} INFO - Setting next_dagrun for dataset_with_extra_by_yield to 2024-12-03 00:00:00+00:00, run_after=2024-12-04 00:00:00+00:00
[2024-12-04T13:25:47.346+0100] {logging_mixin.py:190} INFO - [2024-12-04T13:25:47.346+0100] {dag.py:4180} INFO - Setting next_dagrun for dataset_with_extra_from_classic_operator to 2024-12-03 00:00:00+00:00, run_after=2024-12-04 00:00:00+00:00
[2024-12-04T13:25:47.356+0100] {processor.py:208} INFO - Processing /Users/sijibomijoshua/.pyenv/versions/3.11.6/lib/python3.11/site-packages/airflow/example_dags/example_outlet_event_extra.py took 0.122 seconds
[2024-12-04T13:37:41.740+0100] {processor.py:186} INFO - Started process (PID=35362) to work on /Users/sijibomijoshua/airflow/airflow_env/lib/python3.11/site-packages/airflow/example_dags/example_outlet_event_extra.py
[2024-12-04T13:37:41.740+0100] {processor.py:914} INFO - Processing file /Users/sijibomijoshua/airflow/airflow_env/lib/python3.11/site-packages/airflow/example_dags/example_outlet_event_extra.py for tasks to queue
[2024-12-04T13:37:41.741+0100] {logging_mixin.py:190} INFO - [2024-12-04T13:37:41.741+0100] {dagbag.py:588} INFO - Filling up the DagBag from /Users/sijibomijoshua/airflow/airflow_env/lib/python3.11/site-packages/airflow/example_dags/example_outlet_event_extra.py
[2024-12-04T13:37:41.780+0100] {processor.py:925} INFO - DAG(s) 'dataset_with_extra_by_context', 'dataset_with_extra_from_classic_operator', 'dataset_with_extra_by_yield' retrieved from /Users/sijibomijoshua/airflow/airflow_env/lib/python3.11/site-packages/airflow/example_dags/example_outlet_event_extra.py
[2024-12-04T13:37:41.872+0100] {logging_mixin.py:190} INFO - [2024-12-04T13:37:41.872+0100] {dag.py:3239} INFO - Sync 3 DAGs
[2024-12-04T13:37:41.878+0100] {logging_mixin.py:190} INFO - [2024-12-04T13:37:41.878+0100] {dag.py:4180} INFO - Setting next_dagrun for dataset_with_extra_by_context to 2024-12-03 00:00:00+00:00, run_after=2024-12-04 00:00:00+00:00
[2024-12-04T13:37:41.880+0100] {logging_mixin.py:190} INFO - [2024-12-04T13:37:41.880+0100] {dag.py:4180} INFO - Setting next_dagrun for dataset_with_extra_by_yield to 2024-12-03 00:00:00+00:00, run_after=2024-12-04 00:00:00+00:00
[2024-12-04T13:37:41.881+0100] {logging_mixin.py:190} INFO - [2024-12-04T13:37:41.881+0100] {dag.py:4180} INFO - Setting next_dagrun for dataset_with_extra_from_classic_operator to 2024-12-03 00:00:00+00:00, run_after=2024-12-04 00:00:00+00:00
[2024-12-04T13:37:41.888+0100] {processor.py:208} INFO - Processing /Users/sijibomijoshua/airflow/airflow_env/lib/python3.11/site-packages/airflow/example_dags/example_outlet_event_extra.py took 0.150 seconds
[2024-12-04T13:39:21.729+0100] {processor.py:186} INFO - Started process (PID=37620) to work on /Users/sijibomijoshua/airflow/airflow_env/lib/python3.11/site-packages/airflow/example_dags/example_outlet_event_extra.py
[2024-12-04T13:39:21.729+0100] {processor.py:914} INFO - Processing file /Users/sijibomijoshua/airflow/airflow_env/lib/python3.11/site-packages/airflow/example_dags/example_outlet_event_extra.py for tasks to queue
[2024-12-04T13:39:21.730+0100] {logging_mixin.py:190} INFO - [2024-12-04T13:39:21.730+0100] {dagbag.py:588} INFO - Filling up the DagBag from /Users/sijibomijoshua/airflow/airflow_env/lib/python3.11/site-packages/airflow/example_dags/example_outlet_event_extra.py
[2024-12-04T13:39:21.771+0100] {processor.py:925} INFO - DAG(s) 'dataset_with_extra_from_classic_operator', 'dataset_with_extra_by_yield', 'dataset_with_extra_by_context' retrieved from /Users/sijibomijoshua/airflow/airflow_env/lib/python3.11/site-packages/airflow/example_dags/example_outlet_event_extra.py
[2024-12-04T13:39:21.833+0100] {logging_mixin.py:190} INFO - [2024-12-04T13:39:21.833+0100] {dag.py:3239} INFO - Sync 3 DAGs
[2024-12-04T13:39:21.841+0100] {logging_mixin.py:190} INFO - [2024-12-04T13:39:21.841+0100] {dag.py:4180} INFO - Setting next_dagrun for dataset_with_extra_by_context to 2024-12-03 00:00:00+00:00, run_after=2024-12-04 00:00:00+00:00
[2024-12-04T13:39:21.842+0100] {logging_mixin.py:190} INFO - [2024-12-04T13:39:21.842+0100] {dag.py:4180} INFO - Setting next_dagrun for dataset_with_extra_by_yield to 2024-12-03 00:00:00+00:00, run_after=2024-12-04 00:00:00+00:00
[2024-12-04T13:39:21.843+0100] {logging_mixin.py:190} INFO - [2024-12-04T13:39:21.843+0100] {dag.py:4180} INFO - Setting next_dagrun for dataset_with_extra_from_classic_operator to 2024-12-03 00:00:00+00:00, run_after=2024-12-04 00:00:00+00:00
[2024-12-04T13:39:21.850+0100] {processor.py:208} INFO - Processing /Users/sijibomijoshua/airflow/airflow_env/lib/python3.11/site-packages/airflow/example_dags/example_outlet_event_extra.py took 0.123 seconds
[2024-12-04T13:41:35.974+0100] {processor.py:186} INFO - Started process (PID=40606) to work on /Users/sijibomijoshua/airflow/airflow_env/lib/python3.11/site-packages/airflow/example_dags/example_outlet_event_extra.py
[2024-12-04T13:41:35.974+0100] {processor.py:914} INFO - Processing file /Users/sijibomijoshua/airflow/airflow_env/lib/python3.11/site-packages/airflow/example_dags/example_outlet_event_extra.py for tasks to queue
[2024-12-04T13:41:35.975+0100] {logging_mixin.py:190} INFO - [2024-12-04T13:41:35.975+0100] {dagbag.py:588} INFO - Filling up the DagBag from /Users/sijibomijoshua/airflow/airflow_env/lib/python3.11/site-packages/airflow/example_dags/example_outlet_event_extra.py
[2024-12-04T13:41:36.016+0100] {processor.py:925} INFO - DAG(s) 'dataset_with_extra_from_classic_operator', 'dataset_with_extra_by_context', 'dataset_with_extra_by_yield' retrieved from /Users/sijibomijoshua/airflow/airflow_env/lib/python3.11/site-packages/airflow/example_dags/example_outlet_event_extra.py
[2024-12-04T13:41:36.078+0100] {logging_mixin.py:190} INFO - [2024-12-04T13:41:36.078+0100] {dag.py:3239} INFO - Sync 3 DAGs
[2024-12-04T13:41:36.085+0100] {logging_mixin.py:190} INFO - [2024-12-04T13:41:36.085+0100] {dag.py:4180} INFO - Setting next_dagrun for dataset_with_extra_by_context to 2024-12-03 00:00:00+00:00, run_after=2024-12-04 00:00:00+00:00
[2024-12-04T13:41:36.087+0100] {logging_mixin.py:190} INFO - [2024-12-04T13:41:36.087+0100] {dag.py:4180} INFO - Setting next_dagrun for dataset_with_extra_by_yield to 2024-12-03 00:00:00+00:00, run_after=2024-12-04 00:00:00+00:00
[2024-12-04T13:41:36.088+0100] {logging_mixin.py:190} INFO - [2024-12-04T13:41:36.087+0100] {dag.py:4180} INFO - Setting next_dagrun for dataset_with_extra_from_classic_operator to 2024-12-03 00:00:00+00:00, run_after=2024-12-04 00:00:00+00:00
[2024-12-04T13:41:36.095+0100] {processor.py:208} INFO - Processing /Users/sijibomijoshua/airflow/airflow_env/lib/python3.11/site-packages/airflow/example_dags/example_outlet_event_extra.py took 0.122 seconds
[2024-12-04T13:43:52.282+0100] {processor.py:186} INFO - Started process (PID=43616) to work on /Users/sijibomijoshua/airflow/airflow_env/lib/python3.11/site-packages/airflow/example_dags/example_outlet_event_extra.py
[2024-12-04T13:43:52.282+0100] {processor.py:914} INFO - Processing file /Users/sijibomijoshua/airflow/airflow_env/lib/python3.11/site-packages/airflow/example_dags/example_outlet_event_extra.py for tasks to queue
[2024-12-04T13:43:52.283+0100] {logging_mixin.py:190} INFO - [2024-12-04T13:43:52.283+0100] {dagbag.py:588} INFO - Filling up the DagBag from /Users/sijibomijoshua/airflow/airflow_env/lib/python3.11/site-packages/airflow/example_dags/example_outlet_event_extra.py
[2024-12-04T13:43:52.326+0100] {processor.py:925} INFO - DAG(s) 'dataset_with_extra_by_context', 'dataset_with_extra_by_yield', 'dataset_with_extra_from_classic_operator' retrieved from /Users/sijibomijoshua/airflow/airflow_env/lib/python3.11/site-packages/airflow/example_dags/example_outlet_event_extra.py
[2024-12-04T13:43:52.385+0100] {logging_mixin.py:190} INFO - [2024-12-04T13:43:52.385+0100] {dag.py:3239} INFO - Sync 3 DAGs
[2024-12-04T13:43:52.392+0100] {logging_mixin.py:190} INFO - [2024-12-04T13:43:52.392+0100] {dag.py:4180} INFO - Setting next_dagrun for dataset_with_extra_by_context to 2024-12-03 00:00:00+00:00, run_after=2024-12-04 00:00:00+00:00
[2024-12-04T13:43:52.393+0100] {logging_mixin.py:190} INFO - [2024-12-04T13:43:52.393+0100] {dag.py:4180} INFO - Setting next_dagrun for dataset_with_extra_by_yield to 2024-12-03 00:00:00+00:00, run_after=2024-12-04 00:00:00+00:00
[2024-12-04T13:43:52.394+0100] {logging_mixin.py:190} INFO - [2024-12-04T13:43:52.394+0100] {dag.py:4180} INFO - Setting next_dagrun for dataset_with_extra_from_classic_operator to 2024-12-03 00:00:00+00:00, run_after=2024-12-04 00:00:00+00:00
[2024-12-04T13:43:52.401+0100] {processor.py:208} INFO - Processing /Users/sijibomijoshua/airflow/airflow_env/lib/python3.11/site-packages/airflow/example_dags/example_outlet_event_extra.py took 0.121 seconds
