[2024-12-04T12:42:23.057+0100] {processor.py:186} INFO - Started process (PID=83040) to work on /Users/sijibomijoshua/.pyenv/versions/3.11.6/lib/python3.11/site-packages/airflow/example_dags/example_short_circuit_operator.py
[2024-12-04T12:42:23.058+0100] {processor.py:914} INFO - Processing file /Users/sijibomijoshua/.pyenv/versions/3.11.6/lib/python3.11/site-packages/airflow/example_dags/example_short_circuit_operator.py for tasks to queue
[2024-12-04T12:42:23.059+0100] {logging_mixin.py:190} INFO - [2024-12-04T12:42:23.059+0100] {dagbag.py:588} INFO - Filling up the DagBag from /Users/sijibomijoshua/.pyenv/versions/3.11.6/lib/python3.11/site-packages/airflow/example_dags/example_short_circuit_operator.py
[2024-12-04T12:42:23.069+0100] {processor.py:925} INFO - DAG(s) 'example_short_circuit_operator' retrieved from /Users/sijibomijoshua/.pyenv/versions/3.11.6/lib/python3.11/site-packages/airflow/example_dags/example_short_circuit_operator.py
[2024-12-04T12:42:23.176+0100] {logging_mixin.py:190} INFO - [2024-12-04T12:42:23.176+0100] {override.py:1911} INFO - Created Permission View: can delete on DAG:example_short_circuit_operator
[2024-12-04T12:42:23.181+0100] {logging_mixin.py:190} INFO - [2024-12-04T12:42:23.180+0100] {override.py:1911} INFO - Created Permission View: can read on DAG:example_short_circuit_operator
[2024-12-04T12:42:23.183+0100] {logging_mixin.py:190} INFO - [2024-12-04T12:42:23.183+0100] {override.py:1911} INFO - Created Permission View: can edit on DAG:example_short_circuit_operator
[2024-12-04T12:42:23.185+0100] {logging_mixin.py:190} INFO - [2024-12-04T12:42:23.185+0100] {override.py:1911} INFO - Created Permission View: can create on DAG Run:example_short_circuit_operator
[2024-12-04T12:42:23.187+0100] {logging_mixin.py:190} INFO - [2024-12-04T12:42:23.187+0100] {override.py:1911} INFO - Created Permission View: can delete on DAG Run:example_short_circuit_operator
[2024-12-04T12:42:23.189+0100] {logging_mixin.py:190} INFO - [2024-12-04T12:42:23.189+0100] {override.py:1911} INFO - Created Permission View: menu access on DAG Run:example_short_circuit_operator
[2024-12-04T12:42:23.191+0100] {logging_mixin.py:190} INFO - [2024-12-04T12:42:23.191+0100] {override.py:1911} INFO - Created Permission View: can read on DAG Run:example_short_circuit_operator
[2024-12-04T12:42:23.191+0100] {logging_mixin.py:190} INFO - [2024-12-04T12:42:23.191+0100] {dag.py:3239} INFO - Sync 1 DAGs
[2024-12-04T12:42:23.195+0100] {logging_mixin.py:190} INFO - [2024-12-04T12:42:23.195+0100] {dag.py:3262} INFO - Creating ORM DAG for example_short_circuit_operator
[2024-12-04T12:42:23.195+0100] {logging_mixin.py:190} INFO - [2024-12-04T12:42:23.195+0100] {dag.py:4180} INFO - Setting next_dagrun for example_short_circuit_operator to None, run_after=None
[2024-12-04T12:42:23.201+0100] {processor.py:208} INFO - Processing /Users/sijibomijoshua/.pyenv/versions/3.11.6/lib/python3.11/site-packages/airflow/example_dags/example_short_circuit_operator.py took 0.146 seconds
[2024-12-04T12:44:03.001+0100] {processor.py:186} INFO - Started process (PID=84602) to work on /Users/sijibomijoshua/.pyenv/versions/3.11.6/lib/python3.11/site-packages/airflow/example_dags/example_short_circuit_operator.py
[2024-12-04T12:44:03.002+0100] {processor.py:914} INFO - Processing file /Users/sijibomijoshua/.pyenv/versions/3.11.6/lib/python3.11/site-packages/airflow/example_dags/example_short_circuit_operator.py for tasks to queue
[2024-12-04T12:44:03.003+0100] {logging_mixin.py:190} INFO - [2024-12-04T12:44:03.003+0100] {dagbag.py:588} INFO - Filling up the DagBag from /Users/sijibomijoshua/.pyenv/versions/3.11.6/lib/python3.11/site-packages/airflow/example_dags/example_short_circuit_operator.py
[2024-12-04T12:44:03.013+0100] {processor.py:925} INFO - DAG(s) 'example_short_circuit_operator' retrieved from /Users/sijibomijoshua/.pyenv/versions/3.11.6/lib/python3.11/site-packages/airflow/example_dags/example_short_circuit_operator.py
[2024-12-04T12:44:03.080+0100] {logging_mixin.py:190} INFO - [2024-12-04T12:44:03.080+0100] {dag.py:3239} INFO - Sync 1 DAGs
[2024-12-04T12:44:03.084+0100] {logging_mixin.py:190} INFO - [2024-12-04T12:44:03.084+0100] {dag.py:4180} INFO - Setting next_dagrun for example_short_circuit_operator to None, run_after=None
[2024-12-04T12:44:03.091+0100] {processor.py:208} INFO - Processing /Users/sijibomijoshua/.pyenv/versions/3.11.6/lib/python3.11/site-packages/airflow/example_dags/example_short_circuit_operator.py took 0.092 seconds
[2024-12-04T12:46:18.886+0100] {processor.py:186} INFO - Started process (PID=86723) to work on /Users/sijibomijoshua/.pyenv/versions/3.11.6/lib/python3.11/site-packages/airflow/example_dags/example_short_circuit_operator.py
[2024-12-04T12:46:18.887+0100] {processor.py:914} INFO - Processing file /Users/sijibomijoshua/.pyenv/versions/3.11.6/lib/python3.11/site-packages/airflow/example_dags/example_short_circuit_operator.py for tasks to queue
[2024-12-04T12:46:18.888+0100] {logging_mixin.py:190} INFO - [2024-12-04T12:46:18.888+0100] {dagbag.py:588} INFO - Filling up the DagBag from /Users/sijibomijoshua/.pyenv/versions/3.11.6/lib/python3.11/site-packages/airflow/example_dags/example_short_circuit_operator.py
[2024-12-04T12:46:18.898+0100] {processor.py:925} INFO - DAG(s) 'example_short_circuit_operator' retrieved from /Users/sijibomijoshua/.pyenv/versions/3.11.6/lib/python3.11/site-packages/airflow/example_dags/example_short_circuit_operator.py
[2024-12-04T12:46:18.956+0100] {logging_mixin.py:190} INFO - [2024-12-04T12:46:18.956+0100] {dag.py:3239} INFO - Sync 1 DAGs
[2024-12-04T12:46:18.960+0100] {logging_mixin.py:190} INFO - [2024-12-04T12:46:18.960+0100] {dag.py:4180} INFO - Setting next_dagrun for example_short_circuit_operator to None, run_after=None
[2024-12-04T12:46:18.966+0100] {processor.py:208} INFO - Processing /Users/sijibomijoshua/.pyenv/versions/3.11.6/lib/python3.11/site-packages/airflow/example_dags/example_short_circuit_operator.py took 0.082 seconds
[2024-12-04T12:47:27.492+0100] {processor.py:186} INFO - Started process (PID=87769) to work on /Users/sijibomijoshua/.pyenv/versions/3.11.6/lib/python3.11/site-packages/airflow/example_dags/example_short_circuit_operator.py
[2024-12-04T12:47:27.492+0100] {processor.py:914} INFO - Processing file /Users/sijibomijoshua/.pyenv/versions/3.11.6/lib/python3.11/site-packages/airflow/example_dags/example_short_circuit_operator.py for tasks to queue
[2024-12-04T12:47:27.493+0100] {logging_mixin.py:190} INFO - [2024-12-04T12:47:27.493+0100] {dagbag.py:588} INFO - Filling up the DagBag from /Users/sijibomijoshua/.pyenv/versions/3.11.6/lib/python3.11/site-packages/airflow/example_dags/example_short_circuit_operator.py
[2024-12-04T12:47:27.503+0100] {processor.py:925} INFO - DAG(s) 'example_short_circuit_operator' retrieved from /Users/sijibomijoshua/.pyenv/versions/3.11.6/lib/python3.11/site-packages/airflow/example_dags/example_short_circuit_operator.py
[2024-12-04T12:47:27.561+0100] {logging_mixin.py:190} INFO - [2024-12-04T12:47:27.561+0100] {dag.py:3239} INFO - Sync 1 DAGs
[2024-12-04T12:47:27.565+0100] {logging_mixin.py:190} INFO - [2024-12-04T12:47:27.565+0100] {dag.py:4180} INFO - Setting next_dagrun for example_short_circuit_operator to None, run_after=None
[2024-12-04T12:47:27.572+0100] {processor.py:208} INFO - Processing /Users/sijibomijoshua/.pyenv/versions/3.11.6/lib/python3.11/site-packages/airflow/example_dags/example_short_circuit_operator.py took 0.081 seconds
[2024-12-04T13:23:46.875+0100] {processor.py:186} INFO - Started process (PID=18090) to work on /Users/sijibomijoshua/.pyenv/versions/3.11.6/lib/python3.11/site-packages/airflow/example_dags/example_short_circuit_operator.py
[2024-12-04T13:23:46.875+0100] {processor.py:914} INFO - Processing file /Users/sijibomijoshua/.pyenv/versions/3.11.6/lib/python3.11/site-packages/airflow/example_dags/example_short_circuit_operator.py for tasks to queue
[2024-12-04T13:23:46.876+0100] {logging_mixin.py:190} INFO - [2024-12-04T13:23:46.876+0100] {dagbag.py:588} INFO - Filling up the DagBag from /Users/sijibomijoshua/.pyenv/versions/3.11.6/lib/python3.11/site-packages/airflow/example_dags/example_short_circuit_operator.py
[2024-12-04T13:23:46.886+0100] {processor.py:925} INFO - DAG(s) 'example_short_circuit_operator' retrieved from /Users/sijibomijoshua/.pyenv/versions/3.11.6/lib/python3.11/site-packages/airflow/example_dags/example_short_circuit_operator.py
[2024-12-04T13:23:46.945+0100] {logging_mixin.py:190} INFO - [2024-12-04T13:23:46.944+0100] {dag.py:3239} INFO - Sync 1 DAGs
[2024-12-04T13:23:46.948+0100] {logging_mixin.py:190} INFO - [2024-12-04T13:23:46.948+0100] {dag.py:4180} INFO - Setting next_dagrun for example_short_circuit_operator to None, run_after=None
[2024-12-04T13:23:46.955+0100] {processor.py:208} INFO - Processing /Users/sijibomijoshua/.pyenv/versions/3.11.6/lib/python3.11/site-packages/airflow/example_dags/example_short_circuit_operator.py took 0.082 seconds
[2024-12-04T13:25:27.383+0100] {processor.py:186} INFO - Started process (PID=19928) to work on /Users/sijibomijoshua/.pyenv/versions/3.11.6/lib/python3.11/site-packages/airflow/example_dags/example_short_circuit_operator.py
[2024-12-04T13:25:27.384+0100] {processor.py:914} INFO - Processing file /Users/sijibomijoshua/.pyenv/versions/3.11.6/lib/python3.11/site-packages/airflow/example_dags/example_short_circuit_operator.py for tasks to queue
[2024-12-04T13:25:27.385+0100] {logging_mixin.py:190} INFO - [2024-12-04T13:25:27.385+0100] {dagbag.py:588} INFO - Filling up the DagBag from /Users/sijibomijoshua/.pyenv/versions/3.11.6/lib/python3.11/site-packages/airflow/example_dags/example_short_circuit_operator.py
[2024-12-04T13:25:27.396+0100] {processor.py:925} INFO - DAG(s) 'example_short_circuit_operator' retrieved from /Users/sijibomijoshua/.pyenv/versions/3.11.6/lib/python3.11/site-packages/airflow/example_dags/example_short_circuit_operator.py
[2024-12-04T13:25:27.453+0100] {logging_mixin.py:190} INFO - [2024-12-04T13:25:27.453+0100] {dag.py:3239} INFO - Sync 1 DAGs
[2024-12-04T13:25:27.457+0100] {logging_mixin.py:190} INFO - [2024-12-04T13:25:27.457+0100] {dag.py:4180} INFO - Setting next_dagrun for example_short_circuit_operator to None, run_after=None
[2024-12-04T13:25:27.463+0100] {processor.py:208} INFO - Processing /Users/sijibomijoshua/.pyenv/versions/3.11.6/lib/python3.11/site-packages/airflow/example_dags/example_short_circuit_operator.py took 0.083 seconds
[2024-12-04T13:37:23.107+0100] {processor.py:186} INFO - Started process (PID=34904) to work on /Users/sijibomijoshua/airflow/airflow_env/lib/python3.11/site-packages/airflow/example_dags/example_short_circuit_operator.py
[2024-12-04T13:37:23.107+0100] {processor.py:914} INFO - Processing file /Users/sijibomijoshua/airflow/airflow_env/lib/python3.11/site-packages/airflow/example_dags/example_short_circuit_operator.py for tasks to queue
[2024-12-04T13:37:23.108+0100] {logging_mixin.py:190} INFO - [2024-12-04T13:37:23.108+0100] {dagbag.py:588} INFO - Filling up the DagBag from /Users/sijibomijoshua/airflow/airflow_env/lib/python3.11/site-packages/airflow/example_dags/example_short_circuit_operator.py
[2024-12-04T13:37:23.119+0100] {processor.py:925} INFO - DAG(s) 'example_short_circuit_operator' retrieved from /Users/sijibomijoshua/airflow/airflow_env/lib/python3.11/site-packages/airflow/example_dags/example_short_circuit_operator.py
[2024-12-04T13:37:23.208+0100] {logging_mixin.py:190} INFO - [2024-12-04T13:37:23.208+0100] {dag.py:3239} INFO - Sync 1 DAGs
[2024-12-04T13:37:23.211+0100] {logging_mixin.py:190} INFO - [2024-12-04T13:37:23.211+0100] {dag.py:4180} INFO - Setting next_dagrun for example_short_circuit_operator to None, run_after=None
[2024-12-04T13:37:23.218+0100] {processor.py:208} INFO - Processing /Users/sijibomijoshua/airflow/airflow_env/lib/python3.11/site-packages/airflow/example_dags/example_short_circuit_operator.py took 0.113 seconds
[2024-12-04T13:39:02.622+0100] {processor.py:186} INFO - Started process (PID=37224) to work on /Users/sijibomijoshua/airflow/airflow_env/lib/python3.11/site-packages/airflow/example_dags/example_short_circuit_operator.py
[2024-12-04T13:39:02.624+0100] {processor.py:914} INFO - Processing file /Users/sijibomijoshua/airflow/airflow_env/lib/python3.11/site-packages/airflow/example_dags/example_short_circuit_operator.py for tasks to queue
[2024-12-04T13:39:02.625+0100] {logging_mixin.py:190} INFO - [2024-12-04T13:39:02.625+0100] {dagbag.py:588} INFO - Filling up the DagBag from /Users/sijibomijoshua/airflow/airflow_env/lib/python3.11/site-packages/airflow/example_dags/example_short_circuit_operator.py
[2024-12-04T13:39:02.635+0100] {processor.py:925} INFO - DAG(s) 'example_short_circuit_operator' retrieved from /Users/sijibomijoshua/airflow/airflow_env/lib/python3.11/site-packages/airflow/example_dags/example_short_circuit_operator.py
[2024-12-04T13:39:02.693+0100] {logging_mixin.py:190} INFO - [2024-12-04T13:39:02.693+0100] {dag.py:3239} INFO - Sync 1 DAGs
[2024-12-04T13:39:02.697+0100] {logging_mixin.py:190} INFO - [2024-12-04T13:39:02.697+0100] {dag.py:4180} INFO - Setting next_dagrun for example_short_circuit_operator to None, run_after=None
[2024-12-04T13:39:02.704+0100] {processor.py:208} INFO - Processing /Users/sijibomijoshua/airflow/airflow_env/lib/python3.11/site-packages/airflow/example_dags/example_short_circuit_operator.py took 0.083 seconds
[2024-12-04T13:40:13.167+0100] {processor.py:186} INFO - Started process (PID=38783) to work on /Users/sijibomijoshua/airflow/airflow_env/lib/python3.11/site-packages/airflow/example_dags/example_short_circuit_operator.py
[2024-12-04T13:40:13.167+0100] {processor.py:914} INFO - Processing file /Users/sijibomijoshua/airflow/airflow_env/lib/python3.11/site-packages/airflow/example_dags/example_short_circuit_operator.py for tasks to queue
[2024-12-04T13:40:13.168+0100] {logging_mixin.py:190} INFO - [2024-12-04T13:40:13.168+0100] {dagbag.py:588} INFO - Filling up the DagBag from /Users/sijibomijoshua/airflow/airflow_env/lib/python3.11/site-packages/airflow/example_dags/example_short_circuit_operator.py
[2024-12-04T13:40:13.178+0100] {processor.py:925} INFO - DAG(s) 'example_short_circuit_operator' retrieved from /Users/sijibomijoshua/airflow/airflow_env/lib/python3.11/site-packages/airflow/example_dags/example_short_circuit_operator.py
[2024-12-04T13:40:13.237+0100] {logging_mixin.py:190} INFO - [2024-12-04T13:40:13.236+0100] {dag.py:3239} INFO - Sync 1 DAGs
[2024-12-04T13:40:13.240+0100] {logging_mixin.py:190} INFO - [2024-12-04T13:40:13.240+0100] {dag.py:4180} INFO - Setting next_dagrun for example_short_circuit_operator to None, run_after=None
[2024-12-04T13:40:13.246+0100] {processor.py:208} INFO - Processing /Users/sijibomijoshua/airflow/airflow_env/lib/python3.11/site-packages/airflow/example_dags/example_short_circuit_operator.py took 0.081 seconds
[2024-12-04T13:42:24.041+0100] {processor.py:186} INFO - Started process (PID=41654) to work on /Users/sijibomijoshua/airflow/airflow_env/lib/python3.11/site-packages/airflow/example_dags/example_short_circuit_operator.py
[2024-12-04T13:42:24.042+0100] {processor.py:914} INFO - Processing file /Users/sijibomijoshua/airflow/airflow_env/lib/python3.11/site-packages/airflow/example_dags/example_short_circuit_operator.py for tasks to queue
[2024-12-04T13:42:24.043+0100] {logging_mixin.py:190} INFO - [2024-12-04T13:42:24.043+0100] {dagbag.py:588} INFO - Filling up the DagBag from /Users/sijibomijoshua/airflow/airflow_env/lib/python3.11/site-packages/airflow/example_dags/example_short_circuit_operator.py
[2024-12-04T13:42:24.053+0100] {processor.py:925} INFO - DAG(s) 'example_short_circuit_operator' retrieved from /Users/sijibomijoshua/airflow/airflow_env/lib/python3.11/site-packages/airflow/example_dags/example_short_circuit_operator.py
[2024-12-04T13:42:24.110+0100] {logging_mixin.py:190} INFO - [2024-12-04T13:42:24.110+0100] {dag.py:3239} INFO - Sync 1 DAGs
[2024-12-04T13:42:24.113+0100] {logging_mixin.py:190} INFO - [2024-12-04T13:42:24.113+0100] {dag.py:4180} INFO - Setting next_dagrun for example_short_circuit_operator to None, run_after=None
[2024-12-04T13:42:24.120+0100] {processor.py:208} INFO - Processing /Users/sijibomijoshua/airflow/airflow_env/lib/python3.11/site-packages/airflow/example_dags/example_short_circuit_operator.py took 0.080 seconds
[2024-12-04T13:43:33.789+0100] {processor.py:186} INFO - Started process (PID=43199) to work on /Users/sijibomijoshua/airflow/airflow_env/lib/python3.11/site-packages/airflow/example_dags/example_short_circuit_operator.py
[2024-12-04T13:43:33.789+0100] {processor.py:914} INFO - Processing file /Users/sijibomijoshua/airflow/airflow_env/lib/python3.11/site-packages/airflow/example_dags/example_short_circuit_operator.py for tasks to queue
[2024-12-04T13:43:33.791+0100] {logging_mixin.py:190} INFO - [2024-12-04T13:43:33.791+0100] {dagbag.py:588} INFO - Filling up the DagBag from /Users/sijibomijoshua/airflow/airflow_env/lib/python3.11/site-packages/airflow/example_dags/example_short_circuit_operator.py
[2024-12-04T13:43:33.802+0100] {processor.py:925} INFO - DAG(s) 'example_short_circuit_operator' retrieved from /Users/sijibomijoshua/airflow/airflow_env/lib/python3.11/site-packages/airflow/example_dags/example_short_circuit_operator.py
[2024-12-04T13:43:33.862+0100] {logging_mixin.py:190} INFO - [2024-12-04T13:43:33.861+0100] {dag.py:3239} INFO - Sync 1 DAGs
[2024-12-04T13:43:33.865+0100] {logging_mixin.py:190} INFO - [2024-12-04T13:43:33.865+0100] {dag.py:4180} INFO - Setting next_dagrun for example_short_circuit_operator to None, run_after=None
[2024-12-04T13:43:33.872+0100] {processor.py:208} INFO - Processing /Users/sijibomijoshua/airflow/airflow_env/lib/python3.11/site-packages/airflow/example_dags/example_short_circuit_operator.py took 0.085 seconds
[2024-12-04T14:01:42.222+0100] {processor.py:186} INFO - Started process (PID=55544) to work on /Users/sijibomijoshua/airflow/airflow_env/lib/python3.11/site-packages/airflow/example_dags/example_short_circuit_operator.py
[2024-12-04T14:01:42.222+0100] {processor.py:914} INFO - Processing file /Users/sijibomijoshua/airflow/airflow_env/lib/python3.11/site-packages/airflow/example_dags/example_short_circuit_operator.py for tasks to queue
[2024-12-04T14:01:42.223+0100] {logging_mixin.py:190} INFO - [2024-12-04T14:01:42.223+0100] {dagbag.py:588} INFO - Filling up the DagBag from /Users/sijibomijoshua/airflow/airflow_env/lib/python3.11/site-packages/airflow/example_dags/example_short_circuit_operator.py
[2024-12-04T14:01:42.233+0100] {processor.py:925} INFO - DAG(s) 'example_short_circuit_operator' retrieved from /Users/sijibomijoshua/airflow/airflow_env/lib/python3.11/site-packages/airflow/example_dags/example_short_circuit_operator.py
[2024-12-04T14:01:42.292+0100] {logging_mixin.py:190} INFO - [2024-12-04T14:01:42.292+0100] {dag.py:3239} INFO - Sync 1 DAGs
[2024-12-04T14:01:42.296+0100] {logging_mixin.py:190} INFO - [2024-12-04T14:01:42.296+0100] {dag.py:4180} INFO - Setting next_dagrun for example_short_circuit_operator to None, run_after=None
[2024-12-04T14:01:42.303+0100] {processor.py:208} INFO - Processing /Users/sijibomijoshua/airflow/airflow_env/lib/python3.11/site-packages/airflow/example_dags/example_short_circuit_operator.py took 0.082 seconds
