[2024-12-04T12:42:28.222+0100] {processor.py:186} INFO - Started process (PID=83136) to work on /Users/sijibomijoshua/.pyenv/versions/3.11.6/lib/python3.11/site-packages/airflow/example_dags/example_setup_teardown.py
[2024-12-04T12:42:28.222+0100] {processor.py:914} INFO - Processing file /Users/sijibomijoshua/.pyenv/versions/3.11.6/lib/python3.11/site-packages/airflow/example_dags/example_setup_teardown.py for tasks to queue
[2024-12-04T12:42:28.223+0100] {logging_mixin.py:190} INFO - [2024-12-04T12:42:28.223+0100] {dagbag.py:588} INFO - Filling up the DagBag from /Users/sijibomijoshua/.pyenv/versions/3.11.6/lib/python3.11/site-packages/airflow/example_dags/example_setup_teardown.py
[2024-12-04T12:42:28.228+0100] {processor.py:925} INFO - DAG(s) 'example_setup_teardown' retrieved from /Users/sijibomijoshua/.pyenv/versions/3.11.6/lib/python3.11/site-packages/airflow/example_dags/example_setup_teardown.py
[2024-12-04T12:42:28.319+0100] {logging_mixin.py:190} INFO - [2024-12-04T12:42:28.319+0100] {override.py:1911} INFO - Created Permission View: can delete on DAG:example_setup_teardown
[2024-12-04T12:42:28.322+0100] {logging_mixin.py:190} INFO - [2024-12-04T12:42:28.322+0100] {override.py:1911} INFO - Created Permission View: can edit on DAG:example_setup_teardown
[2024-12-04T12:42:28.323+0100] {logging_mixin.py:190} INFO - [2024-12-04T12:42:28.323+0100] {override.py:1911} INFO - Created Permission View: can read on DAG:example_setup_teardown
[2024-12-04T12:42:28.326+0100] {logging_mixin.py:190} INFO - [2024-12-04T12:42:28.326+0100] {override.py:1911} INFO - Created Permission View: can delete on DAG Run:example_setup_teardown
[2024-12-04T12:42:28.328+0100] {logging_mixin.py:190} INFO - [2024-12-04T12:42:28.327+0100] {override.py:1911} INFO - Created Permission View: can create on DAG Run:example_setup_teardown
[2024-12-04T12:42:28.329+0100] {logging_mixin.py:190} INFO - [2024-12-04T12:42:28.329+0100] {override.py:1911} INFO - Created Permission View: menu access on DAG Run:example_setup_teardown
[2024-12-04T12:42:28.331+0100] {logging_mixin.py:190} INFO - [2024-12-04T12:42:28.331+0100] {override.py:1911} INFO - Created Permission View: can read on DAG Run:example_setup_teardown
[2024-12-04T12:42:28.331+0100] {logging_mixin.py:190} INFO - [2024-12-04T12:42:28.331+0100] {dag.py:3239} INFO - Sync 1 DAGs
[2024-12-04T12:42:28.335+0100] {logging_mixin.py:190} INFO - [2024-12-04T12:42:28.335+0100] {dag.py:3262} INFO - Creating ORM DAG for example_setup_teardown
[2024-12-04T12:42:28.336+0100] {logging_mixin.py:190} INFO - [2024-12-04T12:42:28.335+0100] {dag.py:4180} INFO - Setting next_dagrun for example_setup_teardown to None, run_after=None
[2024-12-04T12:42:28.341+0100] {processor.py:208} INFO - Processing /Users/sijibomijoshua/.pyenv/versions/3.11.6/lib/python3.11/site-packages/airflow/example_dags/example_setup_teardown.py took 0.120 seconds
[2024-12-04T12:44:08.481+0100] {processor.py:186} INFO - Started process (PID=84694) to work on /Users/sijibomijoshua/.pyenv/versions/3.11.6/lib/python3.11/site-packages/airflow/example_dags/example_setup_teardown.py
[2024-12-04T12:44:08.481+0100] {processor.py:914} INFO - Processing file /Users/sijibomijoshua/.pyenv/versions/3.11.6/lib/python3.11/site-packages/airflow/example_dags/example_setup_teardown.py for tasks to queue
[2024-12-04T12:44:08.482+0100] {logging_mixin.py:190} INFO - [2024-12-04T12:44:08.482+0100] {dagbag.py:588} INFO - Filling up the DagBag from /Users/sijibomijoshua/.pyenv/versions/3.11.6/lib/python3.11/site-packages/airflow/example_dags/example_setup_teardown.py
[2024-12-04T12:44:08.487+0100] {processor.py:925} INFO - DAG(s) 'example_setup_teardown' retrieved from /Users/sijibomijoshua/.pyenv/versions/3.11.6/lib/python3.11/site-packages/airflow/example_dags/example_setup_teardown.py
[2024-12-04T12:44:08.561+0100] {logging_mixin.py:190} INFO - [2024-12-04T12:44:08.561+0100] {dag.py:3239} INFO - Sync 1 DAGs
[2024-12-04T12:44:08.566+0100] {logging_mixin.py:190} INFO - [2024-12-04T12:44:08.566+0100] {dag.py:4180} INFO - Setting next_dagrun for example_setup_teardown to None, run_after=None
[2024-12-04T12:44:08.573+0100] {processor.py:208} INFO - Processing /Users/sijibomijoshua/.pyenv/versions/3.11.6/lib/python3.11/site-packages/airflow/example_dags/example_setup_teardown.py took 0.095 seconds
[2024-12-04T12:46:24.275+0100] {processor.py:186} INFO - Started process (PID=86816) to work on /Users/sijibomijoshua/.pyenv/versions/3.11.6/lib/python3.11/site-packages/airflow/example_dags/example_setup_teardown.py
[2024-12-04T12:46:24.276+0100] {processor.py:914} INFO - Processing file /Users/sijibomijoshua/.pyenv/versions/3.11.6/lib/python3.11/site-packages/airflow/example_dags/example_setup_teardown.py for tasks to queue
[2024-12-04T12:46:24.277+0100] {logging_mixin.py:190} INFO - [2024-12-04T12:46:24.277+0100] {dagbag.py:588} INFO - Filling up the DagBag from /Users/sijibomijoshua/.pyenv/versions/3.11.6/lib/python3.11/site-packages/airflow/example_dags/example_setup_teardown.py
[2024-12-04T12:46:24.280+0100] {processor.py:925} INFO - DAG(s) 'example_setup_teardown' retrieved from /Users/sijibomijoshua/.pyenv/versions/3.11.6/lib/python3.11/site-packages/airflow/example_dags/example_setup_teardown.py
[2024-12-04T12:46:24.338+0100] {logging_mixin.py:190} INFO - [2024-12-04T12:46:24.338+0100] {dag.py:3239} INFO - Sync 1 DAGs
[2024-12-04T12:46:24.342+0100] {logging_mixin.py:190} INFO - [2024-12-04T12:46:24.342+0100] {dag.py:4180} INFO - Setting next_dagrun for example_setup_teardown to None, run_after=None
[2024-12-04T12:46:24.348+0100] {processor.py:208} INFO - Processing /Users/sijibomijoshua/.pyenv/versions/3.11.6/lib/python3.11/site-packages/airflow/example_dags/example_setup_teardown.py took 0.075 seconds
[2024-12-04T13:23:52.599+0100] {processor.py:186} INFO - Started process (PID=18203) to work on /Users/sijibomijoshua/.pyenv/versions/3.11.6/lib/python3.11/site-packages/airflow/example_dags/example_setup_teardown.py
[2024-12-04T13:23:52.600+0100] {processor.py:914} INFO - Processing file /Users/sijibomijoshua/.pyenv/versions/3.11.6/lib/python3.11/site-packages/airflow/example_dags/example_setup_teardown.py for tasks to queue
[2024-12-04T13:23:52.601+0100] {logging_mixin.py:190} INFO - [2024-12-04T13:23:52.601+0100] {dagbag.py:588} INFO - Filling up the DagBag from /Users/sijibomijoshua/.pyenv/versions/3.11.6/lib/python3.11/site-packages/airflow/example_dags/example_setup_teardown.py
[2024-12-04T13:23:52.606+0100] {processor.py:925} INFO - DAG(s) 'example_setup_teardown' retrieved from /Users/sijibomijoshua/.pyenv/versions/3.11.6/lib/python3.11/site-packages/airflow/example_dags/example_setup_teardown.py
[2024-12-04T13:23:52.670+0100] {logging_mixin.py:190} INFO - [2024-12-04T13:23:52.670+0100] {dag.py:3239} INFO - Sync 1 DAGs
[2024-12-04T13:23:52.674+0100] {logging_mixin.py:190} INFO - [2024-12-04T13:23:52.674+0100] {dag.py:4180} INFO - Setting next_dagrun for example_setup_teardown to None, run_after=None
[2024-12-04T13:23:52.681+0100] {processor.py:208} INFO - Processing /Users/sijibomijoshua/.pyenv/versions/3.11.6/lib/python3.11/site-packages/airflow/example_dags/example_setup_teardown.py took 0.083 seconds
[2024-12-04T13:25:32.668+0100] {processor.py:186} INFO - Started process (PID=20007) to work on /Users/sijibomijoshua/.pyenv/versions/3.11.6/lib/python3.11/site-packages/airflow/example_dags/example_setup_teardown.py
[2024-12-04T13:25:32.668+0100] {processor.py:914} INFO - Processing file /Users/sijibomijoshua/.pyenv/versions/3.11.6/lib/python3.11/site-packages/airflow/example_dags/example_setup_teardown.py for tasks to queue
[2024-12-04T13:25:32.669+0100] {logging_mixin.py:190} INFO - [2024-12-04T13:25:32.669+0100] {dagbag.py:588} INFO - Filling up the DagBag from /Users/sijibomijoshua/.pyenv/versions/3.11.6/lib/python3.11/site-packages/airflow/example_dags/example_setup_teardown.py
[2024-12-04T13:25:32.673+0100] {processor.py:925} INFO - DAG(s) 'example_setup_teardown' retrieved from /Users/sijibomijoshua/.pyenv/versions/3.11.6/lib/python3.11/site-packages/airflow/example_dags/example_setup_teardown.py
[2024-12-04T13:25:32.729+0100] {logging_mixin.py:190} INFO - [2024-12-04T13:25:32.729+0100] {dag.py:3239} INFO - Sync 1 DAGs
[2024-12-04T13:25:32.733+0100] {logging_mixin.py:190} INFO - [2024-12-04T13:25:32.732+0100] {dag.py:4180} INFO - Setting next_dagrun for example_setup_teardown to None, run_after=None
[2024-12-04T13:25:32.739+0100] {processor.py:208} INFO - Processing /Users/sijibomijoshua/.pyenv/versions/3.11.6/lib/python3.11/site-packages/airflow/example_dags/example_setup_teardown.py took 0.073 seconds
[2024-12-04T13:37:27.704+0100] {processor.py:186} INFO - Started process (PID=35020) to work on /Users/sijibomijoshua/airflow/airflow_env/lib/python3.11/site-packages/airflow/example_dags/example_setup_teardown.py
[2024-12-04T13:37:27.704+0100] {processor.py:914} INFO - Processing file /Users/sijibomijoshua/airflow/airflow_env/lib/python3.11/site-packages/airflow/example_dags/example_setup_teardown.py for tasks to queue
[2024-12-04T13:37:27.705+0100] {logging_mixin.py:190} INFO - [2024-12-04T13:37:27.705+0100] {dagbag.py:588} INFO - Filling up the DagBag from /Users/sijibomijoshua/airflow/airflow_env/lib/python3.11/site-packages/airflow/example_dags/example_setup_teardown.py
[2024-12-04T13:37:27.708+0100] {processor.py:925} INFO - DAG(s) 'example_setup_teardown' retrieved from /Users/sijibomijoshua/airflow/airflow_env/lib/python3.11/site-packages/airflow/example_dags/example_setup_teardown.py
[2024-12-04T13:37:27.794+0100] {logging_mixin.py:190} INFO - [2024-12-04T13:37:27.794+0100] {dag.py:3239} INFO - Sync 1 DAGs
[2024-12-04T13:37:27.798+0100] {logging_mixin.py:190} INFO - [2024-12-04T13:37:27.797+0100] {dag.py:4180} INFO - Setting next_dagrun for example_setup_teardown to None, run_after=None
[2024-12-04T13:37:27.805+0100] {processor.py:208} INFO - Processing /Users/sijibomijoshua/airflow/airflow_env/lib/python3.11/site-packages/airflow/example_dags/example_setup_teardown.py took 0.103 seconds
[2024-12-04T13:39:07.380+0100] {processor.py:186} INFO - Started process (PID=37323) to work on /Users/sijibomijoshua/airflow/airflow_env/lib/python3.11/site-packages/airflow/example_dags/example_setup_teardown.py
[2024-12-04T13:39:07.380+0100] {processor.py:914} INFO - Processing file /Users/sijibomijoshua/airflow/airflow_env/lib/python3.11/site-packages/airflow/example_dags/example_setup_teardown.py for tasks to queue
[2024-12-04T13:39:07.381+0100] {logging_mixin.py:190} INFO - [2024-12-04T13:39:07.381+0100] {dagbag.py:588} INFO - Filling up the DagBag from /Users/sijibomijoshua/airflow/airflow_env/lib/python3.11/site-packages/airflow/example_dags/example_setup_teardown.py
[2024-12-04T13:39:07.385+0100] {processor.py:925} INFO - DAG(s) 'example_setup_teardown' retrieved from /Users/sijibomijoshua/airflow/airflow_env/lib/python3.11/site-packages/airflow/example_dags/example_setup_teardown.py
[2024-12-04T13:39:07.443+0100] {logging_mixin.py:190} INFO - [2024-12-04T13:39:07.443+0100] {dag.py:3239} INFO - Sync 1 DAGs
[2024-12-04T13:39:07.447+0100] {logging_mixin.py:190} INFO - [2024-12-04T13:39:07.447+0100] {dag.py:4180} INFO - Setting next_dagrun for example_setup_teardown to None, run_after=None
[2024-12-04T13:39:07.454+0100] {processor.py:208} INFO - Processing /Users/sijibomijoshua/airflow/airflow_env/lib/python3.11/site-packages/airflow/example_dags/example_setup_teardown.py took 0.076 seconds
[2024-12-04T13:41:23.654+0100] {processor.py:186} INFO - Started process (PID=40338) to work on /Users/sijibomijoshua/airflow/airflow_env/lib/python3.11/site-packages/airflow/example_dags/example_setup_teardown.py
[2024-12-04T13:41:23.655+0100] {processor.py:914} INFO - Processing file /Users/sijibomijoshua/airflow/airflow_env/lib/python3.11/site-packages/airflow/example_dags/example_setup_teardown.py for tasks to queue
[2024-12-04T13:41:23.656+0100] {logging_mixin.py:190} INFO - [2024-12-04T13:41:23.656+0100] {dagbag.py:588} INFO - Filling up the DagBag from /Users/sijibomijoshua/airflow/airflow_env/lib/python3.11/site-packages/airflow/example_dags/example_setup_teardown.py
[2024-12-04T13:41:23.659+0100] {processor.py:925} INFO - DAG(s) 'example_setup_teardown' retrieved from /Users/sijibomijoshua/airflow/airflow_env/lib/python3.11/site-packages/airflow/example_dags/example_setup_teardown.py
[2024-12-04T13:41:23.717+0100] {logging_mixin.py:190} INFO - [2024-12-04T13:41:23.717+0100] {dag.py:3239} INFO - Sync 1 DAGs
[2024-12-04T13:41:23.721+0100] {logging_mixin.py:190} INFO - [2024-12-04T13:41:23.720+0100] {dag.py:4180} INFO - Setting next_dagrun for example_setup_teardown to None, run_after=None
[2024-12-04T13:41:23.727+0100] {processor.py:208} INFO - Processing /Users/sijibomijoshua/airflow/airflow_env/lib/python3.11/site-packages/airflow/example_dags/example_setup_teardown.py took 0.075 seconds
[2024-12-04T13:43:38.703+0100] {processor.py:186} INFO - Started process (PID=43293) to work on /Users/sijibomijoshua/airflow/airflow_env/lib/python3.11/site-packages/airflow/example_dags/example_setup_teardown.py
[2024-12-04T13:43:38.703+0100] {processor.py:914} INFO - Processing file /Users/sijibomijoshua/airflow/airflow_env/lib/python3.11/site-packages/airflow/example_dags/example_setup_teardown.py for tasks to queue
[2024-12-04T13:43:38.705+0100] {logging_mixin.py:190} INFO - [2024-12-04T13:43:38.705+0100] {dagbag.py:588} INFO - Filling up the DagBag from /Users/sijibomijoshua/airflow/airflow_env/lib/python3.11/site-packages/airflow/example_dags/example_setup_teardown.py
[2024-12-04T13:43:38.709+0100] {processor.py:925} INFO - DAG(s) 'example_setup_teardown' retrieved from /Users/sijibomijoshua/airflow/airflow_env/lib/python3.11/site-packages/airflow/example_dags/example_setup_teardown.py
[2024-12-04T13:43:38.780+0100] {logging_mixin.py:190} INFO - [2024-12-04T13:43:38.780+0100] {dag.py:3239} INFO - Sync 1 DAGs
[2024-12-04T13:43:38.785+0100] {logging_mixin.py:190} INFO - [2024-12-04T13:43:38.784+0100] {dag.py:4180} INFO - Setting next_dagrun for example_setup_teardown to None, run_after=None
[2024-12-04T13:43:38.794+0100] {processor.py:208} INFO - Processing /Users/sijibomijoshua/airflow/airflow_env/lib/python3.11/site-packages/airflow/example_dags/example_setup_teardown.py took 0.093 seconds
[2024-12-04T14:01:47.016+0100] {processor.py:186} INFO - Started process (PID=55681) to work on /Users/sijibomijoshua/airflow/airflow_env/lib/python3.11/site-packages/airflow/example_dags/example_setup_teardown.py
[2024-12-04T14:01:47.017+0100] {processor.py:914} INFO - Processing file /Users/sijibomijoshua/airflow/airflow_env/lib/python3.11/site-packages/airflow/example_dags/example_setup_teardown.py for tasks to queue
[2024-12-04T14:01:47.020+0100] {logging_mixin.py:190} INFO - [2024-12-04T14:01:47.018+0100] {dagbag.py:588} INFO - Filling up the DagBag from /Users/sijibomijoshua/airflow/airflow_env/lib/python3.11/site-packages/airflow/example_dags/example_setup_teardown.py
[2024-12-04T14:01:47.025+0100] {processor.py:925} INFO - DAG(s) 'example_setup_teardown' retrieved from /Users/sijibomijoshua/airflow/airflow_env/lib/python3.11/site-packages/airflow/example_dags/example_setup_teardown.py
[2024-12-04T14:01:47.093+0100] {logging_mixin.py:190} INFO - [2024-12-04T14:01:47.093+0100] {dag.py:3239} INFO - Sync 1 DAGs
[2024-12-04T14:01:47.098+0100] {logging_mixin.py:190} INFO - [2024-12-04T14:01:47.098+0100] {dag.py:4180} INFO - Setting next_dagrun for example_setup_teardown to None, run_after=None
[2024-12-04T14:01:47.105+0100] {processor.py:208} INFO - Processing /Users/sijibomijoshua/airflow/airflow_env/lib/python3.11/site-packages/airflow/example_dags/example_setup_teardown.py took 0.090 seconds
