[2024-12-04T12:41:13.985+0100] {processor.py:186} INFO - Started process (PID=81953) to work on /Users/sijibomijoshua/.pyenv/versions/3.11.6/lib/python3.11/site-packages/airflow/example_dags/example_xcomargs.py
[2024-12-04T12:41:13.985+0100] {processor.py:914} INFO - Processing file /Users/sijibomijoshua/.pyenv/versions/3.11.6/lib/python3.11/site-packages/airflow/example_dags/example_xcomargs.py for tasks to queue
[2024-12-04T12:41:13.986+0100] {logging_mixin.py:190} INFO - [2024-12-04T12:41:13.986+0100] {dagbag.py:588} INFO - Filling up the DagBag from /Users/sijibomijoshua/.pyenv/versions/3.11.6/lib/python3.11/site-packages/airflow/example_dags/example_xcomargs.py
[2024-12-04T12:41:14.000+0100] {processor.py:925} INFO - DAG(s) 'example_xcom_args_with_operators', 'example_xcom_args' retrieved from /Users/sijibomijoshua/.pyenv/versions/3.11.6/lib/python3.11/site-packages/airflow/example_dags/example_xcomargs.py
[2024-12-04T12:41:14.088+0100] {logging_mixin.py:190} INFO - [2024-12-04T12:41:14.088+0100] {override.py:1911} INFO - Created Permission View: can edit on DAG:example_xcom_args_with_operators
[2024-12-04T12:41:14.091+0100] {logging_mixin.py:190} INFO - [2024-12-04T12:41:14.091+0100] {override.py:1911} INFO - Created Permission View: can read on DAG:example_xcom_args_with_operators
[2024-12-04T12:41:14.093+0100] {logging_mixin.py:190} INFO - [2024-12-04T12:41:14.093+0100] {override.py:1911} INFO - Created Permission View: can delete on DAG:example_xcom_args_with_operators
[2024-12-04T12:41:14.096+0100] {logging_mixin.py:190} INFO - [2024-12-04T12:41:14.096+0100] {override.py:1911} INFO - Created Permission View: can read on DAG Run:example_xcom_args_with_operators
[2024-12-04T12:41:14.098+0100] {logging_mixin.py:190} INFO - [2024-12-04T12:41:14.098+0100] {override.py:1911} INFO - Created Permission View: menu access on DAG Run:example_xcom_args_with_operators
[2024-12-04T12:41:14.100+0100] {logging_mixin.py:190} INFO - [2024-12-04T12:41:14.100+0100] {override.py:1911} INFO - Created Permission View: can delete on DAG Run:example_xcom_args_with_operators
[2024-12-04T12:41:14.102+0100] {logging_mixin.py:190} INFO - [2024-12-04T12:41:14.102+0100] {override.py:1911} INFO - Created Permission View: can create on DAG Run:example_xcom_args_with_operators
[2024-12-04T12:41:14.106+0100] {logging_mixin.py:190} INFO - [2024-12-04T12:41:14.106+0100] {override.py:1911} INFO - Created Permission View: can edit on DAG:example_xcom_args
[2024-12-04T12:41:14.107+0100] {logging_mixin.py:190} INFO - [2024-12-04T12:41:14.107+0100] {override.py:1911} INFO - Created Permission View: can read on DAG:example_xcom_args
[2024-12-04T12:41:14.109+0100] {logging_mixin.py:190} INFO - [2024-12-04T12:41:14.109+0100] {override.py:1911} INFO - Created Permission View: can delete on DAG:example_xcom_args
[2024-12-04T12:41:14.112+0100] {logging_mixin.py:190} INFO - [2024-12-04T12:41:14.112+0100] {override.py:1911} INFO - Created Permission View: can read on DAG Run:example_xcom_args
[2024-12-04T12:41:14.114+0100] {logging_mixin.py:190} INFO - [2024-12-04T12:41:14.114+0100] {override.py:1911} INFO - Created Permission View: menu access on DAG Run:example_xcom_args
[2024-12-04T12:41:14.115+0100] {logging_mixin.py:190} INFO - [2024-12-04T12:41:14.115+0100] {override.py:1911} INFO - Created Permission View: can delete on DAG Run:example_xcom_args
[2024-12-04T12:41:14.117+0100] {logging_mixin.py:190} INFO - [2024-12-04T12:41:14.117+0100] {override.py:1911} INFO - Created Permission View: can create on DAG Run:example_xcom_args
[2024-12-04T12:41:14.117+0100] {logging_mixin.py:190} INFO - [2024-12-04T12:41:14.117+0100] {dag.py:3239} INFO - Sync 2 DAGs
[2024-12-04T12:41:14.121+0100] {logging_mixin.py:190} INFO - [2024-12-04T12:41:14.121+0100] {dag.py:3262} INFO - Creating ORM DAG for example_xcom_args_with_operators
[2024-12-04T12:41:14.121+0100] {logging_mixin.py:190} INFO - [2024-12-04T12:41:14.121+0100] {dag.py:3262} INFO - Creating ORM DAG for example_xcom_args
[2024-12-04T12:41:14.121+0100] {logging_mixin.py:190} INFO - [2024-12-04T12:41:14.121+0100] {dag.py:4180} INFO - Setting next_dagrun for example_xcom_args to None, run_after=None
[2024-12-04T12:41:14.121+0100] {logging_mixin.py:190} INFO - [2024-12-04T12:41:14.121+0100] {dag.py:4180} INFO - Setting next_dagrun for example_xcom_args_with_operators to None, run_after=None
[2024-12-04T12:41:14.127+0100] {processor.py:208} INFO - Processing /Users/sijibomijoshua/.pyenv/versions/3.11.6/lib/python3.11/site-packages/airflow/example_dags/example_xcomargs.py took 0.144 seconds
[2024-12-04T12:42:05.092+0100] {processor.py:186} INFO - Started process (PID=82778) to work on /Users/sijibomijoshua/.pyenv/versions/3.11.6/lib/python3.11/site-packages/airflow/example_dags/example_xcomargs.py
[2024-12-04T12:42:05.092+0100] {processor.py:914} INFO - Processing file /Users/sijibomijoshua/.pyenv/versions/3.11.6/lib/python3.11/site-packages/airflow/example_dags/example_xcomargs.py for tasks to queue
[2024-12-04T12:42:05.093+0100] {logging_mixin.py:190} INFO - [2024-12-04T12:42:05.093+0100] {dagbag.py:588} INFO - Filling up the DagBag from /Users/sijibomijoshua/.pyenv/versions/3.11.6/lib/python3.11/site-packages/airflow/example_dags/example_xcomargs.py
[2024-12-04T12:42:05.107+0100] {processor.py:925} INFO - DAG(s) 'example_xcom_args_with_operators', 'example_xcom_args' retrieved from /Users/sijibomijoshua/.pyenv/versions/3.11.6/lib/python3.11/site-packages/airflow/example_dags/example_xcomargs.py
[2024-12-04T12:42:05.166+0100] {logging_mixin.py:190} INFO - [2024-12-04T12:42:05.166+0100] {dag.py:3239} INFO - Sync 2 DAGs
[2024-12-04T12:42:05.170+0100] {logging_mixin.py:190} INFO - [2024-12-04T12:42:05.170+0100] {dag.py:4180} INFO - Setting next_dagrun for example_xcom_args to None, run_after=None
[2024-12-04T12:42:05.172+0100] {logging_mixin.py:190} INFO - [2024-12-04T12:42:05.171+0100] {dag.py:4180} INFO - Setting next_dagrun for example_xcom_args_with_operators to None, run_after=None
[2024-12-04T12:42:05.179+0100] {processor.py:208} INFO - Processing /Users/sijibomijoshua/.pyenv/versions/3.11.6/lib/python3.11/site-packages/airflow/example_dags/example_xcomargs.py took 0.088 seconds
[2024-12-04T12:43:43.823+0100] {processor.py:186} INFO - Started process (PID=84313) to work on /Users/sijibomijoshua/.pyenv/versions/3.11.6/lib/python3.11/site-packages/airflow/example_dags/example_xcomargs.py
[2024-12-04T12:43:43.825+0100] {processor.py:914} INFO - Processing file /Users/sijibomijoshua/.pyenv/versions/3.11.6/lib/python3.11/site-packages/airflow/example_dags/example_xcomargs.py for tasks to queue
[2024-12-04T12:43:43.826+0100] {logging_mixin.py:190} INFO - [2024-12-04T12:43:43.826+0100] {dagbag.py:588} INFO - Filling up the DagBag from /Users/sijibomijoshua/.pyenv/versions/3.11.6/lib/python3.11/site-packages/airflow/example_dags/example_xcomargs.py
[2024-12-04T12:43:43.842+0100] {processor.py:925} INFO - DAG(s) 'example_xcom_args', 'example_xcom_args_with_operators' retrieved from /Users/sijibomijoshua/.pyenv/versions/3.11.6/lib/python3.11/site-packages/airflow/example_dags/example_xcomargs.py
[2024-12-04T12:43:43.902+0100] {logging_mixin.py:190} INFO - [2024-12-04T12:43:43.901+0100] {dag.py:3239} INFO - Sync 2 DAGs
[2024-12-04T12:43:43.905+0100] {logging_mixin.py:190} INFO - [2024-12-04T12:43:43.905+0100] {dag.py:4180} INFO - Setting next_dagrun for example_xcom_args to None, run_after=None
[2024-12-04T12:43:43.907+0100] {logging_mixin.py:190} INFO - [2024-12-04T12:43:43.907+0100] {dag.py:4180} INFO - Setting next_dagrun for example_xcom_args_with_operators to None, run_after=None
[2024-12-04T12:43:43.913+0100] {processor.py:208} INFO - Processing /Users/sijibomijoshua/.pyenv/versions/3.11.6/lib/python3.11/site-packages/airflow/example_dags/example_xcomargs.py took 0.092 seconds
[2024-12-04T12:44:51.948+0100] {processor.py:186} INFO - Started process (PID=85376) to work on /Users/sijibomijoshua/.pyenv/versions/3.11.6/lib/python3.11/site-packages/airflow/example_dags/example_xcomargs.py
[2024-12-04T12:44:51.948+0100] {processor.py:914} INFO - Processing file /Users/sijibomijoshua/.pyenv/versions/3.11.6/lib/python3.11/site-packages/airflow/example_dags/example_xcomargs.py for tasks to queue
[2024-12-04T12:44:51.949+0100] {logging_mixin.py:190} INFO - [2024-12-04T12:44:51.949+0100] {dagbag.py:588} INFO - Filling up the DagBag from /Users/sijibomijoshua/.pyenv/versions/3.11.6/lib/python3.11/site-packages/airflow/example_dags/example_xcomargs.py
[2024-12-04T12:44:51.963+0100] {processor.py:925} INFO - DAG(s) 'example_xcom_args_with_operators', 'example_xcom_args' retrieved from /Users/sijibomijoshua/.pyenv/versions/3.11.6/lib/python3.11/site-packages/airflow/example_dags/example_xcomargs.py
[2024-12-04T12:44:52.028+0100] {logging_mixin.py:190} INFO - [2024-12-04T12:44:52.028+0100] {dag.py:3239} INFO - Sync 2 DAGs
[2024-12-04T12:44:52.032+0100] {logging_mixin.py:190} INFO - [2024-12-04T12:44:52.032+0100] {dag.py:4180} INFO - Setting next_dagrun for example_xcom_args to None, run_after=None
[2024-12-04T12:44:52.034+0100] {logging_mixin.py:190} INFO - [2024-12-04T12:44:52.034+0100] {dag.py:4180} INFO - Setting next_dagrun for example_xcom_args_with_operators to None, run_after=None
[2024-12-04T12:44:52.040+0100] {processor.py:208} INFO - Processing /Users/sijibomijoshua/.pyenv/versions/3.11.6/lib/python3.11/site-packages/airflow/example_dags/example_xcomargs.py took 0.095 seconds
[2024-12-04T12:45:58.734+0100] {processor.py:186} INFO - Started process (PID=86425) to work on /Users/sijibomijoshua/.pyenv/versions/3.11.6/lib/python3.11/site-packages/airflow/example_dags/example_xcomargs.py
[2024-12-04T12:45:58.735+0100] {processor.py:914} INFO - Processing file /Users/sijibomijoshua/.pyenv/versions/3.11.6/lib/python3.11/site-packages/airflow/example_dags/example_xcomargs.py for tasks to queue
[2024-12-04T12:45:58.736+0100] {logging_mixin.py:190} INFO - [2024-12-04T12:45:58.736+0100] {dagbag.py:588} INFO - Filling up the DagBag from /Users/sijibomijoshua/.pyenv/versions/3.11.6/lib/python3.11/site-packages/airflow/example_dags/example_xcomargs.py
[2024-12-04T12:45:58.749+0100] {processor.py:925} INFO - DAG(s) 'example_xcom_args_with_operators', 'example_xcom_args' retrieved from /Users/sijibomijoshua/.pyenv/versions/3.11.6/lib/python3.11/site-packages/airflow/example_dags/example_xcomargs.py
[2024-12-04T12:45:58.806+0100] {logging_mixin.py:190} INFO - [2024-12-04T12:45:58.806+0100] {dag.py:3239} INFO - Sync 2 DAGs
[2024-12-04T12:45:58.810+0100] {logging_mixin.py:190} INFO - [2024-12-04T12:45:58.809+0100] {dag.py:4180} INFO - Setting next_dagrun for example_xcom_args to None, run_after=None
[2024-12-04T12:45:58.811+0100] {logging_mixin.py:190} INFO - [2024-12-04T12:45:58.811+0100] {dag.py:4180} INFO - Setting next_dagrun for example_xcom_args_with_operators to None, run_after=None
[2024-12-04T12:45:58.817+0100] {processor.py:208} INFO - Processing /Users/sijibomijoshua/.pyenv/versions/3.11.6/lib/python3.11/site-packages/airflow/example_dags/example_xcomargs.py took 0.084 seconds
[2024-12-04T12:47:08.654+0100] {processor.py:186} INFO - Started process (PID=87488) to work on /Users/sijibomijoshua/.pyenv/versions/3.11.6/lib/python3.11/site-packages/airflow/example_dags/example_xcomargs.py
[2024-12-04T12:47:08.656+0100] {processor.py:914} INFO - Processing file /Users/sijibomijoshua/.pyenv/versions/3.11.6/lib/python3.11/site-packages/airflow/example_dags/example_xcomargs.py for tasks to queue
[2024-12-04T12:47:08.658+0100] {logging_mixin.py:190} INFO - [2024-12-04T12:47:08.657+0100] {dagbag.py:588} INFO - Filling up the DagBag from /Users/sijibomijoshua/.pyenv/versions/3.11.6/lib/python3.11/site-packages/airflow/example_dags/example_xcomargs.py
[2024-12-04T12:47:08.673+0100] {processor.py:925} INFO - DAG(s) 'example_xcom_args', 'example_xcom_args_with_operators' retrieved from /Users/sijibomijoshua/.pyenv/versions/3.11.6/lib/python3.11/site-packages/airflow/example_dags/example_xcomargs.py
[2024-12-04T12:47:08.736+0100] {logging_mixin.py:190} INFO - [2024-12-04T12:47:08.736+0100] {dag.py:3239} INFO - Sync 2 DAGs
[2024-12-04T12:47:08.740+0100] {logging_mixin.py:190} INFO - [2024-12-04T12:47:08.740+0100] {dag.py:4180} INFO - Setting next_dagrun for example_xcom_args to None, run_after=None
[2024-12-04T12:47:08.742+0100] {logging_mixin.py:190} INFO - [2024-12-04T12:47:08.742+0100] {dag.py:4180} INFO - Setting next_dagrun for example_xcom_args_with_operators to None, run_after=None
[2024-12-04T12:47:08.748+0100] {processor.py:208} INFO - Processing /Users/sijibomijoshua/.pyenv/versions/3.11.6/lib/python3.11/site-packages/airflow/example_dags/example_xcomargs.py took 0.096 seconds
[2024-12-04T12:48:17.014+0100] {processor.py:186} INFO - Started process (PID=88544) to work on /Users/sijibomijoshua/.pyenv/versions/3.11.6/lib/python3.11/site-packages/airflow/example_dags/example_xcomargs.py
[2024-12-04T12:48:17.015+0100] {processor.py:914} INFO - Processing file /Users/sijibomijoshua/.pyenv/versions/3.11.6/lib/python3.11/site-packages/airflow/example_dags/example_xcomargs.py for tasks to queue
[2024-12-04T12:48:17.016+0100] {logging_mixin.py:190} INFO - [2024-12-04T12:48:17.016+0100] {dagbag.py:588} INFO - Filling up the DagBag from /Users/sijibomijoshua/.pyenv/versions/3.11.6/lib/python3.11/site-packages/airflow/example_dags/example_xcomargs.py
[2024-12-04T12:48:17.034+0100] {processor.py:925} INFO - DAG(s) 'example_xcom_args', 'example_xcom_args_with_operators' retrieved from /Users/sijibomijoshua/.pyenv/versions/3.11.6/lib/python3.11/site-packages/airflow/example_dags/example_xcomargs.py
[2024-12-04T12:48:17.098+0100] {logging_mixin.py:190} INFO - [2024-12-04T12:48:17.098+0100] {dag.py:3239} INFO - Sync 2 DAGs
[2024-12-04T12:48:17.102+0100] {logging_mixin.py:190} INFO - [2024-12-04T12:48:17.102+0100] {dag.py:4180} INFO - Setting next_dagrun for example_xcom_args to None, run_after=None
[2024-12-04T12:48:17.104+0100] {logging_mixin.py:190} INFO - [2024-12-04T12:48:17.104+0100] {dag.py:4180} INFO - Setting next_dagrun for example_xcom_args_with_operators to None, run_after=None
[2024-12-04T12:48:17.109+0100] {processor.py:208} INFO - Processing /Users/sijibomijoshua/.pyenv/versions/3.11.6/lib/python3.11/site-packages/airflow/example_dags/example_xcomargs.py took 0.097 seconds
[2024-12-04T13:23:27.590+0100] {processor.py:186} INFO - Started process (PID=17736) to work on /Users/sijibomijoshua/.pyenv/versions/3.11.6/lib/python3.11/site-packages/airflow/example_dags/example_xcomargs.py
[2024-12-04T13:23:27.591+0100] {processor.py:914} INFO - Processing file /Users/sijibomijoshua/.pyenv/versions/3.11.6/lib/python3.11/site-packages/airflow/example_dags/example_xcomargs.py for tasks to queue
[2024-12-04T13:23:27.592+0100] {logging_mixin.py:190} INFO - [2024-12-04T13:23:27.592+0100] {dagbag.py:588} INFO - Filling up the DagBag from /Users/sijibomijoshua/.pyenv/versions/3.11.6/lib/python3.11/site-packages/airflow/example_dags/example_xcomargs.py
[2024-12-04T13:23:27.605+0100] {processor.py:925} INFO - DAG(s) 'example_xcom_args', 'example_xcom_args_with_operators' retrieved from /Users/sijibomijoshua/.pyenv/versions/3.11.6/lib/python3.11/site-packages/airflow/example_dags/example_xcomargs.py
[2024-12-04T13:23:27.663+0100] {logging_mixin.py:190} INFO - [2024-12-04T13:23:27.663+0100] {dag.py:3239} INFO - Sync 2 DAGs
[2024-12-04T13:23:27.667+0100] {logging_mixin.py:190} INFO - [2024-12-04T13:23:27.666+0100] {dag.py:4180} INFO - Setting next_dagrun for example_xcom_args to None, run_after=None
[2024-12-04T13:23:27.668+0100] {logging_mixin.py:190} INFO - [2024-12-04T13:23:27.668+0100] {dag.py:4180} INFO - Setting next_dagrun for example_xcom_args_with_operators to None, run_after=None
[2024-12-04T13:23:27.675+0100] {processor.py:208} INFO - Processing /Users/sijibomijoshua/.pyenv/versions/3.11.6/lib/python3.11/site-packages/airflow/example_dags/example_xcomargs.py took 0.087 seconds
[2024-12-04T13:25:08.483+0100] {processor.py:186} INFO - Started process (PID=19577) to work on /Users/sijibomijoshua/.pyenv/versions/3.11.6/lib/python3.11/site-packages/airflow/example_dags/example_xcomargs.py
[2024-12-04T13:25:08.483+0100] {processor.py:914} INFO - Processing file /Users/sijibomijoshua/.pyenv/versions/3.11.6/lib/python3.11/site-packages/airflow/example_dags/example_xcomargs.py for tasks to queue
[2024-12-04T13:25:08.484+0100] {logging_mixin.py:190} INFO - [2024-12-04T13:25:08.484+0100] {dagbag.py:588} INFO - Filling up the DagBag from /Users/sijibomijoshua/.pyenv/versions/3.11.6/lib/python3.11/site-packages/airflow/example_dags/example_xcomargs.py
[2024-12-04T13:25:08.499+0100] {processor.py:925} INFO - DAG(s) 'example_xcom_args_with_operators', 'example_xcom_args' retrieved from /Users/sijibomijoshua/.pyenv/versions/3.11.6/lib/python3.11/site-packages/airflow/example_dags/example_xcomargs.py
[2024-12-04T13:25:08.560+0100] {logging_mixin.py:190} INFO - [2024-12-04T13:25:08.560+0100] {dag.py:3239} INFO - Sync 2 DAGs
[2024-12-04T13:25:08.564+0100] {logging_mixin.py:190} INFO - [2024-12-04T13:25:08.564+0100] {dag.py:4180} INFO - Setting next_dagrun for example_xcom_args to None, run_after=None
[2024-12-04T13:25:08.566+0100] {logging_mixin.py:190} INFO - [2024-12-04T13:25:08.566+0100] {dag.py:4180} INFO - Setting next_dagrun for example_xcom_args_with_operators to None, run_after=None
[2024-12-04T13:25:08.573+0100] {processor.py:208} INFO - Processing /Users/sijibomijoshua/.pyenv/versions/3.11.6/lib/python3.11/site-packages/airflow/example_dags/example_xcomargs.py took 0.092 seconds
[2024-12-04T13:37:03.076+0100] {processor.py:186} INFO - Started process (PID=34436) to work on /Users/sijibomijoshua/airflow/airflow_env/lib/python3.11/site-packages/airflow/example_dags/example_xcomargs.py
[2024-12-04T13:37:03.077+0100] {processor.py:914} INFO - Processing file /Users/sijibomijoshua/airflow/airflow_env/lib/python3.11/site-packages/airflow/example_dags/example_xcomargs.py for tasks to queue
[2024-12-04T13:37:03.078+0100] {logging_mixin.py:190} INFO - [2024-12-04T13:37:03.078+0100] {dagbag.py:588} INFO - Filling up the DagBag from /Users/sijibomijoshua/airflow/airflow_env/lib/python3.11/site-packages/airflow/example_dags/example_xcomargs.py
[2024-12-04T13:37:03.093+0100] {processor.py:925} INFO - DAG(s) 'example_xcom_args', 'example_xcom_args_with_operators' retrieved from /Users/sijibomijoshua/airflow/airflow_env/lib/python3.11/site-packages/airflow/example_dags/example_xcomargs.py
[2024-12-04T13:37:03.184+0100] {logging_mixin.py:190} INFO - [2024-12-04T13:37:03.184+0100] {dag.py:3239} INFO - Sync 2 DAGs
[2024-12-04T13:37:03.187+0100] {logging_mixin.py:190} INFO - [2024-12-04T13:37:03.187+0100] {dag.py:4180} INFO - Setting next_dagrun for example_xcom_args to None, run_after=None
[2024-12-04T13:37:03.188+0100] {logging_mixin.py:190} INFO - [2024-12-04T13:37:03.188+0100] {dag.py:4180} INFO - Setting next_dagrun for example_xcom_args_with_operators to None, run_after=None
[2024-12-04T13:37:03.195+0100] {processor.py:208} INFO - Processing /Users/sijibomijoshua/airflow/airflow_env/lib/python3.11/site-packages/airflow/example_dags/example_xcomargs.py took 0.120 seconds
[2024-12-04T13:38:41.519+0100] {processor.py:186} INFO - Started process (PID=36742) to work on /Users/sijibomijoshua/airflow/airflow_env/lib/python3.11/site-packages/airflow/example_dags/example_xcomargs.py
[2024-12-04T13:38:41.519+0100] {processor.py:914} INFO - Processing file /Users/sijibomijoshua/airflow/airflow_env/lib/python3.11/site-packages/airflow/example_dags/example_xcomargs.py for tasks to queue
[2024-12-04T13:38:41.520+0100] {logging_mixin.py:190} INFO - [2024-12-04T13:38:41.520+0100] {dagbag.py:588} INFO - Filling up the DagBag from /Users/sijibomijoshua/airflow/airflow_env/lib/python3.11/site-packages/airflow/example_dags/example_xcomargs.py
[2024-12-04T13:38:41.534+0100] {processor.py:925} INFO - DAG(s) 'example_xcom_args', 'example_xcom_args_with_operators' retrieved from /Users/sijibomijoshua/airflow/airflow_env/lib/python3.11/site-packages/airflow/example_dags/example_xcomargs.py
[2024-12-04T13:38:41.591+0100] {logging_mixin.py:190} INFO - [2024-12-04T13:38:41.591+0100] {dag.py:3239} INFO - Sync 2 DAGs
[2024-12-04T13:38:41.595+0100] {logging_mixin.py:190} INFO - [2024-12-04T13:38:41.595+0100] {dag.py:4180} INFO - Setting next_dagrun for example_xcom_args to None, run_after=None
[2024-12-04T13:38:41.596+0100] {logging_mixin.py:190} INFO - [2024-12-04T13:38:41.596+0100] {dag.py:4180} INFO - Setting next_dagrun for example_xcom_args_with_operators to None, run_after=None
[2024-12-04T13:38:41.602+0100] {processor.py:208} INFO - Processing /Users/sijibomijoshua/airflow/airflow_env/lib/python3.11/site-packages/airflow/example_dags/example_xcomargs.py took 0.085 seconds
[2024-12-04T13:39:55.321+0100] {processor.py:186} INFO - Started process (PID=38368) to work on /Users/sijibomijoshua/airflow/airflow_env/lib/python3.11/site-packages/airflow/example_dags/example_xcomargs.py
[2024-12-04T13:39:55.321+0100] {processor.py:914} INFO - Processing file /Users/sijibomijoshua/airflow/airflow_env/lib/python3.11/site-packages/airflow/example_dags/example_xcomargs.py for tasks to queue
[2024-12-04T13:39:55.322+0100] {logging_mixin.py:190} INFO - [2024-12-04T13:39:55.322+0100] {dagbag.py:588} INFO - Filling up the DagBag from /Users/sijibomijoshua/airflow/airflow_env/lib/python3.11/site-packages/airflow/example_dags/example_xcomargs.py
[2024-12-04T13:39:55.338+0100] {processor.py:925} INFO - DAG(s) 'example_xcom_args_with_operators', 'example_xcom_args' retrieved from /Users/sijibomijoshua/airflow/airflow_env/lib/python3.11/site-packages/airflow/example_dags/example_xcomargs.py
[2024-12-04T13:39:55.411+0100] {logging_mixin.py:190} INFO - [2024-12-04T13:39:55.410+0100] {dag.py:3239} INFO - Sync 2 DAGs
[2024-12-04T13:39:55.415+0100] {logging_mixin.py:190} INFO - [2024-12-04T13:39:55.415+0100] {dag.py:4180} INFO - Setting next_dagrun for example_xcom_args to None, run_after=None
[2024-12-04T13:39:55.416+0100] {logging_mixin.py:190} INFO - [2024-12-04T13:39:55.416+0100] {dag.py:4180} INFO - Setting next_dagrun for example_xcom_args_with_operators to None, run_after=None
[2024-12-04T13:39:55.423+0100] {processor.py:208} INFO - Processing /Users/sijibomijoshua/airflow/airflow_env/lib/python3.11/site-packages/airflow/example_dags/example_xcomargs.py took 0.104 seconds
[2024-12-04T13:41:02.420+0100] {processor.py:186} INFO - Started process (PID=39872) to work on /Users/sijibomijoshua/airflow/airflow_env/lib/python3.11/site-packages/airflow/example_dags/example_xcomargs.py
[2024-12-04T13:41:02.421+0100] {processor.py:914} INFO - Processing file /Users/sijibomijoshua/airflow/airflow_env/lib/python3.11/site-packages/airflow/example_dags/example_xcomargs.py for tasks to queue
[2024-12-04T13:41:02.422+0100] {logging_mixin.py:190} INFO - [2024-12-04T13:41:02.422+0100] {dagbag.py:588} INFO - Filling up the DagBag from /Users/sijibomijoshua/airflow/airflow_env/lib/python3.11/site-packages/airflow/example_dags/example_xcomargs.py
[2024-12-04T13:41:02.436+0100] {processor.py:925} INFO - DAG(s) 'example_xcom_args', 'example_xcom_args_with_operators' retrieved from /Users/sijibomijoshua/airflow/airflow_env/lib/python3.11/site-packages/airflow/example_dags/example_xcomargs.py
[2024-12-04T13:41:02.495+0100] {logging_mixin.py:190} INFO - [2024-12-04T13:41:02.495+0100] {dag.py:3239} INFO - Sync 2 DAGs
[2024-12-04T13:41:02.499+0100] {logging_mixin.py:190} INFO - [2024-12-04T13:41:02.499+0100] {dag.py:4180} INFO - Setting next_dagrun for example_xcom_args to None, run_after=None
[2024-12-04T13:41:02.500+0100] {logging_mixin.py:190} INFO - [2024-12-04T13:41:02.500+0100] {dag.py:4180} INFO - Setting next_dagrun for example_xcom_args_with_operators to None, run_after=None
[2024-12-04T13:41:02.506+0100] {processor.py:208} INFO - Processing /Users/sijibomijoshua/airflow/airflow_env/lib/python3.11/site-packages/airflow/example_dags/example_xcomargs.py took 0.088 seconds
[2024-12-04T13:42:08.092+0100] {processor.py:186} INFO - Started process (PID=41324) to work on /Users/sijibomijoshua/airflow/airflow_env/lib/python3.11/site-packages/airflow/example_dags/example_xcomargs.py
[2024-12-04T13:42:08.092+0100] {processor.py:914} INFO - Processing file /Users/sijibomijoshua/airflow/airflow_env/lib/python3.11/site-packages/airflow/example_dags/example_xcomargs.py for tasks to queue
[2024-12-04T13:42:08.093+0100] {logging_mixin.py:190} INFO - [2024-12-04T13:42:08.093+0100] {dagbag.py:588} INFO - Filling up the DagBag from /Users/sijibomijoshua/airflow/airflow_env/lib/python3.11/site-packages/airflow/example_dags/example_xcomargs.py
[2024-12-04T13:42:08.108+0100] {processor.py:925} INFO - DAG(s) 'example_xcom_args_with_operators', 'example_xcom_args' retrieved from /Users/sijibomijoshua/airflow/airflow_env/lib/python3.11/site-packages/airflow/example_dags/example_xcomargs.py
[2024-12-04T13:42:08.167+0100] {logging_mixin.py:190} INFO - [2024-12-04T13:42:08.167+0100] {dag.py:3239} INFO - Sync 2 DAGs
[2024-12-04T13:42:08.172+0100] {logging_mixin.py:190} INFO - [2024-12-04T13:42:08.172+0100] {dag.py:4180} INFO - Setting next_dagrun for example_xcom_args to None, run_after=None
[2024-12-04T13:42:08.174+0100] {logging_mixin.py:190} INFO - [2024-12-04T13:42:08.174+0100] {dag.py:4180} INFO - Setting next_dagrun for example_xcom_args_with_operators to None, run_after=None
[2024-12-04T13:42:08.180+0100] {processor.py:208} INFO - Processing /Users/sijibomijoshua/airflow/airflow_env/lib/python3.11/site-packages/airflow/example_dags/example_xcomargs.py took 0.090 seconds
[2024-12-04T13:43:14.072+0100] {processor.py:186} INFO - Started process (PID=42774) to work on /Users/sijibomijoshua/airflow/airflow_env/lib/python3.11/site-packages/airflow/example_dags/example_xcomargs.py
[2024-12-04T13:43:14.073+0100] {processor.py:914} INFO - Processing file /Users/sijibomijoshua/airflow/airflow_env/lib/python3.11/site-packages/airflow/example_dags/example_xcomargs.py for tasks to queue
[2024-12-04T13:43:14.074+0100] {logging_mixin.py:190} INFO - [2024-12-04T13:43:14.074+0100] {dagbag.py:588} INFO - Filling up the DagBag from /Users/sijibomijoshua/airflow/airflow_env/lib/python3.11/site-packages/airflow/example_dags/example_xcomargs.py
[2024-12-04T13:43:14.089+0100] {processor.py:925} INFO - DAG(s) 'example_xcom_args', 'example_xcom_args_with_operators' retrieved from /Users/sijibomijoshua/airflow/airflow_env/lib/python3.11/site-packages/airflow/example_dags/example_xcomargs.py
[2024-12-04T13:43:14.153+0100] {logging_mixin.py:190} INFO - [2024-12-04T13:43:14.153+0100] {dag.py:3239} INFO - Sync 2 DAGs
[2024-12-04T13:43:14.157+0100] {logging_mixin.py:190} INFO - [2024-12-04T13:43:14.157+0100] {dag.py:4180} INFO - Setting next_dagrun for example_xcom_args to None, run_after=None
[2024-12-04T13:43:14.159+0100] {logging_mixin.py:190} INFO - [2024-12-04T13:43:14.159+0100] {dag.py:4180} INFO - Setting next_dagrun for example_xcom_args_with_operators to None, run_after=None
[2024-12-04T13:43:14.168+0100] {processor.py:208} INFO - Processing /Users/sijibomijoshua/airflow/airflow_env/lib/python3.11/site-packages/airflow/example_dags/example_xcomargs.py took 0.098 seconds
[2024-12-04T14:01:21.963+0100] {processor.py:186} INFO - Started process (PID=55131) to work on /Users/sijibomijoshua/airflow/airflow_env/lib/python3.11/site-packages/airflow/example_dags/example_xcomargs.py
[2024-12-04T14:01:21.963+0100] {processor.py:914} INFO - Processing file /Users/sijibomijoshua/airflow/airflow_env/lib/python3.11/site-packages/airflow/example_dags/example_xcomargs.py for tasks to queue
[2024-12-04T14:01:21.965+0100] {logging_mixin.py:190} INFO - [2024-12-04T14:01:21.964+0100] {dagbag.py:588} INFO - Filling up the DagBag from /Users/sijibomijoshua/airflow/airflow_env/lib/python3.11/site-packages/airflow/example_dags/example_xcomargs.py
[2024-12-04T14:01:21.979+0100] {processor.py:925} INFO - DAG(s) 'example_xcom_args', 'example_xcom_args_with_operators' retrieved from /Users/sijibomijoshua/airflow/airflow_env/lib/python3.11/site-packages/airflow/example_dags/example_xcomargs.py
[2024-12-04T14:01:22.040+0100] {logging_mixin.py:190} INFO - [2024-12-04T14:01:22.040+0100] {dag.py:3239} INFO - Sync 2 DAGs
[2024-12-04T14:01:22.044+0100] {logging_mixin.py:190} INFO - [2024-12-04T14:01:22.044+0100] {dag.py:4180} INFO - Setting next_dagrun for example_xcom_args to None, run_after=None
[2024-12-04T14:01:22.046+0100] {logging_mixin.py:190} INFO - [2024-12-04T14:01:22.046+0100] {dag.py:4180} INFO - Setting next_dagrun for example_xcom_args_with_operators to None, run_after=None
[2024-12-04T14:01:22.053+0100] {processor.py:208} INFO - Processing /Users/sijibomijoshua/airflow/airflow_env/lib/python3.11/site-packages/airflow/example_dags/example_xcomargs.py took 0.091 seconds
