[2024-12-04T12:42:30.091+0100] {processor.py:186} INFO - Started process (PID=83166) to work on /Users/sijibomijoshua/.pyenv/versions/3.11.6/lib/python3.11/site-packages/airflow/example_dags/example_sensors.py
[2024-12-04T12:42:30.091+0100] {processor.py:914} INFO - Processing file /Users/sijibomijoshua/.pyenv/versions/3.11.6/lib/python3.11/site-packages/airflow/example_dags/example_sensors.py for tasks to queue
[2024-12-04T12:42:30.092+0100] {logging_mixin.py:190} INFO - [2024-12-04T12:42:30.092+0100] {dagbag.py:588} INFO - Filling up the DagBag from /Users/sijibomijoshua/.pyenv/versions/3.11.6/lib/python3.11/site-packages/airflow/example_dags/example_sensors.py
[2024-12-04T12:42:30.098+0100] {processor.py:925} INFO - DAG(s) 'example_sensors' retrieved from /Users/sijibomijoshua/.pyenv/versions/3.11.6/lib/python3.11/site-packages/airflow/example_dags/example_sensors.py
[2024-12-04T12:42:30.389+0100] {logging_mixin.py:190} INFO - [2024-12-04T12:42:30.388+0100] {override.py:1911} INFO - Created Permission View: can delete on DAG:example_sensors
[2024-12-04T12:42:30.392+0100] {logging_mixin.py:190} INFO - [2024-12-04T12:42:30.391+0100] {override.py:1911} INFO - Created Permission View: can read on DAG:example_sensors
[2024-12-04T12:42:30.393+0100] {logging_mixin.py:190} INFO - [2024-12-04T12:42:30.393+0100] {override.py:1911} INFO - Created Permission View: can edit on DAG:example_sensors
[2024-12-04T12:42:30.396+0100] {logging_mixin.py:190} INFO - [2024-12-04T12:42:30.396+0100] {override.py:1911} INFO - Created Permission View: menu access on DAG Run:example_sensors
[2024-12-04T12:42:30.397+0100] {logging_mixin.py:190} INFO - [2024-12-04T12:42:30.397+0100] {override.py:1911} INFO - Created Permission View: can create on DAG Run:example_sensors
[2024-12-04T12:42:30.399+0100] {logging_mixin.py:190} INFO - [2024-12-04T12:42:30.399+0100] {override.py:1911} INFO - Created Permission View: can read on DAG Run:example_sensors
[2024-12-04T12:42:30.401+0100] {logging_mixin.py:190} INFO - [2024-12-04T12:42:30.401+0100] {override.py:1911} INFO - Created Permission View: can delete on DAG Run:example_sensors
[2024-12-04T12:42:30.401+0100] {logging_mixin.py:190} INFO - [2024-12-04T12:42:30.401+0100] {dag.py:3239} INFO - Sync 1 DAGs
[2024-12-04T12:42:30.404+0100] {logging_mixin.py:190} INFO - [2024-12-04T12:42:30.404+0100] {dag.py:3262} INFO - Creating ORM DAG for example_sensors
[2024-12-04T12:42:30.405+0100] {logging_mixin.py:190} INFO - [2024-12-04T12:42:30.405+0100] {dag.py:4180} INFO - Setting next_dagrun for example_sensors to None, run_after=None
[2024-12-04T12:42:30.410+0100] {processor.py:208} INFO - Processing /Users/sijibomijoshua/.pyenv/versions/3.11.6/lib/python3.11/site-packages/airflow/example_dags/example_sensors.py took 0.321 seconds
[2024-12-04T12:44:10.309+0100] {processor.py:186} INFO - Started process (PID=84724) to work on /Users/sijibomijoshua/.pyenv/versions/3.11.6/lib/python3.11/site-packages/airflow/example_dags/example_sensors.py
[2024-12-04T12:44:10.310+0100] {processor.py:914} INFO - Processing file /Users/sijibomijoshua/.pyenv/versions/3.11.6/lib/python3.11/site-packages/airflow/example_dags/example_sensors.py for tasks to queue
[2024-12-04T12:44:10.311+0100] {logging_mixin.py:190} INFO - [2024-12-04T12:44:10.311+0100] {dagbag.py:588} INFO - Filling up the DagBag from /Users/sijibomijoshua/.pyenv/versions/3.11.6/lib/python3.11/site-packages/airflow/example_dags/example_sensors.py
[2024-12-04T12:44:10.319+0100] {processor.py:925} INFO - DAG(s) 'example_sensors' retrieved from /Users/sijibomijoshua/.pyenv/versions/3.11.6/lib/python3.11/site-packages/airflow/example_dags/example_sensors.py
[2024-12-04T12:44:10.611+0100] {logging_mixin.py:190} INFO - [2024-12-04T12:44:10.610+0100] {dag.py:3239} INFO - Sync 1 DAGs
[2024-12-04T12:44:10.615+0100] {logging_mixin.py:190} INFO - [2024-12-04T12:44:10.615+0100] {dag.py:4180} INFO - Setting next_dagrun for example_sensors to None, run_after=None
[2024-12-04T12:44:10.621+0100] {processor.py:208} INFO - Processing /Users/sijibomijoshua/.pyenv/versions/3.11.6/lib/python3.11/site-packages/airflow/example_dags/example_sensors.py took 0.313 seconds
[2024-12-04T12:46:26.082+0100] {processor.py:186} INFO - Started process (PID=86849) to work on /Users/sijibomijoshua/.pyenv/versions/3.11.6/lib/python3.11/site-packages/airflow/example_dags/example_sensors.py
[2024-12-04T12:46:26.082+0100] {processor.py:914} INFO - Processing file /Users/sijibomijoshua/.pyenv/versions/3.11.6/lib/python3.11/site-packages/airflow/example_dags/example_sensors.py for tasks to queue
[2024-12-04T12:46:26.083+0100] {logging_mixin.py:190} INFO - [2024-12-04T12:46:26.083+0100] {dagbag.py:588} INFO - Filling up the DagBag from /Users/sijibomijoshua/.pyenv/versions/3.11.6/lib/python3.11/site-packages/airflow/example_dags/example_sensors.py
[2024-12-04T12:46:26.098+0100] {processor.py:925} INFO - DAG(s) 'example_sensors' retrieved from /Users/sijibomijoshua/.pyenv/versions/3.11.6/lib/python3.11/site-packages/airflow/example_dags/example_sensors.py
[2024-12-04T12:46:26.386+0100] {logging_mixin.py:190} INFO - [2024-12-04T12:46:26.386+0100] {dag.py:3239} INFO - Sync 1 DAGs
[2024-12-04T12:46:26.391+0100] {logging_mixin.py:190} INFO - [2024-12-04T12:46:26.391+0100] {dag.py:4180} INFO - Setting next_dagrun for example_sensors to None, run_after=None
[2024-12-04T12:46:26.399+0100] {processor.py:208} INFO - Processing /Users/sijibomijoshua/.pyenv/versions/3.11.6/lib/python3.11/site-packages/airflow/example_dags/example_sensors.py took 0.319 seconds
[2024-12-04T13:23:54.413+0100] {processor.py:186} INFO - Started process (PID=18241) to work on /Users/sijibomijoshua/.pyenv/versions/3.11.6/lib/python3.11/site-packages/airflow/example_dags/example_sensors.py
[2024-12-04T13:23:54.414+0100] {processor.py:914} INFO - Processing file /Users/sijibomijoshua/.pyenv/versions/3.11.6/lib/python3.11/site-packages/airflow/example_dags/example_sensors.py for tasks to queue
[2024-12-04T13:23:54.415+0100] {logging_mixin.py:190} INFO - [2024-12-04T13:23:54.415+0100] {dagbag.py:588} INFO - Filling up the DagBag from /Users/sijibomijoshua/.pyenv/versions/3.11.6/lib/python3.11/site-packages/airflow/example_dags/example_sensors.py
[2024-12-04T13:23:54.421+0100] {processor.py:925} INFO - DAG(s) 'example_sensors' retrieved from /Users/sijibomijoshua/.pyenv/versions/3.11.6/lib/python3.11/site-packages/airflow/example_dags/example_sensors.py
[2024-12-04T13:23:54.704+0100] {logging_mixin.py:190} INFO - [2024-12-04T13:23:54.704+0100] {dag.py:3239} INFO - Sync 1 DAGs
[2024-12-04T13:23:54.709+0100] {logging_mixin.py:190} INFO - [2024-12-04T13:23:54.709+0100] {dag.py:4180} INFO - Setting next_dagrun for example_sensors to None, run_after=None
[2024-12-04T13:23:54.716+0100] {processor.py:208} INFO - Processing /Users/sijibomijoshua/.pyenv/versions/3.11.6/lib/python3.11/site-packages/airflow/example_dags/example_sensors.py took 0.304 seconds
[2024-12-04T13:25:34.451+0100] {processor.py:186} INFO - Started process (PID=20046) to work on /Users/sijibomijoshua/.pyenv/versions/3.11.6/lib/python3.11/site-packages/airflow/example_dags/example_sensors.py
[2024-12-04T13:25:34.452+0100] {processor.py:914} INFO - Processing file /Users/sijibomijoshua/.pyenv/versions/3.11.6/lib/python3.11/site-packages/airflow/example_dags/example_sensors.py for tasks to queue
[2024-12-04T13:25:34.453+0100] {logging_mixin.py:190} INFO - [2024-12-04T13:25:34.453+0100] {dagbag.py:588} INFO - Filling up the DagBag from /Users/sijibomijoshua/.pyenv/versions/3.11.6/lib/python3.11/site-packages/airflow/example_dags/example_sensors.py
[2024-12-04T13:25:34.460+0100] {processor.py:925} INFO - DAG(s) 'example_sensors' retrieved from /Users/sijibomijoshua/.pyenv/versions/3.11.6/lib/python3.11/site-packages/airflow/example_dags/example_sensors.py
[2024-12-04T13:25:34.732+0100] {logging_mixin.py:190} INFO - [2024-12-04T13:25:34.731+0100] {dag.py:3239} INFO - Sync 1 DAGs
[2024-12-04T13:25:34.736+0100] {logging_mixin.py:190} INFO - [2024-12-04T13:25:34.736+0100] {dag.py:4180} INFO - Setting next_dagrun for example_sensors to None, run_after=None
[2024-12-04T13:25:34.742+0100] {processor.py:208} INFO - Processing /Users/sijibomijoshua/.pyenv/versions/3.11.6/lib/python3.11/site-packages/airflow/example_dags/example_sensors.py took 0.293 seconds
[2024-12-04T13:37:29.497+0100] {processor.py:186} INFO - Started process (PID=35063) to work on /Users/sijibomijoshua/airflow/airflow_env/lib/python3.11/site-packages/airflow/example_dags/example_sensors.py
[2024-12-04T13:37:29.498+0100] {processor.py:914} INFO - Processing file /Users/sijibomijoshua/airflow/airflow_env/lib/python3.11/site-packages/airflow/example_dags/example_sensors.py for tasks to queue
[2024-12-04T13:37:29.499+0100] {logging_mixin.py:190} INFO - [2024-12-04T13:37:29.499+0100] {dagbag.py:588} INFO - Filling up the DagBag from /Users/sijibomijoshua/airflow/airflow_env/lib/python3.11/site-packages/airflow/example_dags/example_sensors.py
[2024-12-04T13:37:29.504+0100] {processor.py:925} INFO - DAG(s) 'example_sensors' retrieved from /Users/sijibomijoshua/airflow/airflow_env/lib/python3.11/site-packages/airflow/example_dags/example_sensors.py
[2024-12-04T13:37:29.790+0100] {logging_mixin.py:190} INFO - [2024-12-04T13:37:29.790+0100] {dag.py:3239} INFO - Sync 1 DAGs
[2024-12-04T13:37:29.794+0100] {logging_mixin.py:190} INFO - [2024-12-04T13:37:29.793+0100] {dag.py:4180} INFO - Setting next_dagrun for example_sensors to None, run_after=None
[2024-12-04T13:37:29.801+0100] {processor.py:208} INFO - Processing /Users/sijibomijoshua/airflow/airflow_env/lib/python3.11/site-packages/airflow/example_dags/example_sensors.py took 0.306 seconds
[2024-12-04T13:39:08.769+0100] {processor.py:186} INFO - Started process (PID=37363) to work on /Users/sijibomijoshua/airflow/airflow_env/lib/python3.11/site-packages/airflow/example_dags/example_sensors.py
[2024-12-04T13:39:08.770+0100] {processor.py:914} INFO - Processing file /Users/sijibomijoshua/airflow/airflow_env/lib/python3.11/site-packages/airflow/example_dags/example_sensors.py for tasks to queue
[2024-12-04T13:39:08.771+0100] {logging_mixin.py:190} INFO - [2024-12-04T13:39:08.771+0100] {dagbag.py:588} INFO - Filling up the DagBag from /Users/sijibomijoshua/airflow/airflow_env/lib/python3.11/site-packages/airflow/example_dags/example_sensors.py
[2024-12-04T13:39:08.778+0100] {processor.py:925} INFO - DAG(s) 'example_sensors' retrieved from /Users/sijibomijoshua/airflow/airflow_env/lib/python3.11/site-packages/airflow/example_dags/example_sensors.py
[2024-12-04T13:39:09.031+0100] {logging_mixin.py:190} INFO - [2024-12-04T13:39:09.030+0100] {dag.py:3239} INFO - Sync 1 DAGs
[2024-12-04T13:39:09.035+0100] {logging_mixin.py:190} INFO - [2024-12-04T13:39:09.035+0100] {dag.py:4180} INFO - Setting next_dagrun for example_sensors to None, run_after=None
[2024-12-04T13:39:09.042+0100] {processor.py:208} INFO - Processing /Users/sijibomijoshua/airflow/airflow_env/lib/python3.11/site-packages/airflow/example_dags/example_sensors.py took 0.274 seconds
[2024-12-04T13:41:25.425+0100] {processor.py:186} INFO - Started process (PID=40375) to work on /Users/sijibomijoshua/airflow/airflow_env/lib/python3.11/site-packages/airflow/example_dags/example_sensors.py
[2024-12-04T13:41:25.425+0100] {processor.py:914} INFO - Processing file /Users/sijibomijoshua/airflow/airflow_env/lib/python3.11/site-packages/airflow/example_dags/example_sensors.py for tasks to queue
[2024-12-04T13:41:25.426+0100] {logging_mixin.py:190} INFO - [2024-12-04T13:41:25.426+0100] {dagbag.py:588} INFO - Filling up the DagBag from /Users/sijibomijoshua/airflow/airflow_env/lib/python3.11/site-packages/airflow/example_dags/example_sensors.py
[2024-12-04T13:41:25.441+0100] {processor.py:925} INFO - DAG(s) 'example_sensors' retrieved from /Users/sijibomijoshua/airflow/airflow_env/lib/python3.11/site-packages/airflow/example_dags/example_sensors.py
[2024-12-04T13:41:25.695+0100] {logging_mixin.py:190} INFO - [2024-12-04T13:41:25.695+0100] {dag.py:3239} INFO - Sync 1 DAGs
[2024-12-04T13:41:25.699+0100] {logging_mixin.py:190} INFO - [2024-12-04T13:41:25.699+0100] {dag.py:4180} INFO - Setting next_dagrun for example_sensors to None, run_after=None
[2024-12-04T13:41:25.706+0100] {processor.py:208} INFO - Processing /Users/sijibomijoshua/airflow/airflow_env/lib/python3.11/site-packages/airflow/example_dags/example_sensors.py took 0.282 seconds
[2024-12-04T13:43:40.533+0100] {processor.py:186} INFO - Started process (PID=43338) to work on /Users/sijibomijoshua/airflow/airflow_env/lib/python3.11/site-packages/airflow/example_dags/example_sensors.py
[2024-12-04T13:43:40.539+0100] {processor.py:914} INFO - Processing file /Users/sijibomijoshua/airflow/airflow_env/lib/python3.11/site-packages/airflow/example_dags/example_sensors.py for tasks to queue
[2024-12-04T13:43:40.540+0100] {logging_mixin.py:190} INFO - [2024-12-04T13:43:40.540+0100] {dagbag.py:588} INFO - Filling up the DagBag from /Users/sijibomijoshua/airflow/airflow_env/lib/python3.11/site-packages/airflow/example_dags/example_sensors.py
[2024-12-04T13:43:40.547+0100] {processor.py:925} INFO - DAG(s) 'example_sensors' retrieved from /Users/sijibomijoshua/airflow/airflow_env/lib/python3.11/site-packages/airflow/example_dags/example_sensors.py
[2024-12-04T13:43:40.828+0100] {logging_mixin.py:190} INFO - [2024-12-04T13:43:40.828+0100] {dag.py:3239} INFO - Sync 1 DAGs
[2024-12-04T13:43:40.833+0100] {logging_mixin.py:190} INFO - [2024-12-04T13:43:40.833+0100] {dag.py:4180} INFO - Setting next_dagrun for example_sensors to None, run_after=None
[2024-12-04T13:43:40.839+0100] {processor.py:208} INFO - Processing /Users/sijibomijoshua/airflow/airflow_env/lib/python3.11/site-packages/airflow/example_dags/example_sensors.py took 0.308 seconds
[2024-12-04T14:01:48.945+0100] {processor.py:186} INFO - Started process (PID=55683) to work on /Users/sijibomijoshua/airflow/airflow_env/lib/python3.11/site-packages/airflow/example_dags/example_sensors.py
[2024-12-04T14:01:48.946+0100] {processor.py:914} INFO - Processing file /Users/sijibomijoshua/airflow/airflow_env/lib/python3.11/site-packages/airflow/example_dags/example_sensors.py for tasks to queue
[2024-12-04T14:01:48.948+0100] {logging_mixin.py:190} INFO - [2024-12-04T14:01:48.947+0100] {dagbag.py:588} INFO - Filling up the DagBag from /Users/sijibomijoshua/airflow/airflow_env/lib/python3.11/site-packages/airflow/example_dags/example_sensors.py
[2024-12-04T14:01:48.956+0100] {processor.py:925} INFO - DAG(s) 'example_sensors' retrieved from /Users/sijibomijoshua/airflow/airflow_env/lib/python3.11/site-packages/airflow/example_dags/example_sensors.py
[2024-12-04T14:01:49.281+0100] {logging_mixin.py:190} INFO - [2024-12-04T14:01:49.281+0100] {dag.py:3239} INFO - Sync 1 DAGs
[2024-12-04T14:01:49.287+0100] {logging_mixin.py:190} INFO - [2024-12-04T14:01:49.287+0100] {dag.py:4180} INFO - Setting next_dagrun for example_sensors to None, run_after=None
[2024-12-04T14:01:49.295+0100] {processor.py:208} INFO - Processing /Users/sijibomijoshua/airflow/airflow_env/lib/python3.11/site-packages/airflow/example_dags/example_sensors.py took 0.352 seconds
