[2024-12-04T12:43:15.228+0100] {processor.py:186} INFO - Started process (PID=83890) to work on /Users/sijibomijoshua/.pyenv/versions/3.11.6/lib/python3.11/site-packages/airflow/example_dags/example_branch_operator.py
[2024-12-04T12:43:15.228+0100] {processor.py:914} INFO - Processing file /Users/sijibomijoshua/.pyenv/versions/3.11.6/lib/python3.11/site-packages/airflow/example_dags/example_branch_operator.py for tasks to queue
[2024-12-04T12:43:15.229+0100] {logging_mixin.py:190} INFO - [2024-12-04T12:43:15.229+0100] {dagbag.py:588} INFO - Filling up the DagBag from /Users/sijibomijoshua/.pyenv/versions/3.11.6/lib/python3.11/site-packages/airflow/example_dags/example_branch_operator.py
[2024-12-04T12:43:15.236+0100] {processor.py:927} WARNING - No viable dags retrieved from /Users/sijibomijoshua/.pyenv/versions/3.11.6/lib/python3.11/site-packages/airflow/example_dags/example_branch_operator.py
[2024-12-04T12:43:15.289+0100] {processor.py:208} INFO - Processing /Users/sijibomijoshua/.pyenv/versions/3.11.6/lib/python3.11/site-packages/airflow/example_dags/example_branch_operator.py took 0.063 seconds
[2024-12-04T12:45:30.507+0100] {processor.py:186} INFO - Started process (PID=85990) to work on /Users/sijibomijoshua/.pyenv/versions/3.11.6/lib/python3.11/site-packages/airflow/example_dags/example_branch_operator.py
[2024-12-04T12:45:30.508+0100] {processor.py:914} INFO - Processing file /Users/sijibomijoshua/.pyenv/versions/3.11.6/lib/python3.11/site-packages/airflow/example_dags/example_branch_operator.py for tasks to queue
[2024-12-04T12:45:30.509+0100] {logging_mixin.py:190} INFO - [2024-12-04T12:45:30.509+0100] {dagbag.py:588} INFO - Filling up the DagBag from /Users/sijibomijoshua/.pyenv/versions/3.11.6/lib/python3.11/site-packages/airflow/example_dags/example_branch_operator.py
[2024-12-04T12:45:30.519+0100] {processor.py:927} WARNING - No viable dags retrieved from /Users/sijibomijoshua/.pyenv/versions/3.11.6/lib/python3.11/site-packages/airflow/example_dags/example_branch_operator.py
[2024-12-04T12:45:30.639+0100] {processor.py:208} INFO - Processing /Users/sijibomijoshua/.pyenv/versions/3.11.6/lib/python3.11/site-packages/airflow/example_dags/example_branch_operator.py took 0.134 seconds
[2024-12-04T12:47:47.710+0100] {processor.py:186} INFO - Started process (PID=88086) to work on /Users/sijibomijoshua/.pyenv/versions/3.11.6/lib/python3.11/site-packages/airflow/example_dags/example_branch_operator.py
[2024-12-04T12:47:47.711+0100] {processor.py:914} INFO - Processing file /Users/sijibomijoshua/.pyenv/versions/3.11.6/lib/python3.11/site-packages/airflow/example_dags/example_branch_operator.py for tasks to queue
[2024-12-04T12:47:47.712+0100] {logging_mixin.py:190} INFO - [2024-12-04T12:47:47.712+0100] {dagbag.py:588} INFO - Filling up the DagBag from /Users/sijibomijoshua/.pyenv/versions/3.11.6/lib/python3.11/site-packages/airflow/example_dags/example_branch_operator.py
[2024-12-04T12:47:47.720+0100] {processor.py:927} WARNING - No viable dags retrieved from /Users/sijibomijoshua/.pyenv/versions/3.11.6/lib/python3.11/site-packages/airflow/example_dags/example_branch_operator.py
[2024-12-04T12:47:47.773+0100] {processor.py:208} INFO - Processing /Users/sijibomijoshua/.pyenv/versions/3.11.6/lib/python3.11/site-packages/airflow/example_dags/example_branch_operator.py took 0.064 seconds
[2024-12-04T13:26:18.492+0100] {processor.py:186} INFO - Started process (PID=20880) to work on /Users/sijibomijoshua/.pyenv/versions/3.11.6/lib/python3.11/site-packages/airflow/example_dags/example_branch_operator.py
[2024-12-04T13:26:18.492+0100] {processor.py:914} INFO - Processing file /Users/sijibomijoshua/.pyenv/versions/3.11.6/lib/python3.11/site-packages/airflow/example_dags/example_branch_operator.py for tasks to queue
[2024-12-04T13:26:18.493+0100] {logging_mixin.py:190} INFO - [2024-12-04T13:26:18.493+0100] {dagbag.py:588} INFO - Filling up the DagBag from /Users/sijibomijoshua/.pyenv/versions/3.11.6/lib/python3.11/site-packages/airflow/example_dags/example_branch_operator.py
[2024-12-04T13:26:18.501+0100] {processor.py:927} WARNING - No viable dags retrieved from /Users/sijibomijoshua/.pyenv/versions/3.11.6/lib/python3.11/site-packages/airflow/example_dags/example_branch_operator.py
[2024-12-04T13:26:18.553+0100] {processor.py:208} INFO - Processing /Users/sijibomijoshua/.pyenv/versions/3.11.6/lib/python3.11/site-packages/airflow/example_dags/example_branch_operator.py took 0.063 seconds
[2024-12-04T13:38:12.271+0100] {processor.py:186} INFO - Started process (PID=36063) to work on /Users/sijibomijoshua/airflow/airflow_env/lib/python3.11/site-packages/airflow/example_dags/example_branch_operator.py
[2024-12-04T13:38:12.272+0100] {processor.py:914} INFO - Processing file /Users/sijibomijoshua/airflow/airflow_env/lib/python3.11/site-packages/airflow/example_dags/example_branch_operator.py for tasks to queue
[2024-12-04T13:38:12.273+0100] {logging_mixin.py:190} INFO - [2024-12-04T13:38:12.272+0100] {dagbag.py:588} INFO - Filling up the DagBag from /Users/sijibomijoshua/airflow/airflow_env/lib/python3.11/site-packages/airflow/example_dags/example_branch_operator.py
[2024-12-04T13:38:12.280+0100] {processor.py:927} WARNING - No viable dags retrieved from /Users/sijibomijoshua/airflow/airflow_env/lib/python3.11/site-packages/airflow/example_dags/example_branch_operator.py
[2024-12-04T13:38:12.335+0100] {processor.py:208} INFO - Processing /Users/sijibomijoshua/airflow/airflow_env/lib/python3.11/site-packages/airflow/example_dags/example_branch_operator.py took 0.066 seconds
[2024-12-04T13:40:32.860+0100] {processor.py:186} INFO - Started process (PID=39217) to work on /Users/sijibomijoshua/airflow/airflow_env/lib/python3.11/site-packages/airflow/example_dags/example_branch_operator.py
[2024-12-04T13:40:32.861+0100] {processor.py:914} INFO - Processing file /Users/sijibomijoshua/airflow/airflow_env/lib/python3.11/site-packages/airflow/example_dags/example_branch_operator.py for tasks to queue
[2024-12-04T13:40:32.862+0100] {logging_mixin.py:190} INFO - [2024-12-04T13:40:32.862+0100] {dagbag.py:588} INFO - Filling up the DagBag from /Users/sijibomijoshua/airflow/airflow_env/lib/python3.11/site-packages/airflow/example_dags/example_branch_operator.py
[2024-12-04T13:40:32.870+0100] {processor.py:927} WARNING - No viable dags retrieved from /Users/sijibomijoshua/airflow/airflow_env/lib/python3.11/site-packages/airflow/example_dags/example_branch_operator.py
[2024-12-04T13:40:32.922+0100] {processor.py:208} INFO - Processing /Users/sijibomijoshua/airflow/airflow_env/lib/python3.11/site-packages/airflow/example_dags/example_branch_operator.py took 0.063 seconds
[2024-12-04T13:42:44.149+0100] {processor.py:186} INFO - Started process (PID=42107) to work on /Users/sijibomijoshua/airflow/airflow_env/lib/python3.11/site-packages/airflow/example_dags/example_branch_operator.py
[2024-12-04T13:42:44.149+0100] {processor.py:914} INFO - Processing file /Users/sijibomijoshua/airflow/airflow_env/lib/python3.11/site-packages/airflow/example_dags/example_branch_operator.py for tasks to queue
[2024-12-04T13:42:44.150+0100] {logging_mixin.py:190} INFO - [2024-12-04T13:42:44.150+0100] {dagbag.py:588} INFO - Filling up the DagBag from /Users/sijibomijoshua/airflow/airflow_env/lib/python3.11/site-packages/airflow/example_dags/example_branch_operator.py
[2024-12-04T13:42:44.158+0100] {processor.py:927} WARNING - No viable dags retrieved from /Users/sijibomijoshua/airflow/airflow_env/lib/python3.11/site-packages/airflow/example_dags/example_branch_operator.py
[2024-12-04T13:42:44.211+0100] {processor.py:208} INFO - Processing /Users/sijibomijoshua/airflow/airflow_env/lib/python3.11/site-packages/airflow/example_dags/example_branch_operator.py took 0.064 seconds
