[2024-12-04T12:42:45.142+0100] {processor.py:186} INFO - Started process (PID=83398) to work on /Users/sijibomijoshua/.pyenv/versions/3.11.6/lib/python3.11/site-packages/airflow/example_dags/example_nested_branch_dag.py
[2024-12-04T12:42:45.142+0100] {processor.py:914} INFO - Processing file /Users/sijibomijoshua/.pyenv/versions/3.11.6/lib/python3.11/site-packages/airflow/example_dags/example_nested_branch_dag.py for tasks to queue
[2024-12-04T12:42:45.144+0100] {logging_mixin.py:190} INFO - [2024-12-04T12:42:45.144+0100] {dagbag.py:588} INFO - Filling up the DagBag from /Users/sijibomijoshua/.pyenv/versions/3.11.6/lib/python3.11/site-packages/airflow/example_dags/example_nested_branch_dag.py
[2024-12-04T12:42:45.165+0100] {processor.py:925} INFO - DAG(s) 'example_nested_branch_dag' retrieved from /Users/sijibomijoshua/.pyenv/versions/3.11.6/lib/python3.11/site-packages/airflow/example_dags/example_nested_branch_dag.py
[2024-12-04T12:42:45.304+0100] {logging_mixin.py:190} INFO - [2024-12-04T12:42:45.304+0100] {override.py:1911} INFO - Created Permission View: can read on DAG:example_nested_branch_dag
[2024-12-04T12:42:45.308+0100] {logging_mixin.py:190} INFO - [2024-12-04T12:42:45.308+0100] {override.py:1911} INFO - Created Permission View: can edit on DAG:example_nested_branch_dag
[2024-12-04T12:42:45.311+0100] {logging_mixin.py:190} INFO - [2024-12-04T12:42:45.310+0100] {override.py:1911} INFO - Created Permission View: can delete on DAG:example_nested_branch_dag
[2024-12-04T12:42:45.314+0100] {logging_mixin.py:190} INFO - [2024-12-04T12:42:45.314+0100] {override.py:1911} INFO - Created Permission View: can read on DAG Run:example_nested_branch_dag
[2024-12-04T12:42:45.316+0100] {logging_mixin.py:190} INFO - [2024-12-04T12:42:45.316+0100] {override.py:1911} INFO - Created Permission View: can delete on DAG Run:example_nested_branch_dag
[2024-12-04T12:42:45.318+0100] {logging_mixin.py:190} INFO - [2024-12-04T12:42:45.318+0100] {override.py:1911} INFO - Created Permission View: can create on DAG Run:example_nested_branch_dag
[2024-12-04T12:42:45.320+0100] {logging_mixin.py:190} INFO - [2024-12-04T12:42:45.320+0100] {override.py:1911} INFO - Created Permission View: menu access on DAG Run:example_nested_branch_dag
[2024-12-04T12:42:45.320+0100] {logging_mixin.py:190} INFO - [2024-12-04T12:42:45.320+0100] {dag.py:3239} INFO - Sync 1 DAGs
[2024-12-04T12:42:45.325+0100] {logging_mixin.py:190} INFO - [2024-12-04T12:42:45.325+0100] {dag.py:3262} INFO - Creating ORM DAG for example_nested_branch_dag
[2024-12-04T12:42:45.329+0100] {logging_mixin.py:190} INFO - [2024-12-04T12:42:45.329+0100] {dag.py:4180} INFO - Setting next_dagrun for example_nested_branch_dag to 2024-12-03 00:00:00+00:00, run_after=2024-12-04 00:00:00+00:00
[2024-12-04T12:42:45.338+0100] {processor.py:208} INFO - Processing /Users/sijibomijoshua/.pyenv/versions/3.11.6/lib/python3.11/site-packages/airflow/example_dags/example_nested_branch_dag.py took 0.199 seconds
[2024-12-04T12:44:23.591+0100] {processor.py:186} INFO - Started process (PID=84944) to work on /Users/sijibomijoshua/.pyenv/versions/3.11.6/lib/python3.11/site-packages/airflow/example_dags/example_nested_branch_dag.py
[2024-12-04T12:44:23.592+0100] {processor.py:914} INFO - Processing file /Users/sijibomijoshua/.pyenv/versions/3.11.6/lib/python3.11/site-packages/airflow/example_dags/example_nested_branch_dag.py for tasks to queue
[2024-12-04T12:44:23.593+0100] {logging_mixin.py:190} INFO - [2024-12-04T12:44:23.593+0100] {dagbag.py:588} INFO - Filling up the DagBag from /Users/sijibomijoshua/.pyenv/versions/3.11.6/lib/python3.11/site-packages/airflow/example_dags/example_nested_branch_dag.py
[2024-12-04T12:44:23.608+0100] {processor.py:925} INFO - DAG(s) 'example_nested_branch_dag' retrieved from /Users/sijibomijoshua/.pyenv/versions/3.11.6/lib/python3.11/site-packages/airflow/example_dags/example_nested_branch_dag.py
[2024-12-04T12:44:23.667+0100] {logging_mixin.py:190} INFO - [2024-12-04T12:44:23.666+0100] {dag.py:3239} INFO - Sync 1 DAGs
[2024-12-04T12:44:23.674+0100] {logging_mixin.py:190} INFO - [2024-12-04T12:44:23.673+0100] {dag.py:4180} INFO - Setting next_dagrun for example_nested_branch_dag to 2024-12-03 00:00:00+00:00, run_after=2024-12-04 00:00:00+00:00
[2024-12-04T12:44:23.680+0100] {processor.py:208} INFO - Processing /Users/sijibomijoshua/.pyenv/versions/3.11.6/lib/python3.11/site-packages/airflow/example_dags/example_nested_branch_dag.py took 0.090 seconds
[2024-12-04T12:46:40.748+0100] {processor.py:186} INFO - Started process (PID=87070) to work on /Users/sijibomijoshua/.pyenv/versions/3.11.6/lib/python3.11/site-packages/airflow/example_dags/example_nested_branch_dag.py
[2024-12-04T12:46:40.748+0100] {processor.py:914} INFO - Processing file /Users/sijibomijoshua/.pyenv/versions/3.11.6/lib/python3.11/site-packages/airflow/example_dags/example_nested_branch_dag.py for tasks to queue
[2024-12-04T12:46:40.750+0100] {logging_mixin.py:190} INFO - [2024-12-04T12:46:40.749+0100] {dagbag.py:588} INFO - Filling up the DagBag from /Users/sijibomijoshua/.pyenv/versions/3.11.6/lib/python3.11/site-packages/airflow/example_dags/example_nested_branch_dag.py
[2024-12-04T12:46:40.771+0100] {processor.py:925} INFO - DAG(s) 'example_nested_branch_dag' retrieved from /Users/sijibomijoshua/.pyenv/versions/3.11.6/lib/python3.11/site-packages/airflow/example_dags/example_nested_branch_dag.py
[2024-12-04T12:46:40.834+0100] {logging_mixin.py:190} INFO - [2024-12-04T12:46:40.834+0100] {dag.py:3239} INFO - Sync 1 DAGs
[2024-12-04T12:46:40.844+0100] {logging_mixin.py:190} INFO - [2024-12-04T12:46:40.844+0100] {dag.py:4180} INFO - Setting next_dagrun for example_nested_branch_dag to 2024-12-03 00:00:00+00:00, run_after=2024-12-04 00:00:00+00:00
[2024-12-04T12:46:40.851+0100] {processor.py:208} INFO - Processing /Users/sijibomijoshua/.pyenv/versions/3.11.6/lib/python3.11/site-packages/airflow/example_dags/example_nested_branch_dag.py took 0.105 seconds
[2024-12-04T13:25:48.137+0100] {processor.py:186} INFO - Started process (PID=20283) to work on /Users/sijibomijoshua/.pyenv/versions/3.11.6/lib/python3.11/site-packages/airflow/example_dags/example_nested_branch_dag.py
[2024-12-04T13:25:48.137+0100] {processor.py:914} INFO - Processing file /Users/sijibomijoshua/.pyenv/versions/3.11.6/lib/python3.11/site-packages/airflow/example_dags/example_nested_branch_dag.py for tasks to queue
[2024-12-04T13:25:48.138+0100] {logging_mixin.py:190} INFO - [2024-12-04T13:25:48.138+0100] {dagbag.py:588} INFO - Filling up the DagBag from /Users/sijibomijoshua/.pyenv/versions/3.11.6/lib/python3.11/site-packages/airflow/example_dags/example_nested_branch_dag.py
[2024-12-04T13:25:48.152+0100] {processor.py:925} INFO - DAG(s) 'example_nested_branch_dag' retrieved from /Users/sijibomijoshua/.pyenv/versions/3.11.6/lib/python3.11/site-packages/airflow/example_dags/example_nested_branch_dag.py
[2024-12-04T13:25:48.208+0100] {logging_mixin.py:190} INFO - [2024-12-04T13:25:48.208+0100] {dag.py:3239} INFO - Sync 1 DAGs
[2024-12-04T13:25:48.216+0100] {logging_mixin.py:190} INFO - [2024-12-04T13:25:48.216+0100] {dag.py:4180} INFO - Setting next_dagrun for example_nested_branch_dag to 2024-12-03 00:00:00+00:00, run_after=2024-12-04 00:00:00+00:00
[2024-12-04T13:25:48.223+0100] {processor.py:208} INFO - Processing /Users/sijibomijoshua/.pyenv/versions/3.11.6/lib/python3.11/site-packages/airflow/example_dags/example_nested_branch_dag.py took 0.087 seconds
[2024-12-04T13:37:43.116+0100] {processor.py:186} INFO - Started process (PID=35378) to work on /Users/sijibomijoshua/airflow/airflow_env/lib/python3.11/site-packages/airflow/example_dags/example_nested_branch_dag.py
[2024-12-04T13:37:43.116+0100] {processor.py:914} INFO - Processing file /Users/sijibomijoshua/airflow/airflow_env/lib/python3.11/site-packages/airflow/example_dags/example_nested_branch_dag.py for tasks to queue
[2024-12-04T13:37:43.118+0100] {logging_mixin.py:190} INFO - [2024-12-04T13:37:43.117+0100] {dagbag.py:588} INFO - Filling up the DagBag from /Users/sijibomijoshua/airflow/airflow_env/lib/python3.11/site-packages/airflow/example_dags/example_nested_branch_dag.py
[2024-12-04T13:37:43.133+0100] {processor.py:925} INFO - DAG(s) 'example_nested_branch_dag' retrieved from /Users/sijibomijoshua/airflow/airflow_env/lib/python3.11/site-packages/airflow/example_dags/example_nested_branch_dag.py
[2024-12-04T13:37:43.221+0100] {logging_mixin.py:190} INFO - [2024-12-04T13:37:43.221+0100] {dag.py:3239} INFO - Sync 1 DAGs
[2024-12-04T13:37:43.242+0100] {logging_mixin.py:190} INFO - [2024-12-04T13:37:43.242+0100] {dag.py:4180} INFO - Setting next_dagrun for example_nested_branch_dag to 2024-12-03 00:00:00+00:00, run_after=2024-12-04 00:00:00+00:00
[2024-12-04T13:37:43.254+0100] {processor.py:208} INFO - Processing /Users/sijibomijoshua/airflow/airflow_env/lib/python3.11/site-packages/airflow/example_dags/example_nested_branch_dag.py took 0.139 seconds
[2024-12-04T13:39:23.652+0100] {processor.py:186} INFO - Started process (PID=37666) to work on /Users/sijibomijoshua/airflow/airflow_env/lib/python3.11/site-packages/airflow/example_dags/example_nested_branch_dag.py
[2024-12-04T13:39:23.653+0100] {processor.py:914} INFO - Processing file /Users/sijibomijoshua/airflow/airflow_env/lib/python3.11/site-packages/airflow/example_dags/example_nested_branch_dag.py for tasks to queue
[2024-12-04T13:39:23.654+0100] {logging_mixin.py:190} INFO - [2024-12-04T13:39:23.654+0100] {dagbag.py:588} INFO - Filling up the DagBag from /Users/sijibomijoshua/airflow/airflow_env/lib/python3.11/site-packages/airflow/example_dags/example_nested_branch_dag.py
[2024-12-04T13:39:23.670+0100] {processor.py:925} INFO - DAG(s) 'example_nested_branch_dag' retrieved from /Users/sijibomijoshua/airflow/airflow_env/lib/python3.11/site-packages/airflow/example_dags/example_nested_branch_dag.py
[2024-12-04T13:39:23.741+0100] {logging_mixin.py:190} INFO - [2024-12-04T13:39:23.741+0100] {dag.py:3239} INFO - Sync 1 DAGs
[2024-12-04T13:39:23.751+0100] {logging_mixin.py:190} INFO - [2024-12-04T13:39:23.750+0100] {dag.py:4180} INFO - Setting next_dagrun for example_nested_branch_dag to 2024-12-03 00:00:00+00:00, run_after=2024-12-04 00:00:00+00:00
[2024-12-04T13:39:23.758+0100] {processor.py:208} INFO - Processing /Users/sijibomijoshua/airflow/airflow_env/lib/python3.11/site-packages/airflow/example_dags/example_nested_branch_dag.py took 0.107 seconds
[2024-12-04T13:41:37.923+0100] {processor.py:186} INFO - Started process (PID=40624) to work on /Users/sijibomijoshua/airflow/airflow_env/lib/python3.11/site-packages/airflow/example_dags/example_nested_branch_dag.py
[2024-12-04T13:41:37.924+0100] {processor.py:914} INFO - Processing file /Users/sijibomijoshua/airflow/airflow_env/lib/python3.11/site-packages/airflow/example_dags/example_nested_branch_dag.py for tasks to queue
[2024-12-04T13:41:37.925+0100] {logging_mixin.py:190} INFO - [2024-12-04T13:41:37.925+0100] {dagbag.py:588} INFO - Filling up the DagBag from /Users/sijibomijoshua/airflow/airflow_env/lib/python3.11/site-packages/airflow/example_dags/example_nested_branch_dag.py
[2024-12-04T13:41:37.940+0100] {processor.py:925} INFO - DAG(s) 'example_nested_branch_dag' retrieved from /Users/sijibomijoshua/airflow/airflow_env/lib/python3.11/site-packages/airflow/example_dags/example_nested_branch_dag.py
[2024-12-04T13:41:37.997+0100] {logging_mixin.py:190} INFO - [2024-12-04T13:41:37.997+0100] {dag.py:3239} INFO - Sync 1 DAGs
[2024-12-04T13:41:38.004+0100] {logging_mixin.py:190} INFO - [2024-12-04T13:41:38.004+0100] {dag.py:4180} INFO - Setting next_dagrun for example_nested_branch_dag to 2024-12-03 00:00:00+00:00, run_after=2024-12-04 00:00:00+00:00
[2024-12-04T13:41:38.011+0100] {processor.py:208} INFO - Processing /Users/sijibomijoshua/airflow/airflow_env/lib/python3.11/site-packages/airflow/example_dags/example_nested_branch_dag.py took 0.089 seconds
[2024-12-04T13:43:54.139+0100] {processor.py:186} INFO - Started process (PID=43618) to work on /Users/sijibomijoshua/airflow/airflow_env/lib/python3.11/site-packages/airflow/example_dags/example_nested_branch_dag.py
[2024-12-04T13:43:54.139+0100] {processor.py:914} INFO - Processing file /Users/sijibomijoshua/airflow/airflow_env/lib/python3.11/site-packages/airflow/example_dags/example_nested_branch_dag.py for tasks to queue
[2024-12-04T13:43:54.140+0100] {logging_mixin.py:190} INFO - [2024-12-04T13:43:54.140+0100] {dagbag.py:588} INFO - Filling up the DagBag from /Users/sijibomijoshua/airflow/airflow_env/lib/python3.11/site-packages/airflow/example_dags/example_nested_branch_dag.py
[2024-12-04T13:43:54.154+0100] {processor.py:925} INFO - DAG(s) 'example_nested_branch_dag' retrieved from /Users/sijibomijoshua/airflow/airflow_env/lib/python3.11/site-packages/airflow/example_dags/example_nested_branch_dag.py
[2024-12-04T13:43:54.211+0100] {logging_mixin.py:190} INFO - [2024-12-04T13:43:54.211+0100] {dag.py:3239} INFO - Sync 1 DAGs
[2024-12-04T13:43:54.219+0100] {logging_mixin.py:190} INFO - [2024-12-04T13:43:54.219+0100] {dag.py:4180} INFO - Setting next_dagrun for example_nested_branch_dag to 2024-12-03 00:00:00+00:00, run_after=2024-12-04 00:00:00+00:00
[2024-12-04T13:43:54.225+0100] {processor.py:208} INFO - Processing /Users/sijibomijoshua/airflow/airflow_env/lib/python3.11/site-packages/airflow/example_dags/example_nested_branch_dag.py took 0.088 seconds
