[2024-12-04T12:42:25.011+0100] {processor.py:186} INFO - Started process (PID=83071) to work on /Users/sijibomijoshua/.pyenv/versions/3.11.6/lib/python3.11/site-packages/airflow/example_dags/example_short_circuit_decorator.py
[2024-12-04T12:42:25.011+0100] {processor.py:914} INFO - Processing file /Users/sijibomijoshua/.pyenv/versions/3.11.6/lib/python3.11/site-packages/airflow/example_dags/example_short_circuit_decorator.py for tasks to queue
[2024-12-04T12:42:25.013+0100] {logging_mixin.py:190} INFO - [2024-12-04T12:42:25.013+0100] {dagbag.py:588} INFO - Filling up the DagBag from /Users/sijibomijoshua/.pyenv/versions/3.11.6/lib/python3.11/site-packages/airflow/example_dags/example_short_circuit_decorator.py
[2024-12-04T12:42:25.031+0100] {processor.py:925} INFO - DAG(s) 'example_short_circuit_decorator' retrieved from /Users/sijibomijoshua/.pyenv/versions/3.11.6/lib/python3.11/site-packages/airflow/example_dags/example_short_circuit_decorator.py
[2024-12-04T12:42:25.131+0100] {logging_mixin.py:190} INFO - [2024-12-04T12:42:25.130+0100] {override.py:1911} INFO - Created Permission View: can edit on DAG:example_short_circuit_decorator
[2024-12-04T12:42:25.134+0100] {logging_mixin.py:190} INFO - [2024-12-04T12:42:25.134+0100] {override.py:1911} INFO - Created Permission View: can read on DAG:example_short_circuit_decorator
[2024-12-04T12:42:25.137+0100] {logging_mixin.py:190} INFO - [2024-12-04T12:42:25.137+0100] {override.py:1911} INFO - Created Permission View: can delete on DAG:example_short_circuit_decorator
[2024-12-04T12:42:25.140+0100] {logging_mixin.py:190} INFO - [2024-12-04T12:42:25.140+0100] {override.py:1911} INFO - Created Permission View: can create on DAG Run:example_short_circuit_decorator
[2024-12-04T12:42:25.142+0100] {logging_mixin.py:190} INFO - [2024-12-04T12:42:25.142+0100] {override.py:1911} INFO - Created Permission View: can read on DAG Run:example_short_circuit_decorator
[2024-12-04T12:42:25.144+0100] {logging_mixin.py:190} INFO - [2024-12-04T12:42:25.144+0100] {override.py:1911} INFO - Created Permission View: can delete on DAG Run:example_short_circuit_decorator
[2024-12-04T12:42:25.146+0100] {logging_mixin.py:190} INFO - [2024-12-04T12:42:25.146+0100] {override.py:1911} INFO - Created Permission View: menu access on DAG Run:example_short_circuit_decorator
[2024-12-04T12:42:25.146+0100] {logging_mixin.py:190} INFO - [2024-12-04T12:42:25.146+0100] {dag.py:3239} INFO - Sync 1 DAGs
[2024-12-04T12:42:25.150+0100] {logging_mixin.py:190} INFO - [2024-12-04T12:42:25.150+0100] {dag.py:3262} INFO - Creating ORM DAG for example_short_circuit_decorator
[2024-12-04T12:42:25.151+0100] {logging_mixin.py:190} INFO - [2024-12-04T12:42:25.151+0100] {dag.py:4180} INFO - Setting next_dagrun for example_short_circuit_decorator to None, run_after=None
[2024-12-04T12:42:25.157+0100] {processor.py:208} INFO - Processing /Users/sijibomijoshua/.pyenv/versions/3.11.6/lib/python3.11/site-packages/airflow/example_dags/example_short_circuit_decorator.py took 0.156 seconds
[2024-12-04T12:44:04.835+0100] {processor.py:186} INFO - Started process (PID=84632) to work on /Users/sijibomijoshua/.pyenv/versions/3.11.6/lib/python3.11/site-packages/airflow/example_dags/example_short_circuit_decorator.py
[2024-12-04T12:44:04.836+0100] {processor.py:914} INFO - Processing file /Users/sijibomijoshua/.pyenv/versions/3.11.6/lib/python3.11/site-packages/airflow/example_dags/example_short_circuit_decorator.py for tasks to queue
[2024-12-04T12:44:04.837+0100] {logging_mixin.py:190} INFO - [2024-12-04T12:44:04.837+0100] {dagbag.py:588} INFO - Filling up the DagBag from /Users/sijibomijoshua/.pyenv/versions/3.11.6/lib/python3.11/site-packages/airflow/example_dags/example_short_circuit_decorator.py
[2024-12-04T12:44:04.853+0100] {processor.py:925} INFO - DAG(s) 'example_short_circuit_decorator' retrieved from /Users/sijibomijoshua/.pyenv/versions/3.11.6/lib/python3.11/site-packages/airflow/example_dags/example_short_circuit_decorator.py
[2024-12-04T12:44:04.911+0100] {logging_mixin.py:190} INFO - [2024-12-04T12:44:04.911+0100] {dag.py:3239} INFO - Sync 1 DAGs
[2024-12-04T12:44:04.915+0100] {logging_mixin.py:190} INFO - [2024-12-04T12:44:04.915+0100] {dag.py:4180} INFO - Setting next_dagrun for example_short_circuit_decorator to None, run_after=None
[2024-12-04T12:44:04.922+0100] {processor.py:208} INFO - Processing /Users/sijibomijoshua/.pyenv/versions/3.11.6/lib/python3.11/site-packages/airflow/example_dags/example_short_circuit_decorator.py took 0.089 seconds
[2024-12-04T12:46:20.649+0100] {processor.py:186} INFO - Started process (PID=86753) to work on /Users/sijibomijoshua/.pyenv/versions/3.11.6/lib/python3.11/site-packages/airflow/example_dags/example_short_circuit_decorator.py
[2024-12-04T12:46:20.649+0100] {processor.py:914} INFO - Processing file /Users/sijibomijoshua/.pyenv/versions/3.11.6/lib/python3.11/site-packages/airflow/example_dags/example_short_circuit_decorator.py for tasks to queue
[2024-12-04T12:46:20.650+0100] {logging_mixin.py:190} INFO - [2024-12-04T12:46:20.650+0100] {dagbag.py:588} INFO - Filling up the DagBag from /Users/sijibomijoshua/.pyenv/versions/3.11.6/lib/python3.11/site-packages/airflow/example_dags/example_short_circuit_decorator.py
[2024-12-04T12:46:20.664+0100] {processor.py:925} INFO - DAG(s) 'example_short_circuit_decorator' retrieved from /Users/sijibomijoshua/.pyenv/versions/3.11.6/lib/python3.11/site-packages/airflow/example_dags/example_short_circuit_decorator.py
[2024-12-04T12:46:20.723+0100] {logging_mixin.py:190} INFO - [2024-12-04T12:46:20.723+0100] {dag.py:3239} INFO - Sync 1 DAGs
[2024-12-04T12:46:20.727+0100] {logging_mixin.py:190} INFO - [2024-12-04T12:46:20.727+0100] {dag.py:4180} INFO - Setting next_dagrun for example_short_circuit_decorator to None, run_after=None
[2024-12-04T12:46:20.734+0100] {processor.py:208} INFO - Processing /Users/sijibomijoshua/.pyenv/versions/3.11.6/lib/python3.11/site-packages/airflow/example_dags/example_short_circuit_decorator.py took 0.086 seconds
[2024-12-04T13:23:48.816+0100] {processor.py:186} INFO - Started process (PID=18127) to work on /Users/sijibomijoshua/.pyenv/versions/3.11.6/lib/python3.11/site-packages/airflow/example_dags/example_short_circuit_decorator.py
[2024-12-04T13:23:48.816+0100] {processor.py:914} INFO - Processing file /Users/sijibomijoshua/.pyenv/versions/3.11.6/lib/python3.11/site-packages/airflow/example_dags/example_short_circuit_decorator.py for tasks to queue
[2024-12-04T13:23:48.818+0100] {logging_mixin.py:190} INFO - [2024-12-04T13:23:48.818+0100] {dagbag.py:588} INFO - Filling up the DagBag from /Users/sijibomijoshua/.pyenv/versions/3.11.6/lib/python3.11/site-packages/airflow/example_dags/example_short_circuit_decorator.py
[2024-12-04T13:23:48.838+0100] {processor.py:925} INFO - DAG(s) 'example_short_circuit_decorator' retrieved from /Users/sijibomijoshua/.pyenv/versions/3.11.6/lib/python3.11/site-packages/airflow/example_dags/example_short_circuit_decorator.py
[2024-12-04T13:23:48.901+0100] {logging_mixin.py:190} INFO - [2024-12-04T13:23:48.901+0100] {dag.py:3239} INFO - Sync 1 DAGs
[2024-12-04T13:23:48.905+0100] {logging_mixin.py:190} INFO - [2024-12-04T13:23:48.905+0100] {dag.py:4180} INFO - Setting next_dagrun for example_short_circuit_decorator to None, run_after=None
[2024-12-04T13:23:48.912+0100] {processor.py:208} INFO - Processing /Users/sijibomijoshua/.pyenv/versions/3.11.6/lib/python3.11/site-packages/airflow/example_dags/example_short_circuit_decorator.py took 0.101 seconds
[2024-12-04T13:25:29.124+0100] {processor.py:186} INFO - Started process (PID=19932) to work on /Users/sijibomijoshua/.pyenv/versions/3.11.6/lib/python3.11/site-packages/airflow/example_dags/example_short_circuit_decorator.py
[2024-12-04T13:25:29.125+0100] {processor.py:914} INFO - Processing file /Users/sijibomijoshua/.pyenv/versions/3.11.6/lib/python3.11/site-packages/airflow/example_dags/example_short_circuit_decorator.py for tasks to queue
[2024-12-04T13:25:29.126+0100] {logging_mixin.py:190} INFO - [2024-12-04T13:25:29.126+0100] {dagbag.py:588} INFO - Filling up the DagBag from /Users/sijibomijoshua/.pyenv/versions/3.11.6/lib/python3.11/site-packages/airflow/example_dags/example_short_circuit_decorator.py
[2024-12-04T13:25:29.140+0100] {processor.py:925} INFO - DAG(s) 'example_short_circuit_decorator' retrieved from /Users/sijibomijoshua/.pyenv/versions/3.11.6/lib/python3.11/site-packages/airflow/example_dags/example_short_circuit_decorator.py
[2024-12-04T13:25:29.198+0100] {logging_mixin.py:190} INFO - [2024-12-04T13:25:29.198+0100] {dag.py:3239} INFO - Sync 1 DAGs
[2024-12-04T13:25:29.202+0100] {logging_mixin.py:190} INFO - [2024-12-04T13:25:29.202+0100] {dag.py:4180} INFO - Setting next_dagrun for example_short_circuit_decorator to None, run_after=None
[2024-12-04T13:25:29.209+0100] {processor.py:208} INFO - Processing /Users/sijibomijoshua/.pyenv/versions/3.11.6/lib/python3.11/site-packages/airflow/example_dags/example_short_circuit_decorator.py took 0.086 seconds
[2024-12-04T13:37:24.926+0100] {processor.py:186} INFO - Started process (PID=34958) to work on /Users/sijibomijoshua/airflow/airflow_env/lib/python3.11/site-packages/airflow/example_dags/example_short_circuit_decorator.py
[2024-12-04T13:37:24.926+0100] {processor.py:914} INFO - Processing file /Users/sijibomijoshua/airflow/airflow_env/lib/python3.11/site-packages/airflow/example_dags/example_short_circuit_decorator.py for tasks to queue
[2024-12-04T13:37:24.927+0100] {logging_mixin.py:190} INFO - [2024-12-04T13:37:24.927+0100] {dagbag.py:588} INFO - Filling up the DagBag from /Users/sijibomijoshua/airflow/airflow_env/lib/python3.11/site-packages/airflow/example_dags/example_short_circuit_decorator.py
[2024-12-04T13:37:24.942+0100] {processor.py:925} INFO - DAG(s) 'example_short_circuit_decorator' retrieved from /Users/sijibomijoshua/airflow/airflow_env/lib/python3.11/site-packages/airflow/example_dags/example_short_circuit_decorator.py
[2024-12-04T13:37:25.029+0100] {logging_mixin.py:190} INFO - [2024-12-04T13:37:25.029+0100] {dag.py:3239} INFO - Sync 1 DAGs
[2024-12-04T13:37:25.032+0100] {logging_mixin.py:190} INFO - [2024-12-04T13:37:25.032+0100] {dag.py:4180} INFO - Setting next_dagrun for example_short_circuit_decorator to None, run_after=None
[2024-12-04T13:37:25.040+0100] {processor.py:208} INFO - Processing /Users/sijibomijoshua/airflow/airflow_env/lib/python3.11/site-packages/airflow/example_dags/example_short_circuit_decorator.py took 0.116 seconds
[2024-12-04T13:39:04.437+0100] {processor.py:186} INFO - Started process (PID=37240) to work on /Users/sijibomijoshua/airflow/airflow_env/lib/python3.11/site-packages/airflow/example_dags/example_short_circuit_decorator.py
[2024-12-04T13:39:04.438+0100] {processor.py:914} INFO - Processing file /Users/sijibomijoshua/airflow/airflow_env/lib/python3.11/site-packages/airflow/example_dags/example_short_circuit_decorator.py for tasks to queue
[2024-12-04T13:39:04.439+0100] {logging_mixin.py:190} INFO - [2024-12-04T13:39:04.439+0100] {dagbag.py:588} INFO - Filling up the DagBag from /Users/sijibomijoshua/airflow/airflow_env/lib/python3.11/site-packages/airflow/example_dags/example_short_circuit_decorator.py
[2024-12-04T13:39:04.455+0100] {processor.py:925} INFO - DAG(s) 'example_short_circuit_decorator' retrieved from /Users/sijibomijoshua/airflow/airflow_env/lib/python3.11/site-packages/airflow/example_dags/example_short_circuit_decorator.py
[2024-12-04T13:39:04.515+0100] {logging_mixin.py:190} INFO - [2024-12-04T13:39:04.515+0100] {dag.py:3239} INFO - Sync 1 DAGs
[2024-12-04T13:39:04.518+0100] {logging_mixin.py:190} INFO - [2024-12-04T13:39:04.518+0100] {dag.py:4180} INFO - Setting next_dagrun for example_short_circuit_decorator to None, run_after=None
[2024-12-04T13:39:04.525+0100] {processor.py:208} INFO - Processing /Users/sijibomijoshua/airflow/airflow_env/lib/python3.11/site-packages/airflow/example_dags/example_short_circuit_decorator.py took 0.090 seconds
[2024-12-04T13:41:20.699+0100] {processor.py:186} INFO - Started process (PID=40255) to work on /Users/sijibomijoshua/airflow/airflow_env/lib/python3.11/site-packages/airflow/example_dags/example_short_circuit_decorator.py
[2024-12-04T13:41:20.699+0100] {processor.py:914} INFO - Processing file /Users/sijibomijoshua/airflow/airflow_env/lib/python3.11/site-packages/airflow/example_dags/example_short_circuit_decorator.py for tasks to queue
[2024-12-04T13:41:20.700+0100] {logging_mixin.py:190} INFO - [2024-12-04T13:41:20.700+0100] {dagbag.py:588} INFO - Filling up the DagBag from /Users/sijibomijoshua/airflow/airflow_env/lib/python3.11/site-packages/airflow/example_dags/example_short_circuit_decorator.py
[2024-12-04T13:41:20.714+0100] {processor.py:925} INFO - DAG(s) 'example_short_circuit_decorator' retrieved from /Users/sijibomijoshua/airflow/airflow_env/lib/python3.11/site-packages/airflow/example_dags/example_short_circuit_decorator.py
[2024-12-04T13:41:20.773+0100] {logging_mixin.py:190} INFO - [2024-12-04T13:41:20.772+0100] {dag.py:3239} INFO - Sync 1 DAGs
[2024-12-04T13:41:20.776+0100] {logging_mixin.py:190} INFO - [2024-12-04T13:41:20.776+0100] {dag.py:4180} INFO - Setting next_dagrun for example_short_circuit_decorator to None, run_after=None
[2024-12-04T13:41:20.784+0100] {processor.py:208} INFO - Processing /Users/sijibomijoshua/airflow/airflow_env/lib/python3.11/site-packages/airflow/example_dags/example_short_circuit_decorator.py took 0.086 seconds
[2024-12-04T13:43:34.896+0100] {processor.py:186} INFO - Started process (PID=43201) to work on /Users/sijibomijoshua/airflow/airflow_env/lib/python3.11/site-packages/airflow/example_dags/example_short_circuit_decorator.py
[2024-12-04T13:43:34.897+0100] {processor.py:914} INFO - Processing file /Users/sijibomijoshua/airflow/airflow_env/lib/python3.11/site-packages/airflow/example_dags/example_short_circuit_decorator.py for tasks to queue
[2024-12-04T13:43:34.898+0100] {logging_mixin.py:190} INFO - [2024-12-04T13:43:34.898+0100] {dagbag.py:588} INFO - Filling up the DagBag from /Users/sijibomijoshua/airflow/airflow_env/lib/python3.11/site-packages/airflow/example_dags/example_short_circuit_decorator.py
[2024-12-04T13:43:34.914+0100] {processor.py:925} INFO - DAG(s) 'example_short_circuit_decorator' retrieved from /Users/sijibomijoshua/airflow/airflow_env/lib/python3.11/site-packages/airflow/example_dags/example_short_circuit_decorator.py
[2024-12-04T13:43:35.010+0100] {logging_mixin.py:190} INFO - [2024-12-04T13:43:35.010+0100] {dag.py:3239} INFO - Sync 1 DAGs
[2024-12-04T13:43:35.014+0100] {logging_mixin.py:190} INFO - [2024-12-04T13:43:35.014+0100] {dag.py:4180} INFO - Setting next_dagrun for example_short_circuit_decorator to None, run_after=None
[2024-12-04T13:43:35.021+0100] {processor.py:208} INFO - Processing /Users/sijibomijoshua/airflow/airflow_env/lib/python3.11/site-packages/airflow/example_dags/example_short_circuit_decorator.py took 0.126 seconds
[2024-12-04T14:01:44.072+0100] {processor.py:186} INFO - Started process (PID=55590) to work on /Users/sijibomijoshua/airflow/airflow_env/lib/python3.11/site-packages/airflow/example_dags/example_short_circuit_decorator.py
[2024-12-04T14:01:44.073+0100] {processor.py:914} INFO - Processing file /Users/sijibomijoshua/airflow/airflow_env/lib/python3.11/site-packages/airflow/example_dags/example_short_circuit_decorator.py for tasks to queue
[2024-12-04T14:01:44.074+0100] {logging_mixin.py:190} INFO - [2024-12-04T14:01:44.074+0100] {dagbag.py:588} INFO - Filling up the DagBag from /Users/sijibomijoshua/airflow/airflow_env/lib/python3.11/site-packages/airflow/example_dags/example_short_circuit_decorator.py
[2024-12-04T14:01:44.093+0100] {processor.py:925} INFO - DAG(s) 'example_short_circuit_decorator' retrieved from /Users/sijibomijoshua/airflow/airflow_env/lib/python3.11/site-packages/airflow/example_dags/example_short_circuit_decorator.py
[2024-12-04T14:01:44.171+0100] {logging_mixin.py:190} INFO - [2024-12-04T14:01:44.170+0100] {dag.py:3239} INFO - Sync 1 DAGs
[2024-12-04T14:01:44.174+0100] {logging_mixin.py:190} INFO - [2024-12-04T14:01:44.174+0100] {dag.py:4180} INFO - Setting next_dagrun for example_short_circuit_decorator to None, run_after=None
[2024-12-04T14:01:44.182+0100] {processor.py:208} INFO - Processing /Users/sijibomijoshua/airflow/airflow_env/lib/python3.11/site-packages/airflow/example_dags/example_short_circuit_decorator.py took 0.115 seconds
