[2024-12-04T12:42:19.199+0100] {processor.py:186} INFO - Started process (PID=83004) to work on /Users/sijibomijoshua/.pyenv/versions/3.11.6/lib/python3.11/site-packages/airflow/example_dags/example_sla_dag.py
[2024-12-04T12:42:19.199+0100] {processor.py:914} INFO - Processing file /Users/sijibomijoshua/.pyenv/versions/3.11.6/lib/python3.11/site-packages/airflow/example_dags/example_sla_dag.py for tasks to queue
[2024-12-04T12:42:19.200+0100] {logging_mixin.py:190} INFO - [2024-12-04T12:42:19.200+0100] {dagbag.py:588} INFO - Filling up the DagBag from /Users/sijibomijoshua/.pyenv/versions/3.11.6/lib/python3.11/site-packages/airflow/example_dags/example_sla_dag.py
[2024-12-04T12:42:19.214+0100] {processor.py:925} INFO - DAG(s) 'example_sla_dag' retrieved from /Users/sijibomijoshua/.pyenv/versions/3.11.6/lib/python3.11/site-packages/airflow/example_dags/example_sla_dag.py
[2024-12-04T12:42:19.301+0100] {logging_mixin.py:190} INFO - [2024-12-04T12:42:19.301+0100] {override.py:1911} INFO - Created Permission View: can read on DAG:example_sla_dag
[2024-12-04T12:42:19.304+0100] {logging_mixin.py:190} INFO - [2024-12-04T12:42:19.304+0100] {override.py:1911} INFO - Created Permission View: can delete on DAG:example_sla_dag
[2024-12-04T12:42:19.306+0100] {logging_mixin.py:190} INFO - [2024-12-04T12:42:19.306+0100] {override.py:1911} INFO - Created Permission View: can edit on DAG:example_sla_dag
[2024-12-04T12:42:19.308+0100] {logging_mixin.py:190} INFO - [2024-12-04T12:42:19.308+0100] {override.py:1911} INFO - Created Permission View: can read on DAG Run:example_sla_dag
[2024-12-04T12:42:19.310+0100] {logging_mixin.py:190} INFO - [2024-12-04T12:42:19.310+0100] {override.py:1911} INFO - Created Permission View: can delete on DAG Run:example_sla_dag
[2024-12-04T12:42:19.312+0100] {logging_mixin.py:190} INFO - [2024-12-04T12:42:19.312+0100] {override.py:1911} INFO - Created Permission View: menu access on DAG Run:example_sla_dag
[2024-12-04T12:42:19.313+0100] {logging_mixin.py:190} INFO - [2024-12-04T12:42:19.313+0100] {override.py:1911} INFO - Created Permission View: can create on DAG Run:example_sla_dag
[2024-12-04T12:42:19.313+0100] {logging_mixin.py:190} INFO - [2024-12-04T12:42:19.313+0100] {dag.py:3239} INFO - Sync 1 DAGs
[2024-12-04T12:42:19.317+0100] {logging_mixin.py:190} INFO - [2024-12-04T12:42:19.317+0100] {dag.py:3262} INFO - Creating ORM DAG for example_sla_dag
[2024-12-04T12:42:19.321+0100] {logging_mixin.py:190} INFO - [2024-12-04T12:42:19.321+0100] {dag.py:4180} INFO - Setting next_dagrun for example_sla_dag to 2024-12-04 11:40:00+00:00, run_after=2024-12-04 11:42:00+00:00
[2024-12-04T12:42:19.326+0100] {processor.py:208} INFO - Processing /Users/sijibomijoshua/.pyenv/versions/3.11.6/lib/python3.11/site-packages/airflow/example_dags/example_sla_dag.py took 0.129 seconds
[2024-12-04T12:43:59.387+0100] {processor.py:186} INFO - Started process (PID=84565) to work on /Users/sijibomijoshua/.pyenv/versions/3.11.6/lib/python3.11/site-packages/airflow/example_dags/example_sla_dag.py
[2024-12-04T12:43:59.388+0100] {processor.py:914} INFO - Processing file /Users/sijibomijoshua/.pyenv/versions/3.11.6/lib/python3.11/site-packages/airflow/example_dags/example_sla_dag.py for tasks to queue
[2024-12-04T12:43:59.389+0100] {logging_mixin.py:190} INFO - [2024-12-04T12:43:59.389+0100] {dagbag.py:588} INFO - Filling up the DagBag from /Users/sijibomijoshua/.pyenv/versions/3.11.6/lib/python3.11/site-packages/airflow/example_dags/example_sla_dag.py
[2024-12-04T12:43:59.407+0100] {processor.py:925} INFO - DAG(s) 'example_sla_dag' retrieved from /Users/sijibomijoshua/.pyenv/versions/3.11.6/lib/python3.11/site-packages/airflow/example_dags/example_sla_dag.py
[2024-12-04T12:43:59.476+0100] {logging_mixin.py:190} INFO - [2024-12-04T12:43:59.476+0100] {dag.py:3239} INFO - Sync 1 DAGs
[2024-12-04T12:43:59.484+0100] {logging_mixin.py:190} INFO - [2024-12-04T12:43:59.484+0100] {dag.py:4180} INFO - Setting next_dagrun for example_sla_dag to 2024-12-04 11:40:00+00:00, run_after=2024-12-04 11:42:00+00:00
[2024-12-04T12:43:59.491+0100] {processor.py:208} INFO - Processing /Users/sijibomijoshua/.pyenv/versions/3.11.6/lib/python3.11/site-packages/airflow/example_dags/example_sla_dag.py took 0.105 seconds
[2024-12-04T12:45:08.394+0100] {processor.py:186} INFO - Started process (PID=85635) to work on /Users/sijibomijoshua/.pyenv/versions/3.11.6/lib/python3.11/site-packages/airflow/example_dags/example_sla_dag.py
[2024-12-04T12:45:08.394+0100] {processor.py:914} INFO - Processing file /Users/sijibomijoshua/.pyenv/versions/3.11.6/lib/python3.11/site-packages/airflow/example_dags/example_sla_dag.py for tasks to queue
[2024-12-04T12:45:08.395+0100] {logging_mixin.py:190} INFO - [2024-12-04T12:45:08.395+0100] {dagbag.py:588} INFO - Filling up the DagBag from /Users/sijibomijoshua/.pyenv/versions/3.11.6/lib/python3.11/site-packages/airflow/example_dags/example_sla_dag.py
[2024-12-04T12:45:08.413+0100] {processor.py:925} INFO - DAG(s) 'example_sla_dag' retrieved from /Users/sijibomijoshua/.pyenv/versions/3.11.6/lib/python3.11/site-packages/airflow/example_dags/example_sla_dag.py
[2024-12-04T12:45:08.471+0100] {logging_mixin.py:190} INFO - [2024-12-04T12:45:08.471+0100] {dag.py:3239} INFO - Sync 1 DAGs
[2024-12-04T12:45:08.480+0100] {logging_mixin.py:190} INFO - [2024-12-04T12:45:08.480+0100] {dag.py:4180} INFO - Setting next_dagrun for example_sla_dag to 2024-12-04 11:42:00+00:00, run_after=2024-12-04 11:44:00+00:00
[2024-12-04T12:45:08.487+0100] {processor.py:208} INFO - Processing /Users/sijibomijoshua/.pyenv/versions/3.11.6/lib/python3.11/site-packages/airflow/example_dags/example_sla_dag.py took 0.095 seconds
[2024-12-04T12:46:15.257+0100] {processor.py:186} INFO - Started process (PID=86685) to work on /Users/sijibomijoshua/.pyenv/versions/3.11.6/lib/python3.11/site-packages/airflow/example_dags/example_sla_dag.py
[2024-12-04T12:46:15.258+0100] {processor.py:914} INFO - Processing file /Users/sijibomijoshua/.pyenv/versions/3.11.6/lib/python3.11/site-packages/airflow/example_dags/example_sla_dag.py for tasks to queue
[2024-12-04T12:46:15.259+0100] {logging_mixin.py:190} INFO - [2024-12-04T12:46:15.259+0100] {dagbag.py:588} INFO - Filling up the DagBag from /Users/sijibomijoshua/.pyenv/versions/3.11.6/lib/python3.11/site-packages/airflow/example_dags/example_sla_dag.py
[2024-12-04T12:46:15.274+0100] {processor.py:925} INFO - DAG(s) 'example_sla_dag' retrieved from /Users/sijibomijoshua/.pyenv/versions/3.11.6/lib/python3.11/site-packages/airflow/example_dags/example_sla_dag.py
[2024-12-04T12:46:15.377+0100] {logging_mixin.py:190} INFO - [2024-12-04T12:46:15.377+0100] {dag.py:3239} INFO - Sync 1 DAGs
[2024-12-04T12:46:15.393+0100] {logging_mixin.py:190} INFO - [2024-12-04T12:46:15.393+0100] {dag.py:4180} INFO - Setting next_dagrun for example_sla_dag to 2024-12-04 11:44:00+00:00, run_after=2024-12-04 11:46:00+00:00
[2024-12-04T12:46:15.400+0100] {processor.py:208} INFO - Processing /Users/sijibomijoshua/.pyenv/versions/3.11.6/lib/python3.11/site-packages/airflow/example_dags/example_sla_dag.py took 0.145 seconds
[2024-12-04T12:47:23.987+0100] {processor.py:186} INFO - Started process (PID=87734) to work on /Users/sijibomijoshua/.pyenv/versions/3.11.6/lib/python3.11/site-packages/airflow/example_dags/example_sla_dag.py
[2024-12-04T12:47:23.988+0100] {processor.py:914} INFO - Processing file /Users/sijibomijoshua/.pyenv/versions/3.11.6/lib/python3.11/site-packages/airflow/example_dags/example_sla_dag.py for tasks to queue
[2024-12-04T12:47:23.989+0100] {logging_mixin.py:190} INFO - [2024-12-04T12:47:23.989+0100] {dagbag.py:588} INFO - Filling up the DagBag from /Users/sijibomijoshua/.pyenv/versions/3.11.6/lib/python3.11/site-packages/airflow/example_dags/example_sla_dag.py
[2024-12-04T12:47:24.002+0100] {processor.py:925} INFO - DAG(s) 'example_sla_dag' retrieved from /Users/sijibomijoshua/.pyenv/versions/3.11.6/lib/python3.11/site-packages/airflow/example_dags/example_sla_dag.py
[2024-12-04T12:47:24.059+0100] {logging_mixin.py:190} INFO - [2024-12-04T12:47:24.059+0100] {dag.py:3239} INFO - Sync 1 DAGs
[2024-12-04T12:47:24.067+0100] {logging_mixin.py:190} INFO - [2024-12-04T12:47:24.067+0100] {dag.py:4180} INFO - Setting next_dagrun for example_sla_dag to 2024-12-04 11:44:00+00:00, run_after=2024-12-04 11:46:00+00:00
[2024-12-04T12:47:24.073+0100] {processor.py:208} INFO - Processing /Users/sijibomijoshua/.pyenv/versions/3.11.6/lib/python3.11/site-packages/airflow/example_dags/example_sla_dag.py took 0.087 seconds
[2024-12-04T13:23:43.171+0100] {processor.py:186} INFO - Started process (PID=18047) to work on /Users/sijibomijoshua/.pyenv/versions/3.11.6/lib/python3.11/site-packages/airflow/example_dags/example_sla_dag.py
[2024-12-04T13:23:43.172+0100] {processor.py:914} INFO - Processing file /Users/sijibomijoshua/.pyenv/versions/3.11.6/lib/python3.11/site-packages/airflow/example_dags/example_sla_dag.py for tasks to queue
[2024-12-04T13:23:43.173+0100] {logging_mixin.py:190} INFO - [2024-12-04T13:23:43.173+0100] {dagbag.py:588} INFO - Filling up the DagBag from /Users/sijibomijoshua/.pyenv/versions/3.11.6/lib/python3.11/site-packages/airflow/example_dags/example_sla_dag.py
[2024-12-04T13:23:43.195+0100] {processor.py:925} INFO - DAG(s) 'example_sla_dag' retrieved from /Users/sijibomijoshua/.pyenv/versions/3.11.6/lib/python3.11/site-packages/airflow/example_dags/example_sla_dag.py
[2024-12-04T13:23:43.265+0100] {logging_mixin.py:190} INFO - [2024-12-04T13:23:43.265+0100] {dag.py:3239} INFO - Sync 1 DAGs
[2024-12-04T13:23:43.273+0100] {logging_mixin.py:190} INFO - [2024-12-04T13:23:43.273+0100] {dag.py:4180} INFO - Setting next_dagrun for example_sla_dag to 2024-12-04 12:20:00+00:00, run_after=2024-12-04 12:22:00+00:00
[2024-12-04T13:23:43.280+0100] {processor.py:208} INFO - Processing /Users/sijibomijoshua/.pyenv/versions/3.11.6/lib/python3.11/site-packages/airflow/example_dags/example_sla_dag.py took 0.110 seconds
[2024-12-04T13:25:23.840+0100] {processor.py:186} INFO - Started process (PID=19850) to work on /Users/sijibomijoshua/.pyenv/versions/3.11.6/lib/python3.11/site-packages/airflow/example_dags/example_sla_dag.py
[2024-12-04T13:25:23.840+0100] {processor.py:914} INFO - Processing file /Users/sijibomijoshua/.pyenv/versions/3.11.6/lib/python3.11/site-packages/airflow/example_dags/example_sla_dag.py for tasks to queue
[2024-12-04T13:25:23.841+0100] {logging_mixin.py:190} INFO - [2024-12-04T13:25:23.841+0100] {dagbag.py:588} INFO - Filling up the DagBag from /Users/sijibomijoshua/.pyenv/versions/3.11.6/lib/python3.11/site-packages/airflow/example_dags/example_sla_dag.py
[2024-12-04T13:25:23.855+0100] {processor.py:925} INFO - DAG(s) 'example_sla_dag' retrieved from /Users/sijibomijoshua/.pyenv/versions/3.11.6/lib/python3.11/site-packages/airflow/example_dags/example_sla_dag.py
[2024-12-04T13:25:23.911+0100] {logging_mixin.py:190} INFO - [2024-12-04T13:25:23.911+0100] {dag.py:3239} INFO - Sync 1 DAGs
[2024-12-04T13:25:23.920+0100] {logging_mixin.py:190} INFO - [2024-12-04T13:25:23.920+0100] {dag.py:4180} INFO - Setting next_dagrun for example_sla_dag to 2024-12-04 12:22:00+00:00, run_after=2024-12-04 12:24:00+00:00
[2024-12-04T13:25:23.926+0100] {processor.py:208} INFO - Processing /Users/sijibomijoshua/.pyenv/versions/3.11.6/lib/python3.11/site-packages/airflow/example_dags/example_sla_dag.py took 0.088 seconds
[2024-12-04T13:37:20.057+0100] {processor.py:186} INFO - Started process (PID=34821) to work on /Users/sijibomijoshua/airflow/airflow_env/lib/python3.11/site-packages/airflow/example_dags/example_sla_dag.py
[2024-12-04T13:37:20.058+0100] {processor.py:914} INFO - Processing file /Users/sijibomijoshua/airflow/airflow_env/lib/python3.11/site-packages/airflow/example_dags/example_sla_dag.py for tasks to queue
[2024-12-04T13:37:20.060+0100] {logging_mixin.py:190} INFO - [2024-12-04T13:37:20.060+0100] {dagbag.py:588} INFO - Filling up the DagBag from /Users/sijibomijoshua/airflow/airflow_env/lib/python3.11/site-packages/airflow/example_dags/example_sla_dag.py
[2024-12-04T13:37:20.078+0100] {processor.py:925} INFO - DAG(s) 'example_sla_dag' retrieved from /Users/sijibomijoshua/airflow/airflow_env/lib/python3.11/site-packages/airflow/example_dags/example_sla_dag.py
[2024-12-04T13:37:20.172+0100] {logging_mixin.py:190} INFO - [2024-12-04T13:37:20.171+0100] {dag.py:3239} INFO - Sync 1 DAGs
[2024-12-04T13:37:20.180+0100] {logging_mixin.py:190} INFO - [2024-12-04T13:37:20.180+0100] {dag.py:4180} INFO - Setting next_dagrun for example_sla_dag to 2024-12-04 12:34:00+00:00, run_after=2024-12-04 12:36:00+00:00
[2024-12-04T13:37:20.186+0100] {processor.py:208} INFO - Processing /Users/sijibomijoshua/airflow/airflow_env/lib/python3.11/site-packages/airflow/example_dags/example_sla_dag.py took 0.134 seconds
[2024-12-04T13:38:59.754+0100] {processor.py:186} INFO - Started process (PID=37146) to work on /Users/sijibomijoshua/airflow/airflow_env/lib/python3.11/site-packages/airflow/example_dags/example_sla_dag.py
[2024-12-04T13:38:59.754+0100] {processor.py:914} INFO - Processing file /Users/sijibomijoshua/airflow/airflow_env/lib/python3.11/site-packages/airflow/example_dags/example_sla_dag.py for tasks to queue
[2024-12-04T13:38:59.755+0100] {logging_mixin.py:190} INFO - [2024-12-04T13:38:59.755+0100] {dagbag.py:588} INFO - Filling up the DagBag from /Users/sijibomijoshua/airflow/airflow_env/lib/python3.11/site-packages/airflow/example_dags/example_sla_dag.py
[2024-12-04T13:38:59.770+0100] {processor.py:925} INFO - DAG(s) 'example_sla_dag' retrieved from /Users/sijibomijoshua/airflow/airflow_env/lib/python3.11/site-packages/airflow/example_dags/example_sla_dag.py
[2024-12-04T13:38:59.827+0100] {logging_mixin.py:190} INFO - [2024-12-04T13:38:59.827+0100] {dag.py:3239} INFO - Sync 1 DAGs
[2024-12-04T13:38:59.835+0100] {logging_mixin.py:190} INFO - [2024-12-04T13:38:59.835+0100] {dag.py:4180} INFO - Setting next_dagrun for example_sla_dag to 2024-12-04 12:36:00+00:00, run_after=2024-12-04 12:38:00+00:00
[2024-12-04T13:38:59.841+0100] {processor.py:208} INFO - Processing /Users/sijibomijoshua/airflow/airflow_env/lib/python3.11/site-packages/airflow/example_dags/example_sla_dag.py took 0.089 seconds
[2024-12-04T13:40:10.406+0100] {processor.py:186} INFO - Started process (PID=38700) to work on /Users/sijibomijoshua/airflow/airflow_env/lib/python3.11/site-packages/airflow/example_dags/example_sla_dag.py
[2024-12-04T13:40:10.406+0100] {processor.py:914} INFO - Processing file /Users/sijibomijoshua/airflow/airflow_env/lib/python3.11/site-packages/airflow/example_dags/example_sla_dag.py for tasks to queue
[2024-12-04T13:40:10.407+0100] {logging_mixin.py:190} INFO - [2024-12-04T13:40:10.407+0100] {dagbag.py:588} INFO - Filling up the DagBag from /Users/sijibomijoshua/airflow/airflow_env/lib/python3.11/site-packages/airflow/example_dags/example_sla_dag.py
[2024-12-04T13:40:10.422+0100] {processor.py:925} INFO - DAG(s) 'example_sla_dag' retrieved from /Users/sijibomijoshua/airflow/airflow_env/lib/python3.11/site-packages/airflow/example_dags/example_sla_dag.py
[2024-12-04T13:40:10.481+0100] {logging_mixin.py:190} INFO - [2024-12-04T13:40:10.481+0100] {dag.py:3239} INFO - Sync 1 DAGs
[2024-12-04T13:40:10.490+0100] {logging_mixin.py:190} INFO - [2024-12-04T13:40:10.490+0100] {dag.py:4180} INFO - Setting next_dagrun for example_sla_dag to 2024-12-04 12:38:00+00:00, run_after=2024-12-04 12:40:00+00:00
[2024-12-04T13:40:10.496+0100] {processor.py:208} INFO - Processing /Users/sijibomijoshua/airflow/airflow_env/lib/python3.11/site-packages/airflow/example_dags/example_sla_dag.py took 0.092 seconds
[2024-12-04T13:41:18.897+0100] {processor.py:186} INFO - Started process (PID=40236) to work on /Users/sijibomijoshua/airflow/airflow_env/lib/python3.11/site-packages/airflow/example_dags/example_sla_dag.py
[2024-12-04T13:41:18.897+0100] {processor.py:914} INFO - Processing file /Users/sijibomijoshua/airflow/airflow_env/lib/python3.11/site-packages/airflow/example_dags/example_sla_dag.py for tasks to queue
[2024-12-04T13:41:18.899+0100] {logging_mixin.py:190} INFO - [2024-12-04T13:41:18.898+0100] {dagbag.py:588} INFO - Filling up the DagBag from /Users/sijibomijoshua/airflow/airflow_env/lib/python3.11/site-packages/airflow/example_dags/example_sla_dag.py
[2024-12-04T13:41:18.919+0100] {processor.py:925} INFO - DAG(s) 'example_sla_dag' retrieved from /Users/sijibomijoshua/airflow/airflow_env/lib/python3.11/site-packages/airflow/example_dags/example_sla_dag.py
[2024-12-04T13:41:18.977+0100] {logging_mixin.py:190} INFO - [2024-12-04T13:41:18.977+0100] {dag.py:3239} INFO - Sync 1 DAGs
[2024-12-04T13:41:18.988+0100] {logging_mixin.py:190} INFO - [2024-12-04T13:41:18.987+0100] {dag.py:4180} INFO - Setting next_dagrun for example_sla_dag to 2024-12-04 12:38:00+00:00, run_after=2024-12-04 12:40:00+00:00
[2024-12-04T13:41:18.999+0100] {processor.py:208} INFO - Processing /Users/sijibomijoshua/airflow/airflow_env/lib/python3.11/site-packages/airflow/example_dags/example_sla_dag.py took 0.106 seconds
[2024-12-04T13:43:30.080+0100] {processor.py:186} INFO - Started process (PID=43105) to work on /Users/sijibomijoshua/airflow/airflow_env/lib/python3.11/site-packages/airflow/example_dags/example_sla_dag.py
[2024-12-04T13:43:30.082+0100] {processor.py:914} INFO - Processing file /Users/sijibomijoshua/airflow/airflow_env/lib/python3.11/site-packages/airflow/example_dags/example_sla_dag.py for tasks to queue
[2024-12-04T13:43:30.083+0100] {logging_mixin.py:190} INFO - [2024-12-04T13:43:30.083+0100] {dagbag.py:588} INFO - Filling up the DagBag from /Users/sijibomijoshua/airflow/airflow_env/lib/python3.11/site-packages/airflow/example_dags/example_sla_dag.py
[2024-12-04T13:43:30.098+0100] {processor.py:925} INFO - DAG(s) 'example_sla_dag' retrieved from /Users/sijibomijoshua/airflow/airflow_env/lib/python3.11/site-packages/airflow/example_dags/example_sla_dag.py
[2024-12-04T13:43:30.154+0100] {logging_mixin.py:190} INFO - [2024-12-04T13:43:30.154+0100] {dag.py:3239} INFO - Sync 1 DAGs
[2024-12-04T13:43:30.162+0100] {logging_mixin.py:190} INFO - [2024-12-04T13:43:30.162+0100] {dag.py:4180} INFO - Setting next_dagrun for example_sla_dag to 2024-12-04 12:40:00+00:00, run_after=2024-12-04 12:42:00+00:00
[2024-12-04T13:43:30.168+0100] {processor.py:208} INFO - Processing /Users/sijibomijoshua/airflow/airflow_env/lib/python3.11/site-packages/airflow/example_dags/example_sla_dag.py took 0.091 seconds
[2024-12-04T14:01:39.329+0100] {processor.py:186} INFO - Started process (PID=55496) to work on /Users/sijibomijoshua/airflow/airflow_env/lib/python3.11/site-packages/airflow/example_dags/example_sla_dag.py
[2024-12-04T14:01:39.329+0100] {processor.py:914} INFO - Processing file /Users/sijibomijoshua/airflow/airflow_env/lib/python3.11/site-packages/airflow/example_dags/example_sla_dag.py for tasks to queue
[2024-12-04T14:01:39.330+0100] {logging_mixin.py:190} INFO - [2024-12-04T14:01:39.330+0100] {dagbag.py:588} INFO - Filling up the DagBag from /Users/sijibomijoshua/airflow/airflow_env/lib/python3.11/site-packages/airflow/example_dags/example_sla_dag.py
[2024-12-04T14:01:39.348+0100] {processor.py:925} INFO - DAG(s) 'example_sla_dag' retrieved from /Users/sijibomijoshua/airflow/airflow_env/lib/python3.11/site-packages/airflow/example_dags/example_sla_dag.py
[2024-12-04T14:01:39.404+0100] {logging_mixin.py:190} INFO - [2024-12-04T14:01:39.404+0100] {dag.py:3239} INFO - Sync 1 DAGs
[2024-12-04T14:01:39.413+0100] {logging_mixin.py:190} INFO - [2024-12-04T14:01:39.413+0100] {dag.py:4180} INFO - Setting next_dagrun for example_sla_dag to 2024-12-04 12:58:00+00:00, run_after=2024-12-04 13:00:00+00:00
[2024-12-04T14:01:39.419+0100] {processor.py:208} INFO - Processing /Users/sijibomijoshua/airflow/airflow_env/lib/python3.11/site-packages/airflow/example_dags/example_sla_dag.py took 0.092 seconds
