[2024-12-04T12:43:22.678+0100] {processor.py:186} INFO - Started process (PID=83988) to work on /Users/sijibomijoshua/.pyenv/versions/3.11.6/lib/python3.11/site-packages/airflow/example_dags/example_bash_decorator.py
[2024-12-04T12:43:22.678+0100] {processor.py:914} INFO - Processing file /Users/sijibomijoshua/.pyenv/versions/3.11.6/lib/python3.11/site-packages/airflow/example_dags/example_bash_decorator.py for tasks to queue
[2024-12-04T12:43:22.680+0100] {logging_mixin.py:190} INFO - [2024-12-04T12:43:22.679+0100] {dagbag.py:588} INFO - Filling up the DagBag from /Users/sijibomijoshua/.pyenv/versions/3.11.6/lib/python3.11/site-packages/airflow/example_dags/example_bash_decorator.py
[2024-12-04T12:43:22.704+0100] {processor.py:925} INFO - DAG(s) 'example_bash_decorator' retrieved from /Users/sijibomijoshua/.pyenv/versions/3.11.6/lib/python3.11/site-packages/airflow/example_dags/example_bash_decorator.py
[2024-12-04T12:43:22.799+0100] {logging_mixin.py:190} INFO - [2024-12-04T12:43:22.798+0100] {override.py:1911} INFO - Created Permission View: can read on DAG:example_bash_decorator
[2024-12-04T12:43:22.802+0100] {logging_mixin.py:190} INFO - [2024-12-04T12:43:22.802+0100] {override.py:1911} INFO - Created Permission View: can delete on DAG:example_bash_decorator
[2024-12-04T12:43:22.804+0100] {logging_mixin.py:190} INFO - [2024-12-04T12:43:22.804+0100] {override.py:1911} INFO - Created Permission View: can edit on DAG:example_bash_decorator
[2024-12-04T12:43:22.806+0100] {logging_mixin.py:190} INFO - [2024-12-04T12:43:22.806+0100] {override.py:1911} INFO - Created Permission View: can read on DAG Run:example_bash_decorator
[2024-12-04T12:43:22.808+0100] {logging_mixin.py:190} INFO - [2024-12-04T12:43:22.808+0100] {override.py:1911} INFO - Created Permission View: can delete on DAG Run:example_bash_decorator
[2024-12-04T12:43:22.810+0100] {logging_mixin.py:190} INFO - [2024-12-04T12:43:22.810+0100] {override.py:1911} INFO - Created Permission View: menu access on DAG Run:example_bash_decorator
[2024-12-04T12:43:22.811+0100] {logging_mixin.py:190} INFO - [2024-12-04T12:43:22.811+0100] {override.py:1911} INFO - Created Permission View: can create on DAG Run:example_bash_decorator
[2024-12-04T12:43:22.812+0100] {logging_mixin.py:190} INFO - [2024-12-04T12:43:22.812+0100] {dag.py:3239} INFO - Sync 1 DAGs
[2024-12-04T12:43:22.815+0100] {logging_mixin.py:190} INFO - [2024-12-04T12:43:22.815+0100] {dag.py:3262} INFO - Creating ORM DAG for example_bash_decorator
[2024-12-04T12:43:22.816+0100] {logging_mixin.py:190} INFO - [2024-12-04T12:43:22.816+0100] {dag.py:4180} INFO - Setting next_dagrun for example_bash_decorator to None, run_after=None
[2024-12-04T12:43:22.821+0100] {processor.py:208} INFO - Processing /Users/sijibomijoshua/.pyenv/versions/3.11.6/lib/python3.11/site-packages/airflow/example_dags/example_bash_decorator.py took 0.145 seconds
[2024-12-04T12:45:39.732+0100] {processor.py:186} INFO - Started process (PID=86122) to work on /Users/sijibomijoshua/.pyenv/versions/3.11.6/lib/python3.11/site-packages/airflow/example_dags/example_bash_decorator.py
[2024-12-04T12:45:39.733+0100] {processor.py:914} INFO - Processing file /Users/sijibomijoshua/.pyenv/versions/3.11.6/lib/python3.11/site-packages/airflow/example_dags/example_bash_decorator.py for tasks to queue
[2024-12-04T12:45:39.734+0100] {logging_mixin.py:190} INFO - [2024-12-04T12:45:39.734+0100] {dagbag.py:588} INFO - Filling up the DagBag from /Users/sijibomijoshua/.pyenv/versions/3.11.6/lib/python3.11/site-packages/airflow/example_dags/example_bash_decorator.py
[2024-12-04T12:45:39.752+0100] {processor.py:925} INFO - DAG(s) 'example_bash_decorator' retrieved from /Users/sijibomijoshua/.pyenv/versions/3.11.6/lib/python3.11/site-packages/airflow/example_dags/example_bash_decorator.py
[2024-12-04T12:45:39.856+0100] {logging_mixin.py:190} INFO - [2024-12-04T12:45:39.855+0100] {dag.py:3239} INFO - Sync 1 DAGs
[2024-12-04T12:45:39.859+0100] {logging_mixin.py:190} INFO - [2024-12-04T12:45:39.859+0100] {dag.py:4180} INFO - Setting next_dagrun for example_bash_decorator to None, run_after=None
[2024-12-04T12:45:39.865+0100] {processor.py:208} INFO - Processing /Users/sijibomijoshua/.pyenv/versions/3.11.6/lib/python3.11/site-packages/airflow/example_dags/example_bash_decorator.py took 0.135 seconds
[2024-12-04T12:47:55.338+0100] {processor.py:186} INFO - Started process (PID=88212) to work on /Users/sijibomijoshua/.pyenv/versions/3.11.6/lib/python3.11/site-packages/airflow/example_dags/example_bash_decorator.py
[2024-12-04T12:47:55.339+0100] {processor.py:914} INFO - Processing file /Users/sijibomijoshua/.pyenv/versions/3.11.6/lib/python3.11/site-packages/airflow/example_dags/example_bash_decorator.py for tasks to queue
[2024-12-04T12:47:55.340+0100] {logging_mixin.py:190} INFO - [2024-12-04T12:47:55.340+0100] {dagbag.py:588} INFO - Filling up the DagBag from /Users/sijibomijoshua/.pyenv/versions/3.11.6/lib/python3.11/site-packages/airflow/example_dags/example_bash_decorator.py
[2024-12-04T12:47:55.358+0100] {processor.py:925} INFO - DAG(s) 'example_bash_decorator' retrieved from /Users/sijibomijoshua/.pyenv/versions/3.11.6/lib/python3.11/site-packages/airflow/example_dags/example_bash_decorator.py
[2024-12-04T12:47:55.465+0100] {logging_mixin.py:190} INFO - [2024-12-04T12:47:55.464+0100] {dag.py:3239} INFO - Sync 1 DAGs
[2024-12-04T12:47:55.468+0100] {logging_mixin.py:190} INFO - [2024-12-04T12:47:55.468+0100] {dag.py:4180} INFO - Setting next_dagrun for example_bash_decorator to None, run_after=None
[2024-12-04T12:47:55.474+0100] {processor.py:208} INFO - Processing /Users/sijibomijoshua/.pyenv/versions/3.11.6/lib/python3.11/site-packages/airflow/example_dags/example_bash_decorator.py took 0.145 seconds
[2024-12-04T13:26:27.134+0100] {processor.py:186} INFO - Started process (PID=21055) to work on /Users/sijibomijoshua/.pyenv/versions/3.11.6/lib/python3.11/site-packages/airflow/example_dags/example_bash_decorator.py
[2024-12-04T13:26:27.135+0100] {processor.py:914} INFO - Processing file /Users/sijibomijoshua/.pyenv/versions/3.11.6/lib/python3.11/site-packages/airflow/example_dags/example_bash_decorator.py for tasks to queue
[2024-12-04T13:26:27.136+0100] {logging_mixin.py:190} INFO - [2024-12-04T13:26:27.136+0100] {dagbag.py:588} INFO - Filling up the DagBag from /Users/sijibomijoshua/.pyenv/versions/3.11.6/lib/python3.11/site-packages/airflow/example_dags/example_bash_decorator.py
[2024-12-04T13:26:27.153+0100] {processor.py:925} INFO - DAG(s) 'example_bash_decorator' retrieved from /Users/sijibomijoshua/.pyenv/versions/3.11.6/lib/python3.11/site-packages/airflow/example_dags/example_bash_decorator.py
[2024-12-04T13:26:27.256+0100] {logging_mixin.py:190} INFO - [2024-12-04T13:26:27.256+0100] {dag.py:3239} INFO - Sync 1 DAGs
[2024-12-04T13:26:27.260+0100] {logging_mixin.py:190} INFO - [2024-12-04T13:26:27.260+0100] {dag.py:4180} INFO - Setting next_dagrun for example_bash_decorator to None, run_after=None
[2024-12-04T13:26:27.266+0100] {processor.py:208} INFO - Processing /Users/sijibomijoshua/.pyenv/versions/3.11.6/lib/python3.11/site-packages/airflow/example_dags/example_bash_decorator.py took 0.133 seconds
[2024-12-04T13:38:19.909+0100] {processor.py:186} INFO - Started process (PID=36240) to work on /Users/sijibomijoshua/airflow/airflow_env/lib/python3.11/site-packages/airflow/example_dags/example_bash_decorator.py
[2024-12-04T13:38:19.909+0100] {processor.py:914} INFO - Processing file /Users/sijibomijoshua/airflow/airflow_env/lib/python3.11/site-packages/airflow/example_dags/example_bash_decorator.py for tasks to queue
[2024-12-04T13:38:19.911+0100] {logging_mixin.py:190} INFO - [2024-12-04T13:38:19.911+0100] {dagbag.py:588} INFO - Filling up the DagBag from /Users/sijibomijoshua/airflow/airflow_env/lib/python3.11/site-packages/airflow/example_dags/example_bash_decorator.py
[2024-12-04T13:38:19.930+0100] {processor.py:925} INFO - DAG(s) 'example_bash_decorator' retrieved from /Users/sijibomijoshua/airflow/airflow_env/lib/python3.11/site-packages/airflow/example_dags/example_bash_decorator.py
[2024-12-04T13:38:20.019+0100] {logging_mixin.py:190} INFO - [2024-12-04T13:38:20.019+0100] {dag.py:3239} INFO - Sync 1 DAGs
[2024-12-04T13:38:20.022+0100] {logging_mixin.py:190} INFO - [2024-12-04T13:38:20.022+0100] {dag.py:4180} INFO - Setting next_dagrun for example_bash_decorator to None, run_after=None
[2024-12-04T13:38:20.029+0100] {processor.py:208} INFO - Processing /Users/sijibomijoshua/airflow/airflow_env/lib/python3.11/site-packages/airflow/example_dags/example_bash_decorator.py took 0.121 seconds
[2024-12-04T13:40:41.545+0100] {processor.py:186} INFO - Started process (PID=39407) to work on /Users/sijibomijoshua/airflow/airflow_env/lib/python3.11/site-packages/airflow/example_dags/example_bash_decorator.py
[2024-12-04T13:40:41.546+0100] {processor.py:914} INFO - Processing file /Users/sijibomijoshua/airflow/airflow_env/lib/python3.11/site-packages/airflow/example_dags/example_bash_decorator.py for tasks to queue
[2024-12-04T13:40:41.547+0100] {logging_mixin.py:190} INFO - [2024-12-04T13:40:41.547+0100] {dagbag.py:588} INFO - Filling up the DagBag from /Users/sijibomijoshua/airflow/airflow_env/lib/python3.11/site-packages/airflow/example_dags/example_bash_decorator.py
[2024-12-04T13:40:41.575+0100] {processor.py:925} INFO - DAG(s) 'example_bash_decorator' retrieved from /Users/sijibomijoshua/airflow/airflow_env/lib/python3.11/site-packages/airflow/example_dags/example_bash_decorator.py
[2024-12-04T13:40:41.703+0100] {logging_mixin.py:190} INFO - [2024-12-04T13:40:41.702+0100] {dag.py:3239} INFO - Sync 1 DAGs
[2024-12-04T13:40:41.706+0100] {logging_mixin.py:190} INFO - [2024-12-04T13:40:41.706+0100] {dag.py:4180} INFO - Setting next_dagrun for example_bash_decorator to None, run_after=None
[2024-12-04T13:40:41.713+0100] {processor.py:208} INFO - Processing /Users/sijibomijoshua/airflow/airflow_env/lib/python3.11/site-packages/airflow/example_dags/example_bash_decorator.py took 0.169 seconds
[2024-12-04T13:42:53.122+0100] {processor.py:186} INFO - Started process (PID=42309) to work on /Users/sijibomijoshua/airflow/airflow_env/lib/python3.11/site-packages/airflow/example_dags/example_bash_decorator.py
[2024-12-04T13:42:53.123+0100] {processor.py:914} INFO - Processing file /Users/sijibomijoshua/airflow/airflow_env/lib/python3.11/site-packages/airflow/example_dags/example_bash_decorator.py for tasks to queue
[2024-12-04T13:42:53.123+0100] {logging_mixin.py:190} INFO - [2024-12-04T13:42:53.123+0100] {dagbag.py:588} INFO - Filling up the DagBag from /Users/sijibomijoshua/airflow/airflow_env/lib/python3.11/site-packages/airflow/example_dags/example_bash_decorator.py
[2024-12-04T13:42:53.141+0100] {processor.py:925} INFO - DAG(s) 'example_bash_decorator' retrieved from /Users/sijibomijoshua/airflow/airflow_env/lib/python3.11/site-packages/airflow/example_dags/example_bash_decorator.py
[2024-12-04T13:42:53.261+0100] {logging_mixin.py:190} INFO - [2024-12-04T13:42:53.261+0100] {dag.py:3239} INFO - Sync 1 DAGs
[2024-12-04T13:42:53.265+0100] {logging_mixin.py:190} INFO - [2024-12-04T13:42:53.265+0100] {dag.py:4180} INFO - Setting next_dagrun for example_bash_decorator to None, run_after=None
[2024-12-04T13:42:53.272+0100] {processor.py:208} INFO - Processing /Users/sijibomijoshua/airflow/airflow_env/lib/python3.11/site-packages/airflow/example_dags/example_bash_decorator.py took 0.152 seconds
