[2024-12-04T12:41:10.336+0100] {processor.py:186} INFO - Started process (PID=81888) to work on /Users/sijibomijoshua/.pyenv/versions/3.11.6/lib/python3.11/site-packages/airflow/example_dags/tutorial_dag.py
[2024-12-04T12:41:10.336+0100] {processor.py:914} INFO - Processing file /Users/sijibomijoshua/.pyenv/versions/3.11.6/lib/python3.11/site-packages/airflow/example_dags/tutorial_dag.py for tasks to queue
[2024-12-04T12:41:10.337+0100] {logging_mixin.py:190} INFO - [2024-12-04T12:41:10.337+0100] {dagbag.py:588} INFO - Filling up the DagBag from /Users/sijibomijoshua/.pyenv/versions/3.11.6/lib/python3.11/site-packages/airflow/example_dags/tutorial_dag.py
[2024-12-04T12:41:10.347+0100] {processor.py:925} INFO - DAG(s) 'tutorial_dag' retrieved from /Users/sijibomijoshua/.pyenv/versions/3.11.6/lib/python3.11/site-packages/airflow/example_dags/tutorial_dag.py
[2024-12-04T12:41:10.434+0100] {logging_mixin.py:190} INFO - [2024-12-04T12:41:10.434+0100] {override.py:1911} INFO - Created Permission View: can edit on DAG:tutorial_dag
[2024-12-04T12:41:10.437+0100] {logging_mixin.py:190} INFO - [2024-12-04T12:41:10.437+0100] {override.py:1911} INFO - Created Permission View: can read on DAG:tutorial_dag
[2024-12-04T12:41:10.439+0100] {logging_mixin.py:190} INFO - [2024-12-04T12:41:10.439+0100] {override.py:1911} INFO - Created Permission View: can delete on DAG:tutorial_dag
[2024-12-04T12:41:10.442+0100] {logging_mixin.py:190} INFO - [2024-12-04T12:41:10.442+0100] {override.py:1911} INFO - Created Permission View: can read on DAG Run:tutorial_dag
[2024-12-04T12:41:10.444+0100] {logging_mixin.py:190} INFO - [2024-12-04T12:41:10.444+0100] {override.py:1911} INFO - Created Permission View: menu access on DAG Run:tutorial_dag
[2024-12-04T12:41:10.446+0100] {logging_mixin.py:190} INFO - [2024-12-04T12:41:10.446+0100] {override.py:1911} INFO - Created Permission View: can delete on DAG Run:tutorial_dag
[2024-12-04T12:41:10.447+0100] {logging_mixin.py:190} INFO - [2024-12-04T12:41:10.447+0100] {override.py:1911} INFO - Created Permission View: can create on DAG Run:tutorial_dag
[2024-12-04T12:41:10.448+0100] {logging_mixin.py:190} INFO - [2024-12-04T12:41:10.447+0100] {dag.py:3239} INFO - Sync 1 DAGs
[2024-12-04T12:41:10.451+0100] {logging_mixin.py:190} INFO - [2024-12-04T12:41:10.451+0100] {dag.py:3262} INFO - Creating ORM DAG for tutorial_dag
[2024-12-04T12:41:10.451+0100] {logging_mixin.py:190} INFO - [2024-12-04T12:41:10.451+0100] {dag.py:4180} INFO - Setting next_dagrun for tutorial_dag to None, run_after=None
[2024-12-04T12:41:10.457+0100] {processor.py:208} INFO - Processing /Users/sijibomijoshua/.pyenv/versions/3.11.6/lib/python3.11/site-packages/airflow/example_dags/tutorial_dag.py took 0.122 seconds
[2024-12-04T12:42:01.430+0100] {processor.py:186} INFO - Started process (PID=82713) to work on /Users/sijibomijoshua/.pyenv/versions/3.11.6/lib/python3.11/site-packages/airflow/example_dags/tutorial_dag.py
[2024-12-04T12:42:01.430+0100] {processor.py:914} INFO - Processing file /Users/sijibomijoshua/.pyenv/versions/3.11.6/lib/python3.11/site-packages/airflow/example_dags/tutorial_dag.py for tasks to queue
[2024-12-04T12:42:01.432+0100] {logging_mixin.py:190} INFO - [2024-12-04T12:42:01.432+0100] {dagbag.py:588} INFO - Filling up the DagBag from /Users/sijibomijoshua/.pyenv/versions/3.11.6/lib/python3.11/site-packages/airflow/example_dags/tutorial_dag.py
[2024-12-04T12:42:01.442+0100] {processor.py:925} INFO - DAG(s) 'tutorial_dag' retrieved from /Users/sijibomijoshua/.pyenv/versions/3.11.6/lib/python3.11/site-packages/airflow/example_dags/tutorial_dag.py
[2024-12-04T12:42:01.521+0100] {logging_mixin.py:190} INFO - [2024-12-04T12:42:01.521+0100] {dag.py:3239} INFO - Sync 1 DAGs
[2024-12-04T12:42:01.525+0100] {logging_mixin.py:190} INFO - [2024-12-04T12:42:01.525+0100] {dag.py:4180} INFO - Setting next_dagrun for tutorial_dag to None, run_after=None
[2024-12-04T12:42:01.532+0100] {processor.py:208} INFO - Processing /Users/sijibomijoshua/.pyenv/versions/3.11.6/lib/python3.11/site-packages/airflow/example_dags/tutorial_dag.py took 0.103 seconds
[2024-12-04T12:43:40.083+0100] {processor.py:186} INFO - Started process (PID=84273) to work on /Users/sijibomijoshua/.pyenv/versions/3.11.6/lib/python3.11/site-packages/airflow/example_dags/tutorial_dag.py
[2024-12-04T12:43:40.084+0100] {processor.py:914} INFO - Processing file /Users/sijibomijoshua/.pyenv/versions/3.11.6/lib/python3.11/site-packages/airflow/example_dags/tutorial_dag.py for tasks to queue
[2024-12-04T12:43:40.085+0100] {logging_mixin.py:190} INFO - [2024-12-04T12:43:40.085+0100] {dagbag.py:588} INFO - Filling up the DagBag from /Users/sijibomijoshua/.pyenv/versions/3.11.6/lib/python3.11/site-packages/airflow/example_dags/tutorial_dag.py
[2024-12-04T12:43:40.094+0100] {processor.py:925} INFO - DAG(s) 'tutorial_dag' retrieved from /Users/sijibomijoshua/.pyenv/versions/3.11.6/lib/python3.11/site-packages/airflow/example_dags/tutorial_dag.py
[2024-12-04T12:43:40.188+0100] {logging_mixin.py:190} INFO - [2024-12-04T12:43:40.187+0100] {dag.py:3239} INFO - Sync 1 DAGs
[2024-12-04T12:43:40.216+0100] {logging_mixin.py:190} INFO - [2024-12-04T12:43:40.215+0100] {dag.py:4180} INFO - Setting next_dagrun for tutorial_dag to None, run_after=None
[2024-12-04T12:43:40.228+0100] {processor.py:208} INFO - Processing /Users/sijibomijoshua/.pyenv/versions/3.11.6/lib/python3.11/site-packages/airflow/example_dags/tutorial_dag.py took 0.146 seconds
[2024-12-04T12:44:48.020+0100] {processor.py:186} INFO - Started process (PID=85333) to work on /Users/sijibomijoshua/.pyenv/versions/3.11.6/lib/python3.11/site-packages/airflow/example_dags/tutorial_dag.py
[2024-12-04T12:44:48.020+0100] {processor.py:914} INFO - Processing file /Users/sijibomijoshua/.pyenv/versions/3.11.6/lib/python3.11/site-packages/airflow/example_dags/tutorial_dag.py for tasks to queue
[2024-12-04T12:44:48.021+0100] {logging_mixin.py:190} INFO - [2024-12-04T12:44:48.021+0100] {dagbag.py:588} INFO - Filling up the DagBag from /Users/sijibomijoshua/.pyenv/versions/3.11.6/lib/python3.11/site-packages/airflow/example_dags/tutorial_dag.py
[2024-12-04T12:44:48.030+0100] {processor.py:925} INFO - DAG(s) 'tutorial_dag' retrieved from /Users/sijibomijoshua/.pyenv/versions/3.11.6/lib/python3.11/site-packages/airflow/example_dags/tutorial_dag.py
[2024-12-04T12:44:48.090+0100] {logging_mixin.py:190} INFO - [2024-12-04T12:44:48.090+0100] {dag.py:3239} INFO - Sync 1 DAGs
[2024-12-04T12:44:48.094+0100] {logging_mixin.py:190} INFO - [2024-12-04T12:44:48.093+0100] {dag.py:4180} INFO - Setting next_dagrun for tutorial_dag to None, run_after=None
[2024-12-04T12:44:48.100+0100] {processor.py:208} INFO - Processing /Users/sijibomijoshua/.pyenv/versions/3.11.6/lib/python3.11/site-packages/airflow/example_dags/tutorial_dag.py took 0.082 seconds
[2024-12-04T12:45:55.400+0100] {processor.py:186} INFO - Started process (PID=86363) to work on /Users/sijibomijoshua/.pyenv/versions/3.11.6/lib/python3.11/site-packages/airflow/example_dags/tutorial_dag.py
[2024-12-04T12:45:55.401+0100] {processor.py:914} INFO - Processing file /Users/sijibomijoshua/.pyenv/versions/3.11.6/lib/python3.11/site-packages/airflow/example_dags/tutorial_dag.py for tasks to queue
[2024-12-04T12:45:55.402+0100] {logging_mixin.py:190} INFO - [2024-12-04T12:45:55.402+0100] {dagbag.py:588} INFO - Filling up the DagBag from /Users/sijibomijoshua/.pyenv/versions/3.11.6/lib/python3.11/site-packages/airflow/example_dags/tutorial_dag.py
[2024-12-04T12:45:55.411+0100] {processor.py:925} INFO - DAG(s) 'tutorial_dag' retrieved from /Users/sijibomijoshua/.pyenv/versions/3.11.6/lib/python3.11/site-packages/airflow/example_dags/tutorial_dag.py
[2024-12-04T12:45:55.466+0100] {logging_mixin.py:190} INFO - [2024-12-04T12:45:55.465+0100] {dag.py:3239} INFO - Sync 1 DAGs
[2024-12-04T12:45:55.469+0100] {logging_mixin.py:190} INFO - [2024-12-04T12:45:55.469+0100] {dag.py:4180} INFO - Setting next_dagrun for tutorial_dag to None, run_after=None
[2024-12-04T12:45:55.476+0100] {processor.py:208} INFO - Processing /Users/sijibomijoshua/.pyenv/versions/3.11.6/lib/python3.11/site-packages/airflow/example_dags/tutorial_dag.py took 0.077 seconds
[2024-12-04T12:47:04.976+0100] {processor.py:186} INFO - Started process (PID=87426) to work on /Users/sijibomijoshua/.pyenv/versions/3.11.6/lib/python3.11/site-packages/airflow/example_dags/tutorial_dag.py
[2024-12-04T12:47:04.977+0100] {processor.py:914} INFO - Processing file /Users/sijibomijoshua/.pyenv/versions/3.11.6/lib/python3.11/site-packages/airflow/example_dags/tutorial_dag.py for tasks to queue
[2024-12-04T12:47:04.978+0100] {logging_mixin.py:190} INFO - [2024-12-04T12:47:04.978+0100] {dagbag.py:588} INFO - Filling up the DagBag from /Users/sijibomijoshua/.pyenv/versions/3.11.6/lib/python3.11/site-packages/airflow/example_dags/tutorial_dag.py
[2024-12-04T12:47:04.987+0100] {processor.py:925} INFO - DAG(s) 'tutorial_dag' retrieved from /Users/sijibomijoshua/.pyenv/versions/3.11.6/lib/python3.11/site-packages/airflow/example_dags/tutorial_dag.py
[2024-12-04T12:47:05.047+0100] {logging_mixin.py:190} INFO - [2024-12-04T12:47:05.047+0100] {dag.py:3239} INFO - Sync 1 DAGs
[2024-12-04T12:47:05.052+0100] {logging_mixin.py:190} INFO - [2024-12-04T12:47:05.052+0100] {dag.py:4180} INFO - Setting next_dagrun for tutorial_dag to None, run_after=None
[2024-12-04T12:47:05.060+0100] {processor.py:208} INFO - Processing /Users/sijibomijoshua/.pyenv/versions/3.11.6/lib/python3.11/site-packages/airflow/example_dags/tutorial_dag.py took 0.085 seconds
[2024-12-04T12:48:13.441+0100] {processor.py:186} INFO - Started process (PID=88478) to work on /Users/sijibomijoshua/.pyenv/versions/3.11.6/lib/python3.11/site-packages/airflow/example_dags/tutorial_dag.py
[2024-12-04T12:48:13.441+0100] {processor.py:914} INFO - Processing file /Users/sijibomijoshua/.pyenv/versions/3.11.6/lib/python3.11/site-packages/airflow/example_dags/tutorial_dag.py for tasks to queue
[2024-12-04T12:48:13.443+0100] {logging_mixin.py:190} INFO - [2024-12-04T12:48:13.443+0100] {dagbag.py:588} INFO - Filling up the DagBag from /Users/sijibomijoshua/.pyenv/versions/3.11.6/lib/python3.11/site-packages/airflow/example_dags/tutorial_dag.py
[2024-12-04T12:48:13.454+0100] {processor.py:925} INFO - DAG(s) 'tutorial_dag' retrieved from /Users/sijibomijoshua/.pyenv/versions/3.11.6/lib/python3.11/site-packages/airflow/example_dags/tutorial_dag.py
[2024-12-04T12:48:13.516+0100] {logging_mixin.py:190} INFO - [2024-12-04T12:48:13.516+0100] {dag.py:3239} INFO - Sync 1 DAGs
[2024-12-04T12:48:13.520+0100] {logging_mixin.py:190} INFO - [2024-12-04T12:48:13.520+0100] {dag.py:4180} INFO - Setting next_dagrun for tutorial_dag to None, run_after=None
[2024-12-04T12:48:13.527+0100] {processor.py:208} INFO - Processing /Users/sijibomijoshua/.pyenv/versions/3.11.6/lib/python3.11/site-packages/airflow/example_dags/tutorial_dag.py took 0.090 seconds
[2024-12-04T13:23:24.005+0100] {processor.py:186} INFO - Started process (PID=17693) to work on /Users/sijibomijoshua/.pyenv/versions/3.11.6/lib/python3.11/site-packages/airflow/example_dags/tutorial_dag.py
[2024-12-04T13:23:24.006+0100] {processor.py:914} INFO - Processing file /Users/sijibomijoshua/.pyenv/versions/3.11.6/lib/python3.11/site-packages/airflow/example_dags/tutorial_dag.py for tasks to queue
[2024-12-04T13:23:24.007+0100] {logging_mixin.py:190} INFO - [2024-12-04T13:23:24.007+0100] {dagbag.py:588} INFO - Filling up the DagBag from /Users/sijibomijoshua/.pyenv/versions/3.11.6/lib/python3.11/site-packages/airflow/example_dags/tutorial_dag.py
[2024-12-04T13:23:24.016+0100] {processor.py:925} INFO - DAG(s) 'tutorial_dag' retrieved from /Users/sijibomijoshua/.pyenv/versions/3.11.6/lib/python3.11/site-packages/airflow/example_dags/tutorial_dag.py
[2024-12-04T13:23:24.072+0100] {logging_mixin.py:190} INFO - [2024-12-04T13:23:24.071+0100] {dag.py:3239} INFO - Sync 1 DAGs
[2024-12-04T13:23:24.075+0100] {logging_mixin.py:190} INFO - [2024-12-04T13:23:24.075+0100] {dag.py:4180} INFO - Setting next_dagrun for tutorial_dag to None, run_after=None
[2024-12-04T13:23:24.082+0100] {processor.py:208} INFO - Processing /Users/sijibomijoshua/.pyenv/versions/3.11.6/lib/python3.11/site-packages/airflow/example_dags/tutorial_dag.py took 0.078 seconds
[2024-12-04T13:25:04.962+0100] {processor.py:186} INFO - Started process (PID=19501) to work on /Users/sijibomijoshua/.pyenv/versions/3.11.6/lib/python3.11/site-packages/airflow/example_dags/tutorial_dag.py
[2024-12-04T13:25:04.962+0100] {processor.py:914} INFO - Processing file /Users/sijibomijoshua/.pyenv/versions/3.11.6/lib/python3.11/site-packages/airflow/example_dags/tutorial_dag.py for tasks to queue
[2024-12-04T13:25:04.963+0100] {logging_mixin.py:190} INFO - [2024-12-04T13:25:04.963+0100] {dagbag.py:588} INFO - Filling up the DagBag from /Users/sijibomijoshua/.pyenv/versions/3.11.6/lib/python3.11/site-packages/airflow/example_dags/tutorial_dag.py
[2024-12-04T13:25:04.972+0100] {processor.py:925} INFO - DAG(s) 'tutorial_dag' retrieved from /Users/sijibomijoshua/.pyenv/versions/3.11.6/lib/python3.11/site-packages/airflow/example_dags/tutorial_dag.py
[2024-12-04T13:25:05.028+0100] {logging_mixin.py:190} INFO - [2024-12-04T13:25:05.028+0100] {dag.py:3239} INFO - Sync 1 DAGs
[2024-12-04T13:25:05.033+0100] {logging_mixin.py:190} INFO - [2024-12-04T13:25:05.032+0100] {dag.py:4180} INFO - Setting next_dagrun for tutorial_dag to None, run_after=None
[2024-12-04T13:25:05.039+0100] {processor.py:208} INFO - Processing /Users/sijibomijoshua/.pyenv/versions/3.11.6/lib/python3.11/site-packages/airflow/example_dags/tutorial_dag.py took 0.078 seconds
[2024-12-04T13:36:59.406+0100] {processor.py:186} INFO - Started process (PID=34341) to work on /Users/sijibomijoshua/airflow/airflow_env/lib/python3.11/site-packages/airflow/example_dags/tutorial_dag.py
[2024-12-04T13:36:59.407+0100] {processor.py:914} INFO - Processing file /Users/sijibomijoshua/airflow/airflow_env/lib/python3.11/site-packages/airflow/example_dags/tutorial_dag.py for tasks to queue
[2024-12-04T13:36:59.408+0100] {logging_mixin.py:190} INFO - [2024-12-04T13:36:59.408+0100] {dagbag.py:588} INFO - Filling up the DagBag from /Users/sijibomijoshua/airflow/airflow_env/lib/python3.11/site-packages/airflow/example_dags/tutorial_dag.py
[2024-12-04T13:36:59.418+0100] {processor.py:925} INFO - DAG(s) 'tutorial_dag' retrieved from /Users/sijibomijoshua/airflow/airflow_env/lib/python3.11/site-packages/airflow/example_dags/tutorial_dag.py
[2024-12-04T13:36:59.509+0100] {logging_mixin.py:190} INFO - [2024-12-04T13:36:59.509+0100] {dag.py:3239} INFO - Sync 1 DAGs
[2024-12-04T13:36:59.513+0100] {logging_mixin.py:190} INFO - [2024-12-04T13:36:59.513+0100] {dag.py:4180} INFO - Setting next_dagrun for tutorial_dag to None, run_after=None
[2024-12-04T13:36:59.520+0100] {processor.py:208} INFO - Processing /Users/sijibomijoshua/airflow/airflow_env/lib/python3.11/site-packages/airflow/example_dags/tutorial_dag.py took 0.116 seconds
[2024-12-04T13:38:39.682+0100] {processor.py:186} INFO - Started process (PID=36697) to work on /Users/sijibomijoshua/airflow/airflow_env/lib/python3.11/site-packages/airflow/example_dags/tutorial_dag.py
[2024-12-04T13:38:39.682+0100] {processor.py:914} INFO - Processing file /Users/sijibomijoshua/airflow/airflow_env/lib/python3.11/site-packages/airflow/example_dags/tutorial_dag.py for tasks to queue
[2024-12-04T13:38:39.684+0100] {logging_mixin.py:190} INFO - [2024-12-04T13:38:39.684+0100] {dagbag.py:588} INFO - Filling up the DagBag from /Users/sijibomijoshua/airflow/airflow_env/lib/python3.11/site-packages/airflow/example_dags/tutorial_dag.py
[2024-12-04T13:38:39.698+0100] {processor.py:925} INFO - DAG(s) 'tutorial_dag' retrieved from /Users/sijibomijoshua/airflow/airflow_env/lib/python3.11/site-packages/airflow/example_dags/tutorial_dag.py
[2024-12-04T13:38:39.761+0100] {logging_mixin.py:190} INFO - [2024-12-04T13:38:39.760+0100] {dag.py:3239} INFO - Sync 1 DAGs
[2024-12-04T13:38:39.764+0100] {logging_mixin.py:190} INFO - [2024-12-04T13:38:39.764+0100] {dag.py:4180} INFO - Setting next_dagrun for tutorial_dag to None, run_after=None
[2024-12-04T13:38:39.774+0100] {processor.py:208} INFO - Processing /Users/sijibomijoshua/airflow/airflow_env/lib/python3.11/site-packages/airflow/example_dags/tutorial_dag.py took 0.096 seconds
[2024-12-04T13:39:51.640+0100] {processor.py:186} INFO - Started process (PID=38308) to work on /Users/sijibomijoshua/airflow/airflow_env/lib/python3.11/site-packages/airflow/example_dags/tutorial_dag.py
[2024-12-04T13:39:51.641+0100] {processor.py:914} INFO - Processing file /Users/sijibomijoshua/airflow/airflow_env/lib/python3.11/site-packages/airflow/example_dags/tutorial_dag.py for tasks to queue
[2024-12-04T13:39:51.642+0100] {logging_mixin.py:190} INFO - [2024-12-04T13:39:51.642+0100] {dagbag.py:588} INFO - Filling up the DagBag from /Users/sijibomijoshua/airflow/airflow_env/lib/python3.11/site-packages/airflow/example_dags/tutorial_dag.py
[2024-12-04T13:39:51.652+0100] {processor.py:925} INFO - DAG(s) 'tutorial_dag' retrieved from /Users/sijibomijoshua/airflow/airflow_env/lib/python3.11/site-packages/airflow/example_dags/tutorial_dag.py
[2024-12-04T13:39:51.715+0100] {logging_mixin.py:190} INFO - [2024-12-04T13:39:51.714+0100] {dag.py:3239} INFO - Sync 1 DAGs
[2024-12-04T13:39:51.718+0100] {logging_mixin.py:190} INFO - [2024-12-04T13:39:51.718+0100] {dag.py:4180} INFO - Setting next_dagrun for tutorial_dag to None, run_after=None
[2024-12-04T13:39:51.727+0100] {processor.py:208} INFO - Processing /Users/sijibomijoshua/airflow/airflow_env/lib/python3.11/site-packages/airflow/example_dags/tutorial_dag.py took 0.089 seconds
[2024-12-04T13:40:58.793+0100] {processor.py:186} INFO - Started process (PID=39787) to work on /Users/sijibomijoshua/airflow/airflow_env/lib/python3.11/site-packages/airflow/example_dags/tutorial_dag.py
[2024-12-04T13:40:58.793+0100] {processor.py:914} INFO - Processing file /Users/sijibomijoshua/airflow/airflow_env/lib/python3.11/site-packages/airflow/example_dags/tutorial_dag.py for tasks to queue
[2024-12-04T13:40:58.794+0100] {logging_mixin.py:190} INFO - [2024-12-04T13:40:58.794+0100] {dagbag.py:588} INFO - Filling up the DagBag from /Users/sijibomijoshua/airflow/airflow_env/lib/python3.11/site-packages/airflow/example_dags/tutorial_dag.py
[2024-12-04T13:40:58.803+0100] {processor.py:925} INFO - DAG(s) 'tutorial_dag' retrieved from /Users/sijibomijoshua/airflow/airflow_env/lib/python3.11/site-packages/airflow/example_dags/tutorial_dag.py
[2024-12-04T13:40:58.866+0100] {logging_mixin.py:190} INFO - [2024-12-04T13:40:58.866+0100] {dag.py:3239} INFO - Sync 1 DAGs
[2024-12-04T13:40:58.870+0100] {logging_mixin.py:190} INFO - [2024-12-04T13:40:58.870+0100] {dag.py:4180} INFO - Setting next_dagrun for tutorial_dag to None, run_after=None
[2024-12-04T13:40:58.878+0100] {processor.py:208} INFO - Processing /Users/sijibomijoshua/airflow/airflow_env/lib/python3.11/site-packages/airflow/example_dags/tutorial_dag.py took 0.087 seconds
[2024-12-04T13:42:04.574+0100] {processor.py:186} INFO - Started process (PID=41241) to work on /Users/sijibomijoshua/airflow/airflow_env/lib/python3.11/site-packages/airflow/example_dags/tutorial_dag.py
[2024-12-04T13:42:04.575+0100] {processor.py:914} INFO - Processing file /Users/sijibomijoshua/airflow/airflow_env/lib/python3.11/site-packages/airflow/example_dags/tutorial_dag.py for tasks to queue
[2024-12-04T13:42:04.576+0100] {logging_mixin.py:190} INFO - [2024-12-04T13:42:04.576+0100] {dagbag.py:588} INFO - Filling up the DagBag from /Users/sijibomijoshua/airflow/airflow_env/lib/python3.11/site-packages/airflow/example_dags/tutorial_dag.py
[2024-12-04T13:42:04.585+0100] {processor.py:925} INFO - DAG(s) 'tutorial_dag' retrieved from /Users/sijibomijoshua/airflow/airflow_env/lib/python3.11/site-packages/airflow/example_dags/tutorial_dag.py
[2024-12-04T13:42:04.641+0100] {logging_mixin.py:190} INFO - [2024-12-04T13:42:04.641+0100] {dag.py:3239} INFO - Sync 1 DAGs
[2024-12-04T13:42:04.645+0100] {logging_mixin.py:190} INFO - [2024-12-04T13:42:04.645+0100] {dag.py:4180} INFO - Setting next_dagrun for tutorial_dag to None, run_after=None
[2024-12-04T13:42:04.651+0100] {processor.py:208} INFO - Processing /Users/sijibomijoshua/airflow/airflow_env/lib/python3.11/site-packages/airflow/example_dags/tutorial_dag.py took 0.078 seconds
[2024-12-04T13:43:10.467+0100] {processor.py:186} INFO - Started process (PID=42689) to work on /Users/sijibomijoshua/airflow/airflow_env/lib/python3.11/site-packages/airflow/example_dags/tutorial_dag.py
[2024-12-04T13:43:10.468+0100] {processor.py:914} INFO - Processing file /Users/sijibomijoshua/airflow/airflow_env/lib/python3.11/site-packages/airflow/example_dags/tutorial_dag.py for tasks to queue
[2024-12-04T13:43:10.469+0100] {logging_mixin.py:190} INFO - [2024-12-04T13:43:10.469+0100] {dagbag.py:588} INFO - Filling up the DagBag from /Users/sijibomijoshua/airflow/airflow_env/lib/python3.11/site-packages/airflow/example_dags/tutorial_dag.py
[2024-12-04T13:43:10.478+0100] {processor.py:925} INFO - DAG(s) 'tutorial_dag' retrieved from /Users/sijibomijoshua/airflow/airflow_env/lib/python3.11/site-packages/airflow/example_dags/tutorial_dag.py
[2024-12-04T13:43:10.533+0100] {logging_mixin.py:190} INFO - [2024-12-04T13:43:10.533+0100] {dag.py:3239} INFO - Sync 1 DAGs
[2024-12-04T13:43:10.537+0100] {logging_mixin.py:190} INFO - [2024-12-04T13:43:10.537+0100] {dag.py:4180} INFO - Setting next_dagrun for tutorial_dag to None, run_after=None
[2024-12-04T13:43:10.544+0100] {processor.py:208} INFO - Processing /Users/sijibomijoshua/airflow/airflow_env/lib/python3.11/site-packages/airflow/example_dags/tutorial_dag.py took 0.079 seconds
[2024-12-04T14:01:17.510+0100] {processor.py:186} INFO - Started process (PID=55039) to work on /Users/sijibomijoshua/airflow/airflow_env/lib/python3.11/site-packages/airflow/example_dags/tutorial_dag.py
[2024-12-04T14:01:17.513+0100] {processor.py:914} INFO - Processing file /Users/sijibomijoshua/airflow/airflow_env/lib/python3.11/site-packages/airflow/example_dags/tutorial_dag.py for tasks to queue
[2024-12-04T14:01:17.514+0100] {logging_mixin.py:190} INFO - [2024-12-04T14:01:17.514+0100] {dagbag.py:588} INFO - Filling up the DagBag from /Users/sijibomijoshua/airflow/airflow_env/lib/python3.11/site-packages/airflow/example_dags/tutorial_dag.py
[2024-12-04T14:01:17.531+0100] {processor.py:925} INFO - DAG(s) 'tutorial_dag' retrieved from /Users/sijibomijoshua/airflow/airflow_env/lib/python3.11/site-packages/airflow/example_dags/tutorial_dag.py
[2024-12-04T14:01:17.604+0100] {logging_mixin.py:190} INFO - [2024-12-04T14:01:17.603+0100] {dag.py:3239} INFO - Sync 1 DAGs
[2024-12-04T14:01:17.608+0100] {logging_mixin.py:190} INFO - [2024-12-04T14:01:17.608+0100] {dag.py:4180} INFO - Setting next_dagrun for tutorial_dag to None, run_after=None
[2024-12-04T14:01:17.614+0100] {processor.py:208} INFO - Processing /Users/sijibomijoshua/airflow/airflow_env/lib/python3.11/site-packages/airflow/example_dags/tutorial_dag.py took 0.110 seconds
