[2024-12-04T12:41:08.427+0100] {processor.py:186} INFO - Started process (PID=81853) to work on /Users/sijibomijoshua/.pyenv/versions/3.11.6/lib/python3.11/site-packages/airflow/example_dags/tutorial_objectstorage.py
[2024-12-04T12:41:08.428+0100] {processor.py:914} INFO - Processing file /Users/sijibomijoshua/.pyenv/versions/3.11.6/lib/python3.11/site-packages/airflow/example_dags/tutorial_objectstorage.py for tasks to queue
[2024-12-04T12:41:08.429+0100] {logging_mixin.py:190} INFO - [2024-12-04T12:41:08.429+0100] {dagbag.py:588} INFO - Filling up the DagBag from /Users/sijibomijoshua/.pyenv/versions/3.11.6/lib/python3.11/site-packages/airflow/example_dags/tutorial_objectstorage.py
[2024-12-04T12:41:08.444+0100] {processor.py:925} INFO - DAG(s) 'tutorial_objectstorage' retrieved from /Users/sijibomijoshua/.pyenv/versions/3.11.6/lib/python3.11/site-packages/airflow/example_dags/tutorial_objectstorage.py
[2024-12-04T12:41:08.545+0100] {logging_mixin.py:190} INFO - [2024-12-04T12:41:08.545+0100] {override.py:1911} INFO - Created Permission View: can edit on DAG:tutorial_objectstorage
[2024-12-04T12:41:08.549+0100] {logging_mixin.py:190} INFO - [2024-12-04T12:41:08.548+0100] {override.py:1911} INFO - Created Permission View: can read on DAG:tutorial_objectstorage
[2024-12-04T12:41:08.551+0100] {logging_mixin.py:190} INFO - [2024-12-04T12:41:08.551+0100] {override.py:1911} INFO - Created Permission View: can delete on DAG:tutorial_objectstorage
[2024-12-04T12:41:08.554+0100] {logging_mixin.py:190} INFO - [2024-12-04T12:41:08.554+0100] {override.py:1911} INFO - Created Permission View: menu access on DAG Run:tutorial_objectstorage
[2024-12-04T12:41:08.556+0100] {logging_mixin.py:190} INFO - [2024-12-04T12:41:08.556+0100] {override.py:1911} INFO - Created Permission View: can create on DAG Run:tutorial_objectstorage
[2024-12-04T12:41:08.558+0100] {logging_mixin.py:190} INFO - [2024-12-04T12:41:08.558+0100] {override.py:1911} INFO - Created Permission View: can read on DAG Run:tutorial_objectstorage
[2024-12-04T12:41:08.560+0100] {logging_mixin.py:190} INFO - [2024-12-04T12:41:08.560+0100] {override.py:1911} INFO - Created Permission View: can delete on DAG Run:tutorial_objectstorage
[2024-12-04T12:41:08.560+0100] {logging_mixin.py:190} INFO - [2024-12-04T12:41:08.560+0100] {dag.py:3239} INFO - Sync 1 DAGs
[2024-12-04T12:41:08.565+0100] {logging_mixin.py:190} INFO - [2024-12-04T12:41:08.564+0100] {dag.py:3262} INFO - Creating ORM DAG for tutorial_objectstorage
[2024-12-04T12:41:08.565+0100] {logging_mixin.py:190} INFO - [2024-12-04T12:41:08.565+0100] {dag.py:4180} INFO - Setting next_dagrun for tutorial_objectstorage to None, run_after=None
[2024-12-04T12:41:08.571+0100] {processor.py:208} INFO - Processing /Users/sijibomijoshua/.pyenv/versions/3.11.6/lib/python3.11/site-packages/airflow/example_dags/tutorial_objectstorage.py took 0.145 seconds
[2024-12-04T12:42:00.445+0100] {processor.py:186} INFO - Started process (PID=82710) to work on /Users/sijibomijoshua/.pyenv/versions/3.11.6/lib/python3.11/site-packages/airflow/example_dags/tutorial_objectstorage.py
[2024-12-04T12:42:00.446+0100] {processor.py:914} INFO - Processing file /Users/sijibomijoshua/.pyenv/versions/3.11.6/lib/python3.11/site-packages/airflow/example_dags/tutorial_objectstorage.py for tasks to queue
[2024-12-04T12:42:00.447+0100] {logging_mixin.py:190} INFO - [2024-12-04T12:42:00.447+0100] {dagbag.py:588} INFO - Filling up the DagBag from /Users/sijibomijoshua/.pyenv/versions/3.11.6/lib/python3.11/site-packages/airflow/example_dags/tutorial_objectstorage.py
[2024-12-04T12:42:00.460+0100] {processor.py:925} INFO - DAG(s) 'tutorial_objectstorage' retrieved from /Users/sijibomijoshua/.pyenv/versions/3.11.6/lib/python3.11/site-packages/airflow/example_dags/tutorial_objectstorage.py
[2024-12-04T12:42:00.516+0100] {logging_mixin.py:190} INFO - [2024-12-04T12:42:00.516+0100] {dag.py:3239} INFO - Sync 1 DAGs
[2024-12-04T12:42:00.520+0100] {logging_mixin.py:190} INFO - [2024-12-04T12:42:00.520+0100] {dag.py:4180} INFO - Setting next_dagrun for tutorial_objectstorage to None, run_after=None
[2024-12-04T12:42:00.528+0100] {processor.py:208} INFO - Processing /Users/sijibomijoshua/.pyenv/versions/3.11.6/lib/python3.11/site-packages/airflow/example_dags/tutorial_objectstorage.py took 0.084 seconds
[2024-12-04T12:43:38.301+0100] {processor.py:186} INFO - Started process (PID=84243) to work on /Users/sijibomijoshua/.pyenv/versions/3.11.6/lib/python3.11/site-packages/airflow/example_dags/tutorial_objectstorage.py
[2024-12-04T12:43:38.302+0100] {processor.py:914} INFO - Processing file /Users/sijibomijoshua/.pyenv/versions/3.11.6/lib/python3.11/site-packages/airflow/example_dags/tutorial_objectstorage.py for tasks to queue
[2024-12-04T12:43:38.303+0100] {logging_mixin.py:190} INFO - [2024-12-04T12:43:38.303+0100] {dagbag.py:588} INFO - Filling up the DagBag from /Users/sijibomijoshua/.pyenv/versions/3.11.6/lib/python3.11/site-packages/airflow/example_dags/tutorial_objectstorage.py
[2024-12-04T12:43:38.318+0100] {processor.py:925} INFO - DAG(s) 'tutorial_objectstorage' retrieved from /Users/sijibomijoshua/.pyenv/versions/3.11.6/lib/python3.11/site-packages/airflow/example_dags/tutorial_objectstorage.py
[2024-12-04T12:43:38.377+0100] {logging_mixin.py:190} INFO - [2024-12-04T12:43:38.377+0100] {dag.py:3239} INFO - Sync 1 DAGs
[2024-12-04T12:43:38.381+0100] {logging_mixin.py:190} INFO - [2024-12-04T12:43:38.381+0100] {dag.py:4180} INFO - Setting next_dagrun for tutorial_objectstorage to None, run_after=None
[2024-12-04T12:43:38.389+0100] {processor.py:208} INFO - Processing /Users/sijibomijoshua/.pyenv/versions/3.11.6/lib/python3.11/site-packages/airflow/example_dags/tutorial_objectstorage.py took 0.089 seconds
[2024-12-04T12:44:46.541+0100] {processor.py:186} INFO - Started process (PID=85300) to work on /Users/sijibomijoshua/.pyenv/versions/3.11.6/lib/python3.11/site-packages/airflow/example_dags/tutorial_objectstorage.py
[2024-12-04T12:44:46.541+0100] {processor.py:914} INFO - Processing file /Users/sijibomijoshua/.pyenv/versions/3.11.6/lib/python3.11/site-packages/airflow/example_dags/tutorial_objectstorage.py for tasks to queue
[2024-12-04T12:44:46.542+0100] {logging_mixin.py:190} INFO - [2024-12-04T12:44:46.542+0100] {dagbag.py:588} INFO - Filling up the DagBag from /Users/sijibomijoshua/.pyenv/versions/3.11.6/lib/python3.11/site-packages/airflow/example_dags/tutorial_objectstorage.py
[2024-12-04T12:44:46.557+0100] {processor.py:925} INFO - DAG(s) 'tutorial_objectstorage' retrieved from /Users/sijibomijoshua/.pyenv/versions/3.11.6/lib/python3.11/site-packages/airflow/example_dags/tutorial_objectstorage.py
[2024-12-04T12:44:46.624+0100] {logging_mixin.py:190} INFO - [2024-12-04T12:44:46.624+0100] {dag.py:3239} INFO - Sync 1 DAGs
[2024-12-04T12:44:46.629+0100] {logging_mixin.py:190} INFO - [2024-12-04T12:44:46.629+0100] {dag.py:4180} INFO - Setting next_dagrun for tutorial_objectstorage to None, run_after=None
[2024-12-04T12:44:46.638+0100] {processor.py:208} INFO - Processing /Users/sijibomijoshua/.pyenv/versions/3.11.6/lib/python3.11/site-packages/airflow/example_dags/tutorial_objectstorage.py took 0.100 seconds
[2024-12-04T12:45:53.621+0100] {processor.py:186} INFO - Started process (PID=86329) to work on /Users/sijibomijoshua/.pyenv/versions/3.11.6/lib/python3.11/site-packages/airflow/example_dags/tutorial_objectstorage.py
[2024-12-04T12:45:53.622+0100] {processor.py:914} INFO - Processing file /Users/sijibomijoshua/.pyenv/versions/3.11.6/lib/python3.11/site-packages/airflow/example_dags/tutorial_objectstorage.py for tasks to queue
[2024-12-04T12:45:53.623+0100] {logging_mixin.py:190} INFO - [2024-12-04T12:45:53.623+0100] {dagbag.py:588} INFO - Filling up the DagBag from /Users/sijibomijoshua/.pyenv/versions/3.11.6/lib/python3.11/site-packages/airflow/example_dags/tutorial_objectstorage.py
[2024-12-04T12:45:53.638+0100] {processor.py:925} INFO - DAG(s) 'tutorial_objectstorage' retrieved from /Users/sijibomijoshua/.pyenv/versions/3.11.6/lib/python3.11/site-packages/airflow/example_dags/tutorial_objectstorage.py
[2024-12-04T12:45:53.695+0100] {logging_mixin.py:190} INFO - [2024-12-04T12:45:53.694+0100] {dag.py:3239} INFO - Sync 1 DAGs
[2024-12-04T12:45:53.698+0100] {logging_mixin.py:190} INFO - [2024-12-04T12:45:53.698+0100] {dag.py:4180} INFO - Setting next_dagrun for tutorial_objectstorage to None, run_after=None
[2024-12-04T12:45:53.706+0100] {processor.py:208} INFO - Processing /Users/sijibomijoshua/.pyenv/versions/3.11.6/lib/python3.11/site-packages/airflow/example_dags/tutorial_objectstorage.py took 0.086 seconds
[2024-12-04T12:47:03.167+0100] {processor.py:186} INFO - Started process (PID=87394) to work on /Users/sijibomijoshua/.pyenv/versions/3.11.6/lib/python3.11/site-packages/airflow/example_dags/tutorial_objectstorage.py
[2024-12-04T12:47:03.167+0100] {processor.py:914} INFO - Processing file /Users/sijibomijoshua/.pyenv/versions/3.11.6/lib/python3.11/site-packages/airflow/example_dags/tutorial_objectstorage.py for tasks to queue
[2024-12-04T12:47:03.168+0100] {logging_mixin.py:190} INFO - [2024-12-04T12:47:03.168+0100] {dagbag.py:588} INFO - Filling up the DagBag from /Users/sijibomijoshua/.pyenv/versions/3.11.6/lib/python3.11/site-packages/airflow/example_dags/tutorial_objectstorage.py
[2024-12-04T12:47:03.181+0100] {processor.py:925} INFO - DAG(s) 'tutorial_objectstorage' retrieved from /Users/sijibomijoshua/.pyenv/versions/3.11.6/lib/python3.11/site-packages/airflow/example_dags/tutorial_objectstorage.py
[2024-12-04T12:47:03.237+0100] {logging_mixin.py:190} INFO - [2024-12-04T12:47:03.237+0100] {dag.py:3239} INFO - Sync 1 DAGs
[2024-12-04T12:47:03.240+0100] {logging_mixin.py:190} INFO - [2024-12-04T12:47:03.240+0100] {dag.py:4180} INFO - Setting next_dagrun for tutorial_objectstorage to None, run_after=None
[2024-12-04T12:47:03.248+0100] {processor.py:208} INFO - Processing /Users/sijibomijoshua/.pyenv/versions/3.11.6/lib/python3.11/site-packages/airflow/example_dags/tutorial_objectstorage.py took 0.082 seconds
[2024-12-04T12:48:11.512+0100] {processor.py:186} INFO - Started process (PID=88441) to work on /Users/sijibomijoshua/.pyenv/versions/3.11.6/lib/python3.11/site-packages/airflow/example_dags/tutorial_objectstorage.py
[2024-12-04T12:48:11.513+0100] {processor.py:914} INFO - Processing file /Users/sijibomijoshua/.pyenv/versions/3.11.6/lib/python3.11/site-packages/airflow/example_dags/tutorial_objectstorage.py for tasks to queue
[2024-12-04T12:48:11.514+0100] {logging_mixin.py:190} INFO - [2024-12-04T12:48:11.514+0100] {dagbag.py:588} INFO - Filling up the DagBag from /Users/sijibomijoshua/.pyenv/versions/3.11.6/lib/python3.11/site-packages/airflow/example_dags/tutorial_objectstorage.py
[2024-12-04T12:48:11.528+0100] {processor.py:925} INFO - DAG(s) 'tutorial_objectstorage' retrieved from /Users/sijibomijoshua/.pyenv/versions/3.11.6/lib/python3.11/site-packages/airflow/example_dags/tutorial_objectstorage.py
[2024-12-04T12:48:11.586+0100] {logging_mixin.py:190} INFO - [2024-12-04T12:48:11.585+0100] {dag.py:3239} INFO - Sync 1 DAGs
[2024-12-04T12:48:11.589+0100] {logging_mixin.py:190} INFO - [2024-12-04T12:48:11.589+0100] {dag.py:4180} INFO - Setting next_dagrun for tutorial_objectstorage to None, run_after=None
[2024-12-04T12:48:11.597+0100] {processor.py:208} INFO - Processing /Users/sijibomijoshua/.pyenv/versions/3.11.6/lib/python3.11/site-packages/airflow/example_dags/tutorial_objectstorage.py took 0.087 seconds
[2024-12-04T13:23:22.169+0100] {processor.py:186} INFO - Started process (PID=17648) to work on /Users/sijibomijoshua/.pyenv/versions/3.11.6/lib/python3.11/site-packages/airflow/example_dags/tutorial_objectstorage.py
[2024-12-04T13:23:22.170+0100] {processor.py:914} INFO - Processing file /Users/sijibomijoshua/.pyenv/versions/3.11.6/lib/python3.11/site-packages/airflow/example_dags/tutorial_objectstorage.py for tasks to queue
[2024-12-04T13:23:22.171+0100] {logging_mixin.py:190} INFO - [2024-12-04T13:23:22.171+0100] {dagbag.py:588} INFO - Filling up the DagBag from /Users/sijibomijoshua/.pyenv/versions/3.11.6/lib/python3.11/site-packages/airflow/example_dags/tutorial_objectstorage.py
[2024-12-04T13:23:22.184+0100] {processor.py:925} INFO - DAG(s) 'tutorial_objectstorage' retrieved from /Users/sijibomijoshua/.pyenv/versions/3.11.6/lib/python3.11/site-packages/airflow/example_dags/tutorial_objectstorage.py
[2024-12-04T13:23:22.242+0100] {logging_mixin.py:190} INFO - [2024-12-04T13:23:22.242+0100] {dag.py:3239} INFO - Sync 1 DAGs
[2024-12-04T13:23:22.247+0100] {logging_mixin.py:190} INFO - [2024-12-04T13:23:22.247+0100] {dag.py:4180} INFO - Setting next_dagrun for tutorial_objectstorage to None, run_after=None
[2024-12-04T13:23:22.254+0100] {processor.py:208} INFO - Processing /Users/sijibomijoshua/.pyenv/versions/3.11.6/lib/python3.11/site-packages/airflow/example_dags/tutorial_objectstorage.py took 0.087 seconds
[2024-12-04T13:25:03.177+0100] {processor.py:186} INFO - Started process (PID=19462) to work on /Users/sijibomijoshua/.pyenv/versions/3.11.6/lib/python3.11/site-packages/airflow/example_dags/tutorial_objectstorage.py
[2024-12-04T13:25:03.177+0100] {processor.py:914} INFO - Processing file /Users/sijibomijoshua/.pyenv/versions/3.11.6/lib/python3.11/site-packages/airflow/example_dags/tutorial_objectstorage.py for tasks to queue
[2024-12-04T13:25:03.178+0100] {logging_mixin.py:190} INFO - [2024-12-04T13:25:03.178+0100] {dagbag.py:588} INFO - Filling up the DagBag from /Users/sijibomijoshua/.pyenv/versions/3.11.6/lib/python3.11/site-packages/airflow/example_dags/tutorial_objectstorage.py
[2024-12-04T13:25:03.197+0100] {processor.py:925} INFO - DAG(s) 'tutorial_objectstorage' retrieved from /Users/sijibomijoshua/.pyenv/versions/3.11.6/lib/python3.11/site-packages/airflow/example_dags/tutorial_objectstorage.py
[2024-12-04T13:25:03.254+0100] {logging_mixin.py:190} INFO - [2024-12-04T13:25:03.254+0100] {dag.py:3239} INFO - Sync 1 DAGs
[2024-12-04T13:25:03.258+0100] {logging_mixin.py:190} INFO - [2024-12-04T13:25:03.258+0100] {dag.py:4180} INFO - Setting next_dagrun for tutorial_objectstorage to None, run_after=None
[2024-12-04T13:25:03.265+0100] {processor.py:208} INFO - Processing /Users/sijibomijoshua/.pyenv/versions/3.11.6/lib/python3.11/site-packages/airflow/example_dags/tutorial_objectstorage.py took 0.090 seconds
[2024-12-04T13:36:57.516+0100] {processor.py:186} INFO - Started process (PID=34284) to work on /Users/sijibomijoshua/airflow/airflow_env/lib/python3.11/site-packages/airflow/example_dags/tutorial_objectstorage.py
[2024-12-04T13:36:57.516+0100] {processor.py:914} INFO - Processing file /Users/sijibomijoshua/airflow/airflow_env/lib/python3.11/site-packages/airflow/example_dags/tutorial_objectstorage.py for tasks to queue
[2024-12-04T13:36:57.517+0100] {logging_mixin.py:190} INFO - [2024-12-04T13:36:57.517+0100] {dagbag.py:588} INFO - Filling up the DagBag from /Users/sijibomijoshua/airflow/airflow_env/lib/python3.11/site-packages/airflow/example_dags/tutorial_objectstorage.py
[2024-12-04T13:36:57.532+0100] {processor.py:925} INFO - DAG(s) 'tutorial_objectstorage' retrieved from /Users/sijibomijoshua/airflow/airflow_env/lib/python3.11/site-packages/airflow/example_dags/tutorial_objectstorage.py
[2024-12-04T13:36:57.641+0100] {logging_mixin.py:190} INFO - [2024-12-04T13:36:57.641+0100] {dag.py:3239} INFO - Sync 1 DAGs
[2024-12-04T13:36:57.645+0100] {logging_mixin.py:190} INFO - [2024-12-04T13:36:57.645+0100] {dag.py:4180} INFO - Setting next_dagrun for tutorial_objectstorage to None, run_after=None
[2024-12-04T13:36:57.655+0100] {processor.py:208} INFO - Processing /Users/sijibomijoshua/airflow/airflow_env/lib/python3.11/site-packages/airflow/example_dags/tutorial_objectstorage.py took 0.142 seconds
[2024-12-04T13:38:37.854+0100] {processor.py:186} INFO - Started process (PID=36655) to work on /Users/sijibomijoshua/airflow/airflow_env/lib/python3.11/site-packages/airflow/example_dags/tutorial_objectstorage.py
[2024-12-04T13:38:37.854+0100] {processor.py:914} INFO - Processing file /Users/sijibomijoshua/airflow/airflow_env/lib/python3.11/site-packages/airflow/example_dags/tutorial_objectstorage.py for tasks to queue
[2024-12-04T13:38:37.855+0100] {logging_mixin.py:190} INFO - [2024-12-04T13:38:37.855+0100] {dagbag.py:588} INFO - Filling up the DagBag from /Users/sijibomijoshua/airflow/airflow_env/lib/python3.11/site-packages/airflow/example_dags/tutorial_objectstorage.py
[2024-12-04T13:38:37.870+0100] {processor.py:925} INFO - DAG(s) 'tutorial_objectstorage' retrieved from /Users/sijibomijoshua/airflow/airflow_env/lib/python3.11/site-packages/airflow/example_dags/tutorial_objectstorage.py
[2024-12-04T13:38:37.932+0100] {logging_mixin.py:190} INFO - [2024-12-04T13:38:37.932+0100] {dag.py:3239} INFO - Sync 1 DAGs
[2024-12-04T13:38:37.936+0100] {logging_mixin.py:190} INFO - [2024-12-04T13:38:37.936+0100] {dag.py:4180} INFO - Setting next_dagrun for tutorial_objectstorage to None, run_after=None
[2024-12-04T13:38:37.943+0100] {processor.py:208} INFO - Processing /Users/sijibomijoshua/airflow/airflow_env/lib/python3.11/site-packages/airflow/example_dags/tutorial_objectstorage.py took 0.091 seconds
[2024-12-04T13:39:49.412+0100] {processor.py:186} INFO - Started process (PID=38261) to work on /Users/sijibomijoshua/airflow/airflow_env/lib/python3.11/site-packages/airflow/example_dags/tutorial_objectstorage.py
[2024-12-04T13:39:49.417+0100] {processor.py:914} INFO - Processing file /Users/sijibomijoshua/airflow/airflow_env/lib/python3.11/site-packages/airflow/example_dags/tutorial_objectstorage.py for tasks to queue
[2024-12-04T13:39:49.419+0100] {logging_mixin.py:190} INFO - [2024-12-04T13:39:49.419+0100] {dagbag.py:588} INFO - Filling up the DagBag from /Users/sijibomijoshua/airflow/airflow_env/lib/python3.11/site-packages/airflow/example_dags/tutorial_objectstorage.py
[2024-12-04T13:39:49.432+0100] {processor.py:925} INFO - DAG(s) 'tutorial_objectstorage' retrieved from /Users/sijibomijoshua/airflow/airflow_env/lib/python3.11/site-packages/airflow/example_dags/tutorial_objectstorage.py
[2024-12-04T13:39:49.488+0100] {logging_mixin.py:190} INFO - [2024-12-04T13:39:49.488+0100] {dag.py:3239} INFO - Sync 1 DAGs
[2024-12-04T13:39:49.491+0100] {logging_mixin.py:190} INFO - [2024-12-04T13:39:49.491+0100] {dag.py:4180} INFO - Setting next_dagrun for tutorial_objectstorage to None, run_after=None
[2024-12-04T13:39:49.499+0100] {processor.py:208} INFO - Processing /Users/sijibomijoshua/airflow/airflow_env/lib/python3.11/site-packages/airflow/example_dags/tutorial_objectstorage.py took 0.089 seconds
[2024-12-04T13:40:57.970+0100] {processor.py:186} INFO - Started process (PID=39771) to work on /Users/sijibomijoshua/airflow/airflow_env/lib/python3.11/site-packages/airflow/example_dags/tutorial_objectstorage.py
[2024-12-04T13:40:57.971+0100] {processor.py:914} INFO - Processing file /Users/sijibomijoshua/airflow/airflow_env/lib/python3.11/site-packages/airflow/example_dags/tutorial_objectstorage.py for tasks to queue
[2024-12-04T13:40:57.972+0100] {logging_mixin.py:190} INFO - [2024-12-04T13:40:57.972+0100] {dagbag.py:588} INFO - Filling up the DagBag from /Users/sijibomijoshua/airflow/airflow_env/lib/python3.11/site-packages/airflow/example_dags/tutorial_objectstorage.py
[2024-12-04T13:40:57.985+0100] {processor.py:925} INFO - DAG(s) 'tutorial_objectstorage' retrieved from /Users/sijibomijoshua/airflow/airflow_env/lib/python3.11/site-packages/airflow/example_dags/tutorial_objectstorage.py
[2024-12-04T13:40:58.043+0100] {logging_mixin.py:190} INFO - [2024-12-04T13:40:58.042+0100] {dag.py:3239} INFO - Sync 1 DAGs
[2024-12-04T13:40:58.046+0100] {logging_mixin.py:190} INFO - [2024-12-04T13:40:58.046+0100] {dag.py:4180} INFO - Setting next_dagrun for tutorial_objectstorage to None, run_after=None
[2024-12-04T13:40:58.053+0100] {processor.py:208} INFO - Processing /Users/sijibomijoshua/airflow/airflow_env/lib/python3.11/site-packages/airflow/example_dags/tutorial_objectstorage.py took 0.085 seconds
[2024-12-04T13:42:02.739+0100] {processor.py:186} INFO - Started process (PID=41197) to work on /Users/sijibomijoshua/airflow/airflow_env/lib/python3.11/site-packages/airflow/example_dags/tutorial_objectstorage.py
[2024-12-04T13:42:02.740+0100] {processor.py:914} INFO - Processing file /Users/sijibomijoshua/airflow/airflow_env/lib/python3.11/site-packages/airflow/example_dags/tutorial_objectstorage.py for tasks to queue
[2024-12-04T13:42:02.741+0100] {logging_mixin.py:190} INFO - [2024-12-04T13:42:02.741+0100] {dagbag.py:588} INFO - Filling up the DagBag from /Users/sijibomijoshua/airflow/airflow_env/lib/python3.11/site-packages/airflow/example_dags/tutorial_objectstorage.py
[2024-12-04T13:42:02.755+0100] {processor.py:925} INFO - DAG(s) 'tutorial_objectstorage' retrieved from /Users/sijibomijoshua/airflow/airflow_env/lib/python3.11/site-packages/airflow/example_dags/tutorial_objectstorage.py
[2024-12-04T13:42:02.824+0100] {logging_mixin.py:190} INFO - [2024-12-04T13:42:02.824+0100] {dag.py:3239} INFO - Sync 1 DAGs
[2024-12-04T13:42:02.828+0100] {logging_mixin.py:190} INFO - [2024-12-04T13:42:02.828+0100] {dag.py:4180} INFO - Setting next_dagrun for tutorial_objectstorage to None, run_after=None
[2024-12-04T13:42:02.835+0100] {processor.py:208} INFO - Processing /Users/sijibomijoshua/airflow/airflow_env/lib/python3.11/site-packages/airflow/example_dags/tutorial_objectstorage.py took 0.098 seconds
[2024-12-04T13:43:08.668+0100] {processor.py:186} INFO - Started process (PID=42645) to work on /Users/sijibomijoshua/airflow/airflow_env/lib/python3.11/site-packages/airflow/example_dags/tutorial_objectstorage.py
[2024-12-04T13:43:08.668+0100] {processor.py:914} INFO - Processing file /Users/sijibomijoshua/airflow/airflow_env/lib/python3.11/site-packages/airflow/example_dags/tutorial_objectstorage.py for tasks to queue
[2024-12-04T13:43:08.669+0100] {logging_mixin.py:190} INFO - [2024-12-04T13:43:08.669+0100] {dagbag.py:588} INFO - Filling up the DagBag from /Users/sijibomijoshua/airflow/airflow_env/lib/python3.11/site-packages/airflow/example_dags/tutorial_objectstorage.py
[2024-12-04T13:43:08.683+0100] {processor.py:925} INFO - DAG(s) 'tutorial_objectstorage' retrieved from /Users/sijibomijoshua/airflow/airflow_env/lib/python3.11/site-packages/airflow/example_dags/tutorial_objectstorage.py
[2024-12-04T13:43:08.741+0100] {logging_mixin.py:190} INFO - [2024-12-04T13:43:08.741+0100] {dag.py:3239} INFO - Sync 1 DAGs
[2024-12-04T13:43:08.744+0100] {logging_mixin.py:190} INFO - [2024-12-04T13:43:08.744+0100] {dag.py:4180} INFO - Setting next_dagrun for tutorial_objectstorage to None, run_after=None
[2024-12-04T13:43:08.751+0100] {processor.py:208} INFO - Processing /Users/sijibomijoshua/airflow/airflow_env/lib/python3.11/site-packages/airflow/example_dags/tutorial_objectstorage.py took 0.085 seconds
[2024-12-04T14:01:15.709+0100] {processor.py:186} INFO - Started process (PID=54993) to work on /Users/sijibomijoshua/airflow/airflow_env/lib/python3.11/site-packages/airflow/example_dags/tutorial_objectstorage.py
[2024-12-04T14:01:15.709+0100] {processor.py:914} INFO - Processing file /Users/sijibomijoshua/airflow/airflow_env/lib/python3.11/site-packages/airflow/example_dags/tutorial_objectstorage.py for tasks to queue
[2024-12-04T14:01:15.711+0100] {logging_mixin.py:190} INFO - [2024-12-04T14:01:15.711+0100] {dagbag.py:588} INFO - Filling up the DagBag from /Users/sijibomijoshua/airflow/airflow_env/lib/python3.11/site-packages/airflow/example_dags/tutorial_objectstorage.py
[2024-12-04T14:01:15.725+0100] {processor.py:925} INFO - DAG(s) 'tutorial_objectstorage' retrieved from /Users/sijibomijoshua/airflow/airflow_env/lib/python3.11/site-packages/airflow/example_dags/tutorial_objectstorage.py
[2024-12-04T14:01:15.783+0100] {logging_mixin.py:190} INFO - [2024-12-04T14:01:15.783+0100] {dag.py:3239} INFO - Sync 1 DAGs
[2024-12-04T14:01:15.787+0100] {logging_mixin.py:190} INFO - [2024-12-04T14:01:15.787+0100] {dag.py:4180} INFO - Setting next_dagrun for tutorial_objectstorage to None, run_after=None
[2024-12-04T14:01:15.795+0100] {processor.py:208} INFO - Processing /Users/sijibomijoshua/airflow/airflow_env/lib/python3.11/site-packages/airflow/example_dags/tutorial_objectstorage.py took 0.089 seconds
