[2024-12-04T12:41:03.386+0100] {processor.py:186} INFO - Started process (PID=81789) to work on /Users/sijibomijoshua/.pyenv/versions/3.11.6/lib/python3.11/site-packages/airflow/example_dags/tutorial_taskflow_templates.py
[2024-12-04T12:41:03.386+0100] {processor.py:914} INFO - Processing file /Users/sijibomijoshua/.pyenv/versions/3.11.6/lib/python3.11/site-packages/airflow/example_dags/tutorial_taskflow_templates.py for tasks to queue
[2024-12-04T12:41:03.388+0100] {logging_mixin.py:190} INFO - [2024-12-04T12:41:03.387+0100] {dagbag.py:588} INFO - Filling up the DagBag from /Users/sijibomijoshua/.pyenv/versions/3.11.6/lib/python3.11/site-packages/airflow/example_dags/tutorial_taskflow_templates.py
[2024-12-04T12:41:03.407+0100] {processor.py:925} INFO - DAG(s) 'tutorial_taskflow_templates' retrieved from /Users/sijibomijoshua/.pyenv/versions/3.11.6/lib/python3.11/site-packages/airflow/example_dags/tutorial_taskflow_templates.py
[2024-12-04T12:41:03.514+0100] {logging_mixin.py:190} INFO - [2024-12-04T12:41:03.514+0100] {override.py:1911} INFO - Created Permission View: can edit on DAG:tutorial_taskflow_templates
[2024-12-04T12:41:03.517+0100] {logging_mixin.py:190} INFO - [2024-12-04T12:41:03.517+0100] {override.py:1911} INFO - Created Permission View: can read on DAG:tutorial_taskflow_templates
[2024-12-04T12:41:03.519+0100] {logging_mixin.py:190} INFO - [2024-12-04T12:41:03.519+0100] {override.py:1911} INFO - Created Permission View: can delete on DAG:tutorial_taskflow_templates
[2024-12-04T12:41:03.521+0100] {logging_mixin.py:190} INFO - [2024-12-04T12:41:03.521+0100] {override.py:1911} INFO - Created Permission View: menu access on DAG Run:tutorial_taskflow_templates
[2024-12-04T12:41:03.523+0100] {logging_mixin.py:190} INFO - [2024-12-04T12:41:03.523+0100] {override.py:1911} INFO - Created Permission View: can create on DAG Run:tutorial_taskflow_templates
[2024-12-04T12:41:03.525+0100] {logging_mixin.py:190} INFO - [2024-12-04T12:41:03.525+0100] {override.py:1911} INFO - Created Permission View: can read on DAG Run:tutorial_taskflow_templates
[2024-12-04T12:41:03.527+0100] {logging_mixin.py:190} INFO - [2024-12-04T12:41:03.527+0100] {override.py:1911} INFO - Created Permission View: can delete on DAG Run:tutorial_taskflow_templates
[2024-12-04T12:41:03.527+0100] {logging_mixin.py:190} INFO - [2024-12-04T12:41:03.527+0100] {dag.py:3239} INFO - Sync 1 DAGs
[2024-12-04T12:41:03.530+0100] {logging_mixin.py:190} INFO - [2024-12-04T12:41:03.530+0100] {dag.py:3262} INFO - Creating ORM DAG for tutorial_taskflow_templates
[2024-12-04T12:41:03.533+0100] {logging_mixin.py:190} INFO - [2024-12-04T12:41:03.533+0100] {dag.py:4180} INFO - Setting next_dagrun for tutorial_taskflow_templates to 2024-12-03 00:00:00+00:00, run_after=2024-12-04 00:00:00+00:00
[2024-12-04T12:41:03.538+0100] {processor.py:208} INFO - Processing /Users/sijibomijoshua/.pyenv/versions/3.11.6/lib/python3.11/site-packages/airflow/example_dags/tutorial_taskflow_templates.py took 0.154 seconds
[2024-12-04T12:41:55.573+0100] {processor.py:186} INFO - Started process (PID=82622) to work on /Users/sijibomijoshua/.pyenv/versions/3.11.6/lib/python3.11/site-packages/airflow/example_dags/tutorial_taskflow_templates.py
[2024-12-04T12:41:55.574+0100] {processor.py:914} INFO - Processing file /Users/sijibomijoshua/.pyenv/versions/3.11.6/lib/python3.11/site-packages/airflow/example_dags/tutorial_taskflow_templates.py for tasks to queue
[2024-12-04T12:41:55.575+0100] {logging_mixin.py:190} INFO - [2024-12-04T12:41:55.575+0100] {dagbag.py:588} INFO - Filling up the DagBag from /Users/sijibomijoshua/.pyenv/versions/3.11.6/lib/python3.11/site-packages/airflow/example_dags/tutorial_taskflow_templates.py
[2024-12-04T12:41:55.594+0100] {processor.py:925} INFO - DAG(s) 'tutorial_taskflow_templates' retrieved from /Users/sijibomijoshua/.pyenv/versions/3.11.6/lib/python3.11/site-packages/airflow/example_dags/tutorial_taskflow_templates.py
[2024-12-04T12:41:55.654+0100] {logging_mixin.py:190} INFO - [2024-12-04T12:41:55.654+0100] {dag.py:3239} INFO - Sync 1 DAGs
[2024-12-04T12:41:55.661+0100] {logging_mixin.py:190} INFO - [2024-12-04T12:41:55.661+0100] {dag.py:4180} INFO - Setting next_dagrun for tutorial_taskflow_templates to 2024-12-03 00:00:00+00:00, run_after=2024-12-04 00:00:00+00:00
[2024-12-04T12:41:55.668+0100] {processor.py:208} INFO - Processing /Users/sijibomijoshua/.pyenv/versions/3.11.6/lib/python3.11/site-packages/airflow/example_dags/tutorial_taskflow_templates.py took 0.096 seconds
[2024-12-04T12:43:33.511+0100] {processor.py:186} INFO - Started process (PID=84179) to work on /Users/sijibomijoshua/.pyenv/versions/3.11.6/lib/python3.11/site-packages/airflow/example_dags/tutorial_taskflow_templates.py
[2024-12-04T12:43:33.512+0100] {processor.py:914} INFO - Processing file /Users/sijibomijoshua/.pyenv/versions/3.11.6/lib/python3.11/site-packages/airflow/example_dags/tutorial_taskflow_templates.py for tasks to queue
[2024-12-04T12:43:33.513+0100] {logging_mixin.py:190} INFO - [2024-12-04T12:43:33.512+0100] {dagbag.py:588} INFO - Filling up the DagBag from /Users/sijibomijoshua/.pyenv/versions/3.11.6/lib/python3.11/site-packages/airflow/example_dags/tutorial_taskflow_templates.py
[2024-12-04T12:43:33.536+0100] {processor.py:925} INFO - DAG(s) 'tutorial_taskflow_templates' retrieved from /Users/sijibomijoshua/.pyenv/versions/3.11.6/lib/python3.11/site-packages/airflow/example_dags/tutorial_taskflow_templates.py
[2024-12-04T12:43:33.594+0100] {logging_mixin.py:190} INFO - [2024-12-04T12:43:33.594+0100] {dag.py:3239} INFO - Sync 1 DAGs
[2024-12-04T12:43:33.601+0100] {logging_mixin.py:190} INFO - [2024-12-04T12:43:33.601+0100] {dag.py:4180} INFO - Setting next_dagrun for tutorial_taskflow_templates to 2024-12-03 00:00:00+00:00, run_after=2024-12-04 00:00:00+00:00
[2024-12-04T12:43:33.608+0100] {processor.py:208} INFO - Processing /Users/sijibomijoshua/.pyenv/versions/3.11.6/lib/python3.11/site-packages/airflow/example_dags/tutorial_taskflow_templates.py took 0.098 seconds
[2024-12-04T12:44:40.999+0100] {processor.py:186} INFO - Started process (PID=85206) to work on /Users/sijibomijoshua/.pyenv/versions/3.11.6/lib/python3.11/site-packages/airflow/example_dags/tutorial_taskflow_templates.py
[2024-12-04T12:44:41.000+0100] {processor.py:914} INFO - Processing file /Users/sijibomijoshua/.pyenv/versions/3.11.6/lib/python3.11/site-packages/airflow/example_dags/tutorial_taskflow_templates.py for tasks to queue
[2024-12-04T12:44:41.001+0100] {logging_mixin.py:190} INFO - [2024-12-04T12:44:41.001+0100] {dagbag.py:588} INFO - Filling up the DagBag from /Users/sijibomijoshua/.pyenv/versions/3.11.6/lib/python3.11/site-packages/airflow/example_dags/tutorial_taskflow_templates.py
[2024-12-04T12:44:41.019+0100] {processor.py:925} INFO - DAG(s) 'tutorial_taskflow_templates' retrieved from /Users/sijibomijoshua/.pyenv/versions/3.11.6/lib/python3.11/site-packages/airflow/example_dags/tutorial_taskflow_templates.py
[2024-12-04T12:44:41.077+0100] {logging_mixin.py:190} INFO - [2024-12-04T12:44:41.077+0100] {dag.py:3239} INFO - Sync 1 DAGs
[2024-12-04T12:44:41.084+0100] {logging_mixin.py:190} INFO - [2024-12-04T12:44:41.084+0100] {dag.py:4180} INFO - Setting next_dagrun for tutorial_taskflow_templates to 2024-12-03 00:00:00+00:00, run_after=2024-12-04 00:00:00+00:00
[2024-12-04T12:44:41.090+0100] {processor.py:208} INFO - Processing /Users/sijibomijoshua/.pyenv/versions/3.11.6/lib/python3.11/site-packages/airflow/example_dags/tutorial_taskflow_templates.py took 0.095 seconds
[2024-12-04T12:45:49.186+0100] {processor.py:186} INFO - Started process (PID=86265) to work on /Users/sijibomijoshua/.pyenv/versions/3.11.6/lib/python3.11/site-packages/airflow/example_dags/tutorial_taskflow_templates.py
[2024-12-04T12:45:49.187+0100] {processor.py:914} INFO - Processing file /Users/sijibomijoshua/.pyenv/versions/3.11.6/lib/python3.11/site-packages/airflow/example_dags/tutorial_taskflow_templates.py for tasks to queue
[2024-12-04T12:45:49.188+0100] {logging_mixin.py:190} INFO - [2024-12-04T12:45:49.188+0100] {dagbag.py:588} INFO - Filling up the DagBag from /Users/sijibomijoshua/.pyenv/versions/3.11.6/lib/python3.11/site-packages/airflow/example_dags/tutorial_taskflow_templates.py
[2024-12-04T12:45:49.206+0100] {processor.py:925} INFO - DAG(s) 'tutorial_taskflow_templates' retrieved from /Users/sijibomijoshua/.pyenv/versions/3.11.6/lib/python3.11/site-packages/airflow/example_dags/tutorial_taskflow_templates.py
[2024-12-04T12:45:49.262+0100] {logging_mixin.py:190} INFO - [2024-12-04T12:45:49.262+0100] {dag.py:3239} INFO - Sync 1 DAGs
[2024-12-04T12:45:49.269+0100] {logging_mixin.py:190} INFO - [2024-12-04T12:45:49.268+0100] {dag.py:4180} INFO - Setting next_dagrun for tutorial_taskflow_templates to 2024-12-03 00:00:00+00:00, run_after=2024-12-04 00:00:00+00:00
[2024-12-04T12:45:49.275+0100] {processor.py:208} INFO - Processing /Users/sijibomijoshua/.pyenv/versions/3.11.6/lib/python3.11/site-packages/airflow/example_dags/tutorial_taskflow_templates.py took 0.091 seconds
[2024-12-04T12:46:57.727+0100] {processor.py:186} INFO - Started process (PID=87326) to work on /Users/sijibomijoshua/.pyenv/versions/3.11.6/lib/python3.11/site-packages/airflow/example_dags/tutorial_taskflow_templates.py
[2024-12-04T12:46:57.728+0100] {processor.py:914} INFO - Processing file /Users/sijibomijoshua/.pyenv/versions/3.11.6/lib/python3.11/site-packages/airflow/example_dags/tutorial_taskflow_templates.py for tasks to queue
[2024-12-04T12:46:57.729+0100] {logging_mixin.py:190} INFO - [2024-12-04T12:46:57.729+0100] {dagbag.py:588} INFO - Filling up the DagBag from /Users/sijibomijoshua/.pyenv/versions/3.11.6/lib/python3.11/site-packages/airflow/example_dags/tutorial_taskflow_templates.py
[2024-12-04T12:46:57.747+0100] {processor.py:925} INFO - DAG(s) 'tutorial_taskflow_templates' retrieved from /Users/sijibomijoshua/.pyenv/versions/3.11.6/lib/python3.11/site-packages/airflow/example_dags/tutorial_taskflow_templates.py
[2024-12-04T12:46:57.806+0100] {logging_mixin.py:190} INFO - [2024-12-04T12:46:57.806+0100] {dag.py:3239} INFO - Sync 1 DAGs
[2024-12-04T12:46:57.813+0100] {logging_mixin.py:190} INFO - [2024-12-04T12:46:57.813+0100] {dag.py:4180} INFO - Setting next_dagrun for tutorial_taskflow_templates to 2024-12-03 00:00:00+00:00, run_after=2024-12-04 00:00:00+00:00
[2024-12-04T12:46:57.821+0100] {processor.py:208} INFO - Processing /Users/sijibomijoshua/.pyenv/versions/3.11.6/lib/python3.11/site-packages/airflow/example_dags/tutorial_taskflow_templates.py took 0.095 seconds
[2024-12-04T12:48:06.119+0100] {processor.py:186} INFO - Started process (PID=88372) to work on /Users/sijibomijoshua/.pyenv/versions/3.11.6/lib/python3.11/site-packages/airflow/example_dags/tutorial_taskflow_templates.py
[2024-12-04T12:48:06.120+0100] {processor.py:914} INFO - Processing file /Users/sijibomijoshua/.pyenv/versions/3.11.6/lib/python3.11/site-packages/airflow/example_dags/tutorial_taskflow_templates.py for tasks to queue
[2024-12-04T12:48:06.121+0100] {logging_mixin.py:190} INFO - [2024-12-04T12:48:06.121+0100] {dagbag.py:588} INFO - Filling up the DagBag from /Users/sijibomijoshua/.pyenv/versions/3.11.6/lib/python3.11/site-packages/airflow/example_dags/tutorial_taskflow_templates.py
[2024-12-04T12:48:06.144+0100] {processor.py:925} INFO - DAG(s) 'tutorial_taskflow_templates' retrieved from /Users/sijibomijoshua/.pyenv/versions/3.11.6/lib/python3.11/site-packages/airflow/example_dags/tutorial_taskflow_templates.py
[2024-12-04T12:48:06.207+0100] {logging_mixin.py:190} INFO - [2024-12-04T12:48:06.206+0100] {dag.py:3239} INFO - Sync 1 DAGs
[2024-12-04T12:48:06.214+0100] {logging_mixin.py:190} INFO - [2024-12-04T12:48:06.214+0100] {dag.py:4180} INFO - Setting next_dagrun for tutorial_taskflow_templates to 2024-12-03 00:00:00+00:00, run_after=2024-12-04 00:00:00+00:00
[2024-12-04T12:48:06.222+0100] {processor.py:208} INFO - Processing /Users/sijibomijoshua/.pyenv/versions/3.11.6/lib/python3.11/site-packages/airflow/example_dags/tutorial_taskflow_templates.py took 0.104 seconds
[2024-12-04T13:23:16.979+0100] {processor.py:186} INFO - Started process (PID=17526) to work on /Users/sijibomijoshua/.pyenv/versions/3.11.6/lib/python3.11/site-packages/airflow/example_dags/tutorial_taskflow_templates.py
[2024-12-04T13:23:16.979+0100] {processor.py:914} INFO - Processing file /Users/sijibomijoshua/.pyenv/versions/3.11.6/lib/python3.11/site-packages/airflow/example_dags/tutorial_taskflow_templates.py for tasks to queue
[2024-12-04T13:23:16.981+0100] {logging_mixin.py:190} INFO - [2024-12-04T13:23:16.980+0100] {dagbag.py:588} INFO - Filling up the DagBag from /Users/sijibomijoshua/.pyenv/versions/3.11.6/lib/python3.11/site-packages/airflow/example_dags/tutorial_taskflow_templates.py
[2024-12-04T13:23:16.998+0100] {processor.py:925} INFO - DAG(s) 'tutorial_taskflow_templates' retrieved from /Users/sijibomijoshua/.pyenv/versions/3.11.6/lib/python3.11/site-packages/airflow/example_dags/tutorial_taskflow_templates.py
[2024-12-04T13:23:17.056+0100] {logging_mixin.py:190} INFO - [2024-12-04T13:23:17.056+0100] {dag.py:3239} INFO - Sync 1 DAGs
[2024-12-04T13:23:17.063+0100] {logging_mixin.py:190} INFO - [2024-12-04T13:23:17.063+0100] {dag.py:4180} INFO - Setting next_dagrun for tutorial_taskflow_templates to 2024-12-03 00:00:00+00:00, run_after=2024-12-04 00:00:00+00:00
[2024-12-04T13:23:17.069+0100] {processor.py:208} INFO - Processing /Users/sijibomijoshua/.pyenv/versions/3.11.6/lib/python3.11/site-packages/airflow/example_dags/tutorial_taskflow_templates.py took 0.092 seconds
[2024-12-04T13:24:58.148+0100] {processor.py:186} INFO - Started process (PID=19381) to work on /Users/sijibomijoshua/.pyenv/versions/3.11.6/lib/python3.11/site-packages/airflow/example_dags/tutorial_taskflow_templates.py
[2024-12-04T13:24:58.148+0100] {processor.py:914} INFO - Processing file /Users/sijibomijoshua/.pyenv/versions/3.11.6/lib/python3.11/site-packages/airflow/example_dags/tutorial_taskflow_templates.py for tasks to queue
[2024-12-04T13:24:58.149+0100] {logging_mixin.py:190} INFO - [2024-12-04T13:24:58.149+0100] {dagbag.py:588} INFO - Filling up the DagBag from /Users/sijibomijoshua/.pyenv/versions/3.11.6/lib/python3.11/site-packages/airflow/example_dags/tutorial_taskflow_templates.py
[2024-12-04T13:24:58.168+0100] {processor.py:925} INFO - DAG(s) 'tutorial_taskflow_templates' retrieved from /Users/sijibomijoshua/.pyenv/versions/3.11.6/lib/python3.11/site-packages/airflow/example_dags/tutorial_taskflow_templates.py
[2024-12-04T13:24:58.226+0100] {logging_mixin.py:190} INFO - [2024-12-04T13:24:58.226+0100] {dag.py:3239} INFO - Sync 1 DAGs
[2024-12-04T13:24:58.233+0100] {logging_mixin.py:190} INFO - [2024-12-04T13:24:58.233+0100] {dag.py:4180} INFO - Setting next_dagrun for tutorial_taskflow_templates to 2024-12-03 00:00:00+00:00, run_after=2024-12-04 00:00:00+00:00
[2024-12-04T13:24:58.239+0100] {processor.py:208} INFO - Processing /Users/sijibomijoshua/.pyenv/versions/3.11.6/lib/python3.11/site-packages/airflow/example_dags/tutorial_taskflow_templates.py took 0.094 seconds
[2024-12-04T13:36:51.728+0100] {processor.py:186} INFO - Started process (PID=34154) to work on /Users/sijibomijoshua/airflow/airflow_env/lib/python3.11/site-packages/airflow/example_dags/tutorial_taskflow_templates.py
[2024-12-04T13:36:51.729+0100] {processor.py:914} INFO - Processing file /Users/sijibomijoshua/airflow/airflow_env/lib/python3.11/site-packages/airflow/example_dags/tutorial_taskflow_templates.py for tasks to queue
[2024-12-04T13:36:51.730+0100] {logging_mixin.py:190} INFO - [2024-12-04T13:36:51.730+0100] {dagbag.py:588} INFO - Filling up the DagBag from /Users/sijibomijoshua/airflow/airflow_env/lib/python3.11/site-packages/airflow/example_dags/tutorial_taskflow_templates.py
[2024-12-04T13:36:51.750+0100] {processor.py:925} INFO - DAG(s) 'tutorial_taskflow_templates' retrieved from /Users/sijibomijoshua/airflow/airflow_env/lib/python3.11/site-packages/airflow/example_dags/tutorial_taskflow_templates.py
[2024-12-04T13:36:51.861+0100] {logging_mixin.py:190} INFO - [2024-12-04T13:36:51.861+0100] {dag.py:3239} INFO - Sync 1 DAGs
[2024-12-04T13:36:51.867+0100] {logging_mixin.py:190} INFO - [2024-12-04T13:36:51.867+0100] {dag.py:4180} INFO - Setting next_dagrun for tutorial_taskflow_templates to 2024-12-03 00:00:00+00:00, run_after=2024-12-04 00:00:00+00:00
[2024-12-04T13:36:51.874+0100] {processor.py:208} INFO - Processing /Users/sijibomijoshua/airflow/airflow_env/lib/python3.11/site-packages/airflow/example_dags/tutorial_taskflow_templates.py took 0.148 seconds
[2024-12-04T13:38:32.518+0100] {processor.py:186} INFO - Started process (PID=36537) to work on /Users/sijibomijoshua/airflow/airflow_env/lib/python3.11/site-packages/airflow/example_dags/tutorial_taskflow_templates.py
[2024-12-04T13:38:32.519+0100] {processor.py:914} INFO - Processing file /Users/sijibomijoshua/airflow/airflow_env/lib/python3.11/site-packages/airflow/example_dags/tutorial_taskflow_templates.py for tasks to queue
[2024-12-04T13:38:32.520+0100] {logging_mixin.py:190} INFO - [2024-12-04T13:38:32.520+0100] {dagbag.py:588} INFO - Filling up the DagBag from /Users/sijibomijoshua/airflow/airflow_env/lib/python3.11/site-packages/airflow/example_dags/tutorial_taskflow_templates.py
[2024-12-04T13:38:32.544+0100] {processor.py:925} INFO - DAG(s) 'tutorial_taskflow_templates' retrieved from /Users/sijibomijoshua/airflow/airflow_env/lib/python3.11/site-packages/airflow/example_dags/tutorial_taskflow_templates.py
[2024-12-04T13:38:32.604+0100] {logging_mixin.py:190} INFO - [2024-12-04T13:38:32.604+0100] {dag.py:3239} INFO - Sync 1 DAGs
[2024-12-04T13:38:32.611+0100] {logging_mixin.py:190} INFO - [2024-12-04T13:38:32.611+0100] {dag.py:4180} INFO - Setting next_dagrun for tutorial_taskflow_templates to 2024-12-03 00:00:00+00:00, run_after=2024-12-04 00:00:00+00:00
[2024-12-04T13:38:32.617+0100] {processor.py:208} INFO - Processing /Users/sijibomijoshua/airflow/airflow_env/lib/python3.11/site-packages/airflow/example_dags/tutorial_taskflow_templates.py took 0.101 seconds
[2024-12-04T13:39:44.086+0100] {processor.py:186} INFO - Started process (PID=38134) to work on /Users/sijibomijoshua/airflow/airflow_env/lib/python3.11/site-packages/airflow/example_dags/tutorial_taskflow_templates.py
[2024-12-04T13:39:44.087+0100] {processor.py:914} INFO - Processing file /Users/sijibomijoshua/airflow/airflow_env/lib/python3.11/site-packages/airflow/example_dags/tutorial_taskflow_templates.py for tasks to queue
[2024-12-04T13:39:44.088+0100] {logging_mixin.py:190} INFO - [2024-12-04T13:39:44.088+0100] {dagbag.py:588} INFO - Filling up the DagBag from /Users/sijibomijoshua/airflow/airflow_env/lib/python3.11/site-packages/airflow/example_dags/tutorial_taskflow_templates.py
[2024-12-04T13:39:44.115+0100] {processor.py:925} INFO - DAG(s) 'tutorial_taskflow_templates' retrieved from /Users/sijibomijoshua/airflow/airflow_env/lib/python3.11/site-packages/airflow/example_dags/tutorial_taskflow_templates.py
[2024-12-04T13:39:44.180+0100] {logging_mixin.py:190} INFO - [2024-12-04T13:39:44.180+0100] {dag.py:3239} INFO - Sync 1 DAGs
[2024-12-04T13:39:44.187+0100] {logging_mixin.py:190} INFO - [2024-12-04T13:39:44.187+0100] {dag.py:4180} INFO - Setting next_dagrun for tutorial_taskflow_templates to 2024-12-03 00:00:00+00:00, run_after=2024-12-04 00:00:00+00:00
[2024-12-04T13:39:44.193+0100] {processor.py:208} INFO - Processing /Users/sijibomijoshua/airflow/airflow_env/lib/python3.11/site-packages/airflow/example_dags/tutorial_taskflow_templates.py took 0.109 seconds
[2024-12-04T13:40:52.971+0100] {processor.py:186} INFO - Started process (PID=39651) to work on /Users/sijibomijoshua/airflow/airflow_env/lib/python3.11/site-packages/airflow/example_dags/tutorial_taskflow_templates.py
[2024-12-04T13:40:52.972+0100] {processor.py:914} INFO - Processing file /Users/sijibomijoshua/airflow/airflow_env/lib/python3.11/site-packages/airflow/example_dags/tutorial_taskflow_templates.py for tasks to queue
[2024-12-04T13:40:52.973+0100] {logging_mixin.py:190} INFO - [2024-12-04T13:40:52.973+0100] {dagbag.py:588} INFO - Filling up the DagBag from /Users/sijibomijoshua/airflow/airflow_env/lib/python3.11/site-packages/airflow/example_dags/tutorial_taskflow_templates.py
[2024-12-04T13:40:53.001+0100] {processor.py:925} INFO - DAG(s) 'tutorial_taskflow_templates' retrieved from /Users/sijibomijoshua/airflow/airflow_env/lib/python3.11/site-packages/airflow/example_dags/tutorial_taskflow_templates.py
[2024-12-04T13:40:53.066+0100] {logging_mixin.py:190} INFO - [2024-12-04T13:40:53.066+0100] {dag.py:3239} INFO - Sync 1 DAGs
[2024-12-04T13:40:53.074+0100] {logging_mixin.py:190} INFO - [2024-12-04T13:40:53.074+0100] {dag.py:4180} INFO - Setting next_dagrun for tutorial_taskflow_templates to 2024-12-03 00:00:00+00:00, run_after=2024-12-04 00:00:00+00:00
[2024-12-04T13:40:53.082+0100] {processor.py:208} INFO - Processing /Users/sijibomijoshua/airflow/airflow_env/lib/python3.11/site-packages/airflow/example_dags/tutorial_taskflow_templates.py took 0.112 seconds
[2024-12-04T13:41:57.102+0100] {processor.py:186} INFO - Started process (PID=41081) to work on /Users/sijibomijoshua/airflow/airflow_env/lib/python3.11/site-packages/airflow/example_dags/tutorial_taskflow_templates.py
[2024-12-04T13:41:57.103+0100] {processor.py:914} INFO - Processing file /Users/sijibomijoshua/airflow/airflow_env/lib/python3.11/site-packages/airflow/example_dags/tutorial_taskflow_templates.py for tasks to queue
[2024-12-04T13:41:57.104+0100] {logging_mixin.py:190} INFO - [2024-12-04T13:41:57.104+0100] {dagbag.py:588} INFO - Filling up the DagBag from /Users/sijibomijoshua/airflow/airflow_env/lib/python3.11/site-packages/airflow/example_dags/tutorial_taskflow_templates.py
[2024-12-04T13:41:57.127+0100] {processor.py:925} INFO - DAG(s) 'tutorial_taskflow_templates' retrieved from /Users/sijibomijoshua/airflow/airflow_env/lib/python3.11/site-packages/airflow/example_dags/tutorial_taskflow_templates.py
[2024-12-04T13:41:57.192+0100] {logging_mixin.py:190} INFO - [2024-12-04T13:41:57.192+0100] {dag.py:3239} INFO - Sync 1 DAGs
[2024-12-04T13:41:57.199+0100] {logging_mixin.py:190} INFO - [2024-12-04T13:41:57.199+0100] {dag.py:4180} INFO - Setting next_dagrun for tutorial_taskflow_templates to 2024-12-03 00:00:00+00:00, run_after=2024-12-04 00:00:00+00:00
[2024-12-04T13:41:57.206+0100] {processor.py:208} INFO - Processing /Users/sijibomijoshua/airflow/airflow_env/lib/python3.11/site-packages/airflow/example_dags/tutorial_taskflow_templates.py took 0.109 seconds
[2024-12-04T13:43:03.991+0100] {processor.py:186} INFO - Started process (PID=42545) to work on /Users/sijibomijoshua/airflow/airflow_env/lib/python3.11/site-packages/airflow/example_dags/tutorial_taskflow_templates.py
[2024-12-04T13:43:03.991+0100] {processor.py:914} INFO - Processing file /Users/sijibomijoshua/airflow/airflow_env/lib/python3.11/site-packages/airflow/example_dags/tutorial_taskflow_templates.py for tasks to queue
[2024-12-04T13:43:03.992+0100] {logging_mixin.py:190} INFO - [2024-12-04T13:43:03.992+0100] {dagbag.py:588} INFO - Filling up the DagBag from /Users/sijibomijoshua/airflow/airflow_env/lib/python3.11/site-packages/airflow/example_dags/tutorial_taskflow_templates.py
[2024-12-04T13:43:04.015+0100] {processor.py:925} INFO - DAG(s) 'tutorial_taskflow_templates' retrieved from /Users/sijibomijoshua/airflow/airflow_env/lib/python3.11/site-packages/airflow/example_dags/tutorial_taskflow_templates.py
[2024-12-04T13:43:04.083+0100] {logging_mixin.py:190} INFO - [2024-12-04T13:43:04.083+0100] {dag.py:3239} INFO - Sync 1 DAGs
[2024-12-04T13:43:04.090+0100] {logging_mixin.py:190} INFO - [2024-12-04T13:43:04.090+0100] {dag.py:4180} INFO - Setting next_dagrun for tutorial_taskflow_templates to 2024-12-03 00:00:00+00:00, run_after=2024-12-04 00:00:00+00:00
[2024-12-04T13:43:04.096+0100] {processor.py:208} INFO - Processing /Users/sijibomijoshua/airflow/airflow_env/lib/python3.11/site-packages/airflow/example_dags/tutorial_taskflow_templates.py took 0.108 seconds
[2024-12-04T13:44:16.019+0100] {processor.py:186} INFO - Started process (PID=44120) to work on /Users/sijibomijoshua/airflow/airflow_env/lib/python3.11/site-packages/airflow/example_dags/tutorial_taskflow_templates.py
[2024-12-04T13:44:16.023+0100] {processor.py:914} INFO - Processing file /Users/sijibomijoshua/airflow/airflow_env/lib/python3.11/site-packages/airflow/example_dags/tutorial_taskflow_templates.py for tasks to queue
[2024-12-04T13:44:16.033+0100] {logging_mixin.py:190} INFO - [2024-12-04T13:44:16.033+0100] {dagbag.py:588} INFO - Filling up the DagBag from /Users/sijibomijoshua/airflow/airflow_env/lib/python3.11/site-packages/airflow/example_dags/tutorial_taskflow_templates.py
[2024-12-04T13:44:16.141+0100] {processor.py:925} INFO - DAG(s) 'tutorial_taskflow_templates' retrieved from /Users/sijibomijoshua/airflow/airflow_env/lib/python3.11/site-packages/airflow/example_dags/tutorial_taskflow_templates.py
[2024-12-04T13:44:16.249+0100] {logging_mixin.py:190} INFO - [2024-12-04T13:44:16.249+0100] {dag.py:3239} INFO - Sync 1 DAGs
[2024-12-04T13:44:16.256+0100] {logging_mixin.py:190} INFO - [2024-12-04T13:44:16.256+0100] {dag.py:4180} INFO - Setting next_dagrun for tutorial_taskflow_templates to 2024-12-03 00:00:00+00:00, run_after=2024-12-04 00:00:00+00:00
[2024-12-04T13:44:16.263+0100] {processor.py:208} INFO - Processing /Users/sijibomijoshua/airflow/airflow_env/lib/python3.11/site-packages/airflow/example_dags/tutorial_taskflow_templates.py took 0.250 seconds
[2024-12-04T14:01:10.271+0100] {processor.py:186} INFO - Started process (PID=54898) to work on /Users/sijibomijoshua/airflow/airflow_env/lib/python3.11/site-packages/airflow/example_dags/tutorial_taskflow_templates.py
[2024-12-04T14:01:10.271+0100] {processor.py:914} INFO - Processing file /Users/sijibomijoshua/airflow/airflow_env/lib/python3.11/site-packages/airflow/example_dags/tutorial_taskflow_templates.py for tasks to queue
[2024-12-04T14:01:10.272+0100] {logging_mixin.py:190} INFO - [2024-12-04T14:01:10.272+0100] {dagbag.py:588} INFO - Filling up the DagBag from /Users/sijibomijoshua/airflow/airflow_env/lib/python3.11/site-packages/airflow/example_dags/tutorial_taskflow_templates.py
[2024-12-04T14:01:10.287+0100] {processor.py:925} INFO - DAG(s) 'tutorial_taskflow_templates' retrieved from /Users/sijibomijoshua/airflow/airflow_env/lib/python3.11/site-packages/airflow/example_dags/tutorial_taskflow_templates.py
[2024-12-04T14:01:10.348+0100] {logging_mixin.py:190} INFO - [2024-12-04T14:01:10.348+0100] {dag.py:3239} INFO - Sync 1 DAGs
[2024-12-04T14:01:10.355+0100] {logging_mixin.py:190} INFO - [2024-12-04T14:01:10.355+0100] {dag.py:4180} INFO - Setting next_dagrun for tutorial_taskflow_templates to 2024-12-03 00:00:00+00:00, run_after=2024-12-04 00:00:00+00:00
[2024-12-04T14:01:10.361+0100] {processor.py:208} INFO - Processing /Users/sijibomijoshua/airflow/airflow_env/lib/python3.11/site-packages/airflow/example_dags/tutorial_taskflow_templates.py took 0.092 seconds
