[2024-12-04T12:41:07.024+0100] {processor.py:186} INFO - Started process (PID=81849) to work on /Users/sijibomijoshua/.pyenv/versions/3.11.6/lib/python3.11/site-packages/airflow/example_dags/tutorial_taskflow_api.py
[2024-12-04T12:41:07.024+0100] {processor.py:914} INFO - Processing file /Users/sijibomijoshua/.pyenv/versions/3.11.6/lib/python3.11/site-packages/airflow/example_dags/tutorial_taskflow_api.py for tasks to queue
[2024-12-04T12:41:07.025+0100] {logging_mixin.py:190} INFO - [2024-12-04T12:41:07.025+0100] {dagbag.py:588} INFO - Filling up the DagBag from /Users/sijibomijoshua/.pyenv/versions/3.11.6/lib/python3.11/site-packages/airflow/example_dags/tutorial_taskflow_api.py
[2024-12-04T12:41:07.039+0100] {processor.py:925} INFO - DAG(s) 'tutorial_taskflow_api' retrieved from /Users/sijibomijoshua/.pyenv/versions/3.11.6/lib/python3.11/site-packages/airflow/example_dags/tutorial_taskflow_api.py
[2024-12-04T12:41:07.128+0100] {logging_mixin.py:190} INFO - [2024-12-04T12:41:07.128+0100] {override.py:1911} INFO - Created Permission View: can edit on DAG:tutorial_taskflow_api
[2024-12-04T12:41:07.131+0100] {logging_mixin.py:190} INFO - [2024-12-04T12:41:07.131+0100] {override.py:1911} INFO - Created Permission View: can delete on DAG:tutorial_taskflow_api
[2024-12-04T12:41:07.133+0100] {logging_mixin.py:190} INFO - [2024-12-04T12:41:07.133+0100] {override.py:1911} INFO - Created Permission View: can read on DAG:tutorial_taskflow_api
[2024-12-04T12:41:07.136+0100] {logging_mixin.py:190} INFO - [2024-12-04T12:41:07.136+0100] {override.py:1911} INFO - Created Permission View: menu access on DAG Run:tutorial_taskflow_api
[2024-12-04T12:41:07.138+0100] {logging_mixin.py:190} INFO - [2024-12-04T12:41:07.138+0100] {override.py:1911} INFO - Created Permission View: can delete on DAG Run:tutorial_taskflow_api
[2024-12-04T12:41:07.140+0100] {logging_mixin.py:190} INFO - [2024-12-04T12:41:07.139+0100] {override.py:1911} INFO - Created Permission View: can create on DAG Run:tutorial_taskflow_api
[2024-12-04T12:41:07.141+0100] {logging_mixin.py:190} INFO - [2024-12-04T12:41:07.141+0100] {override.py:1911} INFO - Created Permission View: can read on DAG Run:tutorial_taskflow_api
[2024-12-04T12:41:07.141+0100] {logging_mixin.py:190} INFO - [2024-12-04T12:41:07.141+0100] {dag.py:3239} INFO - Sync 1 DAGs
[2024-12-04T12:41:07.145+0100] {logging_mixin.py:190} INFO - [2024-12-04T12:41:07.145+0100] {dag.py:3262} INFO - Creating ORM DAG for tutorial_taskflow_api
[2024-12-04T12:41:07.145+0100] {logging_mixin.py:190} INFO - [2024-12-04T12:41:07.145+0100] {dag.py:4180} INFO - Setting next_dagrun for tutorial_taskflow_api to None, run_after=None
[2024-12-04T12:41:07.150+0100] {processor.py:208} INFO - Processing /Users/sijibomijoshua/.pyenv/versions/3.11.6/lib/python3.11/site-packages/airflow/example_dags/tutorial_taskflow_api.py took 0.128 seconds
[2024-12-04T12:41:59.641+0100] {processor.py:186} INFO - Started process (PID=82678) to work on /Users/sijibomijoshua/.pyenv/versions/3.11.6/lib/python3.11/site-packages/airflow/example_dags/tutorial_taskflow_api.py
[2024-12-04T12:41:59.642+0100] {processor.py:914} INFO - Processing file /Users/sijibomijoshua/.pyenv/versions/3.11.6/lib/python3.11/site-packages/airflow/example_dags/tutorial_taskflow_api.py for tasks to queue
[2024-12-04T12:41:59.643+0100] {logging_mixin.py:190} INFO - [2024-12-04T12:41:59.643+0100] {dagbag.py:588} INFO - Filling up the DagBag from /Users/sijibomijoshua/.pyenv/versions/3.11.6/lib/python3.11/site-packages/airflow/example_dags/tutorial_taskflow_api.py
[2024-12-04T12:41:59.657+0100] {processor.py:925} INFO - DAG(s) 'tutorial_taskflow_api' retrieved from /Users/sijibomijoshua/.pyenv/versions/3.11.6/lib/python3.11/site-packages/airflow/example_dags/tutorial_taskflow_api.py
[2024-12-04T12:41:59.715+0100] {logging_mixin.py:190} INFO - [2024-12-04T12:41:59.715+0100] {dag.py:3239} INFO - Sync 1 DAGs
[2024-12-04T12:41:59.719+0100] {logging_mixin.py:190} INFO - [2024-12-04T12:41:59.718+0100] {dag.py:4180} INFO - Setting next_dagrun for tutorial_taskflow_api to None, run_after=None
[2024-12-04T12:41:59.728+0100] {processor.py:208} INFO - Processing /Users/sijibomijoshua/.pyenv/versions/3.11.6/lib/python3.11/site-packages/airflow/example_dags/tutorial_taskflow_api.py took 0.088 seconds
[2024-12-04T12:43:37.074+0100] {processor.py:186} INFO - Started process (PID=84211) to work on /Users/sijibomijoshua/.pyenv/versions/3.11.6/lib/python3.11/site-packages/airflow/example_dags/tutorial_taskflow_api.py
[2024-12-04T12:43:37.075+0100] {processor.py:914} INFO - Processing file /Users/sijibomijoshua/.pyenv/versions/3.11.6/lib/python3.11/site-packages/airflow/example_dags/tutorial_taskflow_api.py for tasks to queue
[2024-12-04T12:43:37.076+0100] {logging_mixin.py:190} INFO - [2024-12-04T12:43:37.076+0100] {dagbag.py:588} INFO - Filling up the DagBag from /Users/sijibomijoshua/.pyenv/versions/3.11.6/lib/python3.11/site-packages/airflow/example_dags/tutorial_taskflow_api.py
[2024-12-04T12:43:37.090+0100] {processor.py:925} INFO - DAG(s) 'tutorial_taskflow_api' retrieved from /Users/sijibomijoshua/.pyenv/versions/3.11.6/lib/python3.11/site-packages/airflow/example_dags/tutorial_taskflow_api.py
[2024-12-04T12:43:37.148+0100] {logging_mixin.py:190} INFO - [2024-12-04T12:43:37.148+0100] {dag.py:3239} INFO - Sync 1 DAGs
[2024-12-04T12:43:37.152+0100] {logging_mixin.py:190} INFO - [2024-12-04T12:43:37.152+0100] {dag.py:4180} INFO - Setting next_dagrun for tutorial_taskflow_api to None, run_after=None
[2024-12-04T12:43:37.159+0100] {processor.py:208} INFO - Processing /Users/sijibomijoshua/.pyenv/versions/3.11.6/lib/python3.11/site-packages/airflow/example_dags/tutorial_taskflow_api.py took 0.086 seconds
[2024-12-04T12:44:45.059+0100] {processor.py:186} INFO - Started process (PID=85270) to work on /Users/sijibomijoshua/.pyenv/versions/3.11.6/lib/python3.11/site-packages/airflow/example_dags/tutorial_taskflow_api.py
[2024-12-04T12:44:45.062+0100] {processor.py:914} INFO - Processing file /Users/sijibomijoshua/.pyenv/versions/3.11.6/lib/python3.11/site-packages/airflow/example_dags/tutorial_taskflow_api.py for tasks to queue
[2024-12-04T12:44:45.063+0100] {logging_mixin.py:190} INFO - [2024-12-04T12:44:45.063+0100] {dagbag.py:588} INFO - Filling up the DagBag from /Users/sijibomijoshua/.pyenv/versions/3.11.6/lib/python3.11/site-packages/airflow/example_dags/tutorial_taskflow_api.py
[2024-12-04T12:44:45.079+0100] {processor.py:925} INFO - DAG(s) 'tutorial_taskflow_api' retrieved from /Users/sijibomijoshua/.pyenv/versions/3.11.6/lib/python3.11/site-packages/airflow/example_dags/tutorial_taskflow_api.py
[2024-12-04T12:44:45.152+0100] {logging_mixin.py:190} INFO - [2024-12-04T12:44:45.152+0100] {dag.py:3239} INFO - Sync 1 DAGs
[2024-12-04T12:44:45.156+0100] {logging_mixin.py:190} INFO - [2024-12-04T12:44:45.156+0100] {dag.py:4180} INFO - Setting next_dagrun for tutorial_taskflow_api to None, run_after=None
[2024-12-04T12:44:45.163+0100] {processor.py:208} INFO - Processing /Users/sijibomijoshua/.pyenv/versions/3.11.6/lib/python3.11/site-packages/airflow/example_dags/tutorial_taskflow_api.py took 0.105 seconds
[2024-12-04T12:45:51.819+0100] {processor.py:186} INFO - Started process (PID=86325) to work on /Users/sijibomijoshua/.pyenv/versions/3.11.6/lib/python3.11/site-packages/airflow/example_dags/tutorial_taskflow_api.py
[2024-12-04T12:45:51.819+0100] {processor.py:914} INFO - Processing file /Users/sijibomijoshua/.pyenv/versions/3.11.6/lib/python3.11/site-packages/airflow/example_dags/tutorial_taskflow_api.py for tasks to queue
[2024-12-04T12:45:51.821+0100] {logging_mixin.py:190} INFO - [2024-12-04T12:45:51.820+0100] {dagbag.py:588} INFO - Filling up the DagBag from /Users/sijibomijoshua/.pyenv/versions/3.11.6/lib/python3.11/site-packages/airflow/example_dags/tutorial_taskflow_api.py
[2024-12-04T12:45:51.834+0100] {processor.py:925} INFO - DAG(s) 'tutorial_taskflow_api' retrieved from /Users/sijibomijoshua/.pyenv/versions/3.11.6/lib/python3.11/site-packages/airflow/example_dags/tutorial_taskflow_api.py
[2024-12-04T12:45:51.890+0100] {logging_mixin.py:190} INFO - [2024-12-04T12:45:51.889+0100] {dag.py:3239} INFO - Sync 1 DAGs
[2024-12-04T12:45:51.893+0100] {logging_mixin.py:190} INFO - [2024-12-04T12:45:51.893+0100] {dag.py:4180} INFO - Setting next_dagrun for tutorial_taskflow_api to None, run_after=None
[2024-12-04T12:45:51.900+0100] {processor.py:208} INFO - Processing /Users/sijibomijoshua/.pyenv/versions/3.11.6/lib/python3.11/site-packages/airflow/example_dags/tutorial_taskflow_api.py took 0.082 seconds
[2024-12-04T12:47:01.400+0100] {processor.py:186} INFO - Started process (PID=87360) to work on /Users/sijibomijoshua/.pyenv/versions/3.11.6/lib/python3.11/site-packages/airflow/example_dags/tutorial_taskflow_api.py
[2024-12-04T12:47:01.401+0100] {processor.py:914} INFO - Processing file /Users/sijibomijoshua/.pyenv/versions/3.11.6/lib/python3.11/site-packages/airflow/example_dags/tutorial_taskflow_api.py for tasks to queue
[2024-12-04T12:47:01.402+0100] {logging_mixin.py:190} INFO - [2024-12-04T12:47:01.402+0100] {dagbag.py:588} INFO - Filling up the DagBag from /Users/sijibomijoshua/.pyenv/versions/3.11.6/lib/python3.11/site-packages/airflow/example_dags/tutorial_taskflow_api.py
[2024-12-04T12:47:01.424+0100] {processor.py:925} INFO - DAG(s) 'tutorial_taskflow_api' retrieved from /Users/sijibomijoshua/.pyenv/versions/3.11.6/lib/python3.11/site-packages/airflow/example_dags/tutorial_taskflow_api.py
[2024-12-04T12:47:01.493+0100] {logging_mixin.py:190} INFO - [2024-12-04T12:47:01.493+0100] {dag.py:3239} INFO - Sync 1 DAGs
[2024-12-04T12:47:01.496+0100] {logging_mixin.py:190} INFO - [2024-12-04T12:47:01.496+0100] {dag.py:4180} INFO - Setting next_dagrun for tutorial_taskflow_api to None, run_after=None
[2024-12-04T12:47:01.503+0100] {processor.py:208} INFO - Processing /Users/sijibomijoshua/.pyenv/versions/3.11.6/lib/python3.11/site-packages/airflow/example_dags/tutorial_taskflow_api.py took 0.105 seconds
[2024-12-04T12:48:09.734+0100] {processor.py:186} INFO - Started process (PID=88409) to work on /Users/sijibomijoshua/.pyenv/versions/3.11.6/lib/python3.11/site-packages/airflow/example_dags/tutorial_taskflow_api.py
[2024-12-04T12:48:09.735+0100] {processor.py:914} INFO - Processing file /Users/sijibomijoshua/.pyenv/versions/3.11.6/lib/python3.11/site-packages/airflow/example_dags/tutorial_taskflow_api.py for tasks to queue
[2024-12-04T12:48:09.737+0100] {logging_mixin.py:190} INFO - [2024-12-04T12:48:09.736+0100] {dagbag.py:588} INFO - Filling up the DagBag from /Users/sijibomijoshua/.pyenv/versions/3.11.6/lib/python3.11/site-packages/airflow/example_dags/tutorial_taskflow_api.py
[2024-12-04T12:48:09.750+0100] {processor.py:925} INFO - DAG(s) 'tutorial_taskflow_api' retrieved from /Users/sijibomijoshua/.pyenv/versions/3.11.6/lib/python3.11/site-packages/airflow/example_dags/tutorial_taskflow_api.py
[2024-12-04T12:48:09.806+0100] {logging_mixin.py:190} INFO - [2024-12-04T12:48:09.806+0100] {dag.py:3239} INFO - Sync 1 DAGs
[2024-12-04T12:48:09.809+0100] {logging_mixin.py:190} INFO - [2024-12-04T12:48:09.809+0100] {dag.py:4180} INFO - Setting next_dagrun for tutorial_taskflow_api to None, run_after=None
[2024-12-04T12:48:09.816+0100] {processor.py:208} INFO - Processing /Users/sijibomijoshua/.pyenv/versions/3.11.6/lib/python3.11/site-packages/airflow/example_dags/tutorial_taskflow_api.py took 0.083 seconds
[2024-12-04T13:23:20.537+0100] {processor.py:186} INFO - Started process (PID=17603) to work on /Users/sijibomijoshua/.pyenv/versions/3.11.6/lib/python3.11/site-packages/airflow/example_dags/tutorial_taskflow_api.py
[2024-12-04T13:23:20.538+0100] {processor.py:914} INFO - Processing file /Users/sijibomijoshua/.pyenv/versions/3.11.6/lib/python3.11/site-packages/airflow/example_dags/tutorial_taskflow_api.py for tasks to queue
[2024-12-04T13:23:20.538+0100] {logging_mixin.py:190} INFO - [2024-12-04T13:23:20.538+0100] {dagbag.py:588} INFO - Filling up the DagBag from /Users/sijibomijoshua/.pyenv/versions/3.11.6/lib/python3.11/site-packages/airflow/example_dags/tutorial_taskflow_api.py
[2024-12-04T13:23:20.551+0100] {processor.py:925} INFO - DAG(s) 'tutorial_taskflow_api' retrieved from /Users/sijibomijoshua/.pyenv/versions/3.11.6/lib/python3.11/site-packages/airflow/example_dags/tutorial_taskflow_api.py
[2024-12-04T13:23:20.606+0100] {logging_mixin.py:190} INFO - [2024-12-04T13:23:20.606+0100] {dag.py:3239} INFO - Sync 1 DAGs
[2024-12-04T13:23:20.609+0100] {logging_mixin.py:190} INFO - [2024-12-04T13:23:20.609+0100] {dag.py:4180} INFO - Setting next_dagrun for tutorial_taskflow_api to None, run_after=None
[2024-12-04T13:23:20.618+0100] {processor.py:208} INFO - Processing /Users/sijibomijoshua/.pyenv/versions/3.11.6/lib/python3.11/site-packages/airflow/example_dags/tutorial_taskflow_api.py took 0.082 seconds
[2024-12-04T13:25:01.828+0100] {processor.py:186} INFO - Started process (PID=19460) to work on /Users/sijibomijoshua/.pyenv/versions/3.11.6/lib/python3.11/site-packages/airflow/example_dags/tutorial_taskflow_api.py
[2024-12-04T13:25:01.829+0100] {processor.py:914} INFO - Processing file /Users/sijibomijoshua/.pyenv/versions/3.11.6/lib/python3.11/site-packages/airflow/example_dags/tutorial_taskflow_api.py for tasks to queue
[2024-12-04T13:25:01.830+0100] {logging_mixin.py:190} INFO - [2024-12-04T13:25:01.830+0100] {dagbag.py:588} INFO - Filling up the DagBag from /Users/sijibomijoshua/.pyenv/versions/3.11.6/lib/python3.11/site-packages/airflow/example_dags/tutorial_taskflow_api.py
[2024-12-04T13:25:01.843+0100] {processor.py:925} INFO - DAG(s) 'tutorial_taskflow_api' retrieved from /Users/sijibomijoshua/.pyenv/versions/3.11.6/lib/python3.11/site-packages/airflow/example_dags/tutorial_taskflow_api.py
[2024-12-04T13:25:01.901+0100] {logging_mixin.py:190} INFO - [2024-12-04T13:25:01.901+0100] {dag.py:3239} INFO - Sync 1 DAGs
[2024-12-04T13:25:01.904+0100] {logging_mixin.py:190} INFO - [2024-12-04T13:25:01.904+0100] {dag.py:4180} INFO - Setting next_dagrun for tutorial_taskflow_api to None, run_after=None
[2024-12-04T13:25:01.913+0100] {processor.py:208} INFO - Processing /Users/sijibomijoshua/.pyenv/versions/3.11.6/lib/python3.11/site-packages/airflow/example_dags/tutorial_taskflow_api.py took 0.086 seconds
[2024-12-04T13:36:55.551+0100] {processor.py:186} INFO - Started process (PID=34231) to work on /Users/sijibomijoshua/airflow/airflow_env/lib/python3.11/site-packages/airflow/example_dags/tutorial_taskflow_api.py
[2024-12-04T13:36:55.552+0100] {processor.py:914} INFO - Processing file /Users/sijibomijoshua/airflow/airflow_env/lib/python3.11/site-packages/airflow/example_dags/tutorial_taskflow_api.py for tasks to queue
[2024-12-04T13:36:55.553+0100] {logging_mixin.py:190} INFO - [2024-12-04T13:36:55.552+0100] {dagbag.py:588} INFO - Filling up the DagBag from /Users/sijibomijoshua/airflow/airflow_env/lib/python3.11/site-packages/airflow/example_dags/tutorial_taskflow_api.py
[2024-12-04T13:36:55.573+0100] {processor.py:925} INFO - DAG(s) 'tutorial_taskflow_api' retrieved from /Users/sijibomijoshua/airflow/airflow_env/lib/python3.11/site-packages/airflow/example_dags/tutorial_taskflow_api.py
[2024-12-04T13:36:55.751+0100] {logging_mixin.py:190} INFO - [2024-12-04T13:36:55.751+0100] {dag.py:3239} INFO - Sync 1 DAGs
[2024-12-04T13:36:55.755+0100] {logging_mixin.py:190} INFO - [2024-12-04T13:36:55.755+0100] {dag.py:4180} INFO - Setting next_dagrun for tutorial_taskflow_api to None, run_after=None
[2024-12-04T13:36:55.763+0100] {processor.py:208} INFO - Processing /Users/sijibomijoshua/airflow/airflow_env/lib/python3.11/site-packages/airflow/example_dags/tutorial_taskflow_api.py took 0.214 seconds
[2024-12-04T13:38:36.089+0100] {processor.py:186} INFO - Started process (PID=36607) to work on /Users/sijibomijoshua/airflow/airflow_env/lib/python3.11/site-packages/airflow/example_dags/tutorial_taskflow_api.py
[2024-12-04T13:38:36.090+0100] {processor.py:914} INFO - Processing file /Users/sijibomijoshua/airflow/airflow_env/lib/python3.11/site-packages/airflow/example_dags/tutorial_taskflow_api.py for tasks to queue
[2024-12-04T13:38:36.091+0100] {logging_mixin.py:190} INFO - [2024-12-04T13:38:36.091+0100] {dagbag.py:588} INFO - Filling up the DagBag from /Users/sijibomijoshua/airflow/airflow_env/lib/python3.11/site-packages/airflow/example_dags/tutorial_taskflow_api.py
[2024-12-04T13:38:36.104+0100] {processor.py:925} INFO - DAG(s) 'tutorial_taskflow_api' retrieved from /Users/sijibomijoshua/airflow/airflow_env/lib/python3.11/site-packages/airflow/example_dags/tutorial_taskflow_api.py
[2024-12-04T13:38:36.168+0100] {logging_mixin.py:190} INFO - [2024-12-04T13:38:36.168+0100] {dag.py:3239} INFO - Sync 1 DAGs
[2024-12-04T13:38:36.172+0100] {logging_mixin.py:190} INFO - [2024-12-04T13:38:36.172+0100] {dag.py:4180} INFO - Setting next_dagrun for tutorial_taskflow_api to None, run_after=None
[2024-12-04T13:38:36.179+0100] {processor.py:208} INFO - Processing /Users/sijibomijoshua/airflow/airflow_env/lib/python3.11/site-packages/airflow/example_dags/tutorial_taskflow_api.py took 0.091 seconds
[2024-12-04T13:39:47.603+0100] {processor.py:186} INFO - Started process (PID=38213) to work on /Users/sijibomijoshua/airflow/airflow_env/lib/python3.11/site-packages/airflow/example_dags/tutorial_taskflow_api.py
[2024-12-04T13:39:47.604+0100] {processor.py:914} INFO - Processing file /Users/sijibomijoshua/airflow/airflow_env/lib/python3.11/site-packages/airflow/example_dags/tutorial_taskflow_api.py for tasks to queue
[2024-12-04T13:39:47.605+0100] {logging_mixin.py:190} INFO - [2024-12-04T13:39:47.605+0100] {dagbag.py:588} INFO - Filling up the DagBag from /Users/sijibomijoshua/airflow/airflow_env/lib/python3.11/site-packages/airflow/example_dags/tutorial_taskflow_api.py
[2024-12-04T13:39:47.620+0100] {processor.py:925} INFO - DAG(s) 'tutorial_taskflow_api' retrieved from /Users/sijibomijoshua/airflow/airflow_env/lib/python3.11/site-packages/airflow/example_dags/tutorial_taskflow_api.py
[2024-12-04T13:39:47.685+0100] {logging_mixin.py:190} INFO - [2024-12-04T13:39:47.685+0100] {dag.py:3239} INFO - Sync 1 DAGs
[2024-12-04T13:39:47.689+0100] {logging_mixin.py:190} INFO - [2024-12-04T13:39:47.689+0100] {dag.py:4180} INFO - Setting next_dagrun for tutorial_taskflow_api to None, run_after=None
[2024-12-04T13:39:47.697+0100] {processor.py:208} INFO - Processing /Users/sijibomijoshua/airflow/airflow_env/lib/python3.11/site-packages/airflow/example_dags/tutorial_taskflow_api.py took 0.096 seconds
[2024-12-04T13:40:55.931+0100] {processor.py:186} INFO - Started process (PID=39732) to work on /Users/sijibomijoshua/airflow/airflow_env/lib/python3.11/site-packages/airflow/example_dags/tutorial_taskflow_api.py
[2024-12-04T13:40:55.931+0100] {processor.py:914} INFO - Processing file /Users/sijibomijoshua/airflow/airflow_env/lib/python3.11/site-packages/airflow/example_dags/tutorial_taskflow_api.py for tasks to queue
[2024-12-04T13:40:55.932+0100] {logging_mixin.py:190} INFO - [2024-12-04T13:40:55.932+0100] {dagbag.py:588} INFO - Filling up the DagBag from /Users/sijibomijoshua/airflow/airflow_env/lib/python3.11/site-packages/airflow/example_dags/tutorial_taskflow_api.py
[2024-12-04T13:40:55.945+0100] {processor.py:925} INFO - DAG(s) 'tutorial_taskflow_api' retrieved from /Users/sijibomijoshua/airflow/airflow_env/lib/python3.11/site-packages/airflow/example_dags/tutorial_taskflow_api.py
[2024-12-04T13:40:56.001+0100] {logging_mixin.py:190} INFO - [2024-12-04T13:40:56.001+0100] {dag.py:3239} INFO - Sync 1 DAGs
[2024-12-04T13:40:56.005+0100] {logging_mixin.py:190} INFO - [2024-12-04T13:40:56.004+0100] {dag.py:4180} INFO - Setting next_dagrun for tutorial_taskflow_api to None, run_after=None
[2024-12-04T13:40:56.011+0100] {processor.py:208} INFO - Processing /Users/sijibomijoshua/airflow/airflow_env/lib/python3.11/site-packages/airflow/example_dags/tutorial_taskflow_api.py took 0.082 seconds
[2024-12-04T13:42:00.897+0100] {processor.py:186} INFO - Started process (PID=41145) to work on /Users/sijibomijoshua/airflow/airflow_env/lib/python3.11/site-packages/airflow/example_dags/tutorial_taskflow_api.py
[2024-12-04T13:42:00.898+0100] {processor.py:914} INFO - Processing file /Users/sijibomijoshua/airflow/airflow_env/lib/python3.11/site-packages/airflow/example_dags/tutorial_taskflow_api.py for tasks to queue
[2024-12-04T13:42:00.899+0100] {logging_mixin.py:190} INFO - [2024-12-04T13:42:00.899+0100] {dagbag.py:588} INFO - Filling up the DagBag from /Users/sijibomijoshua/airflow/airflow_env/lib/python3.11/site-packages/airflow/example_dags/tutorial_taskflow_api.py
[2024-12-04T13:42:00.914+0100] {processor.py:925} INFO - DAG(s) 'tutorial_taskflow_api' retrieved from /Users/sijibomijoshua/airflow/airflow_env/lib/python3.11/site-packages/airflow/example_dags/tutorial_taskflow_api.py
[2024-12-04T13:42:00.974+0100] {logging_mixin.py:190} INFO - [2024-12-04T13:42:00.974+0100] {dag.py:3239} INFO - Sync 1 DAGs
[2024-12-04T13:42:00.979+0100] {logging_mixin.py:190} INFO - [2024-12-04T13:42:00.979+0100] {dag.py:4180} INFO - Setting next_dagrun for tutorial_taskflow_api to None, run_after=None
[2024-12-04T13:42:00.988+0100] {processor.py:208} INFO - Processing /Users/sijibomijoshua/airflow/airflow_env/lib/python3.11/site-packages/airflow/example_dags/tutorial_taskflow_api.py took 0.093 seconds
[2024-12-04T13:43:06.876+0100] {processor.py:186} INFO - Started process (PID=42601) to work on /Users/sijibomijoshua/airflow/airflow_env/lib/python3.11/site-packages/airflow/example_dags/tutorial_taskflow_api.py
[2024-12-04T13:43:06.876+0100] {processor.py:914} INFO - Processing file /Users/sijibomijoshua/airflow/airflow_env/lib/python3.11/site-packages/airflow/example_dags/tutorial_taskflow_api.py for tasks to queue
[2024-12-04T13:43:06.877+0100] {logging_mixin.py:190} INFO - [2024-12-04T13:43:06.877+0100] {dagbag.py:588} INFO - Filling up the DagBag from /Users/sijibomijoshua/airflow/airflow_env/lib/python3.11/site-packages/airflow/example_dags/tutorial_taskflow_api.py
[2024-12-04T13:43:06.891+0100] {processor.py:925} INFO - DAG(s) 'tutorial_taskflow_api' retrieved from /Users/sijibomijoshua/airflow/airflow_env/lib/python3.11/site-packages/airflow/example_dags/tutorial_taskflow_api.py
[2024-12-04T13:43:06.947+0100] {logging_mixin.py:190} INFO - [2024-12-04T13:43:06.947+0100] {dag.py:3239} INFO - Sync 1 DAGs
[2024-12-04T13:43:06.951+0100] {logging_mixin.py:190} INFO - [2024-12-04T13:43:06.951+0100] {dag.py:4180} INFO - Setting next_dagrun for tutorial_taskflow_api to None, run_after=None
[2024-12-04T13:43:06.958+0100] {processor.py:208} INFO - Processing /Users/sijibomijoshua/airflow/airflow_env/lib/python3.11/site-packages/airflow/example_dags/tutorial_taskflow_api.py took 0.084 seconds
[2024-12-04T13:44:19.160+0100] {processor.py:186} INFO - Started process (PID=44170) to work on /Users/sijibomijoshua/airflow/airflow_env/lib/python3.11/site-packages/airflow/example_dags/tutorial_taskflow_api.py
[2024-12-04T13:44:19.161+0100] {processor.py:914} INFO - Processing file /Users/sijibomijoshua/airflow/airflow_env/lib/python3.11/site-packages/airflow/example_dags/tutorial_taskflow_api.py for tasks to queue
[2024-12-04T13:44:19.162+0100] {logging_mixin.py:190} INFO - [2024-12-04T13:44:19.162+0100] {dagbag.py:588} INFO - Filling up the DagBag from /Users/sijibomijoshua/airflow/airflow_env/lib/python3.11/site-packages/airflow/example_dags/tutorial_taskflow_api.py
[2024-12-04T13:44:19.176+0100] {processor.py:925} INFO - DAG(s) 'tutorial_taskflow_api' retrieved from /Users/sijibomijoshua/airflow/airflow_env/lib/python3.11/site-packages/airflow/example_dags/tutorial_taskflow_api.py
[2024-12-04T13:44:19.239+0100] {logging_mixin.py:190} INFO - [2024-12-04T13:44:19.239+0100] {dag.py:3239} INFO - Sync 1 DAGs
[2024-12-04T13:44:19.243+0100] {logging_mixin.py:190} INFO - [2024-12-04T13:44:19.243+0100] {dag.py:4180} INFO - Setting next_dagrun for tutorial_taskflow_api to None, run_after=None
[2024-12-04T13:44:19.250+0100] {processor.py:208} INFO - Processing /Users/sijibomijoshua/airflow/airflow_env/lib/python3.11/site-packages/airflow/example_dags/tutorial_taskflow_api.py took 0.092 seconds
[2024-12-04T14:01:13.837+0100] {processor.py:186} INFO - Started process (PID=54949) to work on /Users/sijibomijoshua/airflow/airflow_env/lib/python3.11/site-packages/airflow/example_dags/tutorial_taskflow_api.py
[2024-12-04T14:01:13.837+0100] {processor.py:914} INFO - Processing file /Users/sijibomijoshua/airflow/airflow_env/lib/python3.11/site-packages/airflow/example_dags/tutorial_taskflow_api.py for tasks to queue
[2024-12-04T14:01:13.838+0100] {logging_mixin.py:190} INFO - [2024-12-04T14:01:13.838+0100] {dagbag.py:588} INFO - Filling up the DagBag from /Users/sijibomijoshua/airflow/airflow_env/lib/python3.11/site-packages/airflow/example_dags/tutorial_taskflow_api.py
[2024-12-04T14:01:13.853+0100] {processor.py:925} INFO - DAG(s) 'tutorial_taskflow_api' retrieved from /Users/sijibomijoshua/airflow/airflow_env/lib/python3.11/site-packages/airflow/example_dags/tutorial_taskflow_api.py
[2024-12-04T14:01:13.920+0100] {logging_mixin.py:190} INFO - [2024-12-04T14:01:13.920+0100] {dag.py:3239} INFO - Sync 1 DAGs
[2024-12-04T14:01:13.924+0100] {logging_mixin.py:190} INFO - [2024-12-04T14:01:13.924+0100] {dag.py:4180} INFO - Setting next_dagrun for tutorial_taskflow_api to None, run_after=None
[2024-12-04T14:01:13.931+0100] {processor.py:208} INFO - Processing /Users/sijibomijoshua/airflow/airflow_env/lib/python3.11/site-packages/airflow/example_dags/tutorial_taskflow_api.py took 0.096 seconds
