[2024-12-05T13:17:07.630+0100] {local_task_job_runner.py:123} INFO - ::group::Pre task execution logs
[2024-12-05T13:17:07.644+0100] {taskinstance.py:2613} INFO - Dependencies all met for dep_context=non-requeueable deps ti=<TaskInstance: data_warehouse_etl.load_datasets scheduled__2024-12-04T00:00:00+00:00 [queued]>
[2024-12-05T13:17:07.649+0100] {taskinstance.py:2613} INFO - Dependencies all met for dep_context=requeueable deps ti=<TaskInstance: data_warehouse_etl.load_datasets scheduled__2024-12-04T00:00:00+00:00 [queued]>
[2024-12-05T13:17:07.649+0100] {taskinstance.py:2866} INFO - Starting attempt 2 of 2
[2024-12-05T13:17:07.656+0100] {taskinstance.py:2889} INFO - Executing <Task(PythonOperator): load_datasets> on 2024-12-04 00:00:00+00:00
[2024-12-05T13:17:07.660+0100] {standard_task_runner.py:72} INFO - Started process 35243 to run task
[2024-12-05T13:17:07.667+0100] {standard_task_runner.py:104} INFO - Running: ['airflow', 'tasks', 'run', 'data_warehouse_etl', 'load_datasets', 'scheduled__2024-12-04T00:00:00+00:00', '--job-id', '28', '--raw', '--subdir', 'DAGS_FOLDER/dim_process.py', '--cfg-path', '/var/folders/4k/bhptqqm131v6f034phck6fc80000gn/T/tmpvcb76u75']
[2024-12-05T13:17:07.672+0100] {standard_task_runner.py:105} INFO - Job 28: Subtask load_datasets
[2024-12-05T13:17:07.689+0100] {task_command.py:467} INFO - Running <TaskInstance: data_warehouse_etl.load_datasets scheduled__2024-12-04T00:00:00+00:00 [running]> on host sijibomis-mbp
[2024-12-05T13:17:07.711+0100] {taskinstance.py:3132} INFO - Exporting env vars: AIRFLOW_CTX_DAG_OWNER='data_engineering' AIRFLOW_CTX_DAG_ID='data_warehouse_etl' AIRFLOW_CTX_TASK_ID='load_datasets' AIRFLOW_CTX_EXECUTION_DATE='2024-12-04T00:00:00+00:00' AIRFLOW_CTX_TRY_NUMBER='2' AIRFLOW_CTX_DAG_RUN_ID='scheduled__2024-12-04T00:00:00+00:00'
[2024-12-05T13:17:07.712+0100] {taskinstance.py:731} INFO - ::endgroup::
[2024-12-05T13:17:07.735+0100] {python.py:240} INFO - Done. Returned value was: (       Client                       Project  ...                                        Note Billable
0    Client 1           Website Development  ...                     Refined design elements      Yes
1    Client 1           Website Development  ...             Drafted initial design concepts      Yes
2    Client 1           Website Development  ...             Drafted initial design concepts      Yes
3    Client 1           Website Development  ...  Made revisions to design based on feedback      Yes
4    Client 1           Website Development  ...  Made revisions to design based on feedback      Yes
..        ...                           ...  ...                                         ...      ...
451  Client 2  Book Localization to Ukraine  ...              Checked in on project progress      Yes
452  Client 2  Book Localization to Ukraine  ...                    Communicated with client      Yes
453  Client 2  Book Localization to Ukraine  ...              Checked in on project progress      Yes
454  Client 2  Book Localization to Ukraine  ...                    Facilitated team meeting      Yes
455  Client 2  Book Localization to Ukraine  ...                    Facilitated team meeting      Yes

[456 rows x 8 columns],       Client                       Project  ...    End Date Estimated Hours
0   Client 1           Website Development  ...  2023-07-24             112
1   Client 1           Website Development  ...  2023-07-24              24
2   Client 1           Website Development  ...  2023-08-28             189
3   Client 1           Website Development  ...  2023-09-04              77
4   Client 1           Website Development  ...  2023-09-04              92
5   Client 1               Brand Guideline  ...  2023-07-24             112
6   Client 1               Brand Guideline  ...  2023-07-24              32
7   Client 1               Brand Guideline  ...  2023-07-24              24
8   Client 2  Book Localization to Ukraine  ...  2023-08-14             182
9   Client 2  Book Localization to Ukraine  ...  2023-08-28             182
10  Client 2  Book Localization to Ukraine  ...  2023-08-28              52
11  Client 2  Book Localization to Ukraine  ...  2023-08-28               0
12  Client 2  Book Localization to Ukraine  ...  2023-08-28              36

[13 rows x 8 columns])
[2024-12-05T13:17:07.822+0100] {taskinstance.py:340} INFO - ::group::Post task execution logs
[2024-12-05T13:17:07.822+0100] {taskinstance.py:352} INFO - Marking task as SUCCESS. dag_id=data_warehouse_etl, task_id=load_datasets, run_id=scheduled__2024-12-04T00:00:00+00:00, execution_date=20241204T000000, start_date=20241205T121707, end_date=20241205T121707
[2024-12-05T13:17:07.864+0100] {local_task_job_runner.py:266} INFO - Task exited with return code 0
[2024-12-05T13:17:07.874+0100] {taskinstance.py:3895} INFO - 1 downstream tasks scheduled from follow-on schedule check
[2024-12-05T13:17:07.875+0100] {local_task_job_runner.py:245} INFO - ::endgroup::
