[2024-12-04T12:40:58.404+0100] {processor.py:186} INFO - Started process (PID=81721) to work on /Users/sijibomijoshua/.pyenv/versions/3.11.6/lib/python3.11/site-packages/airflow/example_dags/plugins/listener_plugin.py
[2024-12-04T12:40:58.404+0100] {processor.py:914} INFO - Processing file /Users/sijibomijoshua/.pyenv/versions/3.11.6/lib/python3.11/site-packages/airflow/example_dags/plugins/listener_plugin.py for tasks to queue
[2024-12-04T12:40:58.405+0100] {logging_mixin.py:190} INFO - [2024-12-04T12:40:58.405+0100] {dagbag.py:588} INFO - Filling up the DagBag from /Users/sijibomijoshua/.pyenv/versions/3.11.6/lib/python3.11/site-packages/airflow/example_dags/plugins/listener_plugin.py
[2024-12-04T12:40:58.406+0100] {processor.py:927} WARNING - No viable dags retrieved from /Users/sijibomijoshua/.pyenv/versions/3.11.6/lib/python3.11/site-packages/airflow/example_dags/plugins/listener_plugin.py
[2024-12-04T12:40:58.437+0100] {processor.py:208} INFO - Processing /Users/sijibomijoshua/.pyenv/versions/3.11.6/lib/python3.11/site-packages/airflow/example_dags/plugins/listener_plugin.py took 0.035 seconds
[2024-12-04T12:41:50.305+0100] {processor.py:186} INFO - Started process (PID=82544) to work on /Users/sijibomijoshua/.pyenv/versions/3.11.6/lib/python3.11/site-packages/airflow/example_dags/plugins/listener_plugin.py
[2024-12-04T12:41:50.305+0100] {processor.py:914} INFO - Processing file /Users/sijibomijoshua/.pyenv/versions/3.11.6/lib/python3.11/site-packages/airflow/example_dags/plugins/listener_plugin.py for tasks to queue
[2024-12-04T12:41:50.306+0100] {logging_mixin.py:190} INFO - [2024-12-04T12:41:50.306+0100] {dagbag.py:588} INFO - Filling up the DagBag from /Users/sijibomijoshua/.pyenv/versions/3.11.6/lib/python3.11/site-packages/airflow/example_dags/plugins/listener_plugin.py
[2024-12-04T12:41:50.307+0100] {processor.py:927} WARNING - No viable dags retrieved from /Users/sijibomijoshua/.pyenv/versions/3.11.6/lib/python3.11/site-packages/airflow/example_dags/plugins/listener_plugin.py
[2024-12-04T12:41:50.339+0100] {processor.py:208} INFO - Processing /Users/sijibomijoshua/.pyenv/versions/3.11.6/lib/python3.11/site-packages/airflow/example_dags/plugins/listener_plugin.py took 0.036 seconds
[2024-12-04T12:43:29.063+0100] {processor.py:186} INFO - Started process (PID=84085) to work on /Users/sijibomijoshua/.pyenv/versions/3.11.6/lib/python3.11/site-packages/airflow/example_dags/plugins/listener_plugin.py
[2024-12-04T12:43:29.064+0100] {processor.py:914} INFO - Processing file /Users/sijibomijoshua/.pyenv/versions/3.11.6/lib/python3.11/site-packages/airflow/example_dags/plugins/listener_plugin.py for tasks to queue
[2024-12-04T12:43:29.065+0100] {logging_mixin.py:190} INFO - [2024-12-04T12:43:29.064+0100] {dagbag.py:588} INFO - Filling up the DagBag from /Users/sijibomijoshua/.pyenv/versions/3.11.6/lib/python3.11/site-packages/airflow/example_dags/plugins/listener_plugin.py
[2024-12-04T12:43:29.067+0100] {processor.py:927} WARNING - No viable dags retrieved from /Users/sijibomijoshua/.pyenv/versions/3.11.6/lib/python3.11/site-packages/airflow/example_dags/plugins/listener_plugin.py
[2024-12-04T12:43:29.099+0100] {processor.py:208} INFO - Processing /Users/sijibomijoshua/.pyenv/versions/3.11.6/lib/python3.11/site-packages/airflow/example_dags/plugins/listener_plugin.py took 0.037 seconds
[2024-12-04T12:44:37.017+0100] {processor.py:186} INFO - Started process (PID=85142) to work on /Users/sijibomijoshua/.pyenv/versions/3.11.6/lib/python3.11/site-packages/airflow/example_dags/plugins/listener_plugin.py
[2024-12-04T12:44:37.017+0100] {processor.py:914} INFO - Processing file /Users/sijibomijoshua/.pyenv/versions/3.11.6/lib/python3.11/site-packages/airflow/example_dags/plugins/listener_plugin.py for tasks to queue
[2024-12-04T12:44:37.019+0100] {logging_mixin.py:190} INFO - [2024-12-04T12:44:37.018+0100] {dagbag.py:588} INFO - Filling up the DagBag from /Users/sijibomijoshua/.pyenv/versions/3.11.6/lib/python3.11/site-packages/airflow/example_dags/plugins/listener_plugin.py
[2024-12-04T12:44:37.020+0100] {processor.py:927} WARNING - No viable dags retrieved from /Users/sijibomijoshua/.pyenv/versions/3.11.6/lib/python3.11/site-packages/airflow/example_dags/plugins/listener_plugin.py
[2024-12-04T12:44:37.052+0100] {processor.py:208} INFO - Processing /Users/sijibomijoshua/.pyenv/versions/3.11.6/lib/python3.11/site-packages/airflow/example_dags/plugins/listener_plugin.py took 0.038 seconds
[2024-12-04T12:45:44.895+0100] {processor.py:186} INFO - Started process (PID=86198) to work on /Users/sijibomijoshua/.pyenv/versions/3.11.6/lib/python3.11/site-packages/airflow/example_dags/plugins/listener_plugin.py
[2024-12-04T12:45:44.895+0100] {processor.py:914} INFO - Processing file /Users/sijibomijoshua/.pyenv/versions/3.11.6/lib/python3.11/site-packages/airflow/example_dags/plugins/listener_plugin.py for tasks to queue
[2024-12-04T12:45:44.896+0100] {logging_mixin.py:190} INFO - [2024-12-04T12:45:44.896+0100] {dagbag.py:588} INFO - Filling up the DagBag from /Users/sijibomijoshua/.pyenv/versions/3.11.6/lib/python3.11/site-packages/airflow/example_dags/plugins/listener_plugin.py
[2024-12-04T12:45:44.898+0100] {processor.py:927} WARNING - No viable dags retrieved from /Users/sijibomijoshua/.pyenv/versions/3.11.6/lib/python3.11/site-packages/airflow/example_dags/plugins/listener_plugin.py
[2024-12-04T12:45:44.934+0100] {processor.py:208} INFO - Processing /Users/sijibomijoshua/.pyenv/versions/3.11.6/lib/python3.11/site-packages/airflow/example_dags/plugins/listener_plugin.py took 0.040 seconds
[2024-12-04T12:46:53.729+0100] {processor.py:186} INFO - Started process (PID=87262) to work on /Users/sijibomijoshua/.pyenv/versions/3.11.6/lib/python3.11/site-packages/airflow/example_dags/plugins/listener_plugin.py
[2024-12-04T12:46:53.729+0100] {processor.py:914} INFO - Processing file /Users/sijibomijoshua/.pyenv/versions/3.11.6/lib/python3.11/site-packages/airflow/example_dags/plugins/listener_plugin.py for tasks to queue
[2024-12-04T12:46:53.730+0100] {logging_mixin.py:190} INFO - [2024-12-04T12:46:53.730+0100] {dagbag.py:588} INFO - Filling up the DagBag from /Users/sijibomijoshua/.pyenv/versions/3.11.6/lib/python3.11/site-packages/airflow/example_dags/plugins/listener_plugin.py
[2024-12-04T12:46:53.731+0100] {processor.py:927} WARNING - No viable dags retrieved from /Users/sijibomijoshua/.pyenv/versions/3.11.6/lib/python3.11/site-packages/airflow/example_dags/plugins/listener_plugin.py
[2024-12-04T12:46:53.762+0100] {processor.py:208} INFO - Processing /Users/sijibomijoshua/.pyenv/versions/3.11.6/lib/python3.11/site-packages/airflow/example_dags/plugins/listener_plugin.py took 0.035 seconds
[2024-12-04T12:48:01.077+0100] {processor.py:186} INFO - Started process (PID=88278) to work on /Users/sijibomijoshua/.pyenv/versions/3.11.6/lib/python3.11/site-packages/airflow/example_dags/plugins/listener_plugin.py
[2024-12-04T12:48:01.078+0100] {processor.py:914} INFO - Processing file /Users/sijibomijoshua/.pyenv/versions/3.11.6/lib/python3.11/site-packages/airflow/example_dags/plugins/listener_plugin.py for tasks to queue
[2024-12-04T12:48:01.079+0100] {logging_mixin.py:190} INFO - [2024-12-04T12:48:01.079+0100] {dagbag.py:588} INFO - Filling up the DagBag from /Users/sijibomijoshua/.pyenv/versions/3.11.6/lib/python3.11/site-packages/airflow/example_dags/plugins/listener_plugin.py
[2024-12-04T12:48:01.081+0100] {processor.py:927} WARNING - No viable dags retrieved from /Users/sijibomijoshua/.pyenv/versions/3.11.6/lib/python3.11/site-packages/airflow/example_dags/plugins/listener_plugin.py
[2024-12-04T12:48:01.113+0100] {processor.py:208} INFO - Processing /Users/sijibomijoshua/.pyenv/versions/3.11.6/lib/python3.11/site-packages/airflow/example_dags/plugins/listener_plugin.py took 0.038 seconds
[2024-12-04T13:23:11.803+0100] {processor.py:186} INFO - Started process (PID=17427) to work on /Users/sijibomijoshua/.pyenv/versions/3.11.6/lib/python3.11/site-packages/airflow/example_dags/plugins/listener_plugin.py
[2024-12-04T13:23:11.804+0100] {processor.py:914} INFO - Processing file /Users/sijibomijoshua/.pyenv/versions/3.11.6/lib/python3.11/site-packages/airflow/example_dags/plugins/listener_plugin.py for tasks to queue
[2024-12-04T13:23:11.805+0100] {logging_mixin.py:190} INFO - [2024-12-04T13:23:11.805+0100] {dagbag.py:588} INFO - Filling up the DagBag from /Users/sijibomijoshua/.pyenv/versions/3.11.6/lib/python3.11/site-packages/airflow/example_dags/plugins/listener_plugin.py
[2024-12-04T13:23:11.806+0100] {processor.py:927} WARNING - No viable dags retrieved from /Users/sijibomijoshua/.pyenv/versions/3.11.6/lib/python3.11/site-packages/airflow/example_dags/plugins/listener_plugin.py
[2024-12-04T13:23:11.840+0100] {processor.py:208} INFO - Processing /Users/sijibomijoshua/.pyenv/versions/3.11.6/lib/python3.11/site-packages/airflow/example_dags/plugins/listener_plugin.py took 0.038 seconds
[2024-12-04T13:24:52.843+0100] {processor.py:186} INFO - Started process (PID=19257) to work on /Users/sijibomijoshua/.pyenv/versions/3.11.6/lib/python3.11/site-packages/airflow/example_dags/plugins/listener_plugin.py
[2024-12-04T13:24:52.844+0100] {processor.py:914} INFO - Processing file /Users/sijibomijoshua/.pyenv/versions/3.11.6/lib/python3.11/site-packages/airflow/example_dags/plugins/listener_plugin.py for tasks to queue
[2024-12-04T13:24:52.845+0100] {logging_mixin.py:190} INFO - [2024-12-04T13:24:52.845+0100] {dagbag.py:588} INFO - Filling up the DagBag from /Users/sijibomijoshua/.pyenv/versions/3.11.6/lib/python3.11/site-packages/airflow/example_dags/plugins/listener_plugin.py
[2024-12-04T13:24:52.846+0100] {processor.py:927} WARNING - No viable dags retrieved from /Users/sijibomijoshua/.pyenv/versions/3.11.6/lib/python3.11/site-packages/airflow/example_dags/plugins/listener_plugin.py
[2024-12-04T13:24:52.882+0100] {processor.py:208} INFO - Processing /Users/sijibomijoshua/.pyenv/versions/3.11.6/lib/python3.11/site-packages/airflow/example_dags/plugins/listener_plugin.py took 0.041 seconds
[2024-12-04T13:26:32.517+0100] {processor.py:186} INFO - Started process (PID=21134) to work on /Users/sijibomijoshua/.pyenv/versions/3.11.6/lib/python3.11/site-packages/airflow/example_dags/plugins/listener_plugin.py
[2024-12-04T13:26:32.517+0100] {processor.py:914} INFO - Processing file /Users/sijibomijoshua/.pyenv/versions/3.11.6/lib/python3.11/site-packages/airflow/example_dags/plugins/listener_plugin.py for tasks to queue
[2024-12-04T13:26:32.518+0100] {logging_mixin.py:190} INFO - [2024-12-04T13:26:32.518+0100] {dagbag.py:588} INFO - Filling up the DagBag from /Users/sijibomijoshua/.pyenv/versions/3.11.6/lib/python3.11/site-packages/airflow/example_dags/plugins/listener_plugin.py
[2024-12-04T13:26:32.520+0100] {processor.py:927} WARNING - No viable dags retrieved from /Users/sijibomijoshua/.pyenv/versions/3.11.6/lib/python3.11/site-packages/airflow/example_dags/plugins/listener_plugin.py
[2024-12-04T13:26:32.558+0100] {processor.py:208} INFO - Processing /Users/sijibomijoshua/.pyenv/versions/3.11.6/lib/python3.11/site-packages/airflow/example_dags/plugins/listener_plugin.py took 0.043 seconds
[2024-12-04T13:36:47.767+0100] {processor.py:186} INFO - Started process (PID=34062) to work on /Users/sijibomijoshua/airflow/airflow_env/lib/python3.11/site-packages/airflow/example_dags/plugins/listener_plugin.py
[2024-12-04T13:36:47.767+0100] {processor.py:914} INFO - Processing file /Users/sijibomijoshua/airflow/airflow_env/lib/python3.11/site-packages/airflow/example_dags/plugins/listener_plugin.py for tasks to queue
[2024-12-04T13:36:47.768+0100] {logging_mixin.py:190} INFO - [2024-12-04T13:36:47.768+0100] {dagbag.py:588} INFO - Filling up the DagBag from /Users/sijibomijoshua/airflow/airflow_env/lib/python3.11/site-packages/airflow/example_dags/plugins/listener_plugin.py
[2024-12-04T13:36:47.769+0100] {processor.py:927} WARNING - No viable dags retrieved from /Users/sijibomijoshua/airflow/airflow_env/lib/python3.11/site-packages/airflow/example_dags/plugins/listener_plugin.py
[2024-12-04T13:36:47.800+0100] {processor.py:208} INFO - Processing /Users/sijibomijoshua/airflow/airflow_env/lib/python3.11/site-packages/airflow/example_dags/plugins/listener_plugin.py took 0.034 seconds
[2024-12-04T13:38:27.400+0100] {processor.py:186} INFO - Started process (PID=36412) to work on /Users/sijibomijoshua/airflow/airflow_env/lib/python3.11/site-packages/airflow/example_dags/plugins/listener_plugin.py
[2024-12-04T13:38:27.405+0100] {processor.py:914} INFO - Processing file /Users/sijibomijoshua/airflow/airflow_env/lib/python3.11/site-packages/airflow/example_dags/plugins/listener_plugin.py for tasks to queue
[2024-12-04T13:38:27.406+0100] {logging_mixin.py:190} INFO - [2024-12-04T13:38:27.406+0100] {dagbag.py:588} INFO - Filling up the DagBag from /Users/sijibomijoshua/airflow/airflow_env/lib/python3.11/site-packages/airflow/example_dags/plugins/listener_plugin.py
[2024-12-04T13:38:27.409+0100] {processor.py:927} WARNING - No viable dags retrieved from /Users/sijibomijoshua/airflow/airflow_env/lib/python3.11/site-packages/airflow/example_dags/plugins/listener_plugin.py
[2024-12-04T13:38:27.441+0100] {processor.py:208} INFO - Processing /Users/sijibomijoshua/airflow/airflow_env/lib/python3.11/site-packages/airflow/example_dags/plugins/listener_plugin.py took 0.043 seconds
[2024-12-04T13:39:40.070+0100] {processor.py:186} INFO - Started process (PID=38042) to work on /Users/sijibomijoshua/airflow/airflow_env/lib/python3.11/site-packages/airflow/example_dags/plugins/listener_plugin.py
[2024-12-04T13:39:40.070+0100] {processor.py:914} INFO - Processing file /Users/sijibomijoshua/airflow/airflow_env/lib/python3.11/site-packages/airflow/example_dags/plugins/listener_plugin.py for tasks to queue
[2024-12-04T13:39:40.071+0100] {logging_mixin.py:190} INFO - [2024-12-04T13:39:40.071+0100] {dagbag.py:588} INFO - Filling up the DagBag from /Users/sijibomijoshua/airflow/airflow_env/lib/python3.11/site-packages/airflow/example_dags/plugins/listener_plugin.py
[2024-12-04T13:39:40.073+0100] {processor.py:927} WARNING - No viable dags retrieved from /Users/sijibomijoshua/airflow/airflow_env/lib/python3.11/site-packages/airflow/example_dags/plugins/listener_plugin.py
[2024-12-04T13:39:40.106+0100] {processor.py:208} INFO - Processing /Users/sijibomijoshua/airflow/airflow_env/lib/python3.11/site-packages/airflow/example_dags/plugins/listener_plugin.py took 0.038 seconds
[2024-12-04T13:40:49.006+0100] {processor.py:186} INFO - Started process (PID=39587) to work on /Users/sijibomijoshua/airflow/airflow_env/lib/python3.11/site-packages/airflow/example_dags/plugins/listener_plugin.py
[2024-12-04T13:40:49.007+0100] {processor.py:914} INFO - Processing file /Users/sijibomijoshua/airflow/airflow_env/lib/python3.11/site-packages/airflow/example_dags/plugins/listener_plugin.py for tasks to queue
[2024-12-04T13:40:49.008+0100] {logging_mixin.py:190} INFO - [2024-12-04T13:40:49.008+0100] {dagbag.py:588} INFO - Filling up the DagBag from /Users/sijibomijoshua/airflow/airflow_env/lib/python3.11/site-packages/airflow/example_dags/plugins/listener_plugin.py
[2024-12-04T13:40:49.011+0100] {processor.py:927} WARNING - No viable dags retrieved from /Users/sijibomijoshua/airflow/airflow_env/lib/python3.11/site-packages/airflow/example_dags/plugins/listener_plugin.py
[2024-12-04T13:40:49.042+0100] {processor.py:208} INFO - Processing /Users/sijibomijoshua/airflow/airflow_env/lib/python3.11/site-packages/airflow/example_dags/plugins/listener_plugin.py took 0.038 seconds
[2024-12-04T13:41:51.939+0100] {processor.py:186} INFO - Started process (PID=40952) to work on /Users/sijibomijoshua/airflow/airflow_env/lib/python3.11/site-packages/airflow/example_dags/plugins/listener_plugin.py
[2024-12-04T13:41:51.942+0100] {processor.py:914} INFO - Processing file /Users/sijibomijoshua/airflow/airflow_env/lib/python3.11/site-packages/airflow/example_dags/plugins/listener_plugin.py for tasks to queue
[2024-12-04T13:41:51.944+0100] {logging_mixin.py:190} INFO - [2024-12-04T13:41:51.944+0100] {dagbag.py:588} INFO - Filling up the DagBag from /Users/sijibomijoshua/airflow/airflow_env/lib/python3.11/site-packages/airflow/example_dags/plugins/listener_plugin.py
[2024-12-04T13:41:51.947+0100] {processor.py:927} WARNING - No viable dags retrieved from /Users/sijibomijoshua/airflow/airflow_env/lib/python3.11/site-packages/airflow/example_dags/plugins/listener_plugin.py
[2024-12-04T13:41:51.981+0100] {processor.py:208} INFO - Processing /Users/sijibomijoshua/airflow/airflow_env/lib/python3.11/site-packages/airflow/example_dags/plugins/listener_plugin.py took 0.046 seconds
[2024-12-04T13:43:00.156+0100] {processor.py:186} INFO - Started process (PID=42446) to work on /Users/sijibomijoshua/airflow/airflow_env/lib/python3.11/site-packages/airflow/example_dags/plugins/listener_plugin.py
[2024-12-04T13:43:00.158+0100] {processor.py:914} INFO - Processing file /Users/sijibomijoshua/airflow/airflow_env/lib/python3.11/site-packages/airflow/example_dags/plugins/listener_plugin.py for tasks to queue
[2024-12-04T13:43:00.159+0100] {logging_mixin.py:190} INFO - [2024-12-04T13:43:00.159+0100] {dagbag.py:588} INFO - Filling up the DagBag from /Users/sijibomijoshua/airflow/airflow_env/lib/python3.11/site-packages/airflow/example_dags/plugins/listener_plugin.py
[2024-12-04T13:43:00.161+0100] {processor.py:927} WARNING - No viable dags retrieved from /Users/sijibomijoshua/airflow/airflow_env/lib/python3.11/site-packages/airflow/example_dags/plugins/listener_plugin.py
[2024-12-04T13:43:00.195+0100] {processor.py:208} INFO - Processing /Users/sijibomijoshua/airflow/airflow_env/lib/python3.11/site-packages/airflow/example_dags/plugins/listener_plugin.py took 0.042 seconds
[2024-12-04T13:44:10.641+0100] {processor.py:186} INFO - Started process (PID=43982) to work on /Users/sijibomijoshua/airflow/airflow_env/lib/python3.11/site-packages/airflow/example_dags/plugins/listener_plugin.py
[2024-12-04T13:44:10.642+0100] {processor.py:914} INFO - Processing file /Users/sijibomijoshua/airflow/airflow_env/lib/python3.11/site-packages/airflow/example_dags/plugins/listener_plugin.py for tasks to queue
[2024-12-04T13:44:10.643+0100] {logging_mixin.py:190} INFO - [2024-12-04T13:44:10.643+0100] {dagbag.py:588} INFO - Filling up the DagBag from /Users/sijibomijoshua/airflow/airflow_env/lib/python3.11/site-packages/airflow/example_dags/plugins/listener_plugin.py
[2024-12-04T13:44:10.644+0100] {processor.py:927} WARNING - No viable dags retrieved from /Users/sijibomijoshua/airflow/airflow_env/lib/python3.11/site-packages/airflow/example_dags/plugins/listener_plugin.py
[2024-12-04T13:44:10.676+0100] {processor.py:208} INFO - Processing /Users/sijibomijoshua/airflow/airflow_env/lib/python3.11/site-packages/airflow/example_dags/plugins/listener_plugin.py took 0.036 seconds
[2024-12-04T14:01:06.276+0100] {processor.py:186} INFO - Started process (PID=54796) to work on /Users/sijibomijoshua/airflow/airflow_env/lib/python3.11/site-packages/airflow/example_dags/plugins/listener_plugin.py
[2024-12-04T14:01:06.277+0100] {processor.py:914} INFO - Processing file /Users/sijibomijoshua/airflow/airflow_env/lib/python3.11/site-packages/airflow/example_dags/plugins/listener_plugin.py for tasks to queue
[2024-12-04T14:01:06.278+0100] {logging_mixin.py:190} INFO - [2024-12-04T14:01:06.278+0100] {dagbag.py:588} INFO - Filling up the DagBag from /Users/sijibomijoshua/airflow/airflow_env/lib/python3.11/site-packages/airflow/example_dags/plugins/listener_plugin.py
[2024-12-04T14:01:06.279+0100] {processor.py:927} WARNING - No viable dags retrieved from /Users/sijibomijoshua/airflow/airflow_env/lib/python3.11/site-packages/airflow/example_dags/plugins/listener_plugin.py
[2024-12-04T14:01:06.310+0100] {processor.py:208} INFO - Processing /Users/sijibomijoshua/airflow/airflow_env/lib/python3.11/site-packages/airflow/example_dags/plugins/listener_plugin.py took 0.037 seconds
