[2024-12-04T12:40:56.591+0100] {processor.py:186} INFO - Started process (PID=81687) to work on /Users/sijibomijoshua/.pyenv/versions/3.11.6/lib/python3.11/site-packages/airflow/example_dags/plugins/workday.py
[2024-12-04T12:40:56.592+0100] {processor.py:914} INFO - Processing file /Users/sijibomijoshua/.pyenv/versions/3.11.6/lib/python3.11/site-packages/airflow/example_dags/plugins/workday.py for tasks to queue
[2024-12-04T12:40:56.593+0100] {logging_mixin.py:190} INFO - [2024-12-04T12:40:56.593+0100] {dagbag.py:588} INFO - Filling up the DagBag from /Users/sijibomijoshua/.pyenv/versions/3.11.6/lib/python3.11/site-packages/airflow/example_dags/plugins/workday.py
[2024-12-04T12:40:56.808+0100] {processor.py:927} WARNING - No viable dags retrieved from /Users/sijibomijoshua/.pyenv/versions/3.11.6/lib/python3.11/site-packages/airflow/example_dags/plugins/workday.py
[2024-12-04T12:40:56.840+0100] {processor.py:208} INFO - Processing /Users/sijibomijoshua/.pyenv/versions/3.11.6/lib/python3.11/site-packages/airflow/example_dags/plugins/workday.py took 0.250 seconds
[2024-12-04T12:41:48.321+0100] {processor.py:186} INFO - Started process (PID=82512) to work on /Users/sijibomijoshua/.pyenv/versions/3.11.6/lib/python3.11/site-packages/airflow/example_dags/plugins/workday.py
[2024-12-04T12:41:48.321+0100] {processor.py:914} INFO - Processing file /Users/sijibomijoshua/.pyenv/versions/3.11.6/lib/python3.11/site-packages/airflow/example_dags/plugins/workday.py for tasks to queue
[2024-12-04T12:41:48.322+0100] {logging_mixin.py:190} INFO - [2024-12-04T12:41:48.322+0100] {dagbag.py:588} INFO - Filling up the DagBag from /Users/sijibomijoshua/.pyenv/versions/3.11.6/lib/python3.11/site-packages/airflow/example_dags/plugins/workday.py
[2024-12-04T12:41:48.474+0100] {processor.py:927} WARNING - No viable dags retrieved from /Users/sijibomijoshua/.pyenv/versions/3.11.6/lib/python3.11/site-packages/airflow/example_dags/plugins/workday.py
[2024-12-04T12:41:48.509+0100] {processor.py:208} INFO - Processing /Users/sijibomijoshua/.pyenv/versions/3.11.6/lib/python3.11/site-packages/airflow/example_dags/plugins/workday.py took 0.190 seconds
[2024-12-04T12:43:26.581+0100] {processor.py:186} INFO - Started process (PID=84053) to work on /Users/sijibomijoshua/.pyenv/versions/3.11.6/lib/python3.11/site-packages/airflow/example_dags/plugins/workday.py
[2024-12-04T12:43:26.583+0100] {processor.py:914} INFO - Processing file /Users/sijibomijoshua/.pyenv/versions/3.11.6/lib/python3.11/site-packages/airflow/example_dags/plugins/workday.py for tasks to queue
[2024-12-04T12:43:26.585+0100] {logging_mixin.py:190} INFO - [2024-12-04T12:43:26.585+0100] {dagbag.py:588} INFO - Filling up the DagBag from /Users/sijibomijoshua/.pyenv/versions/3.11.6/lib/python3.11/site-packages/airflow/example_dags/plugins/workday.py
[2024-12-04T12:43:27.252+0100] {processor.py:927} WARNING - No viable dags retrieved from /Users/sijibomijoshua/.pyenv/versions/3.11.6/lib/python3.11/site-packages/airflow/example_dags/plugins/workday.py
[2024-12-04T12:43:27.287+0100] {processor.py:208} INFO - Processing /Users/sijibomijoshua/.pyenv/versions/3.11.6/lib/python3.11/site-packages/airflow/example_dags/plugins/workday.py took 0.708 seconds
[2024-12-04T12:44:35.008+0100] {processor.py:186} INFO - Started process (PID=85126) to work on /Users/sijibomijoshua/.pyenv/versions/3.11.6/lib/python3.11/site-packages/airflow/example_dags/plugins/workday.py
[2024-12-04T12:44:35.008+0100] {processor.py:914} INFO - Processing file /Users/sijibomijoshua/.pyenv/versions/3.11.6/lib/python3.11/site-packages/airflow/example_dags/plugins/workday.py for tasks to queue
[2024-12-04T12:44:35.009+0100] {logging_mixin.py:190} INFO - [2024-12-04T12:44:35.009+0100] {dagbag.py:588} INFO - Filling up the DagBag from /Users/sijibomijoshua/.pyenv/versions/3.11.6/lib/python3.11/site-packages/airflow/example_dags/plugins/workday.py
[2024-12-04T12:44:35.222+0100] {processor.py:927} WARNING - No viable dags retrieved from /Users/sijibomijoshua/.pyenv/versions/3.11.6/lib/python3.11/site-packages/airflow/example_dags/plugins/workday.py
[2024-12-04T12:44:35.254+0100] {processor.py:208} INFO - Processing /Users/sijibomijoshua/.pyenv/versions/3.11.6/lib/python3.11/site-packages/airflow/example_dags/plugins/workday.py took 0.248 seconds
[2024-12-04T12:45:42.879+0100] {processor.py:186} INFO - Started process (PID=86163) to work on /Users/sijibomijoshua/.pyenv/versions/3.11.6/lib/python3.11/site-packages/airflow/example_dags/plugins/workday.py
[2024-12-04T12:45:42.880+0100] {processor.py:914} INFO - Processing file /Users/sijibomijoshua/.pyenv/versions/3.11.6/lib/python3.11/site-packages/airflow/example_dags/plugins/workday.py for tasks to queue
[2024-12-04T12:45:42.881+0100] {logging_mixin.py:190} INFO - [2024-12-04T12:45:42.881+0100] {dagbag.py:588} INFO - Filling up the DagBag from /Users/sijibomijoshua/.pyenv/versions/3.11.6/lib/python3.11/site-packages/airflow/example_dags/plugins/workday.py
[2024-12-04T12:45:43.111+0100] {processor.py:927} WARNING - No viable dags retrieved from /Users/sijibomijoshua/.pyenv/versions/3.11.6/lib/python3.11/site-packages/airflow/example_dags/plugins/workday.py
[2024-12-04T12:45:43.142+0100] {processor.py:208} INFO - Processing /Users/sijibomijoshua/.pyenv/versions/3.11.6/lib/python3.11/site-packages/airflow/example_dags/plugins/workday.py took 0.264 seconds
[2024-12-04T12:46:51.729+0100] {processor.py:186} INFO - Started process (PID=87230) to work on /Users/sijibomijoshua/.pyenv/versions/3.11.6/lib/python3.11/site-packages/airflow/example_dags/plugins/workday.py
[2024-12-04T12:46:51.730+0100] {processor.py:914} INFO - Processing file /Users/sijibomijoshua/.pyenv/versions/3.11.6/lib/python3.11/site-packages/airflow/example_dags/plugins/workday.py for tasks to queue
[2024-12-04T12:46:51.732+0100] {logging_mixin.py:190} INFO - [2024-12-04T12:46:51.731+0100] {dagbag.py:588} INFO - Filling up the DagBag from /Users/sijibomijoshua/.pyenv/versions/3.11.6/lib/python3.11/site-packages/airflow/example_dags/plugins/workday.py
[2024-12-04T12:46:51.960+0100] {processor.py:927} WARNING - No viable dags retrieved from /Users/sijibomijoshua/.pyenv/versions/3.11.6/lib/python3.11/site-packages/airflow/example_dags/plugins/workday.py
[2024-12-04T12:46:51.992+0100] {processor.py:208} INFO - Processing /Users/sijibomijoshua/.pyenv/versions/3.11.6/lib/python3.11/site-packages/airflow/example_dags/plugins/workday.py took 0.264 seconds
[2024-12-04T12:47:59.044+0100] {processor.py:186} INFO - Started process (PID=88248) to work on /Users/sijibomijoshua/.pyenv/versions/3.11.6/lib/python3.11/site-packages/airflow/example_dags/plugins/workday.py
[2024-12-04T12:47:59.047+0100] {processor.py:914} INFO - Processing file /Users/sijibomijoshua/.pyenv/versions/3.11.6/lib/python3.11/site-packages/airflow/example_dags/plugins/workday.py for tasks to queue
[2024-12-04T12:47:59.048+0100] {logging_mixin.py:190} INFO - [2024-12-04T12:47:59.048+0100] {dagbag.py:588} INFO - Filling up the DagBag from /Users/sijibomijoshua/.pyenv/versions/3.11.6/lib/python3.11/site-packages/airflow/example_dags/plugins/workday.py
[2024-12-04T12:47:59.273+0100] {processor.py:927} WARNING - No viable dags retrieved from /Users/sijibomijoshua/.pyenv/versions/3.11.6/lib/python3.11/site-packages/airflow/example_dags/plugins/workday.py
[2024-12-04T12:47:59.304+0100] {processor.py:208} INFO - Processing /Users/sijibomijoshua/.pyenv/versions/3.11.6/lib/python3.11/site-packages/airflow/example_dags/plugins/workday.py took 0.262 seconds
[2024-12-04T13:23:09.836+0100] {processor.py:186} INFO - Started process (PID=17387) to work on /Users/sijibomijoshua/.pyenv/versions/3.11.6/lib/python3.11/site-packages/airflow/example_dags/plugins/workday.py
[2024-12-04T13:23:09.836+0100] {processor.py:914} INFO - Processing file /Users/sijibomijoshua/.pyenv/versions/3.11.6/lib/python3.11/site-packages/airflow/example_dags/plugins/workday.py for tasks to queue
[2024-12-04T13:23:09.837+0100] {logging_mixin.py:190} INFO - [2024-12-04T13:23:09.837+0100] {dagbag.py:588} INFO - Filling up the DagBag from /Users/sijibomijoshua/.pyenv/versions/3.11.6/lib/python3.11/site-packages/airflow/example_dags/plugins/workday.py
[2024-12-04T13:23:10.037+0100] {processor.py:927} WARNING - No viable dags retrieved from /Users/sijibomijoshua/.pyenv/versions/3.11.6/lib/python3.11/site-packages/airflow/example_dags/plugins/workday.py
[2024-12-04T13:23:10.068+0100] {processor.py:208} INFO - Processing /Users/sijibomijoshua/.pyenv/versions/3.11.6/lib/python3.11/site-packages/airflow/example_dags/plugins/workday.py took 0.233 seconds
[2024-12-04T13:24:50.933+0100] {processor.py:186} INFO - Started process (PID=19219) to work on /Users/sijibomijoshua/.pyenv/versions/3.11.6/lib/python3.11/site-packages/airflow/example_dags/plugins/workday.py
[2024-12-04T13:24:50.934+0100] {processor.py:914} INFO - Processing file /Users/sijibomijoshua/.pyenv/versions/3.11.6/lib/python3.11/site-packages/airflow/example_dags/plugins/workday.py for tasks to queue
[2024-12-04T13:24:50.936+0100] {logging_mixin.py:190} INFO - [2024-12-04T13:24:50.936+0100] {dagbag.py:588} INFO - Filling up the DagBag from /Users/sijibomijoshua/.pyenv/versions/3.11.6/lib/python3.11/site-packages/airflow/example_dags/plugins/workday.py
[2024-12-04T13:24:51.084+0100] {processor.py:927} WARNING - No viable dags retrieved from /Users/sijibomijoshua/.pyenv/versions/3.11.6/lib/python3.11/site-packages/airflow/example_dags/plugins/workday.py
[2024-12-04T13:24:51.115+0100] {processor.py:208} INFO - Processing /Users/sijibomijoshua/.pyenv/versions/3.11.6/lib/python3.11/site-packages/airflow/example_dags/plugins/workday.py took 0.185 seconds
[2024-12-04T13:26:30.771+0100] {processor.py:186} INFO - Started process (PID=21096) to work on /Users/sijibomijoshua/.pyenv/versions/3.11.6/lib/python3.11/site-packages/airflow/example_dags/plugins/workday.py
[2024-12-04T13:26:30.772+0100] {processor.py:914} INFO - Processing file /Users/sijibomijoshua/.pyenv/versions/3.11.6/lib/python3.11/site-packages/airflow/example_dags/plugins/workday.py for tasks to queue
[2024-12-04T13:26:30.773+0100] {logging_mixin.py:190} INFO - [2024-12-04T13:26:30.773+0100] {dagbag.py:588} INFO - Filling up the DagBag from /Users/sijibomijoshua/.pyenv/versions/3.11.6/lib/python3.11/site-packages/airflow/example_dags/plugins/workday.py
[2024-12-04T13:26:31.002+0100] {processor.py:927} WARNING - No viable dags retrieved from /Users/sijibomijoshua/.pyenv/versions/3.11.6/lib/python3.11/site-packages/airflow/example_dags/plugins/workday.py
[2024-12-04T13:26:31.034+0100] {processor.py:208} INFO - Processing /Users/sijibomijoshua/.pyenv/versions/3.11.6/lib/python3.11/site-packages/airflow/example_dags/plugins/workday.py took 0.264 seconds
[2024-12-04T13:36:45.825+0100] {processor.py:186} INFO - Started process (PID=34016) to work on /Users/sijibomijoshua/airflow/airflow_env/lib/python3.11/site-packages/airflow/example_dags/plugins/workday.py
[2024-12-04T13:36:45.826+0100] {processor.py:914} INFO - Processing file /Users/sijibomijoshua/airflow/airflow_env/lib/python3.11/site-packages/airflow/example_dags/plugins/workday.py for tasks to queue
[2024-12-04T13:36:45.827+0100] {logging_mixin.py:190} INFO - [2024-12-04T13:36:45.827+0100] {dagbag.py:588} INFO - Filling up the DagBag from /Users/sijibomijoshua/airflow/airflow_env/lib/python3.11/site-packages/airflow/example_dags/plugins/workday.py
[2024-12-04T13:36:45.986+0100] {processor.py:927} WARNING - No viable dags retrieved from /Users/sijibomijoshua/airflow/airflow_env/lib/python3.11/site-packages/airflow/example_dags/plugins/workday.py
[2024-12-04T13:36:46.017+0100] {processor.py:208} INFO - Processing /Users/sijibomijoshua/airflow/airflow_env/lib/python3.11/site-packages/airflow/example_dags/plugins/workday.py took 0.194 seconds
[2024-12-04T13:38:25.467+0100] {processor.py:186} INFO - Started process (PID=36364) to work on /Users/sijibomijoshua/airflow/airflow_env/lib/python3.11/site-packages/airflow/example_dags/plugins/workday.py
[2024-12-04T13:38:25.468+0100] {processor.py:914} INFO - Processing file /Users/sijibomijoshua/airflow/airflow_env/lib/python3.11/site-packages/airflow/example_dags/plugins/workday.py for tasks to queue
[2024-12-04T13:38:25.469+0100] {logging_mixin.py:190} INFO - [2024-12-04T13:38:25.469+0100] {dagbag.py:588} INFO - Filling up the DagBag from /Users/sijibomijoshua/airflow/airflow_env/lib/python3.11/site-packages/airflow/example_dags/plugins/workday.py
[2024-12-04T13:38:25.642+0100] {processor.py:927} WARNING - No viable dags retrieved from /Users/sijibomijoshua/airflow/airflow_env/lib/python3.11/site-packages/airflow/example_dags/plugins/workday.py
[2024-12-04T13:38:25.675+0100] {processor.py:208} INFO - Processing /Users/sijibomijoshua/airflow/airflow_env/lib/python3.11/site-packages/airflow/example_dags/plugins/workday.py took 0.209 seconds
[2024-12-04T13:39:38.069+0100] {processor.py:186} INFO - Started process (PID=37995) to work on /Users/sijibomijoshua/airflow/airflow_env/lib/python3.11/site-packages/airflow/example_dags/plugins/workday.py
[2024-12-04T13:39:38.069+0100] {processor.py:914} INFO - Processing file /Users/sijibomijoshua/airflow/airflow_env/lib/python3.11/site-packages/airflow/example_dags/plugins/workday.py for tasks to queue
[2024-12-04T13:39:38.070+0100] {logging_mixin.py:190} INFO - [2024-12-04T13:39:38.070+0100] {dagbag.py:588} INFO - Filling up the DagBag from /Users/sijibomijoshua/airflow/airflow_env/lib/python3.11/site-packages/airflow/example_dags/plugins/workday.py
[2024-12-04T13:39:38.242+0100] {processor.py:927} WARNING - No viable dags retrieved from /Users/sijibomijoshua/airflow/airflow_env/lib/python3.11/site-packages/airflow/example_dags/plugins/workday.py
[2024-12-04T13:39:38.274+0100] {processor.py:208} INFO - Processing /Users/sijibomijoshua/airflow/airflow_env/lib/python3.11/site-packages/airflow/example_dags/plugins/workday.py took 0.208 seconds
[2024-12-04T13:40:47.051+0100] {processor.py:186} INFO - Started process (PID=39540) to work on /Users/sijibomijoshua/airflow/airflow_env/lib/python3.11/site-packages/airflow/example_dags/plugins/workday.py
[2024-12-04T13:40:47.051+0100] {processor.py:914} INFO - Processing file /Users/sijibomijoshua/airflow/airflow_env/lib/python3.11/site-packages/airflow/example_dags/plugins/workday.py for tasks to queue
[2024-12-04T13:40:47.054+0100] {logging_mixin.py:190} INFO - [2024-12-04T13:40:47.054+0100] {dagbag.py:588} INFO - Filling up the DagBag from /Users/sijibomijoshua/airflow/airflow_env/lib/python3.11/site-packages/airflow/example_dags/plugins/workday.py
[2024-12-04T13:40:47.220+0100] {processor.py:927} WARNING - No viable dags retrieved from /Users/sijibomijoshua/airflow/airflow_env/lib/python3.11/site-packages/airflow/example_dags/plugins/workday.py
[2024-12-04T13:40:47.252+0100] {processor.py:208} INFO - Processing /Users/sijibomijoshua/airflow/airflow_env/lib/python3.11/site-packages/airflow/example_dags/plugins/workday.py took 0.206 seconds
[2024-12-04T13:41:49.560+0100] {processor.py:186} INFO - Started process (PID=40904) to work on /Users/sijibomijoshua/airflow/airflow_env/lib/python3.11/site-packages/airflow/example_dags/plugins/workday.py
[2024-12-04T13:41:49.560+0100] {processor.py:914} INFO - Processing file /Users/sijibomijoshua/airflow/airflow_env/lib/python3.11/site-packages/airflow/example_dags/plugins/workday.py for tasks to queue
[2024-12-04T13:41:49.561+0100] {logging_mixin.py:190} INFO - [2024-12-04T13:41:49.561+0100] {dagbag.py:588} INFO - Filling up the DagBag from /Users/sijibomijoshua/airflow/airflow_env/lib/python3.11/site-packages/airflow/example_dags/plugins/workday.py
[2024-12-04T13:41:50.068+0100] {processor.py:927} WARNING - No viable dags retrieved from /Users/sijibomijoshua/airflow/airflow_env/lib/python3.11/site-packages/airflow/example_dags/plugins/workday.py
[2024-12-04T13:41:50.116+0100] {processor.py:208} INFO - Processing /Users/sijibomijoshua/airflow/airflow_env/lib/python3.11/site-packages/airflow/example_dags/plugins/workday.py took 0.558 seconds
[2024-12-04T13:42:58.179+0100] {processor.py:186} INFO - Started process (PID=42401) to work on /Users/sijibomijoshua/airflow/airflow_env/lib/python3.11/site-packages/airflow/example_dags/plugins/workday.py
[2024-12-04T13:42:58.180+0100] {processor.py:914} INFO - Processing file /Users/sijibomijoshua/airflow/airflow_env/lib/python3.11/site-packages/airflow/example_dags/plugins/workday.py for tasks to queue
[2024-12-04T13:42:58.181+0100] {logging_mixin.py:190} INFO - [2024-12-04T13:42:58.181+0100] {dagbag.py:588} INFO - Filling up the DagBag from /Users/sijibomijoshua/airflow/airflow_env/lib/python3.11/site-packages/airflow/example_dags/plugins/workday.py
[2024-12-04T13:42:58.360+0100] {processor.py:927} WARNING - No viable dags retrieved from /Users/sijibomijoshua/airflow/airflow_env/lib/python3.11/site-packages/airflow/example_dags/plugins/workday.py
[2024-12-04T13:42:58.396+0100] {processor.py:208} INFO - Processing /Users/sijibomijoshua/airflow/airflow_env/lib/python3.11/site-packages/airflow/example_dags/plugins/workday.py took 0.218 seconds
[2024-12-04T13:44:08.688+0100] {processor.py:186} INFO - Started process (PID=43938) to work on /Users/sijibomijoshua/airflow/airflow_env/lib/python3.11/site-packages/airflow/example_dags/plugins/workday.py
[2024-12-04T13:44:08.688+0100] {processor.py:914} INFO - Processing file /Users/sijibomijoshua/airflow/airflow_env/lib/python3.11/site-packages/airflow/example_dags/plugins/workday.py for tasks to queue
[2024-12-04T13:44:08.689+0100] {logging_mixin.py:190} INFO - [2024-12-04T13:44:08.689+0100] {dagbag.py:588} INFO - Filling up the DagBag from /Users/sijibomijoshua/airflow/airflow_env/lib/python3.11/site-packages/airflow/example_dags/plugins/workday.py
[2024-12-04T13:44:08.864+0100] {processor.py:927} WARNING - No viable dags retrieved from /Users/sijibomijoshua/airflow/airflow_env/lib/python3.11/site-packages/airflow/example_dags/plugins/workday.py
[2024-12-04T13:44:08.896+0100] {processor.py:208} INFO - Processing /Users/sijibomijoshua/airflow/airflow_env/lib/python3.11/site-packages/airflow/example_dags/plugins/workday.py took 0.210 seconds
[2024-12-04T14:01:04.342+0100] {processor.py:186} INFO - Started process (PID=54750) to work on /Users/sijibomijoshua/airflow/airflow_env/lib/python3.11/site-packages/airflow/example_dags/plugins/workday.py
[2024-12-04T14:01:04.343+0100] {processor.py:914} INFO - Processing file /Users/sijibomijoshua/airflow/airflow_env/lib/python3.11/site-packages/airflow/example_dags/plugins/workday.py for tasks to queue
[2024-12-04T14:01:04.344+0100] {logging_mixin.py:190} INFO - [2024-12-04T14:01:04.344+0100] {dagbag.py:588} INFO - Filling up the DagBag from /Users/sijibomijoshua/airflow/airflow_env/lib/python3.11/site-packages/airflow/example_dags/plugins/workday.py
[2024-12-04T14:01:04.510+0100] {processor.py:927} WARNING - No viable dags retrieved from /Users/sijibomijoshua/airflow/airflow_env/lib/python3.11/site-packages/airflow/example_dags/plugins/workday.py
[2024-12-04T14:01:04.541+0100] {processor.py:208} INFO - Processing /Users/sijibomijoshua/airflow/airflow_env/lib/python3.11/site-packages/airflow/example_dags/plugins/workday.py took 0.201 seconds
